Log file open, 03/25/19 16:41:14
LogWindows: Failed to load 'aqProf.dll' (GetLastError=126)
LogWindows: File 'aqProf.dll' does not exist
LogWindows: Failed to load 'VSPerf140.dll' (GetLastError=126)
LogWindows: File 'VSPerf140.dll' does not exist
LogWindows: Failed to load 'VtuneApi.dll' (GetLastError=126)
LogWindows: File 'VtuneApi.dll' does not exist
LogWindows: Failed to load 'VtuneApi32e.dll' (GetLastError=126)
LogWindows: File 'VtuneApi32e.dll' does not exist
LogInit: Display: Running engine for game: Wesley_S_Final
LogPlatformFile: Not using cached read wrapper
LogTaskGraph: Started task graph with 5 named threads and 23 total threads with 3 sets of task threads.
LogStats: Stats thread started at 0.371022
LogD3D11RHI: Loaded GFSDK_Aftermath_Lib.x64.dll
LogICUInternationalization: Display: ICU TimeZone Detection - Raw Offset: -5:00, Platform Override: ''
LogPluginManager: Mounting plugin Paper2D
LogPluginManager: Mounting plugin AISupport
LogPluginManager: Mounting plugin LightPropagationVolume
LogPluginManager: Mounting plugin CLionSourceCodeAccess
LogPluginManager: Mounting plugin CodeLiteSourceCodeAccess
LogPluginManager: Mounting plugin GitSourceControl
LogPluginManager: Mounting plugin KDevelopSourceCodeAccess
LogPluginManager: Mounting plugin NullSourceCodeAccess
LogPluginManager: Mounting plugin PerforceSourceControl
LogPluginManager: Mounting plugin SubversionSourceControl
LogPluginManager: Mounting plugin UObjectPlugin
LogPluginManager: Mounting plugin VisualStudioCodeSourceCodeAccess
LogPluginManager: Mounting plugin VisualStudioSourceCodeAccess
LogPluginManager: Mounting plugin XCodeSourceCodeAccess
LogPluginManager: Mounting plugin AssetManagerEditor
LogPluginManager: Mounting plugin CryptoKeys
LogPluginManager: Mounting plugin DataValidation
LogPluginManager: Mounting plugin FacialAnimation
LogPluginManager: Mounting plugin GameplayTagsEditor
LogPluginManager: Mounting plugin MacGraphicsSwitching
LogPluginManager: Mounting plugin MeshEditor
LogPluginManager: Mounting plugin MobileLauncherProfileWizard
LogPluginManager: Mounting plugin PluginBrowser
LogPluginManager: Mounting plugin SpeedTreeImporter
LogPluginManager: Mounting plugin DatasmithContent
LogPluginManager: Mounting plugin AlembicImporter
LogPluginManager: Mounting plugin AppleImageUtils
LogPluginManager: Mounting plugin AppleVision
LogPluginManager: Mounting plugin BackChannel
LogPluginManager: Mounting plugin CharacterAI
LogPluginManager: Mounting plugin GeometryCache
LogPluginManager: Mounting plugin HTML5Networking
LogPluginManager: Mounting plugin ProxyLODPlugin
LogPluginManager: Mounting plugin MagicLeap
LogPluginManager: Mounting plugin MagicLeapEmulator
LogPluginManager: Mounting plugin MagicLeapMedia
LogPluginManager: Mounting plugin AndroidMedia
LogPluginManager: Mounting plugin AvfMedia
LogPluginManager: Mounting plugin ImgMedia
LogPluginManager: Mounting plugin LinearTimecode
LogPluginManager: Mounting plugin MediaCompositing
LogPluginManager: Mounting plugin MediaPlayerEditor
LogPluginManager: Mounting plugin WmfMedia
LogPluginManager: Mounting plugin TcpMessaging
LogPluginManager: Mounting plugin UdpMessaging
LogPluginManager: Mounting plugin ActorSequence
LogPluginManager: Mounting plugin LevelSequenceEditor
LogPluginManager: Mounting plugin MatineeToLevelSequence
LogPluginManager: Mounting plugin NetcodeUnitTest
LogPluginManager: Mounting plugin NUTUnrealEngine4
LogPluginManager: Mounting plugin OnlineSubsystemGooglePlay
LogPluginManager: Mounting plugin OnlineSubsystemIOS
LogPluginManager: Mounting plugin OnlineSubsystem
LogPluginManager: Mounting plugin OnlineSubsystemNull
LogPluginManager: Mounting plugin OnlineSubsystemUtils
LogPluginManager: Mounting plugin LauncherChunkInstaller
LogPluginManager: Mounting plugin AndroidDeviceProfileSelector
LogPluginManager: Mounting plugin AndroidMoviePlayer
LogPluginManager: Mounting plugin AndroidPermission
LogPluginManager: Mounting plugin AppleMoviePlayer
LogPluginManager: Mounting plugin ArchVisCharacter
LogPluginManager: Mounting plugin AudioCapture
LogPluginManager: Mounting plugin CableComponent
LogPluginManager: Mounting plugin CustomMeshComponent
LogPluginManager: Mounting plugin EditableMesh
LogPluginManager: Mounting plugin ExampleDeviceProfileSelector
LogPluginManager: Mounting plugin GoogleCloudMessaging
LogPluginManager: Mounting plugin ImmediatePhysics
LogPluginManager: Mounting plugin IOSDeviceProfileSelector
LogPluginManager: Mounting plugin LinuxDeviceProfileSelector
LogPluginManager: Mounting plugin LocationServicesBPLibrary
LogPluginManager: Mounting plugin MobilePatchingUtils
LogPluginManager: Mounting plugin OculusVR
LogPluginManager: Plugin shader directory ../../../Engine/Plugins/Runtime/Oculus/OculusVR/Shaders found
LogPluginManager: Mapping shader source directory ../../../Engine/Plugins/Runtime/Oculus/OculusVR/Shaders to virtual directory /Plugin/OculusVR
LogPluginManager: Mounting plugin PhysXVehicles
LogPluginManager: Mounting plugin ProceduralMeshComponent
LogPluginManager: Mounting plugin RuntimePhysXCooking
LogPluginManager: Mounting plugin SteamVR
LogPluginManager: Mounting plugin WindowsMoviePlayer
LogStreaming: Display: Took  0.144s to configure plugins.
LogInit: Using libcurl 7.55.1-DEV
LogInit:  - built for x86_64-pc-win32
LogInit:  - supports SSL with OpenSSL/1.0.2h
LogInit:  - supports HTTP deflate (compression) using libz 1.2.8
LogInit:  - other features:
LogInit:      CURL_VERSION_SSL
LogInit:      CURL_VERSION_LIBZ
LogInit:      CURL_VERSION_IPV6
LogInit:      CURL_VERSION_ASYNCHDNS
LogInit:      CURL_VERSION_LARGEFILE
LogInit:      CURL_VERSION_IDN
LogInit:  CurlRequestOptions (configurable via config and command line):
LogInit:  - bVerifyPeer = false  - Libcurl will NOT verify peer certificate
LogInit:  - bUseHttpProxy = false  - Libcurl will NOT use HTTP proxy
LogInit:  - bDontReuseConnections = false  - Libcurl will reuse connections
LogInit:  - CertBundlePath = nullptr  - Libcurl will use whatever was configured at build time.
LogInit:  - MaxHostConnections = 16  - Libcurl will limit the number of connections to a host
LogInit:  - LocalHostAddr = Default
LogInit:  - BufferSize = 65536
LogInit: WinSock: version 1.1 (2.2), MaxSocks=32767, MaxUdp=65467
LogInit: Build: ++UE4+Release-4.20-CL-4233996
LogInit: Engine Version: 4.20.1-4233996+++UE4+Release-4.20
LogInit: Compatible Engine Version: 4.20.0-4212847+++UE4+Release-4.20
LogInit: Net CL: 4212847
LogInit: OS: Windows 10 (), CPU:        Intel(R) Core(TM) i7-3770K CPU @ 3.50GHz, GPU: NVIDIA GeForce GTX 670
LogInit: Compiled (64-bit): Jul 26 2018 10:07:30
LogInit: Compiled with Visual C++: 19.13.26129.00
LogInit: Build Configuration: Development
LogInit: Branch Name: ++UE4+Release-4.20
LogInit: Command Line:  -skipcompile
LogInit: Base Directory: D:/Program Files/Epic Games/UE_4.20/Engine/Binaries/Win64/
LogInit: Installed Engine Build: 1
LogDevObjectVersion: Number of dev versions registered: 20
LogDevObjectVersion:   Dev-Blueprints (B0D832E4-1F89-4F0D-ACCF-7EB736FD4AA2): 10
LogDevObjectVersion:   Dev-Build (E1C64328-A22C-4D53-A36C-8E866417BD8C): 0
LogDevObjectVersion:   Dev-Core (375EC13C-06E4-48FB-B500-84F0262A717E): 2
LogDevObjectVersion:   Dev-Editor (E4B068ED-F494-42E9-A231-DA0B2E46BB41): 24
LogDevObjectVersion:   Dev-Framework (CFFC743F-43B0-4480-9391-14DF171D2073): 34
LogDevObjectVersion:   Dev-Mobile (B02B49B5-BB20-44E9-A304-32B752E40360): 2
LogDevObjectVersion:   Dev-Networking (A4E4105C-59A1-49B5-A7C5-40C4547EDFEE): 0
LogDevObjectVersion:   Dev-Online (39C831C9-5AE6-47DC-9A44-9C173E1C8E7C): 0
LogDevObjectVersion:   Dev-Physics (78F01B33-EBEA-4F98-B9B4-84EACCB95AA2): 0
LogDevObjectVersion:   Dev-Platform (6631380F-2D4D-43E0-8009-CF276956A95A): 0
LogDevObjectVersion:   Dev-Rendering (12F88B9F-8875-4AFC-A67C-D90C383ABD29): 26
LogDevObjectVersion:   Dev-Sequencer (7B5AE74C-D270-4C10-A958-57980B212A5A): 9
LogDevObjectVersion:   Dev-VR (D7296918-1DD6-4BDD-9DE2-64A83CC13884): 2
LogDevObjectVersion:   Dev-LoadTimes (C2A15278-BFE7-4AFE-6C17-90FF531DF755): 1
LogDevObjectVersion:   Private-Geometry (6EACA3D4-40EC-4CC1-B786-8BED09428FC5): 3
LogDevObjectVersion:   Dev-AnimPhys (29E575DD-E0A3-4627-9D10-D276232CDCEA): 17
LogDevObjectVersion:   Dev-ReflectionCapture (6B266CEC-1EC7-4B8F-A30B-E4D90942FC07): 1
LogDevObjectVersion:   Dev-Automation (0DF73D61-A23F-47EA-B727-89E90C41499A): 1
LogDevObjectVersion:   FortniteMain (601D1886-AC64-4F84-AA16-D3DE0DEAC7D6): 12
LogDevObjectVersion:   Dev-Enterprise (9DFFBCD6-494F-0158-E221-12823C92A888): 1
LogStreaming: Display: Took  0.001s to delete old logs.
LogInit: Presizing for max 8388607 objects, including 0 objects not considered by GC, pre-allocating 0 bytes for permanent pool.
LogInit: Object subsystem initialized
[2019.03.25-20.41.15:228][  0]LogInit: Selected Device Profile: [Windows]
[2019.03.25-20.41.15:228][  0]LogInit: Applying CVar settings loaded from the selected device profile: [Windows]
[2019.03.25-20.41.15:251][  0]LogHAL: Display: Platform has ~ 16 GB [17121808384 / 17179869184 / 16], which maps to Larger [LargestMinGB=32, LargerMinGB=12, DefaultMinGB=8, SmallerMinGB=6, SmallestMinGB=0)
[2019.03.25-20.41.15:252][  0]LogInit: Setting Device Profile CVar: [[r.Vulkan.UseRealUBs:1]]
[2019.03.25-20.41.15:252][  0]LogInit: Going up to parent DeviceProfile []
[2019.03.25-20.41.15:253][  0]LogInit: Computer: WT227-31
[2019.03.25-20.41.15:253][  0]LogInit: User: swea0001
[2019.03.25-20.41.15:253][  0]LogInit: CPU Page size=4096, Cores=4
[2019.03.25-20.41.15:253][  0]LogInit: High frequency timer resolution =3.428039 MHz
[2019.03.25-20.41.15:254][  0]LogMemory: Memory total: Physical=15.9GB (16GB approx)
[2019.03.25-20.41.15:254][  0]LogMemory: Platform Memory Stats for Windows
[2019.03.25-20.41.15:254][  0]LogMemory: Process Physical Memory: 102.73 MB used, 102.73 MB peak
[2019.03.25-20.41.15:255][  0]LogMemory: Process Virtual Memory: 91.06 MB used, 91.06 MB peak
[2019.03.25-20.41.15:255][  0]LogMemory: Physical Memory: 8600.60 MB used,  7728.03 MB free, 16328.63 MB total
[2019.03.25-20.41.15:255][  0]LogMemory: Virtual Memory: 543.60 MB used,  7728.03 MB free, 134217728.00 MB total
[2019.03.25-20.41.15:378][  0]LogInit: Using OS detected language (en-US).
[2019.03.25-20.41.15:378][  0]LogInit: Using OS detected locale (en-US).
[2019.03.25-20.41.15:379][  0]LogTextLocalizationManager: No specific localization for 'en-US' exists, so the 'en' localization will be used.
[2019.03.25-20.41.15:725][  0]LogStreaming: Display: Took  0.348s to InitEngineTextLocalization.
[2019.03.25-20.41.15:726][  0]LogInit: Setting process to per monitor DPI aware
[2019.03.25-20.41.15:770][  0]LogSlate: New Slate User Created.  User Index 0, Is Virtual User: 0
[2019.03.25-20.41.15:770][  0]LogSlate: Slate User Registered.  User Index 0, Is Virtual User: 0
[2019.03.25-20.41.16:073][  0]LogHMD: Failed to initialize OpenVR with code 110
[2019.03.25-20.41.16:073][  0]LogD3D11RHI: D3D11 adapters:
[2019.03.25-20.41.16:149][  0]LogD3D11RHI:    0. 'NVIDIA GeForce GTX 670' (Feature Level 11_0)
[2019.03.25-20.41.16:149][  0]LogD3D11RHI:       4052/0/8164 MB DedicatedVideo/DedicatedSystem/SharedSystem, Outputs:1, VendorId:0x10de
[2019.03.25-20.41.16:156][  0]LogD3D11RHI:    1. 'Microsoft Basic Render Driver' (Feature Level 11_0)
[2019.03.25-20.41.16:156][  0]LogD3D11RHI:       0/0/8164 MB DedicatedVideo/DedicatedSystem/SharedSystem, Outputs:0, VendorId:0x1414
[2019.03.25-20.41.16:156][  0]LogD3D11RHI: Chosen D3D11 Adapter: 0
[2019.03.25-20.41.16:161][  0]LogD3D11RHI: Creating new Direct3DDevice
[2019.03.25-20.41.16:162][  0]LogD3D11RHI:     GPU DeviceId: 0x1189 (for the marketing name, search the web for "GPU Device Id")
[2019.03.25-20.41.16:162][  0]LogWindows: EnumDisplayDevices:
[2019.03.25-20.41.16:162][  0]LogWindows:    0. 'NVIDIA GeForce GTX 670' (P:1 D:1)
[2019.03.25-20.41.16:162][  0]LogWindows:    1. 'NVIDIA GeForce GTX 670' (P:0 D:0)
[2019.03.25-20.41.16:162][  0]LogWindows:    2. 'NVIDIA GeForce GTX 670' (P:0 D:0)
[2019.03.25-20.41.16:162][  0]LogWindows:    3. 'NVIDIA GeForce GTX 670' (P:0 D:0)
[2019.03.25-20.41.16:163][  0]LogWindows: DebugString: FoundDriverCount:4 
[2019.03.25-20.41.16:163][  0]LogD3D11RHI:     Adapter Name: NVIDIA GeForce GTX 670
[2019.03.25-20.41.16:163][  0]LogD3D11RHI:   Driver Version: 391.35 (internal:23.21.13.9135, unified:391.35)
[2019.03.25-20.41.16:163][  0]LogD3D11RHI:      Driver Date: 3-23-2018
[2019.03.25-20.41.16:163][  0]LogRHI: Texture pool is 2836 MB (70% of 4052 MB)
[2019.03.25-20.41.16:205][  0]LogD3D11RHI: Async texture creation enabled
[2019.03.25-20.41.16:224][  0]LogD3D11RHI: GPU Timing Frequency: 1000.000000 (Debug: 2 2)
[2019.03.25-20.41.16:225][  0]LogShaderCompilers: Guid format shader working directory is -10 characters bigger than the processId version (C:/Users/swea0001/Documents/Unreal Projects/Wesley_S_Final/Intermediate/Shaders/WorkingDirectory/12512/).
[2019.03.25-20.41.16:226][  0]LogShaderCompilers: Cleaned the shader compiler working directory 'C:/Users/swea0001/AppData/Local/Temp/UnrealShaderWorkingDir/738D29BA41640A75BC913E9B3194BB33/'.
[2019.03.25-20.41.16:470][  0]LogTemp: Display: Loaded TP AllDesktopTargetPlatform
[2019.03.25-20.41.16:486][  0]LogTemp: Display: Loaded TP MacClientTargetPlatform
[2019.03.25-20.41.16:502][  0]LogTemp: Display: Loaded TP MacNoEditorTargetPlatform
[2019.03.25-20.41.16:518][  0]LogTemp: Display: Loaded TP MacServerTargetPlatform
[2019.03.25-20.41.16:537][  0]LogTemp: Display: Loaded TP MacTargetPlatform
[2019.03.25-20.41.16:553][  0]LogTemp: Display: Loaded TP WindowsClientTargetPlatform
[2019.03.25-20.41.16:569][  0]LogTemp: Display: Loaded TP WindowsNoEditorTargetPlatform
[2019.03.25-20.41.16:586][  0]LogTemp: Display: Loaded TP WindowsServerTargetPlatform
[2019.03.25-20.41.16:594][  0]LogTemp: Display: Loaded TP WindowsTargetPlatform
[2019.03.25-20.41.16:681][  0]LogTemp: Display: Loaded TP AndroidTargetPlatform
[2019.03.25-20.41.16:681][  0]LogTemp: Display: Loaded TP AndroidTargetPlatform
[2019.03.25-20.41.16:681][  0]LogTemp: Display: Loaded TP AndroidTargetPlatform
[2019.03.25-20.41.16:681][  0]LogTemp: Display: Loaded TP AndroidTargetPlatform
[2019.03.25-20.41.16:681][  0]LogTemp: Display: Loaded TP AndroidTargetPlatform
[2019.03.25-20.41.16:682][  0]LogTemp: Display: Loaded TP AndroidTargetPlatform
[2019.03.25-20.41.16:682][  0]LogTemp: Display: Loaded TP AndroidTargetPlatform
[2019.03.25-20.41.16:682][  0]LogTemp: Display: Loaded TP AndroidTargetPlatform
[2019.03.25-20.41.16:682][  0]LogTemp: Display: Loaded TP AndroidTargetPlatform
[2019.03.25-20.41.16:682][  0]LogTemp: Display: Loaded TP AndroidTargetPlatform
[2019.03.25-20.41.16:682][  0]LogTemp: Display: Loaded TP AndroidTargetPlatform
[2019.03.25-20.41.16:682][  0]LogTemp: Display: Loaded TP AndroidTargetPlatform
[2019.03.25-20.41.16:682][  0]LogTemp: Display: Loaded TP AndroidTargetPlatform
[2019.03.25-20.41.16:682][  0]LogTemp: Display: Loaded TP AndroidTargetPlatform
[2019.03.25-20.41.16:682][  0]LogTemp: Display: Loaded TP AndroidTargetPlatform
[2019.03.25-20.41.16:682][  0]LogTemp: Display: Loaded TP AndroidTargetPlatform
[2019.03.25-20.41.16:682][  0]LogTemp: Display: Loaded TP AndroidTargetPlatform
[2019.03.25-20.41.16:682][  0]LogTemp: Display: Loaded TP AndroidTargetPlatform
[2019.03.25-20.41.16:686][  0]LogTemp: Display: Loaded TP HTML5TargetPlatform
[2019.03.25-20.41.16:759][  0]LogTemp: Display: Loaded TP IOSTargetPlatform
[2019.03.25-20.41.16:759][  0]LogTemp: Display: Loaded TP IOSTargetPlatform
[2019.03.25-20.41.16:787][  0]LogTemp: Display: Loaded TP TVOSTargetPlatform
[2019.03.25-20.41.16:787][  0]LogTemp: Display: Loaded TP TVOSTargetPlatform
[2019.03.25-20.41.16:803][  0]LogTemp: Display: Loaded TP LinuxClientTargetPlatform
[2019.03.25-20.41.16:820][  0]LogTemp: Display: Loaded TP LinuxNoEditorTargetPlatform
[2019.03.25-20.41.16:835][  0]LogTemp: Display: Loaded TP LinuxServerTargetPlatform
[2019.03.25-20.41.16:852][  0]LogTemp: Display: Loaded TP LinuxTargetPlatform
[2019.03.25-20.41.16:864][  0]LogTemp: Display: Loaded TP LuminTargetPlatform
[2019.03.25-20.41.16:864][  0]LogTargetPlatformManager: Display: Building Assets For Windows
[2019.03.25-20.41.16:973][  0]LogXGEController: Cleaning working directory: C:/Users/swea0001/AppData/Local/Temp/UnrealXGEWorkingDir/
[2019.03.25-20.41.16:973][  0]LogXGEController: Cannot use XGE Controller as Incredibuild is not installed on this machine.
[2019.03.25-20.41.16:973][  0]LogShaderCompilers: Cannot use XGE Shader Compiler as Incredibuild is not installed on this machine.
[2019.03.25-20.41.16:973][  0]LogShaderCompilers: Display: Using Local Shader Compiler.
[2019.03.25-20.41.17:708][  0]LogDerivedDataCache: Display: Max Cache Size: 512 MB
[2019.03.25-20.41.17:759][  0]LogDerivedDataCache: Loaded boot cache 0.05s 73MB C:/Users/swea0001/AppData/Local/UnrealEngine/4.20/DerivedDataCache/Boot.ddc.
[2019.03.25-20.41.17:759][  0]LogDerivedDataCache: Display: Loaded Boot cache: C:/Users/swea0001/AppData/Local/UnrealEngine/4.20/DerivedDataCache/Boot.ddc
[2019.03.25-20.41.17:759][  0]LogDerivedDataCache: FDerivedDataBackendGraph:  Pak pak cache file C:/Users/swea0001/Documents/Unreal Projects/Wesley_S_Final/DerivedDataCache/DDC.ddp not found, will not use a pak cache.
[2019.03.25-20.41.17:759][  0]LogDerivedDataCache: Unable to find inner node Pak for hierarchical cache Hierarchy.
[2019.03.25-20.41.17:759][  0]LogDerivedDataCache: FDerivedDataBackendGraph:  CompressedPak pak cache file C:/Users/swea0001/Documents/Unreal Projects/Wesley_S_Final/DerivedDataCache/Compressed.ddp not found, will not use a pak cache.
[2019.03.25-20.41.17:759][  0]LogDerivedDataCache: Unable to find inner node CompressedPak for hierarchical cache Hierarchy.
[2019.03.25-20.41.17:772][  0]LogDerivedDataCache: Display: Pak cache opened for reading ../../../Engine/DerivedDataCache/Compressed.ddp.
[2019.03.25-20.41.17:787][  0]LogDerivedDataCache: Using Local data cache path C:/Users/swea0001/AppData/Local/UnrealEngine/Common/DerivedDataCache: Writable
[2019.03.25-20.41.17:787][  0]LogDerivedDataCache: Shared data cache path not found in *engine.ini, will not use an Shared cache.
[2019.03.25-20.41.17:787][  0]LogDerivedDataCache: Unable to find inner node Shared for hierarchical cache Hierarchy.
[2019.03.25-20.41.17:807][  0]LogMaterial: Verifying Global Shaders for PCD3D_SM5
[2019.03.25-20.41.17:808][  0]LogSlate: Using FreeType 2.6.0
[2019.03.25-20.41.17:810][  0]LogSlate: SlateFontServices - WITH_FREETYPE: 1, WITH_HARFBUZZ: 1
[2019.03.25-20.41.17:905][  0]LogAssetRegistry: FAssetRegistry took 0.0287 seconds to start up
[2019.03.25-20.41.18:280][  0]LogInit: Selected Device Profile: [Windows]
[2019.03.25-20.41.18:431][  0]LogSimplygon: Simplygon DLL not present - disabling.
[2019.03.25-20.41.18:439][  0]LogMeshReduction: Using SimplygonSwarm for distributed automatic mesh merging
[2019.03.25-20.41.18:439][  0]LogMeshReduction: Using ProxyLODMeshReduction for automatic mesh merging
[2019.03.25-20.41.18:439][  0]LogMeshReduction: Using QuadricMeshReduction for automatic static mesh reduction
[2019.03.25-20.41.18:439][  0]LogMeshReduction: No automatic skeletal mesh reduction module available
[2019.03.25-20.41.18:454][  0]LogNetVersion: Wesley_S_Final 1.0.0, NetCL: 4212847, EngineNetVer: 5, GameNetVer: 0 (Checksum: 2346214524)
[2019.03.25-20.41.18:955][  0]LogPackageLocalizationCache: Processed 11 localized package path(s) for 2 prioritized culture(s) in 0.108308 seconds
[2019.03.25-20.41.18:962][  0]LogUObjectArray: 38425 objects as part of root set at end of initial load.
[2019.03.25-20.41.18:962][  0]LogUObjectAllocator: 6690872 out of 0 bytes used by permanent object pool.
[2019.03.25-20.41.18:962][  0]LogUObjectArray: CloseDisregardForGC: 0/0 objects in disregard for GC pool
[2019.03.25-20.41.20:076][  0]LogTcpMessaging: Initializing TcpMessaging bridge
[2019.03.25-20.41.20:094][  0]LogUdpMessaging: Initializing bridge on interface 0.0.0.0:0 to multicast group 230.0.0.1:6666.
[2019.03.25-20.41.20:511][  0]SourceControl: Source control is disabled
[2019.03.25-20.41.20:512][  0]SourceControl: Source control is disabled
[2019.03.25-20.41.20:516][  0]SourceControl: Source control is disabled
[2019.03.25-20.41.20:519][  0]SourceControl: Source control is disabled
[2019.03.25-20.41.20:784][  0]LogAndroidPermission: UAndroidPermissionCallbackProxy::GetInstance
[2019.03.25-20.41.20:880][  0]LogOcInput: OculusInput pre-init called
[2019.03.25-20.41.20:953][  0]LogEngine: Initializing Engine...
[2019.03.25-20.41.20:954][  0]LogHMD: Failed to initialize OpenVR with code 110
[2019.03.25-20.41.20:955][  0]LogStats: UGameplayTagsManager::ConstructGameplayTagTree: ImportINI prefixes -  0.000 s
[2019.03.25-20.41.20:955][  0]LogStats: UGameplayTagsManager::ConstructGameplayTagTree: Construct from data asset -  0.000 s
[2019.03.25-20.41.20:956][  0]LogStats: UGameplayTagsManager::ConstructGameplayTagTree: ImportINI -  0.000 s
[2019.03.25-20.41.20:956][  0]LogStats: UGameplayTagsManager::ConstructGameplayTagTree: GameplayTagTreeChangedEvent.Broadcast -  0.000 s
[2019.03.25-20.41.21:161][  0]LogInit: Initializing FReadOnlyCVARCache
[2019.03.25-20.41.21:175][  0]LogAIModule: Creating AISystem for world Untitled
[2019.03.25-20.41.21:183][  0]LogInit: XAudio2 using 'Realtek Digital Output(Optical) (Realtek High Definition Audio)' : 2 channels at 48 kHz using 16 bits per sample (channel mask 0x3)
[2019.03.25-20.41.21:218][  0]LogInit: FAudioDevice initialized.
[2019.03.25-20.41.21:219][  0]LogNetVersion: Set ProjectVersion to 1.0.0.0. Version Checksum will be recalculated on next use.
[2019.03.25-20.41.21:300][  0]LogDerivedDataCache: Saved boot cache 0.08s 73MB C:/Users/swea0001/AppData/Local/UnrealEngine/4.20/DerivedDataCache/Boot.ddc.
[2019.03.25-20.41.21:303][  0]LogInit: Texture streaming: Enabled
[2019.03.25-20.41.21:328][  0]LogEngineSessionManager: EngineSessionManager initialized
[2019.03.25-20.41.21:337][  0]LogInit: Transaction tracking system initialized
[2019.03.25-20.41.21:366][  0]BlueprintLog: New page: Editor Load
[2019.03.25-20.41.21:526][  0]LocalizationService: Localization service is disabled
[2019.03.25-20.41.21:810][  0]LogCook: Display: Max memory allowance for cook 16384mb min free memory 0mb
[2019.03.25-20.41.21:810][  0]LogCook: Display: Mobile HDR setting 1
[2019.03.25-20.41.21:810][  0]LogGameplayTags: Display: UGameplayTagsManager::DoneAddingNativeTags. DelegateIsBound: 0
[2019.03.25-20.41.21:810][  0]LogStats: UGameplayTagsManager::ConstructGameplayTagTree: ImportINI prefixes -  0.000 s
[2019.03.25-20.41.21:810][  0]LogStats: UGameplayTagsManager::ConstructGameplayTagTree: Construct from data asset -  0.000 s
[2019.03.25-20.41.21:810][  0]LogStats: UGameplayTagsManager::ConstructGameplayTagTree: ImportINI -  0.000 s
[2019.03.25-20.41.21:810][  0]LogStats: UGameplayTagsManager::ConstructGameplayTagTree: GameplayTagTreeChangedEvent.Broadcast -  0.000 s
[2019.03.25-20.41.21:999][  0]LogFileCache: Scanning file cache for directory 'C:/Users/swea0001/Documents/Unreal Projects/Wesley_S_Final/Content/' took 0.01s
[2019.03.25-20.41.21:999][  0]SourceControl: Source control is disabled
[2019.03.25-20.41.22:000][  0]Cmd: MAP LOAD FILE="C:/Users/swea0001/Documents/Unreal Projects/Wesley_S_Final/Content/FirstPersonCPP/Maps/FirstPersonExampleMap.umap" TEMPLATE=0 SHOWPROGRESS=1 FEATURELEVEL=3
[2019.03.25-20.41.22:001][  0]LightingResults: New page: Lighting Build
[2019.03.25-20.41.22:003][  0]MapCheck: New page: Map Check
[2019.03.25-20.41.22:003][  0]LightingResults: New page: Lighting Build
[2019.03.25-20.41.22:243][  0]LogAIModule: Creating AISystem for world FirstPersonExampleMap
[2019.03.25-20.41.22:255][  0]LogEditorServer: Finished looking for orphan Actors (0.000 secs)
[2019.03.25-20.41.22:276][  0]Cmd: MAP CHECKDEP NOCLEARLOG
[2019.03.25-20.41.22:357][  0]MapCheck: Map check complete: 0 Error(s), 0 Warning(s), took 80.295ms to complete.
[2019.03.25-20.41.22:357][  0]LogFileHelpers: Loading map 'FirstPersonExampleMap' took 0.358
[2019.03.25-20.41.22:453][  0]LogSlate: Updating window title bar state: overlay mode, drag disabled, window buttons hidden, title bar hidden
[2019.03.25-20.41.22:462][  0]LogSlate: Updating window title bar state: overlay mode, drag disabled, window buttons hidden, title bar hidden
[2019.03.25-20.41.22:471][  0]LogSlate: Updating window title bar state: overlay mode, drag disabled, window buttons hidden, title bar hidden
[2019.03.25-20.41.22:479][  0]LogSlate: Updating window title bar state: overlay mode, drag disabled, window buttons hidden, title bar hidden
[2019.03.25-20.41.22:487][  0]LogCollectionManager: Loaded 0 collections in 0.000891 seconds
[2019.03.25-20.41.22:532][  0]LogFileCache: Scanning file cache for directory 'C:/Users/swea0001/Documents/Unreal Projects/Wesley_S_Final/Saved/Collections/' took 0.01s
[2019.03.25-20.41.22:532][  0]LogFileCache: Scanning file cache for directory 'C:/Users/swea0001/Documents/Unreal Projects/Wesley_S_Final/Content/Developers/swea0001/Collections/' took 0.01s
[2019.03.25-20.41.22:532][  0]LogFileCache: Scanning file cache for directory 'C:/Users/swea0001/Documents/Unreal Projects/Wesley_S_Final/Content/Collections/' took 0.01s
[2019.03.25-20.41.22:532][  0]LogCollectionManager: Rebuilt the GUID cache for 0 collections in 0.000001 seconds
[2019.03.25-20.41.22:543][  0]LogContentBrowser: Native class hierarchy populated in 0.0106 seconds. Added 2579 classes and 605 folders.
[2019.03.25-20.41.22:548][  0]LogContentBrowser: Native class hierarchy updated for 'WidgetCarousel' in 0.0004 seconds. Added 0 classes and 0 folders.
[2019.03.25-20.41.22:593][  0]LogContentBrowser: Native class hierarchy updated for 'AddContentDialog' in 0.0004 seconds. Added 0 classes and 0 folders.
[2019.03.25-20.41.22:600][  0]LogContentBrowser: Native class hierarchy updated for 'SceneOutliner' in 0.0005 seconds. Added 1 classes and 2 folders.
[2019.03.25-20.41.22:647][  0]LogContentBrowser: Native class hierarchy updated for 'HierarchicalLODOutliner' in 0.0005 seconds. Added 0 classes and 0 folders.
[2019.03.25-20.41.22:647][  0]LogLoad: (Engine Initialization) Total time: 9.14 seconds
[2019.03.25-20.41.22:647][  0]LogLoad: (Engine Initialization) Total Blueprint compile time: 0.00 seconds
[2019.03.25-20.41.22:658][  0]LogWindowsTextInputMethodSystem: Display: IME system now deactivated.
[2019.03.25-20.41.22:678][  0]LogContentStreaming: Texture pool size now 3000 MB
[2019.03.25-20.41.22:680][  0]LogSlate: Took 0.000444 seconds to synchronously load lazily loaded font '../../../Engine/Content/Slate/Fonts/Roboto-Regular.ttf' (155K)
[2019.03.25-20.41.22:683][  0]LogSlate: Took 0.000330 seconds to synchronously load lazily loaded font '../../../Engine/Content/Slate/Fonts/Roboto-Bold.ttf' (160K)
[2019.03.25-20.41.22:688][  0]LogSlate: Took 0.000391 seconds to synchronously load lazily loaded font '../../../Engine/Content/Editor/Slate/Fonts/FontAwesome.ttf' (139K)
[2019.03.25-20.41.22:811][  0]LogSlate: Took 0.000498 seconds to synchronously load lazily loaded font '../../../Engine/Content/Slate/Fonts/Roboto-Light.ttf' (167K)
[2019.03.25-20.41.22:827][  1]LogRenderer: Reallocating scene render targets to support 700x360 Format 10 NumSamples 1 (Frame:1).
[2019.03.25-20.41.22:895][  1]LogAssetRegistry: Asset discovery search completed in 5.0145 seconds
[2019.03.25-20.41.22:897][  1]LogCollectionManager: Rebuilt the object cache for 0 collections in 0.000001 seconds (found 0 objects)
[2019.03.25-20.41.22:897][  1]LogCollectionManager: Fixed up redirectors for 0 collections in 0.000111 seconds (updated 0 objects)
[2019.03.25-20.42.00:309][479]LogSlate: FSceneViewport::OnFocusLost() reason 0
[2019.03.25-20.42.00:429][488]LogRenderer: Reallocating scene render targets to support 920x556 Format 10 NumSamples 1 (Frame:4481).
[2019.03.25-20.42.01:517][617]LogTemp: Repeating last play command: Selected Viewport
[2019.03.25-20.42.01:528][617]LogBlueprintUserMessages: Early PlayInEditor Detection: Level '/Game/FirstPersonCPP/Maps/FirstPersonExampleMap.FirstPersonExampleMap:PersistentLevel' has LevelScriptBlueprint '/Game/FirstPersonCPP/Maps/FirstPersonExampleMap.FirstPersonExampleMap:PersistentLevel.FirstPersonExampleMap' with GeneratedClass '/Game/FirstPersonCPP/Maps/FirstPersonExampleMap.FirstPersonExampleMap_C' with ClassGeneratedBy '/Game/FirstPersonCPP/Maps/FirstPersonExampleMap.FirstPersonExampleMap:PersistentLevel.FirstPersonExampleMap'
[2019.03.25-20.42.01:528][617]LogPlayLevel: PlayLevel: No blueprints needed recompiling
[2019.03.25-20.42.01:543][617]PIE: New page: PIE session: FirstPersonExampleMap (Mar 25, 2019, 12:42:01 PM)
[2019.03.25-20.42.01:543][617]LogPlayLevel: Creating play world package: /Game/FirstPersonCPP/Maps/UEDPIE_0_FirstPersonExampleMap
[2019.03.25-20.42.01:561][617]LogPlayLevel: PIE: StaticDuplicateObject took: (0.017889s)
[2019.03.25-20.42.01:562][617]LogAIModule: Creating AISystem for world FirstPersonExampleMap
[2019.03.25-20.42.01:563][617]LogPlayLevel: PIE: World Init took: (0.001203s)
[2019.03.25-20.42.01:563][617]LogPlayLevel: PIE: Created PIE world by copying editor world from /Game/FirstPersonCPP/Maps/FirstPersonExampleMap.FirstPersonExampleMap to /Game/FirstPersonCPP/Maps/UEDPIE_0_FirstPersonExampleMap.FirstPersonExampleMap (0.019543s)
[2019.03.25-20.42.01:585][617]LogInit: XAudio2 using 'Realtek Digital Output(Optical) (Realtek High Definition Audio)' : 2 channels at 48 kHz using 16 bits per sample (channel mask 0x3)
[2019.03.25-20.42.01:596][617]LogInit: FAudioDevice initialized.
[2019.03.25-20.42.01:645][617]LogLoad: Game class is 'BP_Wesley_S_FinalGameMode_C'
[2019.03.25-20.42.01:648][617]LogWorld: Bringing World /Game/FirstPersonCPP/Maps/UEDPIE_0_FirstPersonExampleMap.FirstPersonExampleMap up for play (max tick rate 0) at 2019.03.25-16.42.01
[2019.03.25-20.42.01:649][617]LogWorld: Bringing up level for play took: 0.002550
[2019.03.25-20.42.01:665][617]LogContentBrowser: Native class hierarchy updated for 'MovieSceneCapture' in 0.0005 seconds. Added 10 classes and 0 folders.
[2019.03.25-20.42.01:666][617]PIE: Play in editor start time for /Game/FirstPersonCPP/Maps/UEDPIE_0_FirstPersonExampleMap 0.835
[2019.03.25-20.42.01:667][617]LogBlueprintUserMessages: Late PlayInEditor Detection: Level '/Game/FirstPersonCPP/Maps/FirstPersonExampleMap.FirstPersonExampleMap:PersistentLevel' has LevelScriptBlueprint '/Game/FirstPersonCPP/Maps/FirstPersonExampleMap.FirstPersonExampleMap:PersistentLevel.FirstPersonExampleMap' with GeneratedClass '/Game/FirstPersonCPP/Maps/FirstPersonExampleMap.FirstPersonExampleMap_C' with ClassGeneratedBy '/Game/FirstPersonCPP/Maps/FirstPersonExampleMap.FirstPersonExampleMap:PersistentLevel.FirstPersonExampleMap'
[2019.03.25-20.42.09:221][515]LogBlueprintUserMessages: Early EndPlayMap Detection: Level '/Game/FirstPersonCPP/Maps/FirstPersonExampleMap.FirstPersonExampleMap:PersistentLevel' has LevelScriptBlueprint '/Game/FirstPersonCPP/Maps/FirstPersonExampleMap.FirstPersonExampleMap:PersistentLevel.FirstPersonExampleMap' with GeneratedClass '/Game/FirstPersonCPP/Maps/FirstPersonExampleMap.FirstPersonExampleMap_C' with ClassGeneratedBy '/Game/FirstPersonCPP/Maps/FirstPersonExampleMap.FirstPersonExampleMap:PersistentLevel.FirstPersonExampleMap'
[2019.03.25-20.42.09:222][515]LogSlate: Updating window title bar state: overlay mode, drag disabled, window buttons hidden, title bar hidden
[2019.03.25-20.42.09:261][515]LogPlayLevel: Display: Shutting down PIE online subsystems
[2019.03.25-20.42.09:262][515]LogBlueprintUserMessages: Late EndPlayMap Detection: Level '/Game/FirstPersonCPP/Maps/FirstPersonExampleMap.FirstPersonExampleMap:PersistentLevel' has LevelScriptBlueprint '/Game/FirstPersonCPP/Maps/FirstPersonExampleMap.FirstPersonExampleMap:PersistentLevel.FirstPersonExampleMap' with GeneratedClass '/Game/FirstPersonCPP/Maps/FirstPersonExampleMap.FirstPersonExampleMap_C' with ClassGeneratedBy '/Game/FirstPersonCPP/Maps/FirstPersonExampleMap.FirstPersonExampleMap:PersistentLevel.FirstPersonExampleMap'
[2019.03.25-20.42.09:283][515]LogSlate: Updating window title bar state: overlay mode, drag disabled, window buttons hidden, title bar hidden
[2019.03.25-20.42.09:321][518]LogPlayLevel: Display: Destroying online subsystem :Context_2
[2019.03.25-20.42.36:071][880]LogSlate: FSceneViewport::OnFocusLost() reason 0
[2019.03.25-20.42.38:291][ 95]LogSlate: Took 0.000279 seconds to synchronously load lazily loaded font '../../../Engine/Content/Slate/Fonts/Roboto-Light.ttf' (167K)
[2019.03.25-20.42.38:299][ 95]LogAssetEditorManager: Opening Asset editor for Blueprint /Game/FirstPersonCPP/Blueprints/BP_Wesley_S_FinalCharacter.BP_Wesley_S_FinalCharacter
[2019.03.25-20.42.38:814][ 95]LogContentBrowser: Native class hierarchy updated for 'BlueprintGraph' in 0.0008 seconds. Added 116 classes and 0 folders.
[2019.03.25-20.42.52:110][266]LogSlate: Window 'BP_Wesley_S_FinalCharacter' being destroyed
[2019.03.25-20.42.52:113][266]LogSlate: Window 'BP_Wesley_S_FinalCharacter' being destroyed
[2019.03.25-20.42.54:930][490]LogAssetEditorManager: Opening Asset editor for Blueprint /Game/FirstPersonCPP/Blueprints/BP_Wesley_S_FinalCharacter.BP_Wesley_S_FinalCharacter
[2019.03.25-20.42.57:233][647]LogSlate: Window 'BP_Wesley_S_FinalCharacter' being destroyed
[2019.03.25-20.42.57:294][647]LogAssetEditorManager: Opening Asset editor for Blueprint /Game/FirstPersonCPP/Blueprints/BP_Wesley_S_FinalCharacter.BP_Wesley_S_FinalCharacter
[2019.03.25-20.42.57:637][647]LogSlate: Took 0.000458 seconds to synchronously load lazily loaded font '../../../Engine/Content/Slate/Fonts/Roboto-BoldCondensed.ttf' (158K)
[2019.03.25-20.43.02:458][100]LogSlate: Window 'BP_Wesley_S_FinalCharacter' being destroyed
[2019.03.25-20.43.02:462][100]LogSlate: Window 'BP_Wesley_S_FinalCharacter' being destroyed
[2019.03.25-20.43.11:612][ 44]LogSlate: FSceneViewport::OnFocusLost() reason 0
[2019.03.25-20.43.11:806][ 58]LogAssetEditorManager: Opening Asset editor for Blueprint /Game/FirstPersonCPP/Blueprints/BP_Wesley_S_FinalProjectile.BP_Wesley_S_FinalProjectile
[2019.03.25-20.43.13:792][255]LogSlate: Window 'BP_Wesley_S_FinalProjectile' being destroyed
[2019.03.25-20.43.13:862][255]LogAssetEditorManager: Opening Asset editor for Blueprint /Game/FirstPersonCPP/Blueprints/BP_Wesley_S_FinalProjectile.BP_Wesley_S_FinalProjectile
[2019.03.25-20.43.16:389][490]LogSlate: Took 0.000574 seconds to synchronously load lazily loaded font '../../../Engine/Content/Slate/Fonts/Roboto-Italic.ttf' (157K)
[2019.03.25-20.44.20:019][715]BlueprintLog: New page: Compile BP_Wesley_S_FinalProjectile
[2019.03.25-20.44.20:231][715]LogSavePackage: Moving 'C:/Users/swea0001/Documents/Unreal Projects/Wesley_S_Final/Saved/BP_Wesley_S_FinalProjectile2B441D6C405F49F25EA3588798E8A425.tmp' to 'C:/Users/swea0001/Documents/Unreal Projects/Wesley_S_Final/Content/FirstPersonCPP/Blueprints/BP_Wesley_S_FinalProjectile.uasset'
[2019.03.25-20.44.21:102][797]LogSavePackage: Moving 'C:/Users/swea0001/Documents/Unreal Projects/Wesley_S_Final/Saved/BP_Wesley_S_FinalProjectile7DE5211E466BE19D950A20A2874474F5.tmp' to 'C:/Users/swea0001/Documents/Unreal Projects/Wesley_S_Final/Content/FirstPersonCPP/Blueprints/BP_Wesley_S_FinalProjectile.uasset'
[2019.03.25-20.44.27:700][332]BlueprintLog: New page: Compile BP_Wesley_S_FinalProjectile
[2019.03.25-20.44.27:887][332]LogSavePackage: Moving 'C:/Users/swea0001/Documents/Unreal Projects/Wesley_S_Final/Saved/BP_Wesley_S_FinalProjectile915713DD4FDF26608EF18BA3A2302E41.tmp' to 'C:/Users/swea0001/Documents/Unreal Projects/Wesley_S_Final/Content/FirstPersonCPP/Blueprints/BP_Wesley_S_FinalProjectile.uasset'
[2019.03.25-20.44.28:957][438]LogSlate: Window 'BP_Wesley_S_FinalProjectile' being destroyed
[2019.03.25-20.44.28:961][438]LogSlate: Window 'BP_Wesley_S_FinalProjectile' being destroyed
[2019.03.25-20.44.31:352][703]LogAssetEditorManager: Opening Asset editor for Blueprint /Game/FirstPersonCPP/Blueprints/BP_Wesley_S_FinalCharacter.BP_Wesley_S_FinalCharacter
[2019.03.25-20.44.33:693][897]LogSlate: Window 'BP_Wesley_S_FinalCharacter' being destroyed
[2019.03.25-20.44.33:697][897]LogSlate: Window 'BP_Wesley_S_FinalCharacter' being destroyed
[2019.03.25-20.44.36:383][174]LogAssetEditorManager: Opening Asset editor for Blueprint /Game/FirstPersonCPP/Blueprints/BP_Wesley_S_FinalCharacter.BP_Wesley_S_FinalCharacter
[2019.03.25-20.44.52:508][679]LogSlate: FSceneViewport::OnFocusLost() reason 2
[2019.03.25-20.45.00:077][468]LogSlate: FSceneViewport::OnFocusLost() reason 0
[2019.03.25-20.45.00:160][477]BlueprintLog: New page: Compile BP_Wesley_S_FinalCharacter
[2019.03.25-20.45.00:404][477]LogSavePackage: Moving 'C:/Users/swea0001/Documents/Unreal Projects/Wesley_S_Final/Saved/BP_Wesley_S_FinalCharacter63F6E451418C3177C5E8B292BB0D945D.tmp' to 'C:/Users/swea0001/Documents/Unreal Projects/Wesley_S_Final/Content/FirstPersonCPP/Blueprints/BP_Wesley_S_FinalCharacter.uasset'
[2019.03.25-20.45.01:972][641]LogSlate: FSceneViewport::OnFocusLost() reason 0
[2019.03.25-20.45.02:058][651]LogSlate: Window 'BP_Wesley_S_FinalCharacter' being destroyed
[2019.03.25-20.45.02:061][651]LogSlate: Window 'BP_Wesley_S_FinalCharacter' being destroyed
[2019.03.25-20.45.02:701][720]LogSlate: FSceneViewport::OnFocusLost() reason 0
[2019.03.25-20.45.02:767][728]LogTemp: Repeating last play command: Selected Viewport
[2019.03.25-20.45.02:779][728]LogBlueprintUserMessages: Early PlayInEditor Detection: Level '/Game/FirstPersonCPP/Maps/FirstPersonExampleMap.FirstPersonExampleMap:PersistentLevel' has LevelScriptBlueprint '/Game/FirstPersonCPP/Maps/FirstPersonExampleMap.FirstPersonExampleMap:PersistentLevel.FirstPersonExampleMap' with GeneratedClass '/Game/FirstPersonCPP/Maps/FirstPersonExampleMap.FirstPersonExampleMap_C' with ClassGeneratedBy '/Game/FirstPersonCPP/Maps/FirstPersonExampleMap.FirstPersonExampleMap:PersistentLevel.FirstPersonExampleMap'
[2019.03.25-20.45.02:780][728]LogPlayLevel: PlayLevel: No blueprints needed recompiling
[2019.03.25-20.45.02:780][728]PIE: New page: PIE session: FirstPersonExampleMap (Mar 25, 2019, 12:45:02 PM)
[2019.03.25-20.45.02:780][728]LogPlayLevel: Creating play world package: /Game/FirstPersonCPP/Maps/UEDPIE_0_FirstPersonExampleMap
[2019.03.25-20.45.02:792][728]LogPlayLevel: PIE: StaticDuplicateObject took: (0.011647s)
[2019.03.25-20.45.02:793][728]LogAIModule: Creating AISystem for world FirstPersonExampleMap
[2019.03.25-20.45.02:793][728]LogPlayLevel: PIE: World Init took: (0.001033s)
[2019.03.25-20.45.02:793][728]LogPlayLevel: PIE: Created PIE world by copying editor world from /Game/FirstPersonCPP/Maps/FirstPersonExampleMap.FirstPersonExampleMap to /Game/FirstPersonCPP/Maps/UEDPIE_0_FirstPersonExampleMap.FirstPersonExampleMap (0.013142s)
[2019.03.25-20.45.02:822][728]LogInit: XAudio2 using 'Realtek Digital Output(Optical) (Realtek High Definition Audio)' : 2 channels at 48 kHz using 16 bits per sample (channel mask 0x3)
[2019.03.25-20.45.02:833][728]LogInit: FAudioDevice initialized.
[2019.03.25-20.45.02:867][728]LogLoad: Game class is 'BP_Wesley_S_FinalGameMode_C'
[2019.03.25-20.45.02:870][728]LogWorld: Bringing World /Game/FirstPersonCPP/Maps/UEDPIE_0_FirstPersonExampleMap.FirstPersonExampleMap up for play (max tick rate 0) at 2019.03.25-16.45.02
[2019.03.25-20.45.02:870][728]LogWorld: Bringing up level for play took: 0.002376
[2019.03.25-20.45.02:885][728]PIE: Play in editor start time for /Game/FirstPersonCPP/Maps/UEDPIE_0_FirstPersonExampleMap 0.055
[2019.03.25-20.45.02:885][728]LogBlueprintUserMessages: Late PlayInEditor Detection: Level '/Game/FirstPersonCPP/Maps/FirstPersonExampleMap.FirstPersonExampleMap:PersistentLevel' has LevelScriptBlueprint '/Game/FirstPersonCPP/Maps/FirstPersonExampleMap.FirstPersonExampleMap:PersistentLevel.FirstPersonExampleMap' with GeneratedClass '/Game/FirstPersonCPP/Maps/FirstPersonExampleMap.FirstPersonExampleMap_C' with ClassGeneratedBy '/Game/FirstPersonCPP/Maps/FirstPersonExampleMap.FirstPersonExampleMap:PersistentLevel.FirstPersonExampleMap'
