Log file open, 03/25/19 17:20:33
LogWindows: Failed to load 'aqProf.dll' (GetLastError=126)
LogWindows: File 'aqProf.dll' does not exist
LogWindows: Failed to load 'VSPerf140.dll' (GetLastError=126)
LogWindows: File 'VSPerf140.dll' does not exist
LogWindows: Failed to load 'VtuneApi.dll' (GetLastError=126)
LogWindows: File 'VtuneApi.dll' does not exist
LogWindows: Failed to load 'VtuneApi32e.dll' (GetLastError=126)
LogWindows: File 'VtuneApi32e.dll' does not exist
LogInit: Display: Running engine for game: Wesley_S_Final
LogPlatformFile: Not using cached read wrapper
LogTaskGraph: Started task graph with 5 named threads and 23 total threads with 3 sets of task threads.
LogStats: Stats thread started at 0.394451
LogD3D11RHI: Loaded GFSDK_Aftermath_Lib.x64.dll
LogICUInternationalization: Display: ICU TimeZone Detection - Raw Offset: -5:00, Platform Override: ''
LogPluginManager: Mounting plugin Paper2D
LogPluginManager: Mounting plugin AISupport
LogPluginManager: Mounting plugin LightPropagationVolume
LogPluginManager: Mounting plugin CLionSourceCodeAccess
LogPluginManager: Mounting plugin CodeLiteSourceCodeAccess
LogPluginManager: Mounting plugin GitSourceControl
LogPluginManager: Mounting plugin KDevelopSourceCodeAccess
LogPluginManager: Mounting plugin NullSourceCodeAccess
LogPluginManager: Mounting plugin PerforceSourceControl
LogPluginManager: Mounting plugin SubversionSourceControl
LogPluginManager: Mounting plugin UObjectPlugin
LogPluginManager: Mounting plugin VisualStudioCodeSourceCodeAccess
LogPluginManager: Mounting plugin VisualStudioSourceCodeAccess
LogPluginManager: Mounting plugin XCodeSourceCodeAccess
LogPluginManager: Mounting plugin AssetManagerEditor
LogPluginManager: Mounting plugin CryptoKeys
LogPluginManager: Mounting plugin DataValidation
LogPluginManager: Mounting plugin FacialAnimation
LogPluginManager: Mounting plugin GameplayTagsEditor
LogPluginManager: Mounting plugin MacGraphicsSwitching
LogPluginManager: Mounting plugin MeshEditor
LogPluginManager: Mounting plugin MobileLauncherProfileWizard
LogPluginManager: Mounting plugin PluginBrowser
LogPluginManager: Mounting plugin SpeedTreeImporter
LogPluginManager: Mounting plugin DatasmithContent
LogPluginManager: Mounting plugin AlembicImporter
LogPluginManager: Mounting plugin AppleImageUtils
LogPluginManager: Mounting plugin AppleVision
LogPluginManager: Mounting plugin BackChannel
LogPluginManager: Mounting plugin CharacterAI
LogPluginManager: Mounting plugin GeometryCache
LogPluginManager: Mounting plugin HTML5Networking
LogPluginManager: Mounting plugin ProxyLODPlugin
LogPluginManager: Mounting plugin MagicLeap
LogPluginManager: Mounting plugin MagicLeapEmulator
LogPluginManager: Mounting plugin MagicLeapMedia
LogPluginManager: Mounting plugin AndroidMedia
LogPluginManager: Mounting plugin AvfMedia
LogPluginManager: Mounting plugin ImgMedia
LogPluginManager: Mounting plugin LinearTimecode
LogPluginManager: Mounting plugin MediaCompositing
LogPluginManager: Mounting plugin MediaPlayerEditor
LogPluginManager: Mounting plugin WmfMedia
LogPluginManager: Mounting plugin TcpMessaging
LogPluginManager: Mounting plugin UdpMessaging
LogPluginManager: Mounting plugin ActorSequence
LogPluginManager: Mounting plugin LevelSequenceEditor
LogPluginManager: Mounting plugin MatineeToLevelSequence
LogPluginManager: Mounting plugin NetcodeUnitTest
LogPluginManager: Mounting plugin NUTUnrealEngine4
LogPluginManager: Mounting plugin OnlineSubsystemGooglePlay
LogPluginManager: Mounting plugin OnlineSubsystemIOS
LogPluginManager: Mounting plugin OnlineSubsystem
LogPluginManager: Mounting plugin OnlineSubsystemNull
LogPluginManager: Mounting plugin OnlineSubsystemUtils
LogPluginManager: Mounting plugin LauncherChunkInstaller
LogPluginManager: Mounting plugin AndroidDeviceProfileSelector
LogPluginManager: Mounting plugin AndroidMoviePlayer
LogPluginManager: Mounting plugin AndroidPermission
LogPluginManager: Mounting plugin AppleMoviePlayer
LogPluginManager: Mounting plugin ArchVisCharacter
LogPluginManager: Mounting plugin AudioCapture
LogPluginManager: Mounting plugin CableComponent
LogPluginManager: Mounting plugin CustomMeshComponent
LogPluginManager: Mounting plugin EditableMesh
LogPluginManager: Mounting plugin ExampleDeviceProfileSelector
LogPluginManager: Mounting plugin GoogleCloudMessaging
LogPluginManager: Mounting plugin ImmediatePhysics
LogPluginManager: Mounting plugin IOSDeviceProfileSelector
LogPluginManager: Mounting plugin LinuxDeviceProfileSelector
LogPluginManager: Mounting plugin LocationServicesBPLibrary
LogPluginManager: Mounting plugin MobilePatchingUtils
LogPluginManager: Mounting plugin OculusVR
LogPluginManager: Plugin shader directory ../../../Engine/Plugins/Runtime/Oculus/OculusVR/Shaders found
LogPluginManager: Mapping shader source directory ../../../Engine/Plugins/Runtime/Oculus/OculusVR/Shaders to virtual directory /Plugin/OculusVR
LogPluginManager: Mounting plugin PhysXVehicles
LogPluginManager: Mounting plugin ProceduralMeshComponent
LogPluginManager: Mounting plugin RuntimePhysXCooking
LogPluginManager: Mounting plugin SteamVR
LogPluginManager: Mounting plugin WindowsMoviePlayer
LogStreaming: Display: Took  0.153s to configure plugins.
LogInit: Using libcurl 7.55.1-DEV
LogInit:  - built for x86_64-pc-win32
LogInit:  - supports SSL with OpenSSL/1.0.2h
LogInit:  - supports HTTP deflate (compression) using libz 1.2.8
LogInit:  - other features:
LogInit:      CURL_VERSION_SSL
LogInit:      CURL_VERSION_LIBZ
LogInit:      CURL_VERSION_IPV6
LogInit:      CURL_VERSION_ASYNCHDNS
LogInit:      CURL_VERSION_LARGEFILE
LogInit:      CURL_VERSION_IDN
LogInit:  CurlRequestOptions (configurable via config and command line):
LogInit:  - bVerifyPeer = false  - Libcurl will NOT verify peer certificate
LogInit:  - bUseHttpProxy = false  - Libcurl will NOT use HTTP proxy
LogInit:  - bDontReuseConnections = false  - Libcurl will reuse connections
LogInit:  - CertBundlePath = nullptr  - Libcurl will use whatever was configured at build time.
LogInit:  - MaxHostConnections = 16  - Libcurl will limit the number of connections to a host
LogInit:  - LocalHostAddr = Default
LogInit:  - BufferSize = 65536
LogInit: WinSock: version 1.1 (2.2), MaxSocks=32767, MaxUdp=65467
LogInit: Build: ++UE4+Release-4.20-CL-4233996
LogInit: Engine Version: 4.20.1-4233996+++UE4+Release-4.20
LogInit: Compatible Engine Version: 4.20.0-4212847+++UE4+Release-4.20
LogInit: Net CL: 4212847
LogInit: OS: Windows 10 (), CPU:        Intel(R) Core(TM) i7-3770K CPU @ 3.50GHz, GPU: NVIDIA GeForce GTX 670
LogInit: Compiled (64-bit): Jul 26 2018 10:07:30
LogInit: Compiled with Visual C++: 19.13.26129.00
LogInit: Build Configuration: Development
LogInit: Branch Name: ++UE4+Release-4.20
LogInit: Command Line:  -skipcompile
LogInit: Base Directory: D:/Program Files/Epic Games/UE_4.20/Engine/Binaries/Win64/
LogInit: Installed Engine Build: 1
LogDevObjectVersion: Number of dev versions registered: 20
LogDevObjectVersion:   Dev-Blueprints (B0D832E4-1F89-4F0D-ACCF-7EB736FD4AA2): 10
LogDevObjectVersion:   Dev-Build (E1C64328-A22C-4D53-A36C-8E866417BD8C): 0
LogDevObjectVersion:   Dev-Core (375EC13C-06E4-48FB-B500-84F0262A717E): 2
LogDevObjectVersion:   Dev-Editor (E4B068ED-F494-42E9-A231-DA0B2E46BB41): 24
LogDevObjectVersion:   Dev-Framework (CFFC743F-43B0-4480-9391-14DF171D2073): 34
LogDevObjectVersion:   Dev-Mobile (B02B49B5-BB20-44E9-A304-32B752E40360): 2
LogDevObjectVersion:   Dev-Networking (A4E4105C-59A1-49B5-A7C5-40C4547EDFEE): 0
LogDevObjectVersion:   Dev-Online (39C831C9-5AE6-47DC-9A44-9C173E1C8E7C): 0
LogDevObjectVersion:   Dev-Physics (78F01B33-EBEA-4F98-B9B4-84EACCB95AA2): 0
LogDevObjectVersion:   Dev-Platform (6631380F-2D4D-43E0-8009-CF276956A95A): 0
LogDevObjectVersion:   Dev-Rendering (12F88B9F-8875-4AFC-A67C-D90C383ABD29): 26
LogDevObjectVersion:   Dev-Sequencer (7B5AE74C-D270-4C10-A958-57980B212A5A): 9
LogDevObjectVersion:   Dev-VR (D7296918-1DD6-4BDD-9DE2-64A83CC13884): 2
LogDevObjectVersion:   Dev-LoadTimes (C2A15278-BFE7-4AFE-6C17-90FF531DF755): 1
LogDevObjectVersion:   Private-Geometry (6EACA3D4-40EC-4CC1-B786-8BED09428FC5): 3
LogDevObjectVersion:   Dev-AnimPhys (29E575DD-E0A3-4627-9D10-D276232CDCEA): 17
LogDevObjectVersion:   Dev-ReflectionCapture (6B266CEC-1EC7-4B8F-A30B-E4D90942FC07): 1
LogDevObjectVersion:   Dev-Automation (0DF73D61-A23F-47EA-B727-89E90C41499A): 1
LogDevObjectVersion:   FortniteMain (601D1886-AC64-4F84-AA16-D3DE0DEAC7D6): 12
LogDevObjectVersion:   Dev-Enterprise (9DFFBCD6-494F-0158-E221-12823C92A888): 1
LogStreaming: Display: Took  0.003s to delete old logs.
LogInit: Presizing for max 8388607 objects, including 0 objects not considered by GC, pre-allocating 0 bytes for permanent pool.
LogInit: Object subsystem initialized
[2019.03.25-21.20.35:290][  0]LogInit: Selected Device Profile: [Windows]
[2019.03.25-21.20.35:291][  0]LogInit: Applying CVar settings loaded from the selected device profile: [Windows]
[2019.03.25-21.20.35:338][  0]LogHAL: Display: Platform has ~ 16 GB [17121808384 / 17179869184 / 16], which maps to Larger [LargestMinGB=32, LargerMinGB=12, DefaultMinGB=8, SmallerMinGB=6, SmallestMinGB=0)
[2019.03.25-21.20.35:356][  0]LogInit: Setting Device Profile CVar: [[r.Vulkan.UseRealUBs:1]]
[2019.03.25-21.20.35:356][  0]LogInit: Going up to parent DeviceProfile []
[2019.03.25-21.20.35:360][  0]LogInit: Computer: WT227-31
[2019.03.25-21.20.35:360][  0]LogInit: User: swea0001
[2019.03.25-21.20.35:361][  0]LogInit: CPU Page size=4096, Cores=4
[2019.03.25-21.20.35:361][  0]LogInit: High frequency timer resolution =3.428039 MHz
[2019.03.25-21.20.35:361][  0]LogMemory: Memory total: Physical=15.9GB (16GB approx)
[2019.03.25-21.20.35:361][  0]LogMemory: Platform Memory Stats for Windows
[2019.03.25-21.20.35:361][  0]LogMemory: Process Physical Memory: 103.23 MB used, 103.23 MB peak
[2019.03.25-21.20.35:361][  0]LogMemory: Process Virtual Memory: 91.45 MB used, 91.45 MB peak
[2019.03.25-21.20.35:361][  0]LogMemory: Physical Memory: 8098.06 MB used,  8230.57 MB free, 16328.63 MB total
[2019.03.25-21.20.35:361][  0]LogMemory: Virtual Memory: 543.60 MB used,  8230.57 MB free, 134217728.00 MB total
[2019.03.25-21.20.36:375][  0]LogInit: Using OS detected language (en-US).
[2019.03.25-21.20.36:376][  0]LogInit: Using OS detected locale (en-US).
[2019.03.25-21.20.36:377][  0]LogTextLocalizationManager: No specific localization for 'en-US' exists, so the 'en' localization will be used.
[2019.03.25-21.20.37:073][  0]LogStreaming: Display: Took  0.697s to InitEngineTextLocalization.
[2019.03.25-21.20.37:073][  0]LogInit: Setting process to per monitor DPI aware
[2019.03.25-21.20.37:721][  0]LogSlate: New Slate User Created.  User Index 0, Is Virtual User: 0
[2019.03.25-21.20.37:721][  0]LogSlate: Slate User Registered.  User Index 0, Is Virtual User: 0
[2019.03.25-21.20.38:370][  0]LogHMD: Failed to initialize OpenVR with code 110
[2019.03.25-21.20.38:370][  0]LogD3D11RHI: D3D11 adapters:
[2019.03.25-21.20.38:458][  0]LogD3D11RHI:    0. 'NVIDIA GeForce GTX 670' (Feature Level 11_0)
[2019.03.25-21.20.38:458][  0]LogD3D11RHI:       4052/0/8164 MB DedicatedVideo/DedicatedSystem/SharedSystem, Outputs:1, VendorId:0x10de
[2019.03.25-21.20.38:470][  0]LogD3D11RHI:    1. 'Microsoft Basic Render Driver' (Feature Level 11_0)
[2019.03.25-21.20.38:470][  0]LogD3D11RHI:       0/0/8164 MB DedicatedVideo/DedicatedSystem/SharedSystem, Outputs:0, VendorId:0x1414
[2019.03.25-21.20.38:470][  0]LogD3D11RHI: Chosen D3D11 Adapter: 0
[2019.03.25-21.20.38:475][  0]LogD3D11RHI: Creating new Direct3DDevice
[2019.03.25-21.20.38:475][  0]LogD3D11RHI:     GPU DeviceId: 0x1189 (for the marketing name, search the web for "GPU Device Id")
[2019.03.25-21.20.38:476][  0]LogWindows: EnumDisplayDevices:
[2019.03.25-21.20.38:476][  0]LogWindows:    0. 'NVIDIA GeForce GTX 670' (P:1 D:1)
[2019.03.25-21.20.38:476][  0]LogWindows:    1. 'NVIDIA GeForce GTX 670' (P:0 D:0)
[2019.03.25-21.20.38:476][  0]LogWindows:    2. 'NVIDIA GeForce GTX 670' (P:0 D:0)
[2019.03.25-21.20.38:477][  0]LogWindows:    3. 'NVIDIA GeForce GTX 670' (P:0 D:0)
[2019.03.25-21.20.38:477][  0]LogWindows: DebugString: FoundDriverCount:4 
[2019.03.25-21.20.38:477][  0]LogD3D11RHI:     Adapter Name: NVIDIA GeForce GTX 670
[2019.03.25-21.20.38:477][  0]LogD3D11RHI:   Driver Version: 391.35 (internal:23.21.13.9135, unified:391.35)
[2019.03.25-21.20.38:477][  0]LogD3D11RHI:      Driver Date: 3-23-2018
[2019.03.25-21.20.38:477][  0]LogRHI: Texture pool is 2836 MB (70% of 4052 MB)
[2019.03.25-21.20.38:519][  0]LogD3D11RHI: Async texture creation enabled
[2019.03.25-21.20.38:629][  0]LogD3D11RHI: GPU Timing Frequency: 1000.000000 (Debug: 2 2)
[2019.03.25-21.20.38:643][  0]LogShaderCompilers: Guid format shader working directory is -9 characters bigger than the processId version (C:/Users/swea0001/Documents/Unreal Projects/Wesley_S_Final/Intermediate/Shaders/WorkingDirectory/5660/).
[2019.03.25-21.20.38:643][  0]LogShaderCompilers: Cleaned the shader compiler working directory 'C:/Users/swea0001/AppData/Local/Temp/UnrealShaderWorkingDir/1E8BEBE0414FA8AFC3348DB7C1CA6230/'.
[2019.03.25-21.20.38:918][  0]LogTemp: Display: Loaded TP AllDesktopTargetPlatform
[2019.03.25-21.20.38:944][  0]LogTemp: Display: Loaded TP MacClientTargetPlatform
[2019.03.25-21.20.38:963][  0]LogTemp: Display: Loaded TP MacNoEditorTargetPlatform
[2019.03.25-21.20.38:980][  0]LogTemp: Display: Loaded TP MacServerTargetPlatform
[2019.03.25-21.20.39:004][  0]LogTemp: Display: Loaded TP MacTargetPlatform
[2019.03.25-21.20.39:030][  0]LogTemp: Display: Loaded TP WindowsClientTargetPlatform
[2019.03.25-21.20.39:048][  0]LogTemp: Display: Loaded TP WindowsNoEditorTargetPlatform
[2019.03.25-21.20.39:068][  0]LogTemp: Display: Loaded TP WindowsServerTargetPlatform
[2019.03.25-21.20.39:080][  0]LogTemp: Display: Loaded TP WindowsTargetPlatform
[2019.03.25-21.20.39:177][  0]LogTemp: Display: Loaded TP AndroidTargetPlatform
[2019.03.25-21.20.39:177][  0]LogTemp: Display: Loaded TP AndroidTargetPlatform
[2019.03.25-21.20.39:177][  0]LogTemp: Display: Loaded TP AndroidTargetPlatform
[2019.03.25-21.20.39:178][  0]LogTemp: Display: Loaded TP AndroidTargetPlatform
[2019.03.25-21.20.39:178][  0]LogTemp: Display: Loaded TP AndroidTargetPlatform
[2019.03.25-21.20.39:178][  0]LogTemp: Display: Loaded TP AndroidTargetPlatform
[2019.03.25-21.20.39:178][  0]LogTemp: Display: Loaded TP AndroidTargetPlatform
[2019.03.25-21.20.39:178][  0]LogTemp: Display: Loaded TP AndroidTargetPlatform
[2019.03.25-21.20.39:178][  0]LogTemp: Display: Loaded TP AndroidTargetPlatform
[2019.03.25-21.20.39:178][  0]LogTemp: Display: Loaded TP AndroidTargetPlatform
[2019.03.25-21.20.39:178][  0]LogTemp: Display: Loaded TP AndroidTargetPlatform
[2019.03.25-21.20.39:178][  0]LogTemp: Display: Loaded TP AndroidTargetPlatform
[2019.03.25-21.20.39:178][  0]LogTemp: Display: Loaded TP AndroidTargetPlatform
[2019.03.25-21.20.39:178][  0]LogTemp: Display: Loaded TP AndroidTargetPlatform
[2019.03.25-21.20.39:178][  0]LogTemp: Display: Loaded TP AndroidTargetPlatform
[2019.03.25-21.20.39:178][  0]LogTemp: Display: Loaded TP AndroidTargetPlatform
[2019.03.25-21.20.39:179][  0]LogTemp: Display: Loaded TP AndroidTargetPlatform
[2019.03.25-21.20.39:179][  0]LogTemp: Display: Loaded TP AndroidTargetPlatform
[2019.03.25-21.20.39:190][  0]LogTemp: Display: Loaded TP HTML5TargetPlatform
[2019.03.25-21.20.39:331][  0]LogTemp: Display: Loaded TP IOSTargetPlatform
[2019.03.25-21.20.39:331][  0]LogTemp: Display: Loaded TP IOSTargetPlatform
[2019.03.25-21.20.39:368][  0]LogTemp: Display: Loaded TP TVOSTargetPlatform
[2019.03.25-21.20.39:368][  0]LogTemp: Display: Loaded TP TVOSTargetPlatform
[2019.03.25-21.20.39:393][  0]LogTemp: Display: Loaded TP LinuxClientTargetPlatform
[2019.03.25-21.20.39:411][  0]LogTemp: Display: Loaded TP LinuxNoEditorTargetPlatform
[2019.03.25-21.20.39:429][  0]LogTemp: Display: Loaded TP LinuxServerTargetPlatform
[2019.03.25-21.20.39:469][  0]LogTemp: Display: Loaded TP LinuxTargetPlatform
[2019.03.25-21.20.39:502][  0]LogTemp: Display: Loaded TP LuminTargetPlatform
[2019.03.25-21.20.39:516][  0]LogTargetPlatformManager: Display: Building Assets For Windows
[2019.03.25-21.20.40:033][  0]LogXGEController: Cleaning working directory: C:/Users/swea0001/AppData/Local/Temp/UnrealXGEWorkingDir/
[2019.03.25-21.20.40:033][  0]LogXGEController: Cannot use XGE Controller as Incredibuild is not installed on this machine.
[2019.03.25-21.20.40:033][  0]LogShaderCompilers: Cannot use XGE Shader Compiler as Incredibuild is not installed on this machine.
[2019.03.25-21.20.40:043][  0]LogShaderCompilers: Display: Using Local Shader Compiler.
[2019.03.25-21.20.41:657][  0]LogDerivedDataCache: Display: Max Cache Size: 512 MB
[2019.03.25-21.20.42:202][  0]LogDerivedDataCache: Loaded boot cache 0.54s 73MB C:/Users/swea0001/AppData/Local/UnrealEngine/4.20/DerivedDataCache/Boot.ddc.
[2019.03.25-21.20.42:203][  0]LogDerivedDataCache: Display: Loaded Boot cache: C:/Users/swea0001/AppData/Local/UnrealEngine/4.20/DerivedDataCache/Boot.ddc
[2019.03.25-21.20.42:203][  0]LogDerivedDataCache: FDerivedDataBackendGraph:  Pak pak cache file C:/Users/swea0001/Documents/Unreal Projects/Wesley_S_Final/DerivedDataCache/DDC.ddp not found, will not use a pak cache.
[2019.03.25-21.20.42:203][  0]LogDerivedDataCache: Unable to find inner node Pak for hierarchical cache Hierarchy.
[2019.03.25-21.20.42:204][  0]LogDerivedDataCache: FDerivedDataBackendGraph:  CompressedPak pak cache file C:/Users/swea0001/Documents/Unreal Projects/Wesley_S_Final/DerivedDataCache/Compressed.ddp not found, will not use a pak cache.
[2019.03.25-21.20.42:204][  0]LogDerivedDataCache: Unable to find inner node CompressedPak for hierarchical cache Hierarchy.
[2019.03.25-21.20.42:272][  0]LogDerivedDataCache: Display: Pak cache opened for reading ../../../Engine/DerivedDataCache/Compressed.ddp.
[2019.03.25-21.20.42:287][  0]LogDerivedDataCache: Using Local data cache path C:/Users/swea0001/AppData/Local/UnrealEngine/Common/DerivedDataCache: Writable
[2019.03.25-21.20.42:287][  0]LogDerivedDataCache: Shared data cache path not found in *engine.ini, will not use an Shared cache.
[2019.03.25-21.20.42:287][  0]LogDerivedDataCache: Unable to find inner node Shared for hierarchical cache Hierarchy.
[2019.03.25-21.20.42:369][  0]LogMaterial: Verifying Global Shaders for PCD3D_SM5
[2019.03.25-21.20.42:370][  0]LogSlate: Using FreeType 2.6.0
[2019.03.25-21.20.42:433][  0]LogSlate: SlateFontServices - WITH_FREETYPE: 1, WITH_HARFBUZZ: 1
[2019.03.25-21.20.42:790][  0]LogAssetRegistry: FAssetRegistry took 0.0284 seconds to start up
[2019.03.25-21.20.43:904][  0]LogInit: Selected Device Profile: [Windows]
[2019.03.25-21.20.44:878][  0]LogSimplygon: Simplygon DLL not present - disabling.
[2019.03.25-21.20.44:976][  0]LogMeshReduction: Using SimplygonSwarm for distributed automatic mesh merging
[2019.03.25-21.20.44:977][  0]LogMeshReduction: Using ProxyLODMeshReduction for automatic mesh merging
[2019.03.25-21.20.44:977][  0]LogMeshReduction: Using QuadricMeshReduction for automatic static mesh reduction
[2019.03.25-21.20.44:977][  0]LogMeshReduction: No automatic skeletal mesh reduction module available
[2019.03.25-21.20.45:357][  0]LogNetVersion: Wesley_S_Final 1.0.0, NetCL: 4212847, EngineNetVer: 5, GameNetVer: 0 (Checksum: 2346214524)
[2019.03.25-21.20.47:015][  0]LogPackageLocalizationCache: Processed 11 localized package path(s) for 2 prioritized culture(s) in 0.159145 seconds
[2019.03.25-21.20.47:028][  0]LogUObjectArray: 38425 objects as part of root set at end of initial load.
[2019.03.25-21.20.47:028][  0]LogUObjectAllocator: 6690864 out of 0 bytes used by permanent object pool.
[2019.03.25-21.20.47:028][  0]LogUObjectArray: CloseDisregardForGC: 0/0 objects in disregard for GC pool
[2019.03.25-21.20.53:236][  0]LogTcpMessaging: Initializing TcpMessaging bridge
[2019.03.25-21.20.53:282][  0]LogUdpMessaging: Initializing bridge on interface 0.0.0.0:0 to multicast group 230.0.0.1:6666.
[2019.03.25-21.20.55:158][  0]SourceControl: Source control is disabled
[2019.03.25-21.20.55:158][  0]SourceControl: Source control is disabled
[2019.03.25-21.20.55:234][  0]SourceControl: Source control is disabled
[2019.03.25-21.20.55:262][  0]SourceControl: Source control is disabled
[2019.03.25-21.20.56:502][  0]LogAndroidPermission: UAndroidPermissionCallbackProxy::GetInstance
[2019.03.25-21.20.56:720][  0]LogOcInput: OculusInput pre-init called
[2019.03.25-21.20.57:081][  0]LogEngine: Initializing Engine...
[2019.03.25-21.20.57:119][  0]LogHMD: Failed to initialize OpenVR with code 110
[2019.03.25-21.20.57:122][  0]LogStats: UGameplayTagsManager::ConstructGameplayTagTree: ImportINI prefixes -  0.000 s
[2019.03.25-21.20.57:122][  0]LogStats: UGameplayTagsManager::ConstructGameplayTagTree: Construct from data asset -  0.000 s
[2019.03.25-21.20.57:123][  0]LogStats: UGameplayTagsManager::ConstructGameplayTagTree: ImportINI -  0.000 s
[2019.03.25-21.20.57:123][  0]LogStats: UGameplayTagsManager::ConstructGameplayTagTree: GameplayTagTreeChangedEvent.Broadcast -  0.000 s
[2019.03.25-21.20.57:600][  0]LogInit: Initializing FReadOnlyCVARCache
[2019.03.25-21.20.57:957][  0]LogAIModule: Creating AISystem for world Untitled
[2019.03.25-21.20.58:104][  0]LogInit: XAudio2 using 'Realtek Digital Output(Optical) (Realtek High Definition Audio)' : 2 channels at 48 kHz using 16 bits per sample (channel mask 0x3)
[2019.03.25-21.20.58:220][  0]LogInit: FAudioDevice initialized.
[2019.03.25-21.20.58:231][  0]LogNetVersion: Set ProjectVersion to 1.0.0.0. Version Checksum will be recalculated on next use.
[2019.03.25-21.20.58:318][  0]LogDerivedDataCache: Saved boot cache 0.09s 73MB C:/Users/swea0001/AppData/Local/UnrealEngine/4.20/DerivedDataCache/Boot.ddc.
[2019.03.25-21.20.58:326][  0]LogInit: Texture streaming: Enabled
[2019.03.25-21.20.58:485][  0]LogEngineSessionManager: EngineSessionManager initialized
[2019.03.25-21.20.58:486][  0]LogEngineSessionManager: EngineSessionManager sent abnormal shutdown report. Type=Debugger, SessionId={2CB40025-4FB1-0FC4-1514-2487AA2BC6FF}
[2019.03.25-21.20.58:486][  0]LogEngineSessionManager: EngineSessionManager sent abnormal shutdown report. Type=Debugger, SessionId={98AC6D98-406D-6CB2-5EED-19B9F5508563}
[2019.03.25-21.20.58:556][  0]LogInit: Transaction tracking system initialized
[2019.03.25-21.20.58:744][  0]BlueprintLog: New page: Editor Load
[2019.03.25-21.20.59:615][  0]LocalizationService: Localization service is disabled
[2019.03.25-21.21.00:978][  0]LogCook: Display: Max memory allowance for cook 16384mb min free memory 0mb
[2019.03.25-21.21.00:978][  0]LogCook: Display: Mobile HDR setting 1
[2019.03.25-21.21.00:979][  0]LogGameplayTags: Display: UGameplayTagsManager::DoneAddingNativeTags. DelegateIsBound: 0
[2019.03.25-21.21.00:979][  0]LogStats: UGameplayTagsManager::ConstructGameplayTagTree: ImportINI prefixes -  0.000 s
[2019.03.25-21.21.00:979][  0]LogStats: UGameplayTagsManager::ConstructGameplayTagTree: Construct from data asset -  0.000 s
[2019.03.25-21.21.00:980][  0]LogStats: UGameplayTagsManager::ConstructGameplayTagTree: ImportINI -  0.000 s
[2019.03.25-21.21.00:980][  0]LogStats: UGameplayTagsManager::ConstructGameplayTagTree: GameplayTagTreeChangedEvent.Broadcast -  0.000 s
[2019.03.25-21.21.01:469][  0]LogFileCache: Scanning file cache for directory 'C:/Users/swea0001/Documents/Unreal Projects/Wesley_S_Final/Content/' took 0.02s
[2019.03.25-21.21.02:131][  0]SourceControl: Source control is disabled
[2019.03.25-21.21.02:131][  0]Cmd: MAP LOAD FILE="C:/Users/swea0001/Documents/Unreal Projects/Wesley_S_Final/Content/FirstPersonCPP/Maps/FirstPersonExampleMap.umap" TEMPLATE=0 SHOWPROGRESS=1 FEATURELEVEL=3
[2019.03.25-21.21.02:132][  0]LightingResults: New page: Lighting Build
[2019.03.25-21.21.02:195][  0]MapCheck: New page: Map Check
[2019.03.25-21.21.02:196][  0]LightingResults: New page: Lighting Build
[2019.03.25-21.21.03:083][  0]LogAIModule: Creating AISystem for world FirstPersonExampleMap
[2019.03.25-21.21.03:577][  0]LogEditorServer: Finished looking for orphan Actors (0.000 secs)
[2019.03.25-21.21.03:658][  0]Cmd: MAP CHECKDEP NOCLEARLOG
[2019.03.25-21.21.03:745][  0]MapCheck: Map check complete: 0 Error(s), 0 Warning(s), took 86.334ms to complete.
[2019.03.25-21.21.03:745][  0]LogFileHelpers: Loading map 'FirstPersonExampleMap' took 1.614
[2019.03.25-21.21.04:426][  0]LogSlate: Updating window title bar state: overlay mode, drag disabled, window buttons hidden, title bar hidden
[2019.03.25-21.21.04:444][  0]LogSlate: Updating window title bar state: overlay mode, drag disabled, window buttons hidden, title bar hidden
[2019.03.25-21.21.04:462][  0]LogSlate: Updating window title bar state: overlay mode, drag disabled, window buttons hidden, title bar hidden
[2019.03.25-21.21.04:473][  0]LogSlate: Updating window title bar state: overlay mode, drag disabled, window buttons hidden, title bar hidden
[2019.03.25-21.21.04:570][  0]LogCollectionManager: Loaded 0 collections in 0.000959 seconds
[2019.03.25-21.21.04:718][  0]LogFileCache: Scanning file cache for directory 'C:/Users/swea0001/Documents/Unreal Projects/Wesley_S_Final/Saved/Collections/' took 0.01s
[2019.03.25-21.21.04:719][  0]LogFileCache: Scanning file cache for directory 'C:/Users/swea0001/Documents/Unreal Projects/Wesley_S_Final/Content/Developers/swea0001/Collections/' took 0.01s
[2019.03.25-21.21.04:719][  0]LogFileCache: Scanning file cache for directory 'C:/Users/swea0001/Documents/Unreal Projects/Wesley_S_Final/Content/Collections/' took 0.01s
[2019.03.25-21.21.04:719][  0]LogCollectionManager: Rebuilt the GUID cache for 0 collections in 0.000000 seconds
[2019.03.25-21.21.04:741][  0]LogContentBrowser: Native class hierarchy populated in 0.0164 seconds. Added 2579 classes and 605 folders.
[2019.03.25-21.21.04:787][  0]LogContentBrowser: Native class hierarchy updated for 'WidgetCarousel' in 0.0004 seconds. Added 0 classes and 0 folders.
[2019.03.25-21.21.05:072][  0]LogContentBrowser: Native class hierarchy updated for 'AddContentDialog' in 0.0004 seconds. Added 0 classes and 0 folders.
[2019.03.25-21.21.05:127][  0]LogContentBrowser: Native class hierarchy updated for 'SceneOutliner' in 0.0005 seconds. Added 1 classes and 2 folders.
[2019.03.25-21.21.05:285][  0]LogContentBrowser: Native class hierarchy updated for 'HierarchicalLODOutliner' in 0.0009 seconds. Added 0 classes and 0 folders.
[2019.03.25-21.21.05:285][  0]LogLoad: (Engine Initialization) Total time: 33.10 seconds
[2019.03.25-21.21.05:286][  0]LogLoad: (Engine Initialization) Total Blueprint compile time: 0.00 seconds
[2019.03.25-21.21.05:310][  0]LogWindowsTextInputMethodSystem: Display: IME system now deactivated.
[2019.03.25-21.21.05:469][  0]LogContentStreaming: Texture pool size now 3000 MB
[2019.03.25-21.21.05:531][  0]LogSlate: Took 0.013313 seconds to synchronously load lazily loaded font '../../../Engine/Content/Slate/Fonts/Roboto-Regular.ttf' (155K)
[2019.03.25-21.21.05:557][  0]LogSlate: Took 0.021039 seconds to synchronously load lazily loaded font '../../../Engine/Content/Slate/Fonts/Roboto-Bold.ttf' (160K)
[2019.03.25-21.21.05:593][  0]LogSlate: Took 0.009932 seconds to synchronously load lazily loaded font '../../../Engine/Content/Editor/Slate/Fonts/FontAwesome.ttf' (139K)
[2019.03.25-21.21.06:047][  0]LogRenderer: Reallocating scene render targets to support 700x360 Format 10 NumSamples 1 (Frame:1).
[2019.03.25-21.21.06:047][  0]LogSlate: Took 0.053266 seconds to synchronously load lazily loaded font '../../../Engine/Content/Slate/Fonts/Roboto-Light.ttf' (167K)
[2019.03.25-21.21.06:439][  1]LogActor: Warning: BP_CubePiece_C /Engine/Transient.World_0:PersistentLevel.BP_CubePiece_C_0 has natively added scene component(s), but none of them were set as the actor's RootComponent - picking one arbitrarily
[2019.03.25-21.21.06:582][  2]LogAssetRegistry: Asset discovery search completed in 23.8163 seconds
[2019.03.25-21.21.06:594][  2]LogCollectionManager: Rebuilt the object cache for 0 collections in 0.000001 seconds (found 0 objects)
[2019.03.25-21.21.06:594][  2]LogCollectionManager: Fixed up redirectors for 0 collections in 0.000288 seconds (updated 0 objects)
[2019.03.25-21.21.14:466][942]LogSlate: FSceneViewport::OnFocusLost() reason 0
[2019.03.25-21.21.14:694][957]LogActor: Warning: BP_CubePiece_C /Game/FirstPersonCPP/Maps/FirstPersonExampleMap.FirstPersonExampleMap:PersistentLevel.BP_CubePiece_C_0 has natively added scene component(s), but none of them were set as the actor's RootComponent - picking one arbitrarily
[2019.03.25-21.21.15:830][ 84]LogActor: Warning: BP_CubePiece_C /Game/FirstPersonCPP/Maps/FirstPersonExampleMap.FirstPersonExampleMap:PersistentLevel.BP_CubePiece_C_1 has natively added scene component(s), but none of them were set as the actor's RootComponent - picking one arbitrarily
[2019.03.25-21.21.19:519][506]Cmd: DELETE
[2019.03.25-21.21.19:519][506]Cmd: ACTOR DELETE
[2019.03.25-21.21.19:688][506]LogEditorActor: Deleted Actor: BP_CubePiece_C
[2019.03.25-21.21.19:719][506]LogEditorActor: Deleted 1 Actors (0.094 secs)
[2019.03.25-21.21.20:592][610]LogSlate: FSceneViewport::OnFocusLost() reason 0
[2019.03.25-21.21.20:753][629]LogSlate: Took 0.000260 seconds to synchronously load lazily loaded font '../../../Engine/Content/Slate/Fonts/Roboto-Light.ttf' (167K)
[2019.03.25-21.21.20:770][629]LogAssetEditorManager: Opening Asset editor for Blueprint /Game/Geometry/BP_CubePiece.BP_CubePiece
[2019.03.25-21.21.21:421][629]LogContentBrowser: Native class hierarchy updated for 'BlueprintGraph' in 0.0008 seconds. Added 116 classes and 0 folders.
[2019.03.25-21.21.22:635][629]LogActor: Warning: BP_CubePiece_C /Engine/Transient.World_1:PersistentLevel.BP_CubePiece_C_0 has natively added scene component(s), but none of them were set as the actor's RootComponent - picking one arbitrarily
[2019.03.25-21.21.33:400][629]LogSlate: Took 0.016419 seconds to synchronously load lazily loaded font '../../../Engine/Content/Slate/Fonts/Roboto-BoldCondensed.ttf' (158K)
[2019.03.25-21.21.36:388][837]LogSlate: Took 0.002124 seconds to synchronously load lazily loaded font '../../../Engine/Content/Slate/Fonts/Roboto-Italic.ttf' (157K)
[2019.03.25-21.21.39:123][106]LogRenderer: Reallocating scene render targets to support 700x396 Format 10 NumSamples 1 (Frame:1).
[2019.03.25-21.22.09:872][422]BlueprintLog: New page: Compile BP_CubePiece
[2019.03.25-21.22.09:883][422]LogActor: Warning: BP_CubePiece_C /Game/FirstPersonCPP/Maps/FirstPersonExampleMap.FirstPersonExampleMap:PersistentLevel.BP_CubePiece2 has natively added scene component(s), but none of them were set as the actor's RootComponent - picking one arbitrarily
[2019.03.25-21.22.09:885][422]LogActor: Warning: BP_CubePiece_C /Game/FirstPersonCPP/Maps/FirstPersonExampleMap.FirstPersonExampleMap:PersistentLevel.BP_CubePiece3 has natively added scene component(s), but none of them were set as the actor's RootComponent - picking one arbitrarily
[2019.03.25-21.22.09:885][422]LogActor: Warning: BP_CubePiece_C /Game/FirstPersonCPP/Maps/FirstPersonExampleMap.FirstPersonExampleMap:PersistentLevel.BP_CubePiece4 has natively added scene component(s), but none of them were set as the actor's RootComponent - picking one arbitrarily
[2019.03.25-21.22.09:886][422]LogActor: Warning: BP_CubePiece_C /Game/FirstPersonCPP/Maps/FirstPersonExampleMap.FirstPersonExampleMap:PersistentLevel.BP_CubePiece5 has natively added scene component(s), but none of them were set as the actor's RootComponent - picking one arbitrarily
[2019.03.25-21.22.09:887][422]LogActor: Warning: BP_CubePiece_C /Game/FirstPersonCPP/Maps/FirstPersonExampleMap.FirstPersonExampleMap:PersistentLevel.BP_CubePiece_2 has natively added scene component(s), but none of them were set as the actor's RootComponent - picking one arbitrarily
[2019.03.25-21.22.09:888][422]LogActor: Warning: BP_CubePiece_C /Engine/Transient.World_0:PersistentLevel.BP_CubePiece_C_0 has natively added scene component(s), but none of them were set as the actor's RootComponent - picking one arbitrarily
[2019.03.25-21.22.09:888][422]LogActor: Warning: BP_CubePiece_C /Engine/Transient.World_1:PersistentLevel.BP_CubePiece_C_0 has natively added scene component(s), but none of them were set as the actor's RootComponent - picking one arbitrarily
[2019.03.25-21.22.10:096][422]LogActor: Warning: BP_CubePiece_C /Engine/Transient.World_0:PersistentLevel.BP_CubePiece_C_1 has natively added scene component(s), but none of them were set as the actor's RootComponent - picking one arbitrarily
[2019.03.25-21.22.10:156][422]Cmd: OBJ SAVEPACKAGE PACKAGE="/Game/Geometry/BP_CubePiece" FILE="C:/Users/swea0001/Documents/Unreal Projects/Wesley_S_Final/Content/Geometry/BP_CubePiece.uasset" SILENT=true
[2019.03.25-21.22.10:206][422]LogSavePackage: Moving 'C:/Users/swea0001/Documents/Unreal Projects/Wesley_S_Final/Saved/BP_CubePiece5851CC1B4C49DC372D31B8B52E7F385B.tmp' to 'C:/Users/swea0001/Documents/Unreal Projects/Wesley_S_Final/Content/Geometry/BP_CubePiece.uasset'
[2019.03.25-21.22.10:860][483]Cmd: OBJ SAVEPACKAGE PACKAGE="/Game/Geometry/BP_CubePiece" FILE="C:/Users/swea0001/Documents/Unreal Projects/Wesley_S_Final/Content/Geometry/BP_CubePiece.uasset" SILENT=true
[2019.03.25-21.22.10:870][483]LogSavePackage: Moving 'C:/Users/swea0001/Documents/Unreal Projects/Wesley_S_Final/Saved/BP_CubePiece0E0BC6BE4DDEC9DFFB1A3F8C212B55DD.tmp' to 'C:/Users/swea0001/Documents/Unreal Projects/Wesley_S_Final/Content/Geometry/BP_CubePiece.uasset'
[2019.03.25-21.22.12:664][690]LogSlate: Window 'BP_CubePiece' being destroyed
[2019.03.25-21.22.12:667][690]LogSlate: Window 'BP_CubePiece' being destroyed
[2019.03.25-21.22.14:150][853]LogActor: Warning: BP_CubePiece_C /Game/FirstPersonCPP/Maps/FirstPersonExampleMap.FirstPersonExampleMap:PersistentLevel.BP_CubePiece_C_3 has natively added scene component(s), but none of them were set as the actor's RootComponent - picking one arbitrarily
[2019.03.25-21.22.14:689][917]LogActor: Warning: BP_CubePiece_C /Game/FirstPersonCPP/Maps/FirstPersonExampleMap.FirstPersonExampleMap:PersistentLevel.BP_CubePiece_C_4 has natively added scene component(s), but none of them were set as the actor's RootComponent - picking one arbitrarily
[2019.03.25-21.22.17:925][295]LogActor: Warning: BP_CubePiece_C /Game/FirstPersonCPP/Maps/FirstPersonExampleMap.FirstPersonExampleMap:PersistentLevel.BP_CubePiece6_6 has natively added scene component(s), but none of them were set as the actor's RootComponent - picking one arbitrarily
[2019.03.25-21.22.20:102][548]LogActor: Warning: BP_CubePiece_C /Game/FirstPersonCPP/Maps/FirstPersonExampleMap.FirstPersonExampleMap:PersistentLevel.BP_CubePiece7_7 has natively added scene component(s), but none of them were set as the actor's RootComponent - picking one arbitrarily
[2019.03.25-21.22.23:429][941]LogActor: Warning: BP_CubePiece_C /Game/FirstPersonCPP/Maps/FirstPersonExampleMap.FirstPersonExampleMap:PersistentLevel.BP_CubePiece8_8 has natively added scene component(s), but none of them were set as the actor's RootComponent - picking one arbitrarily
[2019.03.25-21.22.30:269][735]LogSlate: FSceneViewport::OnFocusLost() reason 0
[2019.03.25-21.22.30:447][747]LogRenderer: Reallocating scene render targets to support 920x556 Format 10 NumSamples 1 (Frame:7213).
[2019.03.25-21.22.31:282][843]LogTemp: Repeating last play command: New Editor Window (PIE)
[2019.03.25-21.22.31:291][843]LogBlueprintUserMessages: Early PlayInEditor Detection: Level '/Game/FirstPersonCPP/Maps/FirstPersonExampleMap.FirstPersonExampleMap:PersistentLevel' has LevelScriptBlueprint '/Game/FirstPersonCPP/Maps/FirstPersonExampleMap.FirstPersonExampleMap:PersistentLevel.FirstPersonExampleMap' with GeneratedClass '/Game/FirstPersonCPP/Maps/FirstPersonExampleMap.FirstPersonExampleMap_C' with ClassGeneratedBy '/Game/FirstPersonCPP/Maps/FirstPersonExampleMap.FirstPersonExampleMap:PersistentLevel.FirstPersonExampleMap'
[2019.03.25-21.22.31:304][843]LogPlayLevel: PlayLevel: No blueprints needed recompiling
[2019.03.25-21.22.31:483][843]PIE: New page: PIE session: FirstPersonExampleMap (Mar 25, 2019, 1:22:31 PM)
[2019.03.25-21.22.31:496][843]LogPlayLevel: Creating play world package: /Game/FirstPersonCPP/Maps/UEDPIE_1_FirstPersonExampleMap
[2019.03.25-21.22.31:537][843]LogPlayLevel: PIE: StaticDuplicateObject took: (0.041598s)
[2019.03.25-21.22.31:539][843]LogAIModule: Creating AISystem for world FirstPersonExampleMap
[2019.03.25-21.22.31:539][843]LogPlayLevel: PIE: World Init took: (0.001545s)
[2019.03.25-21.22.31:539][843]LogPlayLevel: PIE: Created PIE world by copying editor world from /Game/FirstPersonCPP/Maps/FirstPersonExampleMap.FirstPersonExampleMap to /Game/FirstPersonCPP/Maps/UEDPIE_1_FirstPersonExampleMap.FirstPersonExampleMap (0.043914s)
[2019.03.25-21.22.31:590][843]LogInit: XAudio2 using 'Realtek Digital Output(Optical) (Realtek High Definition Audio)' : 2 channels at 48 kHz using 16 bits per sample (channel mask 0x3)
[2019.03.25-21.22.31:602][843]LogInit: FAudioDevice initialized.
[2019.03.25-21.22.31:618][843]LogSlate: Updating window title bar state: overlay mode, drag disabled, window buttons hidden, title bar hidden
[2019.03.25-21.22.31:680][843]LogLoad: Game class is 'BP_Wesley_S_FinalGameMode_C'
[2019.03.25-21.22.31:841][843]LogWorld: Bringing World /Game/FirstPersonCPP/Maps/UEDPIE_1_FirstPersonExampleMap.FirstPersonExampleMap up for play (max tick rate 0) at 2019.03.25-17.22.31
[2019.03.25-21.22.31:843][843]LogWorld: Bringing up level for play took: 0.030673
[2019.03.25-21.22.32:063][843]LogContentBrowser: Native class hierarchy updated for 'MovieSceneCapture' in 0.0010 seconds. Added 10 classes and 0 folders.
[2019.03.25-21.22.32:066][843]LogTemp: Display: ParseSettings for GameNetDriver
[2019.03.25-21.22.32:067][843]LogTemp: Display: ParseSettings for IpNetDriver_0
[2019.03.25-21.22.32:067][843]LogTemp: Display: ParseSettings for GameNetDriver
[2019.03.25-21.22.32:069][843]LogNet: ReplicationDriverClass is null! Not using ReplicationDriver.
[2019.03.25-21.22.32:070][843]LogInit: WinSock: Socket queue 131072 / 131072
[2019.03.25-21.22.32:070][843]LogInit: WinSock: I am WT227-31 (10.50.22.36:0)
[2019.03.25-21.22.32:070][843]PacketHandlerLog: Loaded PacketHandler component: Engine.EngineHandlerComponentFactory (StatelessConnectHandlerComponent)
[2019.03.25-21.22.32:071][843]LogNet: GameNetDriver IpNetDriver_0 IpNetDriver listening on port 17777
[2019.03.25-21.22.32:090][843]PIE: Play in editor start time for /Game/FirstPersonCPP/Maps/UEDPIE_1_FirstPersonExampleMap 1.284
[2019.03.25-21.22.32:092][843]PIE: New page: PIE session: FirstPersonExampleMap (Mar 25, 2019, 1:22:32 PM)
[2019.03.25-21.22.32:098][843]LogSlate: FSceneViewport::OnFocusLost() reason 2
[2019.03.25-21.22.32:101][843]LogSlate: Updating window title bar state: overlay mode, drag disabled, window buttons hidden, title bar hidden
[2019.03.25-21.22.32:145][843]LogNet: Browse: 127.0.0.1:17777//Game/FirstPersonCPP/Maps/FirstPersonExampleMap
[2019.03.25-21.22.32:145][843]LogTemp: Display: ParseSettings for GameNetDriver
[2019.03.25-21.22.32:145][843]LogTemp: Display: ParseSettings for IpNetDriver_1
[2019.03.25-21.22.32:145][843]LogTemp: Display: ParseSettings for PendingNetDriver
[2019.03.25-21.22.32:145][843]LogInit: WinSock: Socket queue 32768 / 32768
[2019.03.25-21.22.32:146][843]PacketHandlerLog: Loaded PacketHandler component: Engine.EngineHandlerComponentFactory (StatelessConnectHandlerComponent)
[2019.03.25-21.22.32:149][843]LogNet: Game client on port 17777, rate 10000
[2019.03.25-21.22.32:153][843]PIE: Play in editor start time for /Game/FirstPersonCPP/Maps/FirstPersonExampleMap 1.347
[2019.03.25-21.22.32:161][843]LogBlueprintUserMessages: Late PlayInEditor Detection: Level '/Game/FirstPersonCPP/Maps/FirstPersonExampleMap.FirstPersonExampleMap:PersistentLevel' has LevelScriptBlueprint '/Game/FirstPersonCPP/Maps/FirstPersonExampleMap.FirstPersonExampleMap:PersistentLevel.FirstPersonExampleMap' with GeneratedClass '/Game/FirstPersonCPP/Maps/FirstPersonExampleMap.FirstPersonExampleMap_C' with ClassGeneratedBy '/Game/FirstPersonCPP/Maps/FirstPersonExampleMap.FirstPersonExampleMap:PersistentLevel.FirstPersonExampleMap'
[2019.03.25-21.22.32:167][843]LogNet: NotifyAcceptingConnection accepted from: 127.0.0.1:56359
[2019.03.25-21.22.32:167][843]LogHandshake: SendConnectChallenge. Timestamp: 0.008333, Cookie: 182086086214070196183071102046239061136014246197104098135137
[2019.03.25-21.22.32:245][843]LogHandshake: SendChallengeResponse. Timestamp: 0.008333, Cookie: 182086086214070196183071102046239061136014246197104098135137
[2019.03.25-21.22.32:279][843]LogRenderer: Reallocating scene render targets to support 1292x756 Format 10 NumSamples 1 (Frame:1).
[2019.03.25-21.22.32:418][844]LogNet: NotifyAcceptingConnection accepted from: 127.0.0.1:56359
[2019.03.25-21.22.32:418][844]LogHandshake: SendChallengeAck. InCookie: 182086086214070196183071102046239061136014246197104098135137
[2019.03.25-21.22.32:418][844]LogNet: Server accepting post-challenge connection from: 127.0.0.1:56359
[2019.03.25-21.22.32:419][844]PacketHandlerLog: Loaded PacketHandler component: Engine.EngineHandlerComponentFactory (StatelessConnectHandlerComponent)
[2019.03.25-21.22.32:419][844]LogNet: NotifyAcceptedConnection: Name: FirstPersonExampleMap, TimeStamp: 03/25/19 17:22:32, [UNetConnection] RemoteAddr: 127.0.0.1:56359, Name: IpConnection_1, Driver: GameNetDriver IpNetDriver_0, IsServer: YES, PC: NULL, Owner: NULL, UniqueId: INVALID
[2019.03.25-21.22.32:419][844]LogNet: AddClientConnection: Added client connection: [UNetConnection] RemoteAddr: 127.0.0.1:56359, Name: IpConnection_1, Driver: GameNetDriver IpNetDriver_0, IsServer: YES, PC: NULL, Owner: NULL, UniqueId: INVALID
[2019.03.25-21.22.32:421][844]LogNetVersion: Wesley_S_Final 1.0.0.0, NetCL: 4212847, EngineNetVer: 5, GameNetVer: 0 (Checksum: 284974901)
[2019.03.25-21.22.32:421][844]LogNet: UPendingNetGame::SendInitialJoin: Sending hello. [UNetConnection] RemoteAddr: 127.0.0.1:17777, Name: IpConnection_0, Driver: PendingNetDriver IpNetDriver_1, IsServer: NO, PC: NULL, Owner: NULL, UniqueId: INVALID
[2019.03.25-21.22.32:448][845]LogNet: NotifyAcceptingChannel Control 0 server World /Game/FirstPersonCPP/Maps/UEDPIE_1_FirstPersonExampleMap.FirstPersonExampleMap: Accepted
[2019.03.25-21.22.32:449][845]LogNet: Remote platform little endian=1
[2019.03.25-21.22.32:449][845]LogNet: This platform little endian=1
[2019.03.25-21.22.32:479][846]LogNet: Login request: /Game/FirstPersonCPP/Maps/FirstPersonExampleMap?Name=WT227-31-FA31BF0748BE5AB7DC5288834B66BC83 userId: WT227-31-FA31BF0748BE5AB7DC5288834B66BC83
[2019.03.25-21.22.32:481][846]LogNet: Welcomed by server (Level: /Game/FirstPersonCPP/Maps/UEDPIE_1_FirstPersonExampleMap, Game: /Game/Game/BP_Wesley_S_FinalGameMode.BP_Wesley_S_FinalGameMode_C)
[2019.03.25-21.22.32:483][846]LogLoad: LoadMap: 127.0.0.1:17777//Game/FirstPersonCPP/Maps/UEDPIE_1_FirstPersonExampleMap?game=/Game/Game/BP_Wesley_S_FinalGameMode.BP_Wesley_S_FinalGameMode_C
[2019.03.25-21.22.32:569][846]LogAIModule: Creating AISystem for world FirstPersonExampleMap
[2019.03.25-21.22.32:570][846]LogTemp: Display: ParseSettings for GameNetDriver
[2019.03.25-21.22.32:584][846]LogWorld: Bringing World /Game/FirstPersonCPP/Maps/UEDPIE_2_FirstPersonExampleMap.FirstPersonExampleMap up for play (max tick rate 0) at 2019.03.25-17.22.32
[2019.03.25-21.22.32:592][846]LogWorld: Bringing up level for play took: 0.012652
[2019.03.25-21.22.32:592][846]LogLoad: Took 0.109577 seconds to LoadMap(/Game/FirstPersonCPP/Maps/UEDPIE_1_FirstPersonExampleMap)
[2019.03.25-21.22.32:631][847]LogNet: Client netspeed is 10000
[2019.03.25-21.22.32:631][847]LogNet: Join request: /Game/FirstPersonCPP/Maps/FirstPersonExampleMap?Name=WT227-31-FA31BF0748BE5AB7DC5288834B66BC83?SplitscreenCount=1
[2019.03.25-21.22.32:632][847]LogOnline: Warning: OSS: No game present to join for session (GameSession)
[2019.03.25-21.22.32:698][847]LogSkinnedMeshComp: Warning: GetSocketByName(GripPoint): No SkeletalMesh for Component(CharacterMesh1P) Actor(BP_Wesley_S_FinalCharacter_C_0)
[2019.03.25-21.22.32:698][847]LogSkinnedMeshComp: Warning: GetSocketByName(GripPoint): No SkeletalMesh for Component(CharacterMesh1P) Actor(BP_Wesley_S_FinalCharacter_C_0)
[2019.03.25-21.22.32:699][847]LogSkinnedMeshComp: Warning: GetSocketByName(GripPoint): No SkeletalMesh for Component(CharacterMesh1P) Actor(BP_Wesley_S_FinalCharacter_C_0)
[2019.03.25-21.22.32:699][847]LogNet: Join succeeded: WT227-31-FA31BF0748B
[2019.03.25-21.22.32:774][848]LogSkinnedMeshComp: Warning: GetSocketByName(GripPoint): No SkeletalMesh for Component(CharacterMesh1P) Actor(BP_Wesley_S_FinalCharacter_C_0)
[2019.03.25-21.22.32:774][848]LogSkinnedMeshComp: Warning: GetSocketByName(GripPoint): No SkeletalMesh for Component(CharacterMesh1P) Actor(BP_Wesley_S_FinalCharacter_C_0)
[2019.03.25-21.22.32:774][848]LogOnline: Warning: OSS: No game present to join for session (GameSession)
[2019.03.25-21.22.32:775][848]LogOnline: Warning: OSS: No game present to join for session (GameSession)
[2019.03.25-21.22.36:762][257]LogBlueprintUserMessages: Early EndPlayMap Detection: Level '/Game/FirstPersonCPP/Maps/FirstPersonExampleMap.FirstPersonExampleMap:PersistentLevel' has LevelScriptBlueprint '/Game/FirstPersonCPP/Maps/FirstPersonExampleMap.FirstPersonExampleMap:PersistentLevel.FirstPersonExampleMap' with GeneratedClass '/Game/FirstPersonCPP/Maps/FirstPersonExampleMap.FirstPersonExampleMap_C' with ClassGeneratedBy '/Game/FirstPersonCPP/Maps/FirstPersonExampleMap.FirstPersonExampleMap:PersistentLevel.FirstPersonExampleMap'
[2019.03.25-21.22.36:762][257]LogSlate: Updating window title bar state: overlay mode, drag disabled, window buttons hidden, title bar hidden
[2019.03.25-21.22.36:773][257]LogSlate: Window 'Wesley_S_Final Game Preview Client 1 (64-bit/PCD3D_SM5)' being destroyed
[2019.03.25-21.22.36:842][257]LogOnline: Warning: OSS: No game present to leave for session (GameSession)
[2019.03.25-21.22.36:842][257]LogSlate: Updating window title bar state: overlay mode, drag disabled, window buttons hidden, title bar hidden
[2019.03.25-21.22.36:850][257]LogSlate: Window 'Wesley_S_Final Game Preview Server (64-bit/PCD3D_SM5)' being destroyed
[2019.03.25-21.22.36:884][257]LogPlayLevel: Display: Shutting down PIE online subsystems
[2019.03.25-21.22.36:884][257]LogBlueprintUserMessages: Late EndPlayMap Detection: Level '/Game/FirstPersonCPP/Maps/FirstPersonExampleMap.FirstPersonExampleMap:PersistentLevel' has LevelScriptBlueprint '/Game/FirstPersonCPP/Maps/FirstPersonExampleMap.FirstPersonExampleMap:PersistentLevel.FirstPersonExampleMap' with GeneratedClass '/Game/FirstPersonCPP/Maps/FirstPersonExampleMap.FirstPersonExampleMap_C' with ClassGeneratedBy '/Game/FirstPersonCPP/Maps/FirstPersonExampleMap.FirstPersonExampleMap:PersistentLevel.FirstPersonExampleMap'
[2019.03.25-21.22.36:906][257]LogNet: UChannel::CleanUp: ChIndex == 0. Closing connection. [UChannel] ChIndex: 0, Closing: 0 [UNetConnection] RemoteAddr: 127.0.0.1:56359, Name: IpConnection_1, Driver: GameNetDriver IpNetDriver_0, IsServer: YES, PC: PlayerController_1, Owner: PlayerController_1, UniqueId: NULL:WT227-31-FA31BF0748BE5AB7DC5288834B66BC83
[2019.03.25-21.22.36:906][257]LogNet: UNetConnection::Close: [UNetConnection] RemoteAddr: 127.0.0.1:56359, Name: IpConnection_1, Driver: GameNetDriver IpNetDriver_0, IsServer: YES, PC: PlayerController_1, Owner: PlayerController_1, UniqueId: NULL:WT227-31-FA31BF0748BE5AB7DC5288834B66BC83, Channels: 15, Time: 2019.03.25-21.22.36
[2019.03.25-21.22.36:906][257]LogNet: UChannel::Close: Sending CloseBunch. ChIndex == 0. Name: [UChannel] ChIndex: 0, Closing: 0 [UNetConnection] RemoteAddr: 127.0.0.1:56359, Name: IpConnection_1, Driver: GameNetDriver IpNetDriver_0, IsServer: YES, PC: PlayerController_1, Owner: PlayerController_1, UniqueId: NULL:WT227-31-FA31BF0748BE5AB7DC5288834B66BC83
[2019.03.25-21.22.36:907][257]LogNet: UChannel::CleanUp: ChIndex == 0. Closing connection. [UChannel] ChIndex: 0, Closing: 0 [UNetConnection] RemoteAddr: 127.0.0.1:17777, Name: IpConnection_0, Driver: GameNetDriver IpNetDriver_1, IsServer: NO, PC: PlayerController_1, Owner: PlayerController_1, UniqueId: NULL:WT227-31-FA31BF0748BE5AB7DC5288834B66BC83
[2019.03.25-21.22.36:907][257]LogNet: UNetConnection::Close: [UNetConnection] RemoteAddr: 127.0.0.1:17777, Name: IpConnection_0, Driver: GameNetDriver IpNetDriver_1, IsServer: NO, PC: PlayerController_1, Owner: PlayerController_1, UniqueId: NULL:WT227-31-FA31BF0748BE5AB7DC5288834B66BC83, Channels: 15, Time: 2019.03.25-21.22.36
[2019.03.25-21.22.36:907][257]LogNet: UChannel::Close: Sending CloseBunch. ChIndex == 0. Name: [UChannel] ChIndex: 0, Closing: 0 [UNetConnection] RemoteAddr: 127.0.0.1:17777, Name: IpConnection_0, Driver: GameNetDriver IpNetDriver_1, IsServer: NO, PC: PlayerController_1, Owner: PlayerController_1, UniqueId: NULL:WT227-31-FA31BF0748BE5AB7DC5288834B66BC83
[2019.03.25-21.22.36:912][257]LogExit: GameNetDriver None shut down
[2019.03.25-21.22.36:923][257]LogExit: GameNetDriver None shut down
[2019.03.25-21.22.36:996][258]LogPlayLevel: Display: Destroying online subsystem :Context_6
[2019.03.25-21.22.36:997][258]LogPlayLevel: Display: Destroying online subsystem :Context_5
[2019.03.25-21.22.42:959][949]LogEditorViewport: Clicking on Actor (LMB): BP_CubePiece_C (BP_CubePiece9)
[2019.03.25-21.22.45:378][222]LogSlate: FSceneViewport::OnFocusLost() reason 0
[2019.03.25-21.22.45:469][233]LogTemp: Repeating last play command: New Editor Window (PIE)
[2019.03.25-21.22.45:479][233]LogBlueprintUserMessages: Early PlayInEditor Detection: Level '/Game/FirstPersonCPP/Maps/FirstPersonExampleMap.FirstPersonExampleMap:PersistentLevel' has LevelScriptBlueprint '/Game/FirstPersonCPP/Maps/FirstPersonExampleMap.FirstPersonExampleMap:PersistentLevel.FirstPersonExampleMap' with GeneratedClass '/Game/FirstPersonCPP/Maps/FirstPersonExampleMap.FirstPersonExampleMap_C' with ClassGeneratedBy '/Game/FirstPersonCPP/Maps/FirstPersonExampleMap.FirstPersonExampleMap:PersistentLevel.FirstPersonExampleMap'
[2019.03.25-21.22.45:479][233]LogPlayLevel: PlayLevel: No blueprints needed recompiling
[2019.03.25-21.22.45:480][233]PIE: New page: PIE session: FirstPersonExampleMap (Mar 25, 2019, 1:22:45 PM)
[2019.03.25-21.22.45:480][233]LogPlayLevel: Creating play world package: /Game/FirstPersonCPP/Maps/UEDPIE_1_FirstPersonExampleMap
[2019.03.25-21.22.45:496][233]LogPlayLevel: PIE: StaticDuplicateObject took: (0.015640s)
[2019.03.25-21.22.45:497][233]LogAIModule: Creating AISystem for world FirstPersonExampleMap
[2019.03.25-21.22.45:498][233]LogPlayLevel: PIE: World Init took: (0.001439s)
[2019.03.25-21.22.45:498][233]LogPlayLevel: PIE: Created PIE world by copying editor world from /Game/FirstPersonCPP/Maps/FirstPersonExampleMap.FirstPersonExampleMap to /Game/FirstPersonCPP/Maps/UEDPIE_1_FirstPersonExampleMap.FirstPersonExampleMap (0.017602s)
[2019.03.25-21.22.45:527][233]LogInit: XAudio2 using 'Realtek Digital Output(Optical) (Realtek High Definition Audio)' : 2 channels at 48 kHz using 16 bits per sample (channel mask 0x3)
[2019.03.25-21.22.45:540][233]LogInit: FAudioDevice initialized.
[2019.03.25-21.22.45:545][233]LogSlate: Updating window title bar state: overlay mode, drag disabled, window buttons hidden, title bar hidden
[2019.03.25-21.22.45:583][233]LogLoad: Game class is 'BP_Wesley_S_FinalGameMode_C'
[2019.03.25-21.22.45:587][233]LogWorld: Bringing World /Game/FirstPersonCPP/Maps/UEDPIE_1_FirstPersonExampleMap.FirstPersonExampleMap up for play (max tick rate 0) at 2019.03.25-17.22.45
[2019.03.25-21.22.45:587][233]LogWorld: Bringing up level for play took: 0.003214
[2019.03.25-21.22.45:601][233]LogTemp: Display: ParseSettings for GameNetDriver
[2019.03.25-21.22.45:601][233]LogTemp: Display: ParseSettings for IpNetDriver_2
[2019.03.25-21.22.45:601][233]LogTemp: Display: ParseSettings for GameNetDriver
[2019.03.25-21.22.45:601][233]LogNet: ReplicationDriverClass is null! Not using ReplicationDriver.
[2019.03.25-21.22.45:601][233]LogInit: WinSock: Socket queue 131072 / 131072
[2019.03.25-21.22.45:601][233]PacketHandlerLog: Loaded PacketHandler component: Engine.EngineHandlerComponentFactory (StatelessConnectHandlerComponent)
[2019.03.25-21.22.45:601][233]LogNet: GameNetDriver IpNetDriver_2 IpNetDriver listening on port 17777
[2019.03.25-21.22.45:604][233]PIE: Play in editor start time for /Game/FirstPersonCPP/Maps/UEDPIE_1_FirstPersonExampleMap 0.798
[2019.03.25-21.22.45:606][233]PIE: New page: PIE session: FirstPersonExampleMap (Mar 25, 2019, 1:22:45 PM)
[2019.03.25-21.22.45:610][233]LogSlate: FSceneViewport::OnFocusLost() reason 2
[2019.03.25-21.22.45:614][233]LogSlate: Updating window title bar state: overlay mode, drag disabled, window buttons hidden, title bar hidden
[2019.03.25-21.22.45:653][233]LogNet: Browse: 127.0.0.1:17777//Game/FirstPersonCPP/Maps/FirstPersonExampleMap
[2019.03.25-21.22.45:654][233]LogTemp: Display: ParseSettings for GameNetDriver
[2019.03.25-21.22.45:654][233]LogTemp: Display: ParseSettings for IpNetDriver_3
[2019.03.25-21.22.45:654][233]LogTemp: Display: ParseSettings for PendingNetDriver
[2019.03.25-21.22.45:654][233]LogInit: WinSock: Socket queue 32768 / 32768
[2019.03.25-21.22.45:654][233]PacketHandlerLog: Loaded PacketHandler component: Engine.EngineHandlerComponentFactory (StatelessConnectHandlerComponent)
[2019.03.25-21.22.45:654][233]LogNet: Game client on port 17777, rate 10000
[2019.03.25-21.22.45:658][233]PIE: Play in editor start time for /Game/FirstPersonCPP/Maps/FirstPersonExampleMap 0.851
[2019.03.25-21.22.45:663][233]LogBlueprintUserMessages: Late PlayInEditor Detection: Level '/Game/FirstPersonCPP/Maps/FirstPersonExampleMap.FirstPersonExampleMap:PersistentLevel' has LevelScriptBlueprint '/Game/FirstPersonCPP/Maps/FirstPersonExampleMap.FirstPersonExampleMap:PersistentLevel.FirstPersonExampleMap' with GeneratedClass '/Game/FirstPersonCPP/Maps/FirstPersonExampleMap.FirstPersonExampleMap_C' with ClassGeneratedBy '/Game/FirstPersonCPP/Maps/FirstPersonExampleMap.FirstPersonExampleMap:PersistentLevel.FirstPersonExampleMap'
[2019.03.25-21.22.45:663][233]LogNet: NotifyAcceptingConnection accepted from: 127.0.0.1:56360
[2019.03.25-21.22.45:663][233]LogHandshake: SendConnectChallenge. Timestamp: 0.008333, Cookie: 185145033238135140037095083189145144098065169240142063143104
[2019.03.25-21.22.45:665][233]LogHandshake: SendChallengeResponse. Timestamp: 0.008333, Cookie: 185145033238135140037095083189145144098065169240142063143104
[2019.03.25-21.22.45:810][234]LogNet: NotifyAcceptingConnection accepted from: 127.0.0.1:56360
[2019.03.25-21.22.45:810][234]LogHandshake: SendChallengeAck. InCookie: 185145033238135140037095083189145144098065169240142063143104
[2019.03.25-21.22.45:810][234]LogNet: Server accepting post-challenge connection from: 127.0.0.1:56360
[2019.03.25-21.22.45:811][234]PacketHandlerLog: Loaded PacketHandler component: Engine.EngineHandlerComponentFactory (StatelessConnectHandlerComponent)
[2019.03.25-21.22.45:811][234]LogNet: NotifyAcceptedConnection: Name: FirstPersonExampleMap, TimeStamp: 03/25/19 17:22:45, [UNetConnection] RemoteAddr: 127.0.0.1:56360, Name: IpConnection_3, Driver: GameNetDriver IpNetDriver_2, IsServer: YES, PC: NULL, Owner: NULL, UniqueId: INVALID
[2019.03.25-21.22.45:811][234]LogNet: AddClientConnection: Added client connection: [UNetConnection] RemoteAddr: 127.0.0.1:56360, Name: IpConnection_3, Driver: GameNetDriver IpNetDriver_2, IsServer: YES, PC: NULL, Owner: NULL, UniqueId: INVALID
[2019.03.25-21.22.45:813][234]LogNet: UPendingNetGame::SendInitialJoin: Sending hello. [UNetConnection] RemoteAddr: 127.0.0.1:17777, Name: IpConnection_2, Driver: PendingNetDriver IpNetDriver_3, IsServer: NO, PC: NULL, Owner: NULL, UniqueId: INVALID
[2019.03.25-21.22.45:830][235]LogNet: NotifyAcceptingChannel Control 0 server World /Game/FirstPersonCPP/Maps/UEDPIE_1_FirstPersonExampleMap.FirstPersonExampleMap: Accepted
[2019.03.25-21.22.45:830][235]LogNet: Remote platform little endian=1
[2019.03.25-21.22.45:831][235]LogNet: This platform little endian=1
[2019.03.25-21.22.45:853][236]LogNet: Login request: /Game/FirstPersonCPP/Maps/FirstPersonExampleMap?Name=WT227-31-CE6690164B8E6F5052E4DA822D8A8DE2 userId: WT227-31-CE6690164B8E6F5052E4DA822D8A8DE2
[2019.03.25-21.22.45:854][236]LogNet: Welcomed by server (Level: /Game/FirstPersonCPP/Maps/UEDPIE_1_FirstPersonExampleMap, Game: /Game/Game/BP_Wesley_S_FinalGameMode.BP_Wesley_S_FinalGameMode_C)
[2019.03.25-21.22.45:855][236]LogLoad: LoadMap: 127.0.0.1:17777//Game/FirstPersonCPP/Maps/UEDPIE_1_FirstPersonExampleMap?game=/Game/Game/BP_Wesley_S_FinalGameMode.BP_Wesley_S_FinalGameMode_C
[2019.03.25-21.22.45:900][236]LogAIModule: Creating AISystem for world FirstPersonExampleMap
[2019.03.25-21.22.45:900][236]LogTemp: Display: ParseSettings for GameNetDriver
[2019.03.25-21.22.45:904][236]LogWorld: Bringing World /Game/FirstPersonCPP/Maps/UEDPIE_2_FirstPersonExampleMap.FirstPersonExampleMap up for play (max tick rate 0) at 2019.03.25-17.22.45
[2019.03.25-21.22.45:904][236]LogWorld: Bringing up level for play took: 0.002926
[2019.03.25-21.22.45:905][236]LogLoad: Took 0.049822 seconds to LoadMap(/Game/FirstPersonCPP/Maps/UEDPIE_1_FirstPersonExampleMap)
[2019.03.25-21.22.45:921][237]LogNet: Client netspeed is 10000
[2019.03.25-21.22.45:921][237]LogNet: Join request: /Game/FirstPersonCPP/Maps/FirstPersonExampleMap?Name=WT227-31-CE6690164B8E6F5052E4DA822D8A8DE2?SplitscreenCount=1
[2019.03.25-21.22.45:922][237]LogOnline: Warning: OSS: No game present to join for session (GameSession)
[2019.03.25-21.22.45:924][237]LogSkinnedMeshComp: Warning: GetSocketByName(GripPoint): No SkeletalMesh for Component(CharacterMesh1P) Actor(BP_Wesley_S_FinalCharacter_C_0)
[2019.03.25-21.22.45:924][237]LogSkinnedMeshComp: Warning: GetSocketByName(GripPoint): No SkeletalMesh for Component(CharacterMesh1P) Actor(BP_Wesley_S_FinalCharacter_C_0)
[2019.03.25-21.22.45:924][237]LogSkinnedMeshComp: Warning: GetSocketByName(GripPoint): No SkeletalMesh for Component(CharacterMesh1P) Actor(BP_Wesley_S_FinalCharacter_C_0)
[2019.03.25-21.22.45:925][237]LogNet: Join succeeded: WT227-31-CE6690164B8
[2019.03.25-21.22.45:988][243]LogOnline: Warning: OSS: No game present to join for session (GameSession)
[2019.03.25-21.22.46:007][245]LogSkinnedMeshComp: Warning: GetSocketByName(GripPoint): No SkeletalMesh for Component(CharacterMesh1P) Actor(BP_Wesley_S_FinalCharacter_C_0)
[2019.03.25-21.22.46:008][245]LogSkinnedMeshComp: Warning: GetSocketByName(GripPoint): No SkeletalMesh for Component(CharacterMesh1P) Actor(BP_Wesley_S_FinalCharacter_C_0)
[2019.03.25-21.22.46:034][248]LogOnline: Warning: OSS: No game present to join for session (GameSession)
[2019.03.25-21.22.48:688][533]LogBlueprintUserMessages: Early EndPlayMap Detection: Level '/Game/FirstPersonCPP/Maps/FirstPersonExampleMap.FirstPersonExampleMap:PersistentLevel' has LevelScriptBlueprint '/Game/FirstPersonCPP/Maps/FirstPersonExampleMap.FirstPersonExampleMap:PersistentLevel.FirstPersonExampleMap' with GeneratedClass '/Game/FirstPersonCPP/Maps/FirstPersonExampleMap.FirstPersonExampleMap_C' with ClassGeneratedBy '/Game/FirstPersonCPP/Maps/FirstPersonExampleMap.FirstPersonExampleMap:PersistentLevel.FirstPersonExampleMap'
[2019.03.25-21.22.48:688][533]LogSlate: Updating window title bar state: overlay mode, drag disabled, window buttons hidden, title bar hidden
[2019.03.25-21.22.48:699][533]LogSlate: Window 'Wesley_S_Final Game Preview Client 1 (64-bit/PCD3D_SM5)' being destroyed
[2019.03.25-21.22.48:739][533]LogOnline: Warning: OSS: No game present to leave for session (GameSession)
[2019.03.25-21.22.48:739][533]LogSlate: Updating window title bar state: overlay mode, drag disabled, window buttons hidden, title bar hidden
[2019.03.25-21.22.48:748][533]LogSlate: Window 'Wesley_S_Final Game Preview Server (64-bit/PCD3D_SM5)' being destroyed
[2019.03.25-21.22.48:784][533]LogPlayLevel: Display: Shutting down PIE online subsystems
[2019.03.25-21.22.48:784][533]LogBlueprintUserMessages: Late EndPlayMap Detection: Level '/Game/FirstPersonCPP/Maps/FirstPersonExampleMap.FirstPersonExampleMap:PersistentLevel' has LevelScriptBlueprint '/Game/FirstPersonCPP/Maps/FirstPersonExampleMap.FirstPersonExampleMap:PersistentLevel.FirstPersonExampleMap' with GeneratedClass '/Game/FirstPersonCPP/Maps/FirstPersonExampleMap.FirstPersonExampleMap_C' with ClassGeneratedBy '/Game/FirstPersonCPP/Maps/FirstPersonExampleMap.FirstPersonExampleMap:PersistentLevel.FirstPersonExampleMap'
[2019.03.25-21.22.48:808][533]LogNet: UChannel::CleanUp: ChIndex == 0. Closing connection. [UChannel] ChIndex: 0, Closing: 0 [UNetConnection] RemoteAddr: 127.0.0.1:56360, Name: IpConnection_3, Driver: GameNetDriver IpNetDriver_2, IsServer: YES, PC: None, Owner: None, UniqueId: NULL:WT227-31-CE6690164B8E6F5052E4DA822D8A8DE2
[2019.03.25-21.22.48:808][533]LogNet: UNetConnection::Close: [UNetConnection] RemoteAddr: 127.0.0.1:56360, Name: IpConnection_3, Driver: GameNetDriver IpNetDriver_2, IsServer: YES, PC: None, Owner: None, UniqueId: NULL:WT227-31-CE6690164B8E6F5052E4DA822D8A8DE2, Channels: 2, Time: 2019.03.25-21.22.48
[2019.03.25-21.22.48:808][533]LogNet: UChannel::Close: Sending CloseBunch. ChIndex == 0. Name: [UChannel] ChIndex: 0, Closing: 0 [UNetConnection] RemoteAddr: 127.0.0.1:56360, Name: IpConnection_3, Driver: GameNetDriver IpNetDriver_2, IsServer: YES, PC: None, Owner: None, UniqueId: NULL:WT227-31-CE6690164B8E6F5052E4DA822D8A8DE2
[2019.03.25-21.22.48:808][533]LogNet: UChannel::CleanUp: ChIndex == 0. Closing connection. [UChannel] ChIndex: 0, Closing: 0 [UNetConnection] RemoteAddr: 127.0.0.1:17777, Name: IpConnection_2, Driver: GameNetDriver IpNetDriver_3, IsServer: NO, PC: None, Owner: None, UniqueId: NULL:WT227-31-CE6690164B8E6F5052E4DA822D8A8DE2
[2019.03.25-21.22.48:809][533]LogNet: UNetConnection::Close: [UNetConnection] RemoteAddr: 127.0.0.1:17777, Name: IpConnection_2, Driver: GameNetDriver IpNetDriver_3, IsServer: NO, PC: None, Owner: None, UniqueId: NULL:WT227-31-CE6690164B8E6F5052E4DA822D8A8DE2, Channels: 2, Time: 2019.03.25-21.22.48
[2019.03.25-21.22.48:809][533]LogNet: UChannel::Close: Sending CloseBunch. ChIndex == 0. Name: [UChannel] ChIndex: 0, Closing: 0 [UNetConnection] RemoteAddr: 127.0.0.1:17777, Name: IpConnection_2, Driver: GameNetDriver IpNetDriver_3, IsServer: NO, PC: None, Owner: None, UniqueId: NULL:WT227-31-CE6690164B8E6F5052E4DA822D8A8DE2
[2019.03.25-21.22.48:812][533]LogExit: GameNetDriver None shut down
[2019.03.25-21.22.48:813][533]LogExit: GameNetDriver None shut down
[2019.03.25-21.22.48:827][534]LogPlayLevel: Display: Destroying online subsystem :Context_8
[2019.03.25-21.22.48:827][534]LogPlayLevel: Display: Destroying online subsystem :Context_7
[2019.03.25-21.22.51:578][817]LogSavePackage: Moving 'C:/Users/swea0001/Documents/Unreal Projects/Wesley_S_Final/Saved/FirstPersonExampleMap559D4AC849AA7100464E28BFC1226680.tmp' to 'C:/Users/swea0001/Documents/Unreal Projects/Wesley_S_Final/Content/FirstPersonCPP/Maps/FirstPersonExampleMap.umap'
[2019.03.25-21.22.51:602][817]LogFileHelpers: Saving map 'FirstPersonExampleMap' took 0.357
[2019.03.25-21.22.53:331][ 13]LogSlate: Window 'Wesley_S_Final - Unreal Editor' being destroyed
[2019.03.25-21.22.53:332][ 13]LogWindowsTextInputMethodSystem: Display: IME system now deactivated.
[2019.03.25-21.22.53:593][ 14]Cmd: QUIT_EDITOR
[2019.03.25-21.22.54:773][ 14]LogExit: Preparing to exit.
[2019.03.25-21.22.55:775][ 14]LogExit: Editor shut down
[2019.03.25-21.22.55:775][ 14]LogExit: Transaction tracking system shut down
[2019.03.25-21.22.56:357][ 14]LogExit: Object subsystem successfully closed.
[2019.03.25-21.22.56:492][ 14]LogShaderCompilers: Display: Shaders left to compile 0
[2019.03.25-21.22.56:509][ 14]LogD3D11RHI: Shutdown
[2019.03.25-21.22.56:510][ 14]LogD3D11RHI: CleanupD3DDevice
[2019.03.25-21.22.56:522][ 14]LogD3D11RHI: ~FD3D11DynamicRHI
[2019.03.25-21.22.57:032][ 14]LogModuleManager: Shutting down and abandoning module MovieSceneCapture (618)
[2019.03.25-21.22.57:032][ 14]LogModuleManager: Shutting down and abandoning module Voice (616)
[2019.03.25-21.22.57:046][ 14]LogModuleManager: Shutting down and abandoning module BlueprintGraph (614)
[2019.03.25-21.22.57:046][ 14]LogModuleManager: Shutting down and abandoning module HierarchicalLODOutliner (612)
[2019.03.25-21.22.57:046][ 14]LogModuleManager: Shutting down and abandoning module SceneOutliner (610)
[2019.03.25-21.22.57:046][ 14]LogModuleManager: Shutting down and abandoning module AddContentDialog (608)
[2019.03.25-21.22.57:047][ 14]LogModuleManager: Shutting down and abandoning module WidgetCarousel (607)
[2019.03.25-21.22.57:047][ 14]LogModuleManager: Shutting down and abandoning module EditorWidgets (604)
[2019.03.25-21.22.57:047][ 14]LogModuleManager: Shutting down and abandoning module CollectionManager (602)
[2019.03.25-21.22.57:048][ 14]LogModuleManager: Shutting down and abandoning module StatsViewer (600)
[2019.03.25-21.22.57:048][ 14]LogModuleManager: Shutting down and abandoning module FoliageEdit (598)
[2019.03.25-21.22.57:059][ 14]LogModuleManager: Shutting down and abandoning module LandscapeEditor (596)
[2019.03.25-21.22.57:079][ 14]LogModuleManager: Shutting down and abandoning module MeshPaintMode (594)
[2019.03.25-21.22.57:087][ 14]LogModuleManager: Shutting down and abandoning module SceneDepthPickerMode (592)
[2019.03.25-21.22.57:087][ 14]LogModuleManager: Shutting down and abandoning module ActorPickerMode (590)
[2019.03.25-21.22.57:087][ 14]LogModuleManager: Shutting down and abandoning module GeometryMode (588)
[2019.03.25-21.22.57:087][ 14]LogModuleManager: Shutting down and abandoning module TextureAlignMode (586)
[2019.03.25-21.22.57:087][ 14]LogModuleManager: Shutting down and abandoning module BspMode (584)
[2019.03.25-21.22.57:087][ 14]LogModuleManager: Shutting down and abandoning module PIEPreviewDeviceProfileSelector (582)
[2019.03.25-21.22.57:088][ 14]LogModuleManager: Shutting down and abandoning module SequenceRecorderSections (580)
[2019.03.25-21.22.57:088][ 14]LogModuleManager: Shutting down and abandoning module AutomationWorker (578)
[2019.03.25-21.22.57:088][ 14]LogModuleManager: Shutting down and abandoning module AudioCaptureEditor (576)
[2019.03.25-21.22.57:088][ 14]LogModuleManager: Shutting down and abandoning module SequenceRecorder (575)
[2019.03.25-21.22.57:095][ 14]LogModuleManager: Shutting down and abandoning module MatineeToLevelSequence (572)
[2019.03.25-21.22.57:095][ 14]LogModuleManager: Shutting down and abandoning module LevelSequenceEditor (570)
[2019.03.25-21.22.57:113][ 14]LogModuleManager: Shutting down and abandoning module PlacementMode (569)
[2019.03.25-21.22.57:113][ 14]LogModuleManager: Shutting down and abandoning module MaterialEditor (568)
[2019.03.25-21.22.57:113][ 14]LogModuleManager: Shutting down and abandoning module WmfMediaFactory (564)
[2019.03.25-21.22.57:113][ 14]LogModuleManager: Shutting down and abandoning module WmfMediaEditor (562)
[2019.03.25-21.22.57:114][ 14]LogModuleManager: Shutting down and abandoning module MediaPlayerEditor (560)
[2019.03.25-21.22.57:127][ 14]LogModuleManager: Shutting down and abandoning module OpenExrWrapper (558)
[2019.03.25-21.22.57:128][ 14]LogModuleManager: Shutting down and abandoning module ImgMediaFactory (556)
[2019.03.25-21.22.57:128][ 14]LogModuleManager: Shutting down and abandoning module ImgMediaEditor (554)
[2019.03.25-21.22.57:128][ 14]LogModuleManager: Shutting down and abandoning module AvfMediaFactory (552)
[2019.03.25-21.22.57:128][ 14]LogModuleManager: Shutting down and abandoning module AvfMediaEditor (550)
[2019.03.25-21.22.57:128][ 14]LogModuleManager: Shutting down and abandoning module AndroidMediaFactory (548)
[2019.03.25-21.22.57:128][ 14]LogModuleManager: Shutting down and abandoning module AndroidMediaEditor (546)
[2019.03.25-21.22.57:129][ 14]LogModuleManager: Shutting down and abandoning module MagicLeapCameraPreviewFactory (544)
[2019.03.25-21.22.57:129][ 14]LogModuleManager: Shutting down and abandoning module MagicLeapMediaFactory (542)
[2019.03.25-21.22.57:129][ 14]LogModuleManager: Shutting down and abandoning module MagicLeapMediaEditor (540)
[2019.03.25-21.22.57:129][ 14]LogModuleManager: Shutting down and abandoning module CharacterAI (538)
[2019.03.25-21.22.57:129][ 14]LogModuleManager: Shutting down and abandoning module SmartSnapping (536)
[2019.03.25-21.22.57:129][ 14]LogModuleManager: Shutting down and abandoning module SessionServices (534)
[2019.03.25-21.22.57:129][ 14]LogModuleManager: Shutting down and abandoning module ViewportSnapping (532)
[2019.03.25-21.22.57:130][ 14]LogModuleManager: Shutting down and abandoning module ViewportInteraction (530)
[2019.03.25-21.22.57:130][ 14]LogModuleManager: Shutting down and abandoning module ClothPainter (528)
[2019.03.25-21.22.57:139][ 14]LogModuleManager: Shutting down and abandoning module SkeletalMeshEditor (527)
[2019.03.25-21.22.57:150][ 14]LogModuleManager: Shutting down and abandoning module LogVisualizer (524)
[2019.03.25-21.22.57:161][ 14]LogModuleManager: Shutting down and abandoning module IntroTutorials (522)
[2019.03.25-21.22.57:185][ 14]LogModuleManager: Shutting down and abandoning module GameProjectGeneration (521)
[2019.03.25-21.22.57:185][ 14]LogModuleManager: Shutting down and abandoning module LuminPlatformEditor (518)
[2019.03.25-21.22.57:185][ 14]LogModuleManager: Shutting down and abandoning module IOSPlatformEditor (516)
[2019.03.25-21.22.57:195][ 14]LogModuleManager: Shutting down and abandoning module HTML5PlatformEditor (514)
[2019.03.25-21.22.57:195][ 14]LogModuleManager: Shutting down and abandoning module AndroidPlatformEditor (512)
[2019.03.25-21.22.57:195][ 14]LogModuleManager: Shutting down and abandoning module AndroidDeviceDetection (511)
[2019.03.25-21.22.58:549][ 14]LogModuleManager: Shutting down and abandoning module WindowsPlatformEditor (508)
[2019.03.25-21.22.58:549][ 14]LogModuleManager: Shutting down and abandoning module LuminRuntimeSettings (506)
[2019.03.25-21.22.58:549][ 14]LogModuleManager: Shutting down and abandoning module IOSRuntimeSettings (504)
[2019.03.25-21.22.58:549][ 14]LogModuleManager: Shutting down and abandoning module AndroidRuntimeSettings (502)
[2019.03.25-21.22.58:550][ 14]LogModuleManager: Shutting down and abandoning module InputBindingEditor (500)
[2019.03.25-21.22.58:550][ 14]LogModuleManager: Shutting down and abandoning module MergeActors (498)
[2019.03.25-21.22.58:553][ 14]LogModuleManager: Shutting down and abandoning module LocalizationDashboard (496)
[2019.03.25-21.22.58:567][ 14]LogModuleManager: Shutting down and abandoning module LocalizationService (495)
[2019.03.25-21.22.58:567][ 14]LogModuleManager: Shutting down and abandoning module HardwareTargeting (492)
[2019.03.25-21.22.58:567][ 14]LogModuleManager: Shutting down and abandoning module DeviceProfileEditor (490)
[2019.03.25-21.22.58:567][ 14]LogModuleManager: Shutting down and abandoning module UndoHistory (488)
[2019.03.25-21.22.58:567][ 14]LogModuleManager: Shutting down and abandoning module XmlParser (486)
[2019.03.25-21.22.58:568][ 14]LogModuleManager: Shutting down and abandoning module Blutility (484)
[2019.03.25-21.22.58:568][ 14]LogModuleManager: Shutting down and abandoning module ProjectSettingsViewer (482)
[2019.03.25-21.22.58:568][ 14]LogModuleManager: Shutting down and abandoning module ProjectTargetPlatformEditor (481)
[2019.03.25-21.22.58:568][ 14]LogModuleManager: Shutting down and abandoning module EditorSettingsViewer (478)
[2019.03.25-21.22.58:568][ 14]LogModuleManager: Shutting down and abandoning module SettingsEditor (476)
[2019.03.25-21.22.58:574][ 14]LogModuleManager: Shutting down and abandoning module ProjectLauncher (474)
[2019.03.25-21.22.58:595][ 14]LogModuleManager: Shutting down and abandoning module SessionFrontend (472)
[2019.03.25-21.22.58:608][ 14]LogModuleManager: Shutting down and abandoning module ProfilerClient (470)
[2019.03.25-21.22.58:608][ 14]LogModuleManager: Shutting down and abandoning module DeviceManager (468)
[2019.03.25-21.22.58:617][ 14]LogModuleManager: Shutting down and abandoning module TargetDeviceServices (467)
[2019.03.25-21.22.58:682][ 14]LogModuleManager: Shutting down and abandoning module AutomationController (464)
[2019.03.25-21.22.58:686][ 14]LogModuleManager: Shutting down and abandoning module AutomationWindow (462)
[2019.03.25-21.22.58:696][ 14]LogModuleManager: Shutting down and abandoning module Layers (460)
[2019.03.25-21.22.58:721][ 14]LogModuleManager: Shutting down and abandoning module ComponentVisualizers (458)
[2019.03.25-21.22.58:722][ 14]LogModuleManager: Shutting down and abandoning module DetailCustomizations (456)
[2019.03.25-21.22.58:722][ 14]LogModuleManager: Shutting down and abandoning module PackagesDialog (454)
[2019.03.25-21.22.58:722][ 14]LogModuleManager: Shutting down and abandoning module Persona (452)
[2019.03.25-21.22.58:746][ 14]LogModuleManager: Shutting down and abandoning module AdvancedPreviewScene (451)
[2019.03.25-21.22.58:746][ 14]LogModuleManager: Shutting down and abandoning module AnimGraph (449)
[2019.03.25-21.22.58:746][ 14]LogModuleManager: Shutting down and abandoning module Kismet (446)
[2019.03.25-21.22.58:753][ 14]LogModuleManager: Shutting down and abandoning module GraphEditor (444)
[2019.03.25-21.22.58:753][ 14]LogModuleManager: Shutting down and abandoning module ClassViewer (442)
[2019.03.25-21.22.58:754][ 14]LogModuleManager: Shutting down and abandoning module Toolbox (440)
[2019.03.25-21.22.58:754][ 14]LogModuleManager: Shutting down and abandoning module DesktopPlatform (439)
[2019.03.25-21.22.58:754][ 14]LogModuleManager: Shutting down and abandoning module ModuleUI (436)
[2019.03.25-21.22.58:754][ 14]LogModuleManager: Shutting down and abandoning module MovieSceneTools (434)
[2019.03.25-21.22.58:754][ 14]LogModuleManager: Shutting down and abandoning module OutputLog (432)
[2019.03.25-21.22.58:755][ 14]LogModuleManager: Shutting down and abandoning module GammaUI (430)
[2019.03.25-21.22.58:755][ 14]LogModuleManager: Shutting down and abandoning module Documentation (428)
[2019.03.25-21.22.58:755][ 14]LogModuleManager: Shutting down and abandoning module MovieSceneTracks (426)
[2019.03.25-21.22.58:755][ 14]LogModuleManager: Shutting down and abandoning module MovieScene (424)
[2019.03.25-21.22.58:755][ 14]LogModuleManager: Shutting down and abandoning module StreamingPauseRendering (422)
[2019.03.25-21.22.58:755][ 14]LogModuleManager: Shutting down and abandoning module LauncherPlatform (420)
[2019.03.25-21.22.58:756][ 14]LogModuleManager: Shutting down and abandoning module AnalyticsET (418)
[2019.03.25-21.22.58:756][ 14]LogModuleManager: Shutting down and abandoning module PortalServices (416)
[2019.03.25-21.22.58:756][ 14]LogModuleManager: Shutting down and abandoning module PortalRpc (414)
[2019.03.25-21.22.58:756][ 14]LogModuleManager: Shutting down and abandoning module MessagingRpc (412)
[2019.03.25-21.22.58:756][ 14]LogModuleManager: Shutting down and abandoning module AIModule (410)
[2019.03.25-21.22.58:756][ 14]LogModuleManager: Shutting down and abandoning module GameplayDebugger (409)
[2019.03.25-21.22.58:756][ 14]LogModuleManager: Shutting down and abandoning module AITestSuite (407)
[2019.03.25-21.22.58:768][ 14]LogModuleManager: Shutting down and abandoning module NavigationSystem (405)
[2019.03.25-21.22.58:768][ 14]LogModuleManager: Shutting down and abandoning module ProfilerService (402)
[2019.03.25-21.22.58:870][ 14]LogModuleManager: Shutting down and abandoning module TaskGraph (400)
[2019.03.25-21.22.58:879][ 14]LogModuleManager: Shutting down and abandoning module SteamVRController (398)
[2019.03.25-21.22.58:879][ 14]LogModuleManager: Shutting down and abandoning module ProceduralMeshComponentEditor (396)
[2019.03.25-21.22.58:879][ 14]LogModuleManager: Shutting down and abandoning module ProceduralMeshComponent (394)
[2019.03.25-21.22.58:879][ 14]LogModuleManager: Shutting down and abandoning module OculusInput (392)
[2019.03.25-21.22.58:879][ 14]LogModuleManager: Shutting down and abandoning module MobilePatchingUtils (390)
[2019.03.25-21.22.58:879][ 14]LogModuleManager: Shutting down and abandoning module EditableMesh (388)
[2019.03.25-21.22.58:891][ 14]LogModuleManager: Shutting down and abandoning module CustomMeshComponent (386)
[2019.03.25-21.22.58:891][ 14]LogModuleManager: Shutting down and abandoning module CableComponent (384)
[2019.03.25-21.22.58:891][ 14]LogModuleManager: Shutting down and abandoning module AudioCapture (382)
[2019.03.25-21.22.58:892][ 14]LogModuleManager: Shutting down and abandoning module ArchVisCharacter (380)
[2019.03.25-21.22.58:892][ 14]LogModuleManager: Shutting down and abandoning module AndroidPermission (378)
[2019.03.25-21.22.58:892][ 14]LogModuleManager: Shutting down and abandoning module NUTUnrealEngine4 (376)
[2019.03.25-21.22.58:892][ 14]LogModuleManager: Shutting down and abandoning module NetcodeUnitTest (374)
[2019.03.25-21.22.58:906][ 14]LogModuleManager: Shutting down and abandoning module MediaCompositingEditor (372)
[2019.03.25-21.22.58:906][ 14]LogModuleManager: Shutting down and abandoning module MediaCompositing (370)
[2019.03.25-21.22.58:906][ 14]LogModuleManager: Shutting down and abandoning module LinearTimecode (368)
[2019.03.25-21.22.58:906][ 14]LogModuleManager: Shutting down and abandoning module ImgMedia (366)
[2019.03.25-21.22.58:911][ 14]LogModuleManager: Shutting down and abandoning module HTML5Networking (364)
[2019.03.25-21.22.58:911][ 14]LogModuleManager: Shutting down and abandoning module GeometryCacheTracks (362)
[2019.03.25-21.22.58:911][ 14]LogModuleManager: Shutting down and abandoning module GeometryCacheSequencer (360)
[2019.03.25-21.22.58:911][ 14]LogModuleManager: Shutting down and abandoning module BackChannel (358)
[2019.03.25-21.22.58:911][ 14]LogModuleManager: Shutting down and abandoning module AppleVision (356)
[2019.03.25-21.22.58:911][ 14]LogModuleManager: Shutting down and abandoning module AppleImageUtils (354)
[2019.03.25-21.22.58:912][ 14]LogModuleManager: Shutting down and abandoning module AlembicImporter (352)
[2019.03.25-21.22.58:912][ 14]LogModuleManager: Shutting down and abandoning module AlembicLibrary (351)
[2019.03.25-21.22.58:912][ 14]LogModuleManager: Shutting down and abandoning module GeometryCache (350)
[2019.03.25-21.22.58:912][ 14]LogModuleManager: Shutting down and abandoning module GeometryCacheEd (349)
[2019.03.25-21.22.58:912][ 14]LogModuleManager: Shutting down and abandoning module DatasmithContentEditor (344)
[2019.03.25-21.22.58:912][ 14]LogModuleManager: Shutting down and abandoning module DatasmithContent (342)
[2019.03.25-21.22.58:913][ 14]LogModuleManager: Shutting down and abandoning module SpeedTreeImporter (340)
[2019.03.25-21.22.58:913][ 14]LogModuleManager: Shutting down and abandoning module PluginBrowser (338)
[2019.03.25-21.22.58:947][ 14]LogModuleManager: Shutting down and abandoning module MobileLauncherProfileWizard (336)
[2019.03.25-21.22.58:947][ 14]LogModuleManager: Shutting down and abandoning module PolygonModeling (334)
[2019.03.25-21.22.58:947][ 14]LogModuleManager: Shutting down and abandoning module MeshEditor (332)
[2019.03.25-21.22.58:955][ 14]LogModuleManager: Shutting down and abandoning module CryptoKeysOpenSSL (330)
[2019.03.25-21.22.58:959][ 14]LogModuleManager: Shutting down and abandoning module CryptoKeys (328)
[2019.03.25-21.22.58:960][ 14]LogModuleManager: Shutting down and abandoning module VisualStudioSourceCodeAccess (326)
[2019.03.25-21.22.58:960][ 14]LogModuleManager: Shutting down and abandoning module VisualStudioCodeSourceCodeAccess (324)
[2019.03.25-21.22.58:960][ 14]LogModuleManager: Shutting down and abandoning module UObjectPlugin (322)
[2019.03.25-21.22.58:960][ 14]LogModuleManager: Shutting down and abandoning module SubversionSourceControl (320)
[2019.03.25-21.22.58:960][ 14]LogModuleManager: Shutting down and abandoning module PerforceSourceControl (318)
[2019.03.25-21.22.58:982][ 14]LogModuleManager: Shutting down and abandoning module GitSourceControl (316)
[2019.03.25-21.22.58:983][ 14]LogModuleManager: Shutting down and abandoning module SourceControl (315)
[2019.03.25-21.22.58:983][ 14]LogModuleManager: Shutting down and abandoning module CLionSourceCodeAccess (312)
[2019.03.25-21.22.58:983][ 14]LogModuleManager: Shutting down and abandoning module LightPropagationVolumeEditor (310)
[2019.03.25-21.22.58:983][ 14]LogModuleManager: Shutting down and abandoning module PaperTiledImporter (308)
[2019.03.25-21.22.58:983][ 14]LogModuleManager: Shutting down and abandoning module PaperSpriteSheetImporter (306)
[2019.03.25-21.22.58:983][ 14]LogModuleManager: Shutting down and abandoning module Paper2DEditor (304)
[2019.03.25-21.22.58:996][ 14]LogModuleManager: Shutting down and abandoning module MeshPaint (303)
[2019.03.25-21.22.59:005][ 14]LogModuleManager: Shutting down and abandoning module Wesley_S_Final (300)
[2019.03.25-21.22.59:005][ 14]LogModuleManager: Shutting down and abandoning module RuntimePhysXCooking (298)
[2019.03.25-21.22.59:005][ 14]LogModuleManager: Shutting down and abandoning module PhysXVehiclesEditor (296)
[2019.03.25-21.22.59:005][ 14]LogModuleManager: Shutting down and abandoning module PhysXVehicles (294)
[2019.03.25-21.22.59:005][ 14]LogModuleManager: Shutting down and abandoning module OculusEditor (292)
[2019.03.25-21.22.59:009][ 14]LogModuleManager: Shutting down and abandoning module LocationServicesBPLibrary (290)
[2019.03.25-21.22.59:009][ 14]LogModuleManager: Shutting down and abandoning module ImmediatePhysicsEditor (288)
[2019.03.25-21.22.59:010][ 14]LogModuleManager: Shutting down and abandoning module ImmediatePhysics (286)
[2019.03.25-21.22.59:012][ 14]LogModuleManager: Shutting down and abandoning module ActorSequence (284)
[2019.03.25-21.22.59:012][ 14]LogModuleManager: Shutting down and abandoning module UdpMessaging (282)
[2019.03.25-21.22.59:113][ 14]LogModuleManager: Shutting down and abandoning module TcpMessaging (280)
[2019.03.25-21.22.59:214][ 14]LogModuleManager: Shutting down and abandoning module MagicLeapAudio (278)
[2019.03.25-21.22.59:214][ 14]LogModuleManager: Shutting down and abandoning module GameplayTagsEditor (276)
[2019.03.25-21.22.59:221][ 14]LogModuleManager: Shutting down and abandoning module FacialAnimationEditor (274)
[2019.03.25-21.22.59:221][ 14]LogModuleManager: Shutting down and abandoning module FacialAnimation (272)
[2019.03.25-21.22.59:221][ 14]LogModuleManager: Shutting down and abandoning module DataValidation (270)
[2019.03.25-21.22.59:221][ 14]LogModuleManager: Shutting down and abandoning module AssetManagerEditor (268)
[2019.03.25-21.22.59:230][ 14]LogModuleManager: Shutting down and abandoning module LevelEditor (267)
[2019.03.25-21.22.59:232][ 14]LogModuleManager: Shutting down and abandoning module PixelInspectorModule (266)
[2019.03.25-21.22.59:232][ 14]LogModuleManager: Shutting down and abandoning module CommonMenuExtensions (264)
[2019.03.25-21.22.59:232][ 14]LogModuleManager: Shutting down and abandoning module MainFrame (262)
[2019.03.25-21.22.59:240][ 14]LogModuleManager: Shutting down and abandoning module HotReload (261)
[2019.03.25-21.22.59:246][ 14]LogModuleManager: Shutting down and abandoning module ContentBrowser (257)
[2019.03.25-21.22.59:248][ 14]LogModuleManager: Shutting down and abandoning module TreeMap (255)
[2019.03.25-21.22.59:248][ 14]LogModuleManager: Shutting down and abandoning module LightPropagationVolumeRuntime (252)
[2019.03.25-21.22.59:248][ 14]LogModuleManager: Shutting down and abandoning module AISupportModule (250)
[2019.03.25-21.22.59:248][ 14]LogModuleManager: Shutting down and abandoning module Paper2D (248)
[2019.03.25-21.22.59:259][ 14]LogModuleManager: Shutting down and abandoning module WindowsMoviePlayer (246)
[2019.03.25-21.22.59:260][ 14]LogModuleManager: Shutting down and abandoning module WmfMedia (244)
[2019.03.25-21.22.59:267][ 14]LogModuleManager: Shutting down and abandoning module Media (243)
[2019.03.25-21.22.59:275][ 14]LogModuleManager: Shutting down and abandoning module PacketHandler (240)
[2019.03.25-21.22.59:275][ 14]LogModuleManager: Shutting down and abandoning module ClothingSystemEditor (238)
[2019.03.25-21.22.59:275][ 14]LogModuleManager: Shutting down and abandoning module ClothingSystemRuntime (236)
[2019.03.25-21.22.59:285][ 14]LogModuleManager: Shutting down and abandoning module MediaAssets (234)
[2019.03.25-21.22.59:285][ 14]LogModuleManager: Shutting down and abandoning module Overlay (232)
[2019.03.25-21.22.59:285][ 14]LogModuleManager: Shutting down and abandoning module OverlayEditor (231)
[2019.03.25-21.22.59:285][ 14]LogModuleManager: Shutting down and abandoning module VREditor (228)
[2019.03.25-21.22.59:292][ 14]LogModuleManager: Shutting down and abandoning module StringTableEditor (226)
[2019.03.25-21.22.59:302][ 14]LogModuleManager: Shutting down and abandoning module GameplayTasksEditor (224)
[2019.03.25-21.22.59:302][ 14]LogModuleManager: Shutting down and abandoning module BehaviorTreeEditor (222)
[2019.03.25-21.22.59:321][ 14]LogModuleManager: Shutting down and abandoning module FunctionalTesting (220)
[2019.03.25-21.22.59:326][ 14]LogModuleManager: Shutting down and abandoning module CollisionAnalyzer (218)
[2019.03.25-21.22.59:329][ 14]LogModuleManager: Shutting down and abandoning module WorkspaceMenuStructure (217)
[2019.03.25-21.22.59:330][ 14]LogModuleManager: Shutting down and abandoning module UMG (214)
[2019.03.25-21.22.59:330][ 14]LogModuleManager: Shutting down and abandoning module UMGEditor (213)
[2019.03.25-21.22.59:330][ 14]LogModuleManager: Shutting down and abandoning module Sequencer (212)
[2019.03.25-21.22.59:330][ 14]LogModuleManager: Shutting down and abandoning module MessageLog (209)
[2019.03.25-21.22.59:330][ 14]LogModuleManager: Shutting down and abandoning module SlateReflector (204)
[2019.03.25-21.22.59:358][ 14]LogModuleManager: Shutting down and abandoning module Slate (202)
[2019.03.25-21.22.59:358][ 14]LogModuleManager: Shutting down and abandoning module EditorStyle (200)
[2019.03.25-21.22.59:360][ 14]LogModuleManager: Shutting down and abandoning module MRMesh (198)
[2019.03.25-21.22.59:360][ 14]LogModuleManager: Shutting down and abandoning module SourceCodeAccess (196)
[2019.03.25-21.22.59:360][ 14]LogModuleManager: Shutting down and abandoning module HeadMountedDisplay (194)
[2019.03.25-21.22.59:360][ 14]LogModuleManager: Shutting down and abandoning module XAudio2 (192)
[2019.03.25-21.22.59:360][ 14]LogModuleManager: Shutting down and abandoning module Networking (190)
[2019.03.25-21.22.59:360][ 14]LogModuleManager: Shutting down and abandoning module Core (188)
[2019.03.25-21.22.59:360][ 14]LogModuleManager: Shutting down and abandoning module LevelSequence (186)
[2019.03.25-21.22.59:360][ 14]LogModuleManager: Shutting down and abandoning module KismetCompiler (184)
[2019.03.25-21.22.59:360][ 14]LogModuleManager: Shutting down and abandoning module MeshUtilities (182)
[2019.03.25-21.22.59:370][ 14]LogModuleManager: Shutting down and abandoning module MeshMergeUtilities (181)
[2019.03.25-21.22.59:376][ 14]LogModuleManager: Shutting down and abandoning module MeshReductionInterface (180)
[2019.03.25-21.22.59:376][ 14]LogModuleManager: Shutting down and abandoning module SimplygonSwarm (179)
[2019.03.25-21.22.59:376][ 14]LogModuleManager: Shutting down and abandoning module ProxyLODMeshReduction (177)
[2019.03.25-21.22.59:390][ 14]LogModuleManager: Shutting down and abandoning module SimplygonMeshReduction (175)
[2019.03.25-21.22.59:390][ 14]LogModuleManager: Shutting down and abandoning module QuadricMeshReduction (173)
[2019.03.25-21.22.59:390][ 14]LogModuleManager: Shutting down and abandoning module MaterialBaking (169)
[2019.03.25-21.22.59:390][ 14]LogModuleManager: Shutting down and abandoning module DirectoryWatcher (165)
[2019.03.25-21.22.59:390][ 14]LogModuleManager: Shutting down and abandoning module DerivedDataCache (162)
[2019.03.25-21.22.59:419][ 14]LogDerivedDataCache: Shutdown
[2019.03.25-21.22.59:419][ 14]LogModuleManager: Shutting down and abandoning module XGEController (160)
[2019.03.25-21.22.59:419][ 14]LogXGEController: Cleaning working directory: C:/Users/swea0001/AppData/Local/Temp/UnrealXGEWorkingDir/
[2019.03.25-21.22.59:420][ 14]LogModuleManager: Shutting down and abandoning module TargetPlatform (158)
[2019.03.25-21.22.59:420][ 14]LogModuleManager: Shutting down and abandoning module VulkanShaderFormat (157)
[2019.03.25-21.22.59:420][ 14]LogModuleManager: Shutting down and abandoning module ShaderFormatVectorVM (155)
[2019.03.25-21.22.59:420][ 14]LogModuleManager: Shutting down and abandoning module ShaderFormatOpenGL (153)
[2019.03.25-21.22.59:420][ 14]LogModuleManager: Shutting down and abandoning module ShaderFormatD3D (151)
[2019.03.25-21.22.59:420][ 14]LogModuleManager: Shutting down and abandoning module MetalShaderFormat (149)
[2019.03.25-21.22.59:428][ 14]LogModuleManager: Shutting down and abandoning module TextureFormatUncompressed (147)
[2019.03.25-21.22.59:428][ 14]LogModuleManager: Shutting down and abandoning module TextureFormatPVR (145)
[2019.03.25-21.22.59:428][ 14]LogModuleManager: Shutting down and abandoning module TextureFormatDXT (143)
[2019.03.25-21.22.59:428][ 14]LogModuleManager: Shutting down and abandoning module TextureFormatIntelISPCTexComp (141)
[2019.03.25-21.22.59:430][ 14]LogModuleManager: Shutting down and abandoning module TextureFormatASTC (139)
[2019.03.25-21.22.59:430][ 14]LogModuleManager: Shutting down and abandoning module ImageWrapper (138)
[2019.03.25-21.22.59:430][ 14]LogModuleManager: Shutting down and abandoning module TextureFormatAndroid (135)
[2019.03.25-21.22.59:430][ 14]LogModuleManager: Shutting down and abandoning module AudioFormatOpus (133)
[2019.03.25-21.22.59:430][ 14]LogModuleManager: Shutting down and abandoning module AudioFormatOgg (131)
[2019.03.25-21.22.59:430][ 14]LogModuleManager: Shutting down and abandoning module AudioFormatADPCM (129)
[2019.03.25-21.22.59:430][ 14]LogModuleManager: Shutting down and abandoning module LuminTargetPlatform (127)
[2019.03.25-21.22.59:430][ 14]LogModuleManager: Shutting down and abandoning module LinuxTargetPlatform (125)
[2019.03.25-21.22.59:430][ 14]LogModuleManager: Shutting down and abandoning module LinuxServerTargetPlatform (123)
[2019.03.25-21.22.59:430][ 14]LogModuleManager: Shutting down and abandoning module LinuxNoEditorTargetPlatform (121)
[2019.03.25-21.22.59:430][ 14]LogModuleManager: Shutting down and abandoning module LinuxClientTargetPlatform (119)
[2019.03.25-21.22.59:430][ 14]LogModuleManager: Shutting down and abandoning module TVOSTargetPlatform (117)
[2019.03.25-21.22.59:431][ 14]LogModuleManager: Shutting down and abandoning module Messaging (115)
[2019.03.25-21.22.59:431][ 14]LogModuleManager: Shutting down and abandoning module IOSTargetPlatform (113)
[2019.03.25-21.22.59:432][ 14]LogModuleManager: Shutting down and abandoning module HTML5TargetPlatform (111)
[2019.03.25-21.22.59:432][ 14]LogModuleManager: Shutting down and abandoning module AndroidTargetPlatform (109)
[2019.03.25-21.22.59:441][ 14]LogModuleManager: Shutting down and abandoning module WindowsTargetPlatform (107)
[2019.03.25-21.22.59:441][ 14]LogModuleManager: Shutting down and abandoning module WindowsServerTargetPlatform (105)
[2019.03.25-21.22.59:441][ 14]LogModuleManager: Shutting down and abandoning module WindowsNoEditorTargetPlatform (103)
[2019.03.25-21.22.59:441][ 14]LogModuleManager: Shutting down and abandoning module WindowsClientTargetPlatform (101)
[2019.03.25-21.22.59:441][ 14]LogModuleManager: Shutting down and abandoning module MacTargetPlatform (99)
[2019.03.25-21.22.59:441][ 14]LogModuleManager: Shutting down and abandoning module MacServerTargetPlatform (97)
[2019.03.25-21.22.59:441][ 14]LogModuleManager: Shutting down and abandoning module MacNoEditorTargetPlatform (95)
[2019.03.25-21.22.59:441][ 14]LogModuleManager: Shutting down and abandoning module MacClientTargetPlatform (93)
[2019.03.25-21.22.59:441][ 14]LogModuleManager: Shutting down and abandoning module AllDesktopTargetPlatform (91)
[2019.03.25-21.22.59:441][ 14]LogModuleManager: Shutting down and abandoning module InputCore (88)
[2019.03.25-21.22.59:441][ 14]LogModuleManager: Shutting down and abandoning module Settings (86)
[2019.03.25-21.22.59:442][ 14]LogModuleManager: Shutting down and abandoning module PhysXCooking (84)
[2019.03.25-21.22.59:442][ 14]LogModuleManager: Shutting down and abandoning module SteamVR (82)
[2019.03.25-21.22.59:442][ 14]LogModuleManager: Shutting down and abandoning module OculusHMD (80)
[2019.03.25-21.22.59:451][ 14]LogModuleManager: Shutting down and abandoning module ExampleDeviceProfileSelector (78)
[2019.03.25-21.22.59:451][ 14]LogModuleManager: Shutting down and abandoning module LauncherChunkInstaller (76)
[2019.03.25-21.22.59:451][ 14]LogModuleManager: Shutting down and abandoning module OnlineBlueprintSupport (74)
[2019.03.25-21.22.59:451][ 14]LogModuleManager: Shutting down and abandoning module OnlineSubsystem (70)
[2019.03.25-21.22.59:463][ 14]LogModuleManager: Shutting down and abandoning module XMPP (65)
[2019.03.25-21.22.59:490][ 14]LogModuleManager: Shutting down and abandoning module WebSockets (64)
[2019.03.25-21.22.59:534][ 14]LogModuleManager: Shutting down and abandoning module HTTP (61)
[2019.03.25-21.22.59:535][ 14]LogHttp: Display: Http module shutting down, but needs to wait on 1 outstanding Http requests:
[2019.03.25-21.22.59:535][ 14]LogHttp: Display: 	verb=[POST] url=[https://datarouter.ol.epicgames.com/datarouter/api/v1/public/data?SessionID=%7B683087A6-4616-0338-0ABD-13972400FA7E%7D&AppID=UEEditor.Rocket.Release&AppVersion=4.20.1-4233996%2B%2B%2BUE4%2BRelease-4.20&UserID=840ed134491f4fa17ce4998775de4477%7Ca7e285c1c2f4499a9afc43bd5d673f70%7Ce8c4cb6e-8038-4607-99b6-8d62f9b01c2e&AppEnvironment=datacollector-binary&UploadType=eteventstream] status=Processing
[2019.03.25-21.22.59:557][ 14]LogModuleManager: Shutting down and abandoning module SSL (60)
[2019.03.25-21.22.59:558][ 14]LogModuleManager: Shutting down and abandoning module MagicLeapEmulator (56)
[2019.03.25-21.22.59:558][ 14]LogModuleManager: Shutting down and abandoning module MagicLeapPrivileges (54)
[2019.03.25-21.22.59:558][ 14]LogModuleManager: Shutting down and abandoning module MagicLeapIdentity (52)
[2019.03.25-21.22.59:558][ 14]LogModuleManager: Shutting down and abandoning module MagicLeapHelperVulkan (50)
[2019.03.25-21.22.59:558][ 14]LogModuleManager: Shutting down and abandoning module MagicLeapHelperOpenGL (48)
[2019.03.25-21.22.59:559][ 14]LogModuleManager: Shutting down and abandoning module MagicLeapSecureStorage (46)
[2019.03.25-21.22.59:559][ 14]LogModuleManager: Shutting down and abandoning module MagicLeapGestures (44)
[2019.03.25-21.22.59:559][ 14]LogModuleManager: Shutting down and abandoning module MagicLeapEyeTracker (42)
[2019.03.25-21.22.59:559][ 14]LogModuleManager: Shutting down and abandoning module MagicLeapController (40)
[2019.03.25-21.22.59:559][ 14]LogSlate: Slate User Destroyed.  User Index 0, Is Virtual User: 0
[2019.03.25-21.22.59:559][ 14]LogModuleManager: Shutting down and abandoning module MagicLeap (38)
[2019.03.25-21.22.59:568][ 14]LogModuleManager: Shutting down and abandoning module AnimationModifiers (36)
[2019.03.25-21.22.59:568][ 14]LogModuleManager: Shutting down and abandoning module PropertyEditor (35)
[2019.03.25-21.22.59:568][ 14]LogModuleManager: Shutting down and abandoning module AudioEditor (32)
[2019.03.25-21.22.59:568][ 14]LogModuleManager: Shutting down and abandoning module TextureCompressor (30)
[2019.03.25-21.22.59:570][ 14]LogModuleManager: Shutting down and abandoning module ShaderCore (28)
[2019.03.25-21.22.59:570][ 14]LogModuleManager: Shutting down and abandoning module Landscape (26)
[2019.03.25-21.22.59:570][ 14]LogModuleManager: Shutting down and abandoning module SlateRHIRenderer (24)
[2019.03.25-21.22.59:571][ 14]LogModuleManager: Shutting down and abandoning module OpenGLDrv (22)
[2019.03.25-21.22.59:571][ 14]LogModuleManager: Shutting down and abandoning module D3D11RHI (20)
[2019.03.25-21.22.59:571][ 14]LogModuleManager: Shutting down and abandoning module AnimGraphRuntime (18)
[2019.03.25-21.22.59:571][ 14]LogModuleManager: Shutting down and abandoning module Renderer (16)
[2019.03.25-21.22.59:571][ 14]LogModuleManager: Shutting down and abandoning module Engine (14)
[2019.03.25-21.22.59:571][ 14]LogModuleManager: Shutting down and abandoning module CoreUObject (12)
[2019.03.25-21.22.59:571][ 14]LogModuleManager: Shutting down and abandoning module NetworkFile (10)
[2019.03.25-21.22.59:571][ 14]LogModuleManager: Shutting down and abandoning module CookedIterativeFile (8)
[2019.03.25-21.22.59:571][ 14]LogModuleManager: Shutting down and abandoning module StreamingFile (6)
[2019.03.25-21.22.59:571][ 14]LogModuleManager: Shutting down and abandoning module SandboxFile (4)
[2019.03.25-21.22.59:571][ 14]LogModuleManager: Shutting down and abandoning module PakFile (2)
[2019.03.25-21.22.59:584][ 14]LogExit: Exiting.
[2019.03.25-21.22.59:597][ 14]Log file closed, 03/25/19 17:22:59
