Log file open, 03/25/19 14:31:54
LogWindows: Failed to load 'aqProf.dll' (GetLastError=126)
LogWindows: File 'aqProf.dll' does not exist
LogWindows: Failed to load 'VSPerf140.dll' (GetLastError=126)
LogWindows: File 'VSPerf140.dll' does not exist
LogWindows: Failed to load 'VtuneApi.dll' (GetLastError=126)
LogWindows: File 'VtuneApi.dll' does not exist
LogWindows: Failed to load 'VtuneApi32e.dll' (GetLastError=126)
LogWindows: File 'VtuneApi32e.dll' does not exist
LogInit: Display: Running engine for game: Wesley_S_Final
LogPlatformFile: Not using cached read wrapper
LogTaskGraph: Started task graph with 5 named threads and 23 total threads with 3 sets of task threads.
LogStats: Stats thread started at 0.278623
LogD3D11RHI: Loaded GFSDK_Aftermath_Lib.x64.dll
LogICUInternationalization: Display: ICU TimeZone Detection - Raw Offset: -5:00, Platform Override: ''
LogPluginManager: Mounting plugin Paper2D
LogPluginManager: Mounting plugin AISupport
LogPluginManager: Mounting plugin LightPropagationVolume
LogPluginManager: Mounting plugin CLionSourceCodeAccess
LogPluginManager: Mounting plugin CodeLiteSourceCodeAccess
LogPluginManager: Mounting plugin GitSourceControl
LogPluginManager: Mounting plugin KDevelopSourceCodeAccess
LogPluginManager: Mounting plugin NullSourceCodeAccess
LogPluginManager: Mounting plugin PerforceSourceControl
LogPluginManager: Mounting plugin SubversionSourceControl
LogPluginManager: Mounting plugin UObjectPlugin
LogPluginManager: Mounting plugin VisualStudioCodeSourceCodeAccess
LogPluginManager: Mounting plugin VisualStudioSourceCodeAccess
LogPluginManager: Mounting plugin XCodeSourceCodeAccess
LogPluginManager: Mounting plugin AssetManagerEditor
LogPluginManager: Mounting plugin CryptoKeys
LogPluginManager: Mounting plugin DataValidation
LogPluginManager: Mounting plugin FacialAnimation
LogPluginManager: Mounting plugin GameplayTagsEditor
LogPluginManager: Mounting plugin MacGraphicsSwitching
LogPluginManager: Mounting plugin MeshEditor
LogPluginManager: Mounting plugin MobileLauncherProfileWizard
LogPluginManager: Mounting plugin PluginBrowser
LogPluginManager: Mounting plugin SpeedTreeImporter
LogPluginManager: Mounting plugin DatasmithContent
LogPluginManager: Mounting plugin AlembicImporter
LogPluginManager: Mounting plugin AppleImageUtils
LogPluginManager: Mounting plugin AppleVision
LogPluginManager: Mounting plugin BackChannel
LogPluginManager: Mounting plugin CharacterAI
LogPluginManager: Mounting plugin GeometryCache
LogPluginManager: Mounting plugin HTML5Networking
LogPluginManager: Mounting plugin ProxyLODPlugin
LogPluginManager: Mounting plugin MagicLeap
LogPluginManager: Mounting plugin MagicLeapEmulator
LogPluginManager: Mounting plugin MagicLeapMedia
LogPluginManager: Mounting plugin AndroidMedia
LogPluginManager: Mounting plugin AvfMedia
LogPluginManager: Mounting plugin ImgMedia
LogPluginManager: Mounting plugin LinearTimecode
LogPluginManager: Mounting plugin MediaCompositing
LogPluginManager: Mounting plugin MediaPlayerEditor
LogPluginManager: Mounting plugin WmfMedia
LogPluginManager: Mounting plugin TcpMessaging
LogPluginManager: Mounting plugin UdpMessaging
LogPluginManager: Mounting plugin ActorSequence
LogPluginManager: Mounting plugin LevelSequenceEditor
LogPluginManager: Mounting plugin MatineeToLevelSequence
LogPluginManager: Mounting plugin NetcodeUnitTest
LogPluginManager: Mounting plugin NUTUnrealEngine4
LogPluginManager: Mounting plugin OnlineSubsystemGooglePlay
LogPluginManager: Mounting plugin OnlineSubsystemIOS
LogPluginManager: Mounting plugin OnlineSubsystem
LogPluginManager: Mounting plugin OnlineSubsystemNull
LogPluginManager: Mounting plugin OnlineSubsystemUtils
LogPluginManager: Mounting plugin LauncherChunkInstaller
LogPluginManager: Mounting plugin AndroidDeviceProfileSelector
LogPluginManager: Mounting plugin AndroidMoviePlayer
LogPluginManager: Mounting plugin AndroidPermission
LogPluginManager: Mounting plugin AppleMoviePlayer
LogPluginManager: Mounting plugin ArchVisCharacter
LogPluginManager: Mounting plugin AudioCapture
LogPluginManager: Mounting plugin CableComponent
LogPluginManager: Mounting plugin CustomMeshComponent
LogPluginManager: Mounting plugin EditableMesh
LogPluginManager: Mounting plugin ExampleDeviceProfileSelector
LogPluginManager: Mounting plugin GoogleCloudMessaging
LogPluginManager: Mounting plugin ImmediatePhysics
LogPluginManager: Mounting plugin IOSDeviceProfileSelector
LogPluginManager: Mounting plugin LinuxDeviceProfileSelector
LogPluginManager: Mounting plugin LocationServicesBPLibrary
LogPluginManager: Mounting plugin MobilePatchingUtils
LogPluginManager: Mounting plugin OculusVR
LogPluginManager: Plugin shader directory ../../../Engine/Plugins/Runtime/Oculus/OculusVR/Shaders found
LogPluginManager: Mapping shader source directory ../../../Engine/Plugins/Runtime/Oculus/OculusVR/Shaders to virtual directory /Plugin/OculusVR
LogPluginManager: Mounting plugin PhysXVehicles
LogPluginManager: Mounting plugin ProceduralMeshComponent
LogPluginManager: Mounting plugin RuntimePhysXCooking
LogPluginManager: Mounting plugin SteamVR
LogPluginManager: Mounting plugin WindowsMoviePlayer
LogStreaming: Display: Took  0.114s to configure plugins.
LogInit: Using libcurl 7.55.1-DEV
LogInit:  - built for x86_64-pc-win32
LogInit:  - supports SSL with OpenSSL/1.0.2h
LogInit:  - supports HTTP deflate (compression) using libz 1.2.8
LogInit:  - other features:
LogInit:      CURL_VERSION_SSL
LogInit:      CURL_VERSION_LIBZ
LogInit:      CURL_VERSION_IPV6
LogInit:      CURL_VERSION_ASYNCHDNS
LogInit:      CURL_VERSION_LARGEFILE
LogInit:      CURL_VERSION_IDN
LogInit:  CurlRequestOptions (configurable via config and command line):
LogInit:  - bVerifyPeer = false  - Libcurl will NOT verify peer certificate
LogInit:  - bUseHttpProxy = false  - Libcurl will NOT use HTTP proxy
LogInit:  - bDontReuseConnections = false  - Libcurl will reuse connections
LogInit:  - CertBundlePath = nullptr  - Libcurl will use whatever was configured at build time.
LogInit:  - MaxHostConnections = 16  - Libcurl will limit the number of connections to a host
LogInit:  - LocalHostAddr = Default
LogInit:  - BufferSize = 65536
LogInit: WinSock: version 1.1 (2.2), MaxSocks=32767, MaxUdp=65467
LogInit: Build: ++UE4+Release-4.20-CL-4233996
LogInit: Engine Version: 4.20.1-4233996+++UE4+Release-4.20
LogInit: Compatible Engine Version: 4.20.0-4212847+++UE4+Release-4.20
LogInit: Net CL: 4212847
LogInit: OS: Windows 10 (), CPU:        Intel(R) Core(TM) i7-3770K CPU @ 3.50GHz, GPU: NVIDIA GeForce GTX 670
LogInit: Compiled (64-bit): Jul 26 2018 10:07:30
LogInit: Compiled with Visual C++: 19.13.26129.00
LogInit: Build Configuration: Development
LogInit: Branch Name: ++UE4+Release-4.20
LogInit: Command Line: -EpicPortal  -epicusername="sweazey48" -epicuserid=a7e285c1c2f4499a9afc43bd5d673f70 -epiclocale=en-US
LogInit: Base Directory: D:/Program Files/Epic Games/UE_4.20/Engine/Binaries/Win64/
LogInit: Installed Engine Build: 1
LogDevObjectVersion: Number of dev versions registered: 20
LogDevObjectVersion:   Dev-Blueprints (B0D832E4-1F89-4F0D-ACCF-7EB736FD4AA2): 10
LogDevObjectVersion:   Dev-Build (E1C64328-A22C-4D53-A36C-8E866417BD8C): 0
LogDevObjectVersion:   Dev-Core (375EC13C-06E4-48FB-B500-84F0262A717E): 2
LogDevObjectVersion:   Dev-Editor (E4B068ED-F494-42E9-A231-DA0B2E46BB41): 24
LogDevObjectVersion:   Dev-Framework (CFFC743F-43B0-4480-9391-14DF171D2073): 34
LogDevObjectVersion:   Dev-Mobile (B02B49B5-BB20-44E9-A304-32B752E40360): 2
LogDevObjectVersion:   Dev-Networking (A4E4105C-59A1-49B5-A7C5-40C4547EDFEE): 0
LogDevObjectVersion:   Dev-Online (39C831C9-5AE6-47DC-9A44-9C173E1C8E7C): 0
LogDevObjectVersion:   Dev-Physics (78F01B33-EBEA-4F98-B9B4-84EACCB95AA2): 0
LogDevObjectVersion:   Dev-Platform (6631380F-2D4D-43E0-8009-CF276956A95A): 0
LogDevObjectVersion:   Dev-Rendering (12F88B9F-8875-4AFC-A67C-D90C383ABD29): 26
LogDevObjectVersion:   Dev-Sequencer (7B5AE74C-D270-4C10-A958-57980B212A5A): 9
LogDevObjectVersion:   Dev-VR (D7296918-1DD6-4BDD-9DE2-64A83CC13884): 2
LogDevObjectVersion:   Dev-LoadTimes (C2A15278-BFE7-4AFE-6C17-90FF531DF755): 1
LogDevObjectVersion:   Private-Geometry (6EACA3D4-40EC-4CC1-B786-8BED09428FC5): 3
LogDevObjectVersion:   Dev-AnimPhys (29E575DD-E0A3-4627-9D10-D276232CDCEA): 17
LogDevObjectVersion:   Dev-ReflectionCapture (6B266CEC-1EC7-4B8F-A30B-E4D90942FC07): 1
LogDevObjectVersion:   Dev-Automation (0DF73D61-A23F-47EA-B727-89E90C41499A): 1
LogDevObjectVersion:   FortniteMain (601D1886-AC64-4F84-AA16-D3DE0DEAC7D6): 12
LogDevObjectVersion:   Dev-Enterprise (9DFFBCD6-494F-0158-E221-12823C92A888): 1
LogStreaming: Display: Took  0.000s to delete old logs.
LogInit: Presizing for max 8388607 objects, including 0 objects not considered by GC, pre-allocating 0 bytes for permanent pool.
LogInit: Object subsystem initialized
[2019.03.25-18.31.54:374][  0]LogInit: Selected Device Profile: [Windows]
[2019.03.25-18.31.54:374][  0]LogInit: Applying CVar settings loaded from the selected device profile: [Windows]
[2019.03.25-18.31.54:383][  0]LogHAL: Display: Platform has ~ 16 GB [17121808384 / 17179869184 / 16], which maps to Larger [LargestMinGB=32, LargerMinGB=12, DefaultMinGB=8, SmallerMinGB=6, SmallestMinGB=0)
[2019.03.25-18.31.54:383][  0]LogInit: Setting Device Profile CVar: [[r.Vulkan.UseRealUBs:1]]
[2019.03.25-18.31.54:383][  0]LogInit: Going up to parent DeviceProfile []
[2019.03.25-18.31.54:383][  0]LogInit: Computer: WT227-31
[2019.03.25-18.31.54:383][  0]LogInit: User: swea0001
[2019.03.25-18.31.54:383][  0]LogInit: CPU Page size=4096, Cores=4
[2019.03.25-18.31.54:383][  0]LogInit: High frequency timer resolution =3.428039 MHz
[2019.03.25-18.31.54:384][  0]LogMemory: Memory total: Physical=15.9GB (16GB approx)
[2019.03.25-18.31.54:384][  0]LogMemory: Platform Memory Stats for Windows
[2019.03.25-18.31.54:384][  0]LogMemory: Process Physical Memory: 102.86 MB used, 102.86 MB peak
[2019.03.25-18.31.54:384][  0]LogMemory: Process Virtual Memory: 89.48 MB used, 89.48 MB peak
[2019.03.25-18.31.54:384][  0]LogMemory: Physical Memory: 4300.03 MB used,  12028.60 MB free, 16328.63 MB total
[2019.03.25-18.31.54:384][  0]LogMemory: Virtual Memory: 541.84 MB used,  12028.60 MB free, 134217728.00 MB total
[2019.03.25-18.31.54:403][  0]LogInit: Using OS detected language (en-US).
[2019.03.25-18.31.54:403][  0]LogInit: Using OS detected locale (en-US).
[2019.03.25-18.31.54:404][  0]LogTextLocalizationManager: No specific localization for 'en-US' exists, so the 'en' localization will be used.
[2019.03.25-18.31.54:753][  0]LogStreaming: Display: Took  0.350s to InitEngineTextLocalization.
[2019.03.25-18.31.54:753][  0]LogInit: Setting process to per monitor DPI aware
[2019.03.25-18.31.54:772][  0]LogSlate: New Slate User Created.  User Index 0, Is Virtual User: 0
[2019.03.25-18.31.54:772][  0]LogSlate: Slate User Registered.  User Index 0, Is Virtual User: 0
[2019.03.25-18.31.55:153][  0]LogHMD: Failed to initialize OpenVR with code 110
[2019.03.25-18.31.55:153][  0]LogD3D11RHI: D3D11 adapters:
[2019.03.25-18.31.55:205][  0]LogD3D11RHI:    0. 'NVIDIA GeForce GTX 670' (Feature Level 11_0)
[2019.03.25-18.31.55:205][  0]LogD3D11RHI:       4052/0/8164 MB DedicatedVideo/DedicatedSystem/SharedSystem, Outputs:1, VendorId:0x10de
[2019.03.25-18.31.55:208][  0]LogD3D11RHI:    1. 'Microsoft Basic Render Driver' (Feature Level 11_0)
[2019.03.25-18.31.55:208][  0]LogD3D11RHI:       0/0/8164 MB DedicatedVideo/DedicatedSystem/SharedSystem, Outputs:0, VendorId:0x1414
[2019.03.25-18.31.55:208][  0]LogD3D11RHI: Chosen D3D11 Adapter: 0
[2019.03.25-18.31.55:212][  0]LogD3D11RHI: Creating new Direct3DDevice
[2019.03.25-18.31.55:212][  0]LogD3D11RHI:     GPU DeviceId: 0x1189 (for the marketing name, search the web for "GPU Device Id")
[2019.03.25-18.31.55:212][  0]LogWindows: EnumDisplayDevices:
[2019.03.25-18.31.55:212][  0]LogWindows:    0. 'NVIDIA GeForce GTX 670' (P:1 D:1)
[2019.03.25-18.31.55:212][  0]LogWindows:    1. 'NVIDIA GeForce GTX 670' (P:0 D:0)
[2019.03.25-18.31.55:212][  0]LogWindows:    2. 'NVIDIA GeForce GTX 670' (P:0 D:0)
[2019.03.25-18.31.55:212][  0]LogWindows:    3. 'NVIDIA GeForce GTX 670' (P:0 D:0)
[2019.03.25-18.31.55:212][  0]LogWindows: DebugString: FoundDriverCount:4 
[2019.03.25-18.31.55:212][  0]LogD3D11RHI:     Adapter Name: NVIDIA GeForce GTX 670
[2019.03.25-18.31.55:212][  0]LogD3D11RHI:   Driver Version: 391.35 (internal:23.21.13.9135, unified:391.35)
[2019.03.25-18.31.55:212][  0]LogD3D11RHI:      Driver Date: 3-23-2018
[2019.03.25-18.31.55:212][  0]LogRHI: Texture pool is 2836 MB (70% of 4052 MB)
[2019.03.25-18.31.55:247][  0]LogD3D11RHI: Async texture creation enabled
[2019.03.25-18.31.55:266][  0]LogD3D11RHI: GPU Timing Frequency: 1000.000000 (Debug: 2 2)
[2019.03.25-18.31.55:267][  0]LogShaderCompilers: Guid format shader working directory is -9 characters bigger than the processId version (C:/Users/swea0001/Documents/Unreal Projects/Wesley_S_Final/Intermediate/Shaders/WorkingDirectory/9008/).
[2019.03.25-18.31.55:267][  0]LogShaderCompilers: Cleaned the shader compiler working directory 'C:/Users/swea0001/AppData/Local/Temp/UnrealShaderWorkingDir/EE7D770E495CF13063BAF6859FF03A7C/'.
[2019.03.25-18.31.55:498][  0]LogTemp: Display: Loaded TP AllDesktopTargetPlatform
[2019.03.25-18.31.55:511][  0]LogTemp: Display: Loaded TP MacClientTargetPlatform
[2019.03.25-18.31.55:524][  0]LogTemp: Display: Loaded TP MacNoEditorTargetPlatform
[2019.03.25-18.31.55:538][  0]LogTemp: Display: Loaded TP MacServerTargetPlatform
[2019.03.25-18.31.55:551][  0]LogTemp: Display: Loaded TP MacTargetPlatform
[2019.03.25-18.31.55:565][  0]LogTemp: Display: Loaded TP WindowsClientTargetPlatform
[2019.03.25-18.31.55:578][  0]LogTemp: Display: Loaded TP WindowsNoEditorTargetPlatform
[2019.03.25-18.31.55:591][  0]LogTemp: Display: Loaded TP WindowsServerTargetPlatform
[2019.03.25-18.31.55:597][  0]LogTemp: Display: Loaded TP WindowsTargetPlatform
[2019.03.25-18.31.55:679][  0]LogTemp: Display: Loaded TP AndroidTargetPlatform
[2019.03.25-18.31.55:679][  0]LogTemp: Display: Loaded TP AndroidTargetPlatform
[2019.03.25-18.31.55:679][  0]LogTemp: Display: Loaded TP AndroidTargetPlatform
[2019.03.25-18.31.55:679][  0]LogTemp: Display: Loaded TP AndroidTargetPlatform
[2019.03.25-18.31.55:679][  0]LogTemp: Display: Loaded TP AndroidTargetPlatform
[2019.03.25-18.31.55:679][  0]LogTemp: Display: Loaded TP AndroidTargetPlatform
[2019.03.25-18.31.55:679][  0]LogTemp: Display: Loaded TP AndroidTargetPlatform
[2019.03.25-18.31.55:679][  0]LogTemp: Display: Loaded TP AndroidTargetPlatform
[2019.03.25-18.31.55:679][  0]LogTemp: Display: Loaded TP AndroidTargetPlatform
[2019.03.25-18.31.55:679][  0]LogTemp: Display: Loaded TP AndroidTargetPlatform
[2019.03.25-18.31.55:679][  0]LogTemp: Display: Loaded TP AndroidTargetPlatform
[2019.03.25-18.31.55:679][  0]LogTemp: Display: Loaded TP AndroidTargetPlatform
[2019.03.25-18.31.55:679][  0]LogTemp: Display: Loaded TP AndroidTargetPlatform
[2019.03.25-18.31.55:679][  0]LogTemp: Display: Loaded TP AndroidTargetPlatform
[2019.03.25-18.31.55:679][  0]LogTemp: Display: Loaded TP AndroidTargetPlatform
[2019.03.25-18.31.55:679][  0]LogTemp: Display: Loaded TP AndroidTargetPlatform
[2019.03.25-18.31.55:679][  0]LogTemp: Display: Loaded TP AndroidTargetPlatform
[2019.03.25-18.31.55:679][  0]LogTemp: Display: Loaded TP AndroidTargetPlatform
[2019.03.25-18.31.55:680][  0]LogTemp: Display: Loaded TP HTML5TargetPlatform
[2019.03.25-18.31.55:742][  0]LogTemp: Display: Loaded TP IOSTargetPlatform
[2019.03.25-18.31.55:742][  0]LogTemp: Display: Loaded TP IOSTargetPlatform
[2019.03.25-18.31.55:768][  0]LogTemp: Display: Loaded TP TVOSTargetPlatform
[2019.03.25-18.31.55:768][  0]LogTemp: Display: Loaded TP TVOSTargetPlatform
[2019.03.25-18.31.55:781][  0]LogTemp: Display: Loaded TP LinuxClientTargetPlatform
[2019.03.25-18.31.55:794][  0]LogTemp: Display: Loaded TP LinuxNoEditorTargetPlatform
[2019.03.25-18.31.55:807][  0]LogTemp: Display: Loaded TP LinuxServerTargetPlatform
[2019.03.25-18.31.55:820][  0]LogTemp: Display: Loaded TP LinuxTargetPlatform
[2019.03.25-18.31.55:829][  0]LogTemp: Display: Loaded TP LuminTargetPlatform
[2019.03.25-18.31.55:829][  0]LogTargetPlatformManager: Display: Building Assets For Windows
[2019.03.25-18.31.55:875][  0]LogXGEController: Cannot use XGE Controller as Incredibuild is not installed on this machine.
[2019.03.25-18.31.55:875][  0]LogShaderCompilers: Cannot use XGE Shader Compiler as Incredibuild is not installed on this machine.
[2019.03.25-18.31.55:875][  0]LogShaderCompilers: Display: Using Local Shader Compiler.
[2019.03.25-18.31.56:669][  0]LogDerivedDataCache: Display: Max Cache Size: 512 MB
[2019.03.25-18.31.56:723][  0]LogDerivedDataCache: Loaded boot cache 0.05s 87MB C:/Users/swea0001/AppData/Local/UnrealEngine/4.20/DerivedDataCache/Boot.ddc.
[2019.03.25-18.31.56:723][  0]LogDerivedDataCache: Display: Loaded Boot cache: C:/Users/swea0001/AppData/Local/UnrealEngine/4.20/DerivedDataCache/Boot.ddc
[2019.03.25-18.31.56:723][  0]LogDerivedDataCache: FDerivedDataBackendGraph:  Pak pak cache file C:/Users/swea0001/Documents/Unreal Projects/Wesley_S_Final/DerivedDataCache/DDC.ddp not found, will not use a pak cache.
[2019.03.25-18.31.56:723][  0]LogDerivedDataCache: Unable to find inner node Pak for hierarchical cache Hierarchy.
[2019.03.25-18.31.56:723][  0]LogDerivedDataCache: FDerivedDataBackendGraph:  CompressedPak pak cache file C:/Users/swea0001/Documents/Unreal Projects/Wesley_S_Final/DerivedDataCache/Compressed.ddp not found, will not use a pak cache.
[2019.03.25-18.31.56:723][  0]LogDerivedDataCache: Unable to find inner node CompressedPak for hierarchical cache Hierarchy.
[2019.03.25-18.31.56:736][  0]LogDerivedDataCache: Display: Pak cache opened for reading ../../../Engine/DerivedDataCache/Compressed.ddp.
[2019.03.25-18.31.56:748][  0]LogDerivedDataCache: Using Local data cache path C:/Users/swea0001/AppData/Local/UnrealEngine/Common/DerivedDataCache: Writable
[2019.03.25-18.31.56:748][  0]LogDerivedDataCache: Shared data cache path not found in *engine.ini, will not use an Shared cache.
[2019.03.25-18.31.56:748][  0]LogDerivedDataCache: Unable to find inner node Shared for hierarchical cache Hierarchy.
[2019.03.25-18.31.56:767][  0]LogMaterial: Verifying Global Shaders for PCD3D_SM5
[2019.03.25-18.31.56:768][  0]LogSlate: Using FreeType 2.6.0
[2019.03.25-18.31.56:769][  0]LogSlate: SlateFontServices - WITH_FREETYPE: 1, WITH_HARFBUZZ: 1
[2019.03.25-18.31.56:879][  0]LogAssetRegistry: FAssetRegistry took 0.0267 seconds to start up
[2019.03.25-18.31.57:245][  0]LogInit: Selected Device Profile: [Windows]
[2019.03.25-18.31.57:374][  0]LogSimplygon: Simplygon DLL not present - disabling.
[2019.03.25-18.31.57:377][  0]LogMeshReduction: Using SimplygonSwarm for distributed automatic mesh merging
[2019.03.25-18.31.57:377][  0]LogMeshReduction: Using ProxyLODMeshReduction for automatic mesh merging
[2019.03.25-18.31.57:377][  0]LogMeshReduction: Using QuadricMeshReduction for automatic static mesh reduction
[2019.03.25-18.31.57:377][  0]LogMeshReduction: No automatic skeletal mesh reduction module available
[2019.03.25-18.31.57:390][  0]LogNetVersion: Wesley_S_Final 1.0.0, NetCL: 4212847, EngineNetVer: 5, GameNetVer: 0 (Checksum: 2346214524)
[2019.03.25-18.31.57:882][  0]LogPackageLocalizationCache: Processed 11 localized package path(s) for 2 prioritized culture(s) in 0.084777 seconds
[2019.03.25-18.31.57:888][  0]LogUObjectArray: 38425 objects as part of root set at end of initial load.
[2019.03.25-18.31.57:888][  0]LogUObjectAllocator: 6690872 out of 0 bytes used by permanent object pool.
[2019.03.25-18.31.57:888][  0]LogUObjectArray: CloseDisregardForGC: 0/0 objects in disregard for GC pool
[2019.03.25-18.31.58:960][  0]LogTcpMessaging: Initializing TcpMessaging bridge
[2019.03.25-18.31.58:983][  0]LogUdpMessaging: Initializing bridge on interface 0.0.0.0:0 to multicast group 230.0.0.1:6666.
[2019.03.25-18.31.59:673][  0]SourceControl: Source control is disabled
[2019.03.25-18.31.59:673][  0]SourceControl: Source control is disabled
[2019.03.25-18.31.59:675][  0]SourceControl: Source control is disabled
[2019.03.25-18.31.59:675][  0]SourceControl: Source control is disabled
[2019.03.25-18.31.59:851][  0]LogAndroidPermission: UAndroidPermissionCallbackProxy::GetInstance
[2019.03.25-18.31.59:897][  0]LogOcInput: OculusInput pre-init called
[2019.03.25-18.31.59:956][  0]LogEngine: Initializing Engine...
[2019.03.25-18.31.59:957][  0]LogHMD: Failed to initialize OpenVR with code 110
[2019.03.25-18.31.59:958][  0]LogStats: UGameplayTagsManager::ConstructGameplayTagTree: ImportINI prefixes -  0.000 s
[2019.03.25-18.31.59:958][  0]LogStats: UGameplayTagsManager::ConstructGameplayTagTree: Construct from data asset -  0.000 s
[2019.03.25-18.31.59:958][  0]LogStats: UGameplayTagsManager::ConstructGameplayTagTree: ImportINI -  0.000 s
[2019.03.25-18.31.59:958][  0]LogStats: UGameplayTagsManager::ConstructGameplayTagTree: GameplayTagTreeChangedEvent.Broadcast -  0.000 s
[2019.03.25-18.32.00:160][  0]LogInit: Initializing FReadOnlyCVARCache
[2019.03.25-18.32.00:170][  0]LogAIModule: Creating AISystem for world Untitled
[2019.03.25-18.32.00:177][  0]LogInit: XAudio2 using 'Realtek Digital Output(Optical) (Realtek High Definition Audio)' : 2 channels at 48 kHz using 16 bits per sample (channel mask 0x3)
[2019.03.25-18.32.00:207][  0]LogInit: FAudioDevice initialized.
[2019.03.25-18.32.00:207][  0]LogNetVersion: Set ProjectVersion to 1.0.0.0. Version Checksum will be recalculated on next use.
[2019.03.25-18.32.00:310][  0]LogDerivedDataCache: Saved boot cache 0.10s 89MB C:/Users/swea0001/AppData/Local/UnrealEngine/4.20/DerivedDataCache/Boot.ddc.
[2019.03.25-18.32.00:314][  0]LogInit: Texture streaming: Enabled
[2019.03.25-18.32.00:327][  0]LogEngineSessionManager: EngineSessionManager initialized
[2019.03.25-18.32.00:336][  0]LogInit: Transaction tracking system initialized
[2019.03.25-18.32.00:353][  0]BlueprintLog: New page: Editor Load
[2019.03.25-18.32.00:508][  0]LocalizationService: Localization service is disabled
[2019.03.25-18.32.00:769][  0]LogCook: Display: Max memory allowance for cook 16384mb min free memory 0mb
[2019.03.25-18.32.00:769][  0]LogCook: Display: Mobile HDR setting 1
[2019.03.25-18.32.00:769][  0]LogGameplayTags: Display: UGameplayTagsManager::DoneAddingNativeTags. DelegateIsBound: 0
[2019.03.25-18.32.00:769][  0]LogStats: UGameplayTagsManager::ConstructGameplayTagTree: ImportINI prefixes -  0.000 s
[2019.03.25-18.32.00:769][  0]LogStats: UGameplayTagsManager::ConstructGameplayTagTree: Construct from data asset -  0.000 s
[2019.03.25-18.32.00:770][  0]LogStats: UGameplayTagsManager::ConstructGameplayTagTree: ImportINI -  0.000 s
[2019.03.25-18.32.00:770][  0]LogStats: UGameplayTagsManager::ConstructGameplayTagTree: GameplayTagTreeChangedEvent.Broadcast -  0.000 s
[2019.03.25-18.32.00:891][  0]LogFileCache: Scanning file cache for directory 'C:/Users/swea0001/Documents/Unreal Projects/Wesley_S_Final/Content/' took 0.01s
[2019.03.25-18.32.00:891][  0]SourceControl: Source control is disabled
[2019.03.25-18.32.00:891][  0]Cmd: MAP LOAD FILE="C:/Users/swea0001/Documents/Unreal Projects/Wesley_S_Final/Content/FirstPersonCPP/Maps/FirstPersonExampleMap.umap" TEMPLATE=0 SHOWPROGRESS=1 FEATURELEVEL=3
[2019.03.25-18.32.00:891][  0]LightingResults: New page: Lighting Build
[2019.03.25-18.32.00:894][  0]MapCheck: New page: Map Check
[2019.03.25-18.32.00:894][  0]LightingResults: New page: Lighting Build
[2019.03.25-18.32.02:953][  0]LogTexture: Display: Building textures: HQ_Lightmap0_5 (AutoDXT, 64X64)
[2019.03.25-18.32.02:953][  0]LogTexture: Display: Building textures: LQ_Lightmap_0_1 (DXT1, 2048X2048)
[2019.03.25-18.32.02:953][  0]LogTexture: Display: Building textures: LQ_Lightmap_0_2 (DXT1, 2048X2048)
[2019.03.25-18.32.02:953][  0]LogTexture: Display: Building textures: HQ_Lightmap0_4 (AutoDXT, 2048X2048)
[2019.03.25-18.32.02:953][  0]LogTexture: Display: Building textures: HQ_Lightmap0_2 (AutoDXT, 2048X2048)
[2019.03.25-18.32.02:953][  0]LogTexture: Display: Building textures: HQ_Lightmap0_1 (AutoDXT, 2048X2048)
[2019.03.25-18.32.02:953][  0]LogTexture: Display: Building textures: HQ_Lightmap0_3 (AutoDXT, 2048X2048)
[2019.03.25-18.32.02:953][  0]LogTexture: Display: Building textures: LQ_Lightmap_0_3 (DXT1, 2048X2048)
[2019.03.25-18.32.02:953][  0]LogTexture: Display: Building textures: LQ_Lightmap_0_4 (DXT1, 2048X2048)
[2019.03.25-18.32.02:953][  0]LogTexture: Display: Building textures: LQ_Lightmap_0_5 (DXT1, 64X64)
[2019.03.25-18.32.02:953][  0]LogTexture: Display: Building textures: SkyOcclusion0_1 (AutoDXT, 2048X1024)
[2019.03.25-18.32.02:953][  0]LogTexture: Display: Building textures: SkyOcclusion0_2 (AutoDXT, 2048X1024)
[2019.03.25-18.32.02:953][  0]LogTexture: Display: Building textures: SkyOcclusion0_3 (AutoDXT, 2048X1024)
[2019.03.25-18.32.02:953][  0]LogTexture: Display: Building textures: SkyOcclusion0_4 (AutoDXT, 2048X1024)
[2019.03.25-18.32.02:953][  0]LogTexture: Display: Building textures: SkyOcclusion0_5 (AutoDXT, 64X32)
[2019.03.25-18.32.02:953][  0]LogTexture: Display: Building textures: ShadowMapTexture2D_0 (G8, 2048X1024)
[2019.03.25-18.32.02:953][  0]LogTexture: Display: Building textures: ShadowMapTexture2D_1 (G8, 2048X1024)
[2019.03.25-18.32.02:953][  0]LogTexture: Display: Building textures: ShadowMapTexture2D_2 (G8, 2048X1024)
[2019.03.25-18.32.02:953][  0]LogTexture: Display: Building textures: ShadowMapTexture2D_3 (G8, 2048X1024)
[2019.03.25-18.32.02:953][  0]LogTexture: Display: Building textures: ShadowMapTexture2D_4 (G8, 2048X1024)
[2019.03.25-18.32.02:953][  0]LogTexture: Display: Building textures: ShadowMapTexture2D_5 (G8, 2048X1024)
[2019.03.25-18.32.02:953][  0]LogTexture: Display: Building textures: ShadowMapTexture2D_6 (G8, 2048X1024)
[2019.03.25-18.32.02:953][  0]LogTexture: Display: Building textures: ShadowMapTexture2D_7 (G8, 64X32)
[2019.03.25-18.32.03:528][  0]LogAIModule: Creating AISystem for world FirstPersonExampleMap
[2019.03.25-18.32.03:623][  0]LogEditorServer: Finished looking for orphan Actors (0.000 secs)
[2019.03.25-18.32.03:648][  0]Cmd: MAP CHECKDEP NOCLEARLOG
[2019.03.25-18.32.03:743][  0]MapCheck: Map check complete: 0 Error(s), 0 Warning(s), took 95.268ms to complete.
[2019.03.25-18.32.03:743][  0]LogFileHelpers: Loading map 'FirstPersonExampleMap' took 2.853
[2019.03.25-18.32.04:055][  0]LogSlate: Updating window title bar state: overlay mode, drag disabled, window buttons hidden, title bar hidden
[2019.03.25-18.32.04:070][  0]LogSlate: Updating window title bar state: overlay mode, drag disabled, window buttons hidden, title bar hidden
[2019.03.25-18.32.04:078][  0]LogSlate: Updating window title bar state: overlay mode, drag disabled, window buttons hidden, title bar hidden
[2019.03.25-18.32.04:088][  0]LogSlate: Updating window title bar state: overlay mode, drag disabled, window buttons hidden, title bar hidden
[2019.03.25-18.32.04:136][  0]LogCollectionManager: Loaded 0 collections in 0.000730 seconds
[2019.03.25-18.32.04:260][  0]LogFileCache: Scanning file cache for directory 'C:/Users/swea0001/Documents/Unreal Projects/Wesley_S_Final/Saved/Collections/' took 0.01s
[2019.03.25-18.32.04:260][  0]LogFileCache: Scanning file cache for directory 'C:/Users/swea0001/Documents/Unreal Projects/Wesley_S_Final/Content/Developers/swea0001/Collections/' took 0.01s
[2019.03.25-18.32.04:260][  0]LogFileCache: Scanning file cache for directory 'C:/Users/swea0001/Documents/Unreal Projects/Wesley_S_Final/Content/Collections/' took 0.01s
[2019.03.25-18.32.04:260][  0]LogCollectionManager: Rebuilt the GUID cache for 0 collections in 0.000001 seconds
[2019.03.25-18.32.04:274][  0]LogContentBrowser: Native class hierarchy populated in 0.0122 seconds. Added 2576 classes and 605 folders.
[2019.03.25-18.32.04:307][  0]LogContentBrowser: Native class hierarchy updated for 'WidgetCarousel' in 0.0004 seconds. Added 0 classes and 0 folders.
[2019.03.25-18.32.04:358][  0]LogContentBrowser: Native class hierarchy updated for 'AddContentDialog' in 0.0004 seconds. Added 0 classes and 0 folders.
[2019.03.25-18.32.04:401][  0]LogContentBrowser: Native class hierarchy updated for 'SceneOutliner' in 0.0005 seconds. Added 1 classes and 2 folders.
[2019.03.25-18.32.04:725][  0]LogSlate: Took 0.001315 seconds to synchronously load lazily loaded font '../../../Engine/Content/Slate/Fonts/Roboto-Regular.ttf' (155K)
[2019.03.25-18.32.04:729][  0]LogSlate: Took 0.000412 seconds to synchronously load lazily loaded font '../../../Engine/Content/Slate/Fonts/Roboto-Bold.ttf' (160K)
[2019.03.25-18.32.04:784][  0]LogSlate: Took 0.012209 seconds to synchronously load lazily loaded font '../../../Engine/Content/Editor/Slate/Fonts/FontAwesome.ttf' (139K)
[2019.03.25-18.32.05:089][  0]LogRenderer: Reallocating scene render targets to support 1056x556 Format 10 NumSamples 1 (Frame:1).
[2019.03.25-18.32.05:313][  0]LogSlate: FSceneViewport::OnFocusLost() reason 2
[2019.03.25-18.32.05:358][  0]LogSlate: Window 'Tutorials' being destroyed
[2019.03.25-18.32.05:387][  0]LogContentBrowser: Native class hierarchy updated for 'HierarchicalLODOutliner' in 0.0004 seconds. Added 0 classes and 0 folders.
[2019.03.25-18.32.05:387][  0]LogLoad: (Engine Initialization) Total time: 12.43 seconds
[2019.03.25-18.32.05:387][  0]LogLoad: (Engine Initialization) Total Blueprint compile time: 0.00 seconds
[2019.03.25-18.32.05:455][  0]LogContentStreaming: Texture pool size now 3000 MB
[2019.03.25-18.32.05:478][  0]LogSlate: Took 0.000415 seconds to synchronously load lazily loaded font '../../../Engine/Content/Slate/Fonts/Roboto-Light.ttf' (167K)
[2019.03.25-18.32.05:504][  1]LogAssetRegistry: Asset discovery search completed in 8.6471 seconds
[2019.03.25-18.32.05:506][  1]LogCollectionManager: Rebuilt the object cache for 0 collections in 0.000001 seconds (found 0 objects)
[2019.03.25-18.32.05:506][  1]LogCollectionManager: Fixed up redirectors for 0 collections in 0.000064 seconds (updated 0 objects)
[2019.03.25-18.32.14:119][644]LogEditorViewport: Clicking on Actor (LMB): FirstPersonCharacter_C (FirstPersonCharacter2)
[2019.03.25-18.36.20:790][924]Cmd: TRANSACTION UNDO
[2019.03.25-18.36.20:790][924]LogEditorTransaction: Undo Move Actors
[2019.03.25-18.36.20:827][924]LogSlate: Took 0.000230 seconds to synchronously load lazily loaded font '../../../Engine/Content/Slate/Fonts/Roboto-Light.ttf' (167K)
[2019.03.25-18.36.26:330][475]LogSlate: FSceneViewport::OnFocusLost() reason 0
[2019.03.25-18.36.32:207][118]LogSlate: Took 0.025371 seconds to synchronously load lazily loaded font '../../../Engine/Content/Slate/Fonts/Roboto-BoldCondensed.ttf' (158K)
[2019.03.25-18.36.59:208][949]Running D:/Program Files/Epic Games/UE_4.20/Engine/Binaries/DotNET/UnrealBuildTool.exe Win64 Development -TargetType=Editor -Project="C:/Users/swea0001/Documents/Unreal Projects/Wesley_S_Final/Wesley_S_Final.uproject" -invalidatemakefilesonly
[2019.03.25-18.36.59:912][949]Invalidating makefiles only in this run.
[2019.03.25-18.37.00:030][949]Candidate modules for hot reload:
[2019.03.25-18.37.00:030][949]  Wesley_S_Final
[2019.03.25-18.37.00:030][949]Launching UnrealBuildTool... [D:/Program Files/Epic Games/UE_4.20/Engine/Binaries/DotNET/UnrealBuildTool.exe  -ModuleWithSuffix=Wesley_S_Final,5341 Win64 Development -TargetType=Editor -Project="C:/Users/swea0001/Documents/Unreal Projects/Wesley_S_Final/Wesley_S_Final.uproject" -canskiplink "C:/Users/swea0001/Documents/Unreal Projects/Wesley_S_Final/Wesley_S_Final.uproject" ]
[2019.03.25-18.37.18:144][949]CompilerResultsLog: New page: Compilation - Mar 25, 2019, 10:37:18 AM
[2019.03.25-18.37.18:144][949]CompilerResultsLog: Performing full C++ include scan (hot reloading a new target)
[2019.03.25-18.37.18:144][949]CompilerResultsLog: Creating makefile for hot reloading Wesley_S_FinalEditor (no existing makefile)
[2019.03.25-18.37.18:144][949]CompilerResultsLog: Compiling game modules for hot reload
[2019.03.25-18.37.18:144][949]CompilerResultsLog: Using Visual Studio 2017 14.14.26428 toolchain (C:\Program Files (x86)\Microsoft Visual Studio\2017\Professional\VC\Tools\MSVC\14.14.26428) and Windows 10.0.17134.0 SDK (C:\Program Files (x86)\Windows Kits\10).
[2019.03.25-18.37.18:144][949]CompilerResultsLog: Parsing headers for Wesley_S_FinalEditor
[2019.03.25-18.37.18:144][949]CompilerResultsLog:   Running UnrealHeaderTool "C:\Users\swea0001\Documents\Unreal Projects\Wesley_S_Final\Wesley_S_Final.uproject" "C:\Users\swea0001\Documents\Unreal Projects\Wesley_S_Final\Intermediate\Build\Win64\Wesley_S_FinalEditor\Development\Wesley_S_FinalEditor.uhtmanifest" -LogCmds="loginit warning, logexit warning, logdatabase error" -Unattended -WarningsAsErrors -installed
[2019.03.25-18.37.18:144][949]CompilerResultsLog: Reflection code generated for Wesley_S_FinalEditor in 9.7500372 seconds
[2019.03.25-18.37.18:144][949]CompilerResultsLog: Building 14 actions with 8 processes...
[2019.03.25-18.37.18:144][949]CompilerResultsLog:   Wesley_S_Final.cpp
[2019.03.25-18.37.18:144][949]CompilerResultsLog:   Final_PlayerState.cpp
[2019.03.25-18.37.18:144][949]CompilerResultsLog:   Wesley_S_Final.init.gen.cpp
[2019.03.25-18.37.18:144][949]CompilerResultsLog:   Final_PlayerState.gen.cpp
[2019.03.25-18.37.18:144][949]CompilerResultsLog:   Wesley_S_FinalProjectile.cpp
[2019.03.25-18.37.18:144][949]CompilerResultsLog:   Wesley_S_FinalGameMode.cpp
[2019.03.25-18.37.18:144][949]CompilerResultsLog:   Wesley_S_FinalHUD.cpp
[2019.03.25-18.37.18:144][949]CompilerResultsLog:   Wesley_S_FinalGameMode.gen.cpp
[2019.03.25-18.37.18:144][949]CompilerResultsLog:   Wesley_S_FinalHUD.gen.cpp
[2019.03.25-18.37.18:144][949]CompilerResultsLog:   Wesley_S_FinalCharacter.gen.cpp
[2019.03.25-18.37.18:144][949]CompilerResultsLog:   Wesley_S_FinalProjectile.gen.cpp
[2019.03.25-18.37.18:144][949]CompilerResultsLog:   Wesley_S_FinalCharacter.cpp
[2019.03.25-18.37.18:144][949]CompilerResultsLog:   UE4Editor-Wesley_S_Final-5341.lib
[2019.03.25-18.37.18:144][949]CompilerResultsLog:      Creating library C:\Users\swea0001\Documents\Unreal Projects\Wesley_S_Final\Intermediate\Build\Win64\UE4Editor\Development\Wesley_S_Final\UE4Editor-Wesley_S_Final-5341.lib and object C:\Users\swea0001\Documents\Unreal Projects\Wesley_S_Final\Intermediate\Build\Win64\UE4Editor\Development\Wesley_S_Final\UE4Editor-Wesley_S_Final-5341.exp
[2019.03.25-18.37.18:144][949]CompilerResultsLog:   UE4Editor-Wesley_S_Final-5341.dll
[2019.03.25-18.37.18:144][949]CompilerResultsLog:      Creating library C:\Users\swea0001\Documents\Unreal Projects\Wesley_S_Final\Intermediate\Build\Win64\UE4Editor\Development\Wesley_S_Final\UE4Editor-Wesley_S_Final-5341.suppressed.lib and object C:\Users\swea0001\Documents\Unreal Projects\Wesley_S_Final\Intermediate\Build\Win64\UE4Editor\Development\Wesley_S_Final\UE4Editor-Wesley_S_Final-5341.suppressed.exp
[2019.03.25-18.37.18:144][949]CompilerResultsLog: Total build time: 17.85 seconds (Parallel executor: 2.75 seconds)
[2019.03.25-18.37.18:144][949]LogMainFrame: MainFrame: Module compiling took 18.117 seconds
[2019.03.25-18.37.18:175][949]LogClass: Could not find existing class Final_PlayerState in package /Script/Wesley_S_Final for HotReload, assuming new class
[2019.03.25-18.37.18:184][949]LogContentBrowser: Native class hierarchy updated for 'Wesley_S_Final' in 0.0005 seconds. Added 5 classes and 2 folders.
[2019.03.25-18.37.18:186][949]Display: HotReload successful (1 functions remapped  0 scriptstructs remapped)
[2019.03.25-18.37.18:330][949]LogContentBrowser: Native class hierarchy populated in 0.0096 seconds. Added 2578 classes and 607 folders.
[2019.03.25-18.37.18:341][949]Display: HotReload took 18.3s.
[2019.03.25-18.37.18:343][949]Warning: HotReload operation took 18.3s.
[2019.03.25-18.37.21:058][949]LogSlate: Window 'Add C++ Class' being destroyed
[2019.03.25-18.37.21:078][949]LogHotReload: New module detected: UE4Editor-Wesley_S_Final-5341.dll
[2019.03.25-18.37.21:119][950]LogHotReload: Starting Hot-Reload from IDE
[2019.03.25-18.37.21:150][950]LogContentBrowser: Native class hierarchy updated for 'Wesley_S_Final' in 0.0005 seconds. Added 5 classes and 2 folders.
[2019.03.25-18.37.21:152][950]Display: HotReload successful (0 functions remapped  0 scriptstructs remapped)
[2019.03.25-18.37.21:192][950]LogContentBrowser: Native class hierarchy populated in 0.0173 seconds. Added 2578 classes and 607 folders.
[2019.03.25-18.37.21:195][950]Display: HotReload took  0.1s.
[2019.03.25-18.37.47:417][375]LogSlate: Took 0.011095 seconds to synchronously load lazily loaded font '../../../Engine/Content/Slate/Fonts/Roboto-Italic.ttf' (157K)
[2019.03.25-18.37.48:345][464]Running D:/Program Files/Epic Games/UE_4.20/Engine/Binaries/DotNET/UnrealBuildTool.exe Win64 Development -TargetType=Editor -Project="C:/Users/swea0001/Documents/Unreal Projects/Wesley_S_Final/Wesley_S_Final.uproject" -invalidatemakefilesonly
[2019.03.25-18.37.48:948][464]Invalidating makefiles only in this run.
[2019.03.25-18.37.49:076][464]Candidate modules for hot reload:
[2019.03.25-18.37.49:076][464]  Wesley_S_Final
[2019.03.25-18.37.49:077][464]Launching UnrealBuildTool... [D:/Program Files/Epic Games/UE_4.20/Engine/Binaries/DotNET/UnrealBuildTool.exe  -ModuleWithSuffix=Wesley_S_Final,432 Win64 Development -TargetType=Editor -Project="C:/Users/swea0001/Documents/Unreal Projects/Wesley_S_Final/Wesley_S_Final.uproject" -canskiplink "C:/Users/swea0001/Documents/Unreal Projects/Wesley_S_Final/Wesley_S_Final.uproject" ]
[2019.03.25-18.38.06:069][464]CompilerResultsLog: New page: Compilation - Mar 25, 2019, 10:38:06 AM
[2019.03.25-18.38.06:069][464]CompilerResultsLog: Creating makefile for hot reloading Wesley_S_FinalEditor (no existing makefile)
[2019.03.25-18.38.06:070][464]CompilerResultsLog: Compiling game modules for hot reload
[2019.03.25-18.38.06:070][464]CompilerResultsLog: Using Visual Studio 2017 14.14.26428 toolchain (C:\Program Files (x86)\Microsoft Visual Studio\2017\Professional\VC\Tools\MSVC\14.14.26428) and Windows 10.0.17134.0 SDK (C:\Program Files (x86)\Windows Kits\10).
[2019.03.25-18.38.06:070][464]CompilerResultsLog: Parsing headers for Wesley_S_FinalEditor
[2019.03.25-18.38.06:070][464]CompilerResultsLog:   Running UnrealHeaderTool "C:\Users\swea0001\Documents\Unreal Projects\Wesley_S_Final\Wesley_S_Final.uproject" "C:\Users\swea0001\Documents\Unreal Projects\Wesley_S_Final\Intermediate\Build\Win64\Wesley_S_FinalEditor\Development\Wesley_S_FinalEditor.uhtmanifest" -LogCmds="loginit warning, logexit warning, logdatabase error" -Unattended -WarningsAsErrors -installed
[2019.03.25-18.38.06:070][464]CompilerResultsLog: Reflection code generated for Wesley_S_FinalEditor in 10.3806199 seconds
[2019.03.25-18.38.06:070][464]CompilerResultsLog: Building 5 actions with 8 processes...
[2019.03.25-18.38.06:070][464]CompilerResultsLog:   Wesley_S_Final.init.gen.cpp
[2019.03.25-18.38.06:070][464]CompilerResultsLog:   Final_GameStateBase.cpp
[2019.03.25-18.38.06:070][464]CompilerResultsLog:   Final_GameStateBase.gen.cpp
[2019.03.25-18.38.06:070][464]CompilerResultsLog:   UE4Editor-Wesley_S_Final-432.lib
[2019.03.25-18.38.06:070][464]CompilerResultsLog:      Creating library C:\Users\swea0001\Documents\Unreal Projects\Wesley_S_Final\Intermediate\Build\Win64\UE4Editor\Development\Wesley_S_Final\UE4Editor-Wesley_S_Final-432.lib and object C:\Users\swea0001\Documents\Unreal Projects\Wesley_S_Final\Intermediate\Build\Win64\UE4Editor\Development\Wesley_S_Final\UE4Editor-Wesley_S_Final-432.exp
[2019.03.25-18.38.06:070][464]CompilerResultsLog:   UE4Editor-Wesley_S_Final-432.dll
[2019.03.25-18.38.06:070][464]CompilerResultsLog:      Creating library C:\Users\swea0001\Documents\Unreal Projects\Wesley_S_Final\Intermediate\Build\Win64\UE4Editor\Development\Wesley_S_Final\UE4Editor-Wesley_S_Final-432.suppressed.lib and object C:\Users\swea0001\Documents\Unreal Projects\Wesley_S_Final\Intermediate\Build\Win64\UE4Editor\Development\Wesley_S_Final\UE4Editor-Wesley_S_Final-432.suppressed.exp
[2019.03.25-18.38.06:070][464]CompilerResultsLog: Total build time: 16.76 seconds (Parallel executor: 1.24 seconds)
[2019.03.25-18.38.06:070][464]LogMainFrame: MainFrame: Module compiling took 16.996 seconds
[2019.03.25-18.38.06:091][464]LogClass: Could not find existing class Final_GameStateBase in package /Script/Wesley_S_Final for HotReload, assuming new class
[2019.03.25-18.38.06:105][464]LogContentBrowser: Native class hierarchy updated for 'Wesley_S_Final' in 0.0005 seconds. Added 6 classes and 2 folders.
[2019.03.25-18.38.06:108][464]Display: HotReload successful (1 functions remapped  0 scriptstructs remapped)
[2019.03.25-18.38.06:163][464]LogContentBrowser: Native class hierarchy populated in 0.0102 seconds. Added 2579 classes and 607 folders.
[2019.03.25-18.38.06:163][464]Display: HotReload took 17.1s.
[2019.03.25-18.38.06:164][464]Warning: HotReload operation took 17.1s.
[2019.03.25-18.38.06:315][464]LogSlate: Window 'Add C++ Class' being destroyed
[2019.03.25-18.38.06:325][464]LogHotReload: New module detected: UE4Editor-Wesley_S_Final-432.dll
[2019.03.25-18.38.06:356][465]LogHotReload: Starting Hot-Reload from IDE
[2019.03.25-18.38.06:391][465]LogContentBrowser: Native class hierarchy updated for 'Wesley_S_Final' in 0.0007 seconds. Added 6 classes and 2 folders.
[2019.03.25-18.38.06:394][465]Display: HotReload successful (0 functions remapped  0 scriptstructs remapped)
[2019.03.25-18.38.06:432][465]LogContentBrowser: Native class hierarchy populated in 0.0155 seconds. Added 2579 classes and 607 folders.
[2019.03.25-18.38.06:435][465]Display: HotReload took  0.1s.
[2019.03.25-18.42.46:077][424]LogFileHelpers: Editor autosave (incl. sublevels) for '/Game/FirstPersonCPP/Maps/FirstPersonExampleMap' took 0.030
[2019.03.25-18.52.46:461][215]LogFileHelpers: Editor autosave (incl. sublevels) for '/Game/FirstPersonCPP/Maps/FirstPersonExampleMap' took 0.034
[2019.03.25-18.56.48:936][434]Running D:/Program Files/Epic Games/UE_4.20/Engine/Binaries/DotNET/UnrealBuildTool.exe Win64 Development -TargetType=Editor -Project="C:/Users/swea0001/Documents/Unreal Projects/Wesley_S_Final/Wesley_S_Final.uproject" -invalidatemakefilesonly
[2019.03.25-18.56.49:642][434]Invalidating makefiles only in this run.
[2019.03.25-18.56.49:943][434]Candidate modules for hot reload:
[2019.03.25-18.56.49:943][434]  Wesley_S_Final
[2019.03.25-18.56.49:943][434]Launching UnrealBuildTool... [D:/Program Files/Epic Games/UE_4.20/Engine/Binaries/DotNET/UnrealBuildTool.exe  -ModuleWithSuffix=Wesley_S_Final,1600 Win64 Development -TargetType=Editor -Project="C:/Users/swea0001/Documents/Unreal Projects/Wesley_S_Final/Wesley_S_Final.uproject" -canskiplink "C:/Users/swea0001/Documents/Unreal Projects/Wesley_S_Final/Wesley_S_Final.uproject" ]
[2019.03.25-18.57.06:801][434]CompilerResultsLog: New page: Compilation - Mar 25, 2019, 10:57:06 AM
[2019.03.25-18.57.06:801][434]CompilerResultsLog: Creating makefile for hot reloading Wesley_S_FinalEditor (no existing makefile)
[2019.03.25-18.57.06:801][434]CompilerResultsLog: Compiling game modules for hot reload
[2019.03.25-18.57.06:801][434]CompilerResultsLog: Using Visual Studio 2017 14.14.26428 toolchain (C:\Program Files (x86)\Microsoft Visual Studio\2017\Professional\VC\Tools\MSVC\14.14.26428) and Windows 10.0.17134.0 SDK (C:\Program Files (x86)\Windows Kits\10).
[2019.03.25-18.57.06:801][434]CompilerResultsLog: Parsing headers for Wesley_S_FinalEditor
[2019.03.25-18.57.06:801][434]CompilerResultsLog:   Running UnrealHeaderTool "C:\Users\swea0001\Documents\Unreal Projects\Wesley_S_Final\Wesley_S_Final.uproject" "C:\Users\swea0001\Documents\Unreal Projects\Wesley_S_Final\Intermediate\Build\Win64\Wesley_S_FinalEditor\Development\Wesley_S_FinalEditor.uhtmanifest" -LogCmds="loginit warning, logexit warning, logdatabase error" -Unattended -WarningsAsErrors -installed
[2019.03.25-18.57.06:801][434]CompilerResultsLog: Reflection code generated for Wesley_S_FinalEditor in 10.1080174 seconds
[2019.03.25-18.57.06:801][434]CompilerResultsLog: Building 5 actions with 8 processes...
[2019.03.25-18.57.06:801][434]CompilerResultsLog:   CubePiece.cpp
[2019.03.25-18.57.06:801][434]CompilerResultsLog:   Wesley_S_Final.init.gen.cpp
[2019.03.25-18.57.06:801][434]CompilerResultsLog:   CubePiece.gen.cpp
[2019.03.25-18.57.06:801][434]CompilerResultsLog:   UE4Editor-Wesley_S_Final-1600.lib
[2019.03.25-18.57.06:801][434]CompilerResultsLog:      Creating library C:\Users\swea0001\Documents\Unreal Projects\Wesley_S_Final\Intermediate\Build\Win64\UE4Editor\Development\Wesley_S_Final\UE4Editor-Wesley_S_Final-1600.lib and object C:\Users\swea0001\Documents\Unreal Projects\Wesley_S_Final\Intermediate\Build\Win64\UE4Editor\Development\Wesley_S_Final\UE4Editor-Wesley_S_Final-1600.exp
[2019.03.25-18.57.06:801][434]CompilerResultsLog:   UE4Editor-Wesley_S_Final-1600.dll
[2019.03.25-18.57.06:801][434]CompilerResultsLog:      Creating library C:\Users\swea0001\Documents\Unreal Projects\Wesley_S_Final\Intermediate\Build\Win64\UE4Editor\Development\Wesley_S_Final\UE4Editor-Wesley_S_Final-1600.suppressed.lib and object C:\Users\swea0001\Documents\Unreal Projects\Wesley_S_Final\Intermediate\Build\Win64\UE4Editor\Development\Wesley_S_Final\UE4Editor-Wesley_S_Final-1600.suppressed.exp
[2019.03.25-18.57.06:801][434]CompilerResultsLog: Total build time: 16.60 seconds (Parallel executor: 1.47 seconds)
[2019.03.25-18.57.06:801][434]LogMainFrame: MainFrame: Module compiling took 16.861 seconds
[2019.03.25-18.57.06:820][434]LogClass: Could not find existing class CubePiece in package /Script/Wesley_S_Final for HotReload, assuming new class
[2019.03.25-18.57.06:836][434]LogContentBrowser: Native class hierarchy updated for 'Wesley_S_Final' in 0.0005 seconds. Added 7 classes and 2 folders.
[2019.03.25-18.57.06:838][434]Display: HotReload successful (1 functions remapped  0 scriptstructs remapped)
[2019.03.25-18.57.06:889][434]LogContentBrowser: Native class hierarchy populated in 0.0098 seconds. Added 2580 classes and 607 folders.
[2019.03.25-18.57.06:889][434]Display: HotReload took 17.1s.
[2019.03.25-18.57.06:890][434]Warning: HotReload operation took 17.1s.
[2019.03.25-18.57.07:083][434]LogSlate: Window 'Add C++ Class' being destroyed
[2019.03.25-18.57.07:112][435]LogHotReload: New module detected: UE4Editor-Wesley_S_Final-1600.dll
[2019.03.25-18.57.07:133][436]LogHotReload: Starting Hot-Reload from IDE
[2019.03.25-18.57.07:174][436]LogContentBrowser: Native class hierarchy updated for 'Wesley_S_Final' in 0.0005 seconds. Added 7 classes and 2 folders.
[2019.03.25-18.57.07:176][436]Display: HotReload successful (0 functions remapped  0 scriptstructs remapped)
[2019.03.25-18.57.07:214][436]LogContentBrowser: Native class hierarchy populated in 0.0123 seconds. Added 2580 classes and 607 folders.
[2019.03.25-18.57.07:217][436]Display: HotReload took  0.1s.
[2019.03.25-19.02.46:891][933]LogFileHelpers: Editor autosave (incl. sublevels) for '/Game/FirstPersonCPP/Maps/FirstPersonExampleMap' took 0.017
[2019.03.25-19.04.15:468][459]LogTemp: Repeating last play command: Selected Viewport
[2019.03.25-19.04.15:491][459]LogBlueprintUserMessages: Early PlayInEditor Detection: Level '/Game/FirstPersonCPP/Maps/FirstPersonExampleMap.FirstPersonExampleMap:PersistentLevel' has LevelScriptBlueprint '/Game/FirstPersonCPP/Maps/FirstPersonExampleMap.FirstPersonExampleMap:PersistentLevel.FirstPersonExampleMap' with GeneratedClass '/Game/FirstPersonCPP/Maps/FirstPersonExampleMap.FirstPersonExampleMap_C' with ClassGeneratedBy '/Game/FirstPersonCPP/Maps/FirstPersonExampleMap.FirstPersonExampleMap:PersistentLevel.FirstPersonExampleMap'
[2019.03.25-19.04.15:491][459]LogPlayLevel: PlayLevel: No blueprints needed recompiling
[2019.03.25-19.04.15:512][459]PIE: New page: PIE session: FirstPersonExampleMap (Mar 25, 2019, 11:04:15 AM)
[2019.03.25-19.04.15:512][459]LogPlayLevel: Creating play world package: /Game/FirstPersonCPP/Maps/UEDPIE_0_FirstPersonExampleMap
[2019.03.25-19.04.15:550][459]LogPlayLevel: PIE: StaticDuplicateObject took: (0.037874s)
[2019.03.25-19.04.15:565][459]LogAIModule: Creating AISystem for world FirstPersonExampleMap
[2019.03.25-19.04.15:565][459]LogPlayLevel: PIE: World Init took: (0.000916s)
[2019.03.25-19.04.15:565][459]LogPlayLevel: PIE: Created PIE world by copying editor world from /Game/FirstPersonCPP/Maps/FirstPersonExampleMap.FirstPersonExampleMap to /Game/FirstPersonCPP/Maps/UEDPIE_0_FirstPersonExampleMap.FirstPersonExampleMap (0.053084s)
[2019.03.25-19.04.15:615][459]LogInit: XAudio2 using 'Realtek Digital Output(Optical) (Realtek High Definition Audio)' : 2 channels at 48 kHz using 16 bits per sample (channel mask 0x3)
[2019.03.25-19.04.15:626][459]LogInit: FAudioDevice initialized.
[2019.03.25-19.04.15:690][459]LogLoad: Game class is 'Wesley_S_FinalGameMode'
[2019.03.25-19.04.15:709][459]LogWorld: Bringing World /Game/FirstPersonCPP/Maps/UEDPIE_0_FirstPersonExampleMap.FirstPersonExampleMap up for play (max tick rate 0) at 2019.03.25-15.04.15
[2019.03.25-19.04.15:718][459]LogWorld: Bringing up level for play took: 0.013147
[2019.03.25-19.04.15:830][459]LogContentBrowser: Native class hierarchy updated for 'MovieSceneCapture' in 0.0005 seconds. Added 10 classes and 0 folders.
[2019.03.25-19.04.15:831][459]PIE: Play in editor start time for /Game/FirstPersonCPP/Maps/UEDPIE_0_FirstPersonExampleMap 0.955
[2019.03.25-19.04.15:831][459]LogBlueprintUserMessages: Late PlayInEditor Detection: Level '/Game/FirstPersonCPP/Maps/FirstPersonExampleMap.FirstPersonExampleMap:PersistentLevel' has LevelScriptBlueprint '/Game/FirstPersonCPP/Maps/FirstPersonExampleMap.FirstPersonExampleMap:PersistentLevel.FirstPersonExampleMap' with GeneratedClass '/Game/FirstPersonCPP/Maps/FirstPersonExampleMap.FirstPersonExampleMap_C' with ClassGeneratedBy '/Game/FirstPersonCPP/Maps/FirstPersonExampleMap.FirstPersonExampleMap:PersistentLevel.FirstPersonExampleMap'
[2019.03.25-19.04.20:416][990]LogSpawn: Warning: SpawnActor failed because of collision at the spawn location [X=1338.163 Y=-106.927 Z=216.457] for [FirstPersonProjectile_C]
[2019.03.25-19.04.20:658][ 19]LogSpawn: Warning: SpawnActor failed because of collision at the spawn location [X=1292.516 Y=-85.701 Z=227.512] for [FirstPersonProjectile_C]
[2019.03.25-19.04.22:124][195]LogBlueprintUserMessages: Early EndPlayMap Detection: Level '/Game/FirstPersonCPP/Maps/FirstPersonExampleMap.FirstPersonExampleMap:PersistentLevel' has LevelScriptBlueprint '/Game/FirstPersonCPP/Maps/FirstPersonExampleMap.FirstPersonExampleMap:PersistentLevel.FirstPersonExampleMap' with GeneratedClass '/Game/FirstPersonCPP/Maps/FirstPersonExampleMap.FirstPersonExampleMap_C' with ClassGeneratedBy '/Game/FirstPersonCPP/Maps/FirstPersonExampleMap.FirstPersonExampleMap:PersistentLevel.FirstPersonExampleMap'
[2019.03.25-19.04.22:136][195]LogSlate: Updating window title bar state: overlay mode, drag disabled, window buttons hidden, title bar hidden
[2019.03.25-19.04.22:168][195]LogPlayLevel: Display: Shutting down PIE online subsystems
[2019.03.25-19.04.22:168][195]LogBlueprintUserMessages: Late EndPlayMap Detection: Level '/Game/FirstPersonCPP/Maps/FirstPersonExampleMap.FirstPersonExampleMap:PersistentLevel' has LevelScriptBlueprint '/Game/FirstPersonCPP/Maps/FirstPersonExampleMap.FirstPersonExampleMap:PersistentLevel.FirstPersonExampleMap' with GeneratedClass '/Game/FirstPersonCPP/Maps/FirstPersonExampleMap.FirstPersonExampleMap_C' with ClassGeneratedBy '/Game/FirstPersonCPP/Maps/FirstPersonExampleMap.FirstPersonExampleMap:PersistentLevel.FirstPersonExampleMap'
[2019.03.25-19.04.22:199][195]LogSlate: Updating window title bar state: overlay mode, drag disabled, window buttons hidden, title bar hidden
[2019.03.25-19.04.22:236][196]LogPlayLevel: Display: Destroying online subsystem :Context_1
[2019.03.25-19.04.47:572][404]LogSlate: FSceneViewport::OnFocusLost() reason 2
[2019.03.25-19.12.53:672][968]LogFileHelpers: Editor autosave (incl. sublevels) for '/Game/FirstPersonCPP/Maps/FirstPersonExampleMap' took 0.021
[2019.03.25-19.22.55:361][856]LogFileHelpers: Editor autosave (incl. sublevels) for '/Game/FirstPersonCPP/Maps/FirstPersonExampleMap' took 0.020
[2019.03.25-19.32.57:065][174]LogFileHelpers: Editor autosave (incl. sublevels) for '/Game/FirstPersonCPP/Maps/FirstPersonExampleMap' took 0.020
[2019.03.25-19.35.19:378][950]LogTemp: Repeating last play command: Selected Viewport
[2019.03.25-19.35.19:385][950]LogBlueprintUserMessages: Early PlayInEditor Detection: Level '/Game/FirstPersonCPP/Maps/FirstPersonExampleMap.FirstPersonExampleMap:PersistentLevel' has LevelScriptBlueprint '/Game/FirstPersonCPP/Maps/FirstPersonExampleMap.FirstPersonExampleMap:PersistentLevel.FirstPersonExampleMap' with GeneratedClass '/Game/FirstPersonCPP/Maps/FirstPersonExampleMap.FirstPersonExampleMap_C' with ClassGeneratedBy '/Game/FirstPersonCPP/Maps/FirstPersonExampleMap.FirstPersonExampleMap:PersistentLevel.FirstPersonExampleMap'
[2019.03.25-19.35.19:385][950]LogPlayLevel: PlayLevel: No blueprints needed recompiling
[2019.03.25-19.35.19:386][950]PIE: New page: PIE session: FirstPersonExampleMap (Mar 25, 2019, 11:35:19 AM)
[2019.03.25-19.35.19:386][950]LogPlayLevel: Creating play world package: /Game/FirstPersonCPP/Maps/UEDPIE_0_FirstPersonExampleMap
[2019.03.25-19.35.19:400][950]LogPlayLevel: PIE: StaticDuplicateObject took: (0.013947s)
[2019.03.25-19.35.19:401][950]LogAIModule: Creating AISystem for world FirstPersonExampleMap
[2019.03.25-19.35.19:401][950]LogPlayLevel: PIE: World Init took: (0.001172s)
[2019.03.25-19.35.19:401][950]LogPlayLevel: PIE: Created PIE world by copying editor world from /Game/FirstPersonCPP/Maps/FirstPersonExampleMap.FirstPersonExampleMap to /Game/FirstPersonCPP/Maps/UEDPIE_0_FirstPersonExampleMap.FirstPersonExampleMap (0.015310s)
[2019.03.25-19.35.19:424][950]LogInit: XAudio2 using 'Realtek Digital Output(Optical) (Realtek High Definition Audio)' : 2 channels at 48 kHz using 16 bits per sample (channel mask 0x3)
[2019.03.25-19.35.19:434][950]LogInit: FAudioDevice initialized.
[2019.03.25-19.35.19:478][950]LogLoad: Game class is 'Wesley_S_FinalGameMode'
[2019.03.25-19.35.19:481][950]LogWorld: Bringing World /Game/FirstPersonCPP/Maps/UEDPIE_0_FirstPersonExampleMap.FirstPersonExampleMap up for play (max tick rate 0) at 2019.03.25-15.35.19
[2019.03.25-19.35.19:482][950]LogWorld: Bringing up level for play took: 0.002494
[2019.03.25-19.35.19:494][950]PIE: Play in editor start time for /Game/FirstPersonCPP/Maps/UEDPIE_0_FirstPersonExampleMap 0.62
[2019.03.25-19.35.19:495][950]LogBlueprintUserMessages: Late PlayInEditor Detection: Level '/Game/FirstPersonCPP/Maps/FirstPersonExampleMap.FirstPersonExampleMap:PersistentLevel' has LevelScriptBlueprint '/Game/FirstPersonCPP/Maps/FirstPersonExampleMap.FirstPersonExampleMap:PersistentLevel.FirstPersonExampleMap' with GeneratedClass '/Game/FirstPersonCPP/Maps/FirstPersonExampleMap.FirstPersonExampleMap_C' with ClassGeneratedBy '/Game/FirstPersonCPP/Maps/FirstPersonExampleMap.FirstPersonExampleMap:PersistentLevel.FirstPersonExampleMap'
[2019.03.25-19.35.21:979][244]LogBlueprintUserMessages: Early EndPlayMap Detection: Level '/Game/FirstPersonCPP/Maps/FirstPersonExampleMap.FirstPersonExampleMap:PersistentLevel' has LevelScriptBlueprint '/Game/FirstPersonCPP/Maps/FirstPersonExampleMap.FirstPersonExampleMap:PersistentLevel.FirstPersonExampleMap' with GeneratedClass '/Game/FirstPersonCPP/Maps/FirstPersonExampleMap.FirstPersonExampleMap_C' with ClassGeneratedBy '/Game/FirstPersonCPP/Maps/FirstPersonExampleMap.FirstPersonExampleMap:PersistentLevel.FirstPersonExampleMap'
[2019.03.25-19.35.21:979][244]LogSlate: Updating window title bar state: overlay mode, drag disabled, window buttons hidden, title bar hidden
[2019.03.25-19.35.22:011][244]LogPlayLevel: Display: Shutting down PIE online subsystems
[2019.03.25-19.35.22:011][244]LogBlueprintUserMessages: Late EndPlayMap Detection: Level '/Game/FirstPersonCPP/Maps/FirstPersonExampleMap.FirstPersonExampleMap:PersistentLevel' has LevelScriptBlueprint '/Game/FirstPersonCPP/Maps/FirstPersonExampleMap.FirstPersonExampleMap:PersistentLevel.FirstPersonExampleMap' with GeneratedClass '/Game/FirstPersonCPP/Maps/FirstPersonExampleMap.FirstPersonExampleMap_C' with ClassGeneratedBy '/Game/FirstPersonCPP/Maps/FirstPersonExampleMap.FirstPersonExampleMap:PersistentLevel.FirstPersonExampleMap'
[2019.03.25-19.35.22:031][244]LogSlate: Updating window title bar state: overlay mode, drag disabled, window buttons hidden, title bar hidden
[2019.03.25-19.35.22:078][248]LogPlayLevel: Display: Destroying online subsystem :Context_2
[2019.03.25-19.35.23:358][401]LogSlate: FSceneViewport::OnFocusLost() reason 0
[2019.03.25-19.43.00:239][779]LogFileHelpers: Editor autosave (incl. sublevels) for '/Game/FirstPersonCPP/Maps/FirstPersonExampleMap' took 0.020
[2019.03.25-19.53.00:720][574]LogFileHelpers: Editor autosave (incl. sublevels) for '/Game/FirstPersonCPP/Maps/FirstPersonExampleMap' took 0.030
[2019.03.25-20.03.01:117][364]LogFileHelpers: Editor autosave (incl. sublevels) for '/Game/FirstPersonCPP/Maps/FirstPersonExampleMap' took 0.025
[2019.03.25-20.09.28:977][520]LogSlate: Window 'Wesley_S_Final - Unreal Editor' being destroyed
[2019.03.25-20.09.29:562][521]Cmd: QUIT_EDITOR
[2019.03.25-20.09.30:021][521]LogWindowsTextInputMethodSystem: Display: IME system now deactivated.
[2019.03.25-20.09.30:059][521]LogExit: Preparing to exit.
[2019.03.25-20.09.30:925][521]LogExit: Editor shut down
[2019.03.25-20.09.30:926][521]LogExit: Transaction tracking system shut down
[2019.03.25-20.09.32:770][521]LogExit: Object subsystem successfully closed.
[2019.03.25-20.09.32:939][521]LogShaderCompilers: Display: Shaders left to compile 0
[2019.03.25-20.09.32:965][521]LogD3D11RHI: Shutdown
[2019.03.25-20.09.32:965][521]LogD3D11RHI: CleanupD3DDevice
[2019.03.25-20.09.33:046][521]LogD3D11RHI: ~FD3D11DynamicRHI
[2019.03.25-20.09.34:168][521]LogModuleManager: Shutting down and abandoning module MovieSceneCapture (622)
[2019.03.25-20.09.34:168][521]LogModuleManager: Shutting down and abandoning module Voice (620)
[2019.03.25-20.09.34:172][521]LogModuleManager: Shutting down and abandoning module Wesley_S_Final (618)
[2019.03.25-20.09.34:172][521]LogModuleManager: Shutting down and abandoning module HierarchicalLODOutliner (612)
[2019.03.25-20.09.34:172][521]LogModuleManager: Shutting down and abandoning module SceneOutliner (610)
[2019.03.25-20.09.34:172][521]LogModuleManager: Shutting down and abandoning module AddContentDialog (608)
[2019.03.25-20.09.34:184][521]LogModuleManager: Shutting down and abandoning module WidgetCarousel (607)
[2019.03.25-20.09.34:184][521]LogModuleManager: Shutting down and abandoning module EditorWidgets (604)
[2019.03.25-20.09.34:184][521]LogModuleManager: Shutting down and abandoning module CollectionManager (602)
[2019.03.25-20.09.34:194][521]LogModuleManager: Shutting down and abandoning module StatsViewer (600)
[2019.03.25-20.09.34:200][521]LogModuleManager: Shutting down and abandoning module FoliageEdit (598)
[2019.03.25-20.09.34:211][521]LogModuleManager: Shutting down and abandoning module LandscapeEditor (596)
[2019.03.25-20.09.34:252][521]LogModuleManager: Shutting down and abandoning module MeshPaintMode (594)
[2019.03.25-20.09.34:263][521]LogModuleManager: Shutting down and abandoning module SceneDepthPickerMode (592)
[2019.03.25-20.09.34:263][521]LogModuleManager: Shutting down and abandoning module ActorPickerMode (590)
[2019.03.25-20.09.34:263][521]LogModuleManager: Shutting down and abandoning module GeometryMode (588)
[2019.03.25-20.09.34:263][521]LogModuleManager: Shutting down and abandoning module TextureAlignMode (586)
[2019.03.25-20.09.34:263][521]LogModuleManager: Shutting down and abandoning module BspMode (584)
[2019.03.25-20.09.34:263][521]LogModuleManager: Shutting down and abandoning module PIEPreviewDeviceProfileSelector (582)
[2019.03.25-20.09.34:270][521]LogModuleManager: Shutting down and abandoning module SequenceRecorderSections (580)
[2019.03.25-20.09.34:276][521]LogModuleManager: Shutting down and abandoning module AutomationWorker (578)
[2019.03.25-20.09.34:276][521]LogModuleManager: Shutting down and abandoning module AudioCaptureEditor (576)
[2019.03.25-20.09.34:276][521]LogModuleManager: Shutting down and abandoning module SequenceRecorder (575)
[2019.03.25-20.09.34:280][521]LogModuleManager: Shutting down and abandoning module MatineeToLevelSequence (572)
[2019.03.25-20.09.34:290][521]LogModuleManager: Shutting down and abandoning module LevelSequenceEditor (570)
[2019.03.25-20.09.34:316][521]LogModuleManager: Shutting down and abandoning module PlacementMode (569)
[2019.03.25-20.09.34:316][521]LogModuleManager: Shutting down and abandoning module MaterialEditor (568)
[2019.03.25-20.09.34:343][521]LogModuleManager: Shutting down and abandoning module WmfMediaFactory (564)
[2019.03.25-20.09.34:343][521]LogModuleManager: Shutting down and abandoning module WmfMediaEditor (562)
[2019.03.25-20.09.34:343][521]LogModuleManager: Shutting down and abandoning module MediaPlayerEditor (560)
[2019.03.25-20.09.34:363][521]LogModuleManager: Shutting down and abandoning module OpenExrWrapper (558)
[2019.03.25-20.09.34:363][521]LogModuleManager: Shutting down and abandoning module ImgMediaFactory (556)
[2019.03.25-20.09.34:363][521]LogModuleManager: Shutting down and abandoning module ImgMediaEditor (554)
[2019.03.25-20.09.34:363][521]LogModuleManager: Shutting down and abandoning module AvfMediaFactory (552)
[2019.03.25-20.09.34:363][521]LogModuleManager: Shutting down and abandoning module AvfMediaEditor (550)
[2019.03.25-20.09.34:363][521]LogModuleManager: Shutting down and abandoning module AndroidMediaFactory (548)
[2019.03.25-20.09.34:363][521]LogModuleManager: Shutting down and abandoning module AndroidMediaEditor (546)
[2019.03.25-20.09.34:363][521]LogModuleManager: Shutting down and abandoning module MagicLeapCameraPreviewFactory (544)
[2019.03.25-20.09.34:363][521]LogModuleManager: Shutting down and abandoning module MagicLeapMediaFactory (542)
[2019.03.25-20.09.34:363][521]LogModuleManager: Shutting down and abandoning module MagicLeapMediaEditor (540)
[2019.03.25-20.09.34:363][521]LogModuleManager: Shutting down and abandoning module CharacterAI (538)
[2019.03.25-20.09.34:363][521]LogModuleManager: Shutting down and abandoning module SmartSnapping (536)
[2019.03.25-20.09.34:363][521]LogModuleManager: Shutting down and abandoning module SessionServices (534)
[2019.03.25-20.09.34:363][521]LogModuleManager: Shutting down and abandoning module ViewportSnapping (532)
[2019.03.25-20.09.34:364][521]LogModuleManager: Shutting down and abandoning module ViewportInteraction (530)
[2019.03.25-20.09.34:364][521]LogModuleManager: Shutting down and abandoning module ClothPainter (528)
[2019.03.25-20.09.34:391][521]LogModuleManager: Shutting down and abandoning module SkeletalMeshEditor (527)
[2019.03.25-20.09.34:403][521]LogModuleManager: Shutting down and abandoning module LogVisualizer (524)
[2019.03.25-20.09.34:419][521]LogModuleManager: Shutting down and abandoning module IntroTutorials (522)
[2019.03.25-20.09.34:437][521]LogModuleManager: Shutting down and abandoning module GameProjectGeneration (521)
[2019.03.25-20.09.34:437][521]LogModuleManager: Shutting down and abandoning module LuminPlatformEditor (518)
[2019.03.25-20.09.34:437][521]LogModuleManager: Shutting down and abandoning module IOSPlatformEditor (516)
[2019.03.25-20.09.34:455][521]LogModuleManager: Shutting down and abandoning module HTML5PlatformEditor (514)
[2019.03.25-20.09.34:455][521]LogModuleManager: Shutting down and abandoning module AndroidPlatformEditor (512)
[2019.03.25-20.09.34:455][521]LogModuleManager: Shutting down and abandoning module AndroidDeviceDetection (511)
[2019.03.25-20.09.36:182][521]LogModuleManager: Shutting down and abandoning module WindowsPlatformEditor (508)
[2019.03.25-20.09.36:182][521]LogModuleManager: Shutting down and abandoning module LuminRuntimeSettings (506)
[2019.03.25-20.09.36:182][521]LogModuleManager: Shutting down and abandoning module IOSRuntimeSettings (504)
[2019.03.25-20.09.36:182][521]LogModuleManager: Shutting down and abandoning module AndroidRuntimeSettings (502)
[2019.03.25-20.09.36:182][521]LogModuleManager: Shutting down and abandoning module InputBindingEditor (500)
[2019.03.25-20.09.36:198][521]LogModuleManager: Shutting down and abandoning module MergeActors (498)
[2019.03.25-20.09.36:211][521]LogModuleManager: Shutting down and abandoning module LocalizationDashboard (496)
[2019.03.25-20.09.36:218][521]LogModuleManager: Shutting down and abandoning module LocalizationService (495)
[2019.03.25-20.09.36:221][521]LogModuleManager: Shutting down and abandoning module HardwareTargeting (492)
[2019.03.25-20.09.36:221][521]LogModuleManager: Shutting down and abandoning module DeviceProfileEditor (490)
[2019.03.25-20.09.36:221][521]LogModuleManager: Shutting down and abandoning module UndoHistory (488)
[2019.03.25-20.09.36:229][521]LogModuleManager: Shutting down and abandoning module XmlParser (486)
[2019.03.25-20.09.36:229][521]LogModuleManager: Shutting down and abandoning module Blutility (484)
[2019.03.25-20.09.36:233][521]LogModuleManager: Shutting down and abandoning module ProjectSettingsViewer (482)
[2019.03.25-20.09.36:233][521]LogModuleManager: Shutting down and abandoning module ProjectTargetPlatformEditor (481)
[2019.03.25-20.09.36:233][521]LogModuleManager: Shutting down and abandoning module EditorSettingsViewer (478)
[2019.03.25-20.09.36:233][521]LogModuleManager: Shutting down and abandoning module SettingsEditor (476)
[2019.03.25-20.09.36:258][521]LogModuleManager: Shutting down and abandoning module ProjectLauncher (474)
[2019.03.25-20.09.36:272][521]LogModuleManager: Shutting down and abandoning module SessionFrontend (472)
[2019.03.25-20.09.36:285][521]LogModuleManager: Shutting down and abandoning module ProfilerClient (470)
[2019.03.25-20.09.36:286][521]LogModuleManager: Shutting down and abandoning module DeviceManager (468)
[2019.03.25-20.09.36:293][521]LogModuleManager: Shutting down and abandoning module TargetDeviceServices (467)
[2019.03.25-20.09.36:359][521]LogModuleManager: Shutting down and abandoning module AutomationController (464)
[2019.03.25-20.09.36:363][521]LogModuleManager: Shutting down and abandoning module AutomationWindow (462)
[2019.03.25-20.09.36:373][521]LogModuleManager: Shutting down and abandoning module Layers (460)
[2019.03.25-20.09.36:398][521]LogModuleManager: Shutting down and abandoning module ComponentVisualizers (458)
[2019.03.25-20.09.36:398][521]LogModuleManager: Shutting down and abandoning module DetailCustomizations (456)
[2019.03.25-20.09.36:412][521]LogModuleManager: Shutting down and abandoning module PackagesDialog (454)
[2019.03.25-20.09.36:413][521]LogModuleManager: Shutting down and abandoning module Persona (452)
[2019.03.25-20.09.36:455][521]LogModuleManager: Shutting down and abandoning module AdvancedPreviewScene (451)
[2019.03.25-20.09.36:455][521]LogModuleManager: Shutting down and abandoning module AnimGraph (449)
[2019.03.25-20.09.36:466][521]LogModuleManager: Shutting down and abandoning module Kismet (446)
[2019.03.25-20.09.36:494][521]LogModuleManager: Shutting down and abandoning module GraphEditor (444)
[2019.03.25-20.09.36:544][521]LogModuleManager: Shutting down and abandoning module ClassViewer (442)
[2019.03.25-20.09.36:547][521]LogModuleManager: Shutting down and abandoning module Toolbox (440)
[2019.03.25-20.09.36:547][521]LogModuleManager: Shutting down and abandoning module DesktopPlatform (439)
[2019.03.25-20.09.36:547][521]LogModuleManager: Shutting down and abandoning module ModuleUI (436)
[2019.03.25-20.09.36:556][521]LogModuleManager: Shutting down and abandoning module MovieSceneTools (434)
[2019.03.25-20.09.36:581][521]LogModuleManager: Shutting down and abandoning module OutputLog (432)
[2019.03.25-20.09.36:581][521]LogModuleManager: Shutting down and abandoning module GammaUI (430)
[2019.03.25-20.09.36:591][521]LogModuleManager: Shutting down and abandoning module Documentation (428)
[2019.03.25-20.09.36:592][521]LogModuleManager: Shutting down and abandoning module MovieSceneTracks (426)
[2019.03.25-20.09.36:592][521]LogModuleManager: Shutting down and abandoning module MovieScene (424)
[2019.03.25-20.09.36:601][521]LogModuleManager: Shutting down and abandoning module StreamingPauseRendering (422)
[2019.03.25-20.09.36:607][521]LogModuleManager: Shutting down and abandoning module LauncherPlatform (420)
[2019.03.25-20.09.36:607][521]LogModuleManager: Shutting down and abandoning module AnalyticsET (418)
[2019.03.25-20.09.36:607][521]LogModuleManager: Shutting down and abandoning module PortalServices (416)
[2019.03.25-20.09.36:607][521]LogModuleManager: Shutting down and abandoning module PortalRpc (414)
[2019.03.25-20.09.36:607][521]LogModuleManager: Shutting down and abandoning module MessagingRpc (412)
[2019.03.25-20.09.36:607][521]LogModuleManager: Shutting down and abandoning module AIModule (410)
[2019.03.25-20.09.36:616][521]LogModuleManager: Shutting down and abandoning module GameplayDebugger (409)
[2019.03.25-20.09.36:627][521]LogModuleManager: Shutting down and abandoning module AITestSuite (407)
[2019.03.25-20.09.36:636][521]LogModuleManager: Shutting down and abandoning module NavigationSystem (405)
[2019.03.25-20.09.36:637][521]LogModuleManager: Shutting down and abandoning module ProfilerService (402)
[2019.03.25-20.09.36:685][521]LogModuleManager: Shutting down and abandoning module TaskGraph (400)
[2019.03.25-20.09.36:696][521]LogModuleManager: Shutting down and abandoning module SteamVRController (398)
[2019.03.25-20.09.36:696][521]LogModuleManager: Shutting down and abandoning module ProceduralMeshComponentEditor (396)
[2019.03.25-20.09.36:696][521]LogModuleManager: Shutting down and abandoning module ProceduralMeshComponent (394)
[2019.03.25-20.09.36:703][521]LogModuleManager: Shutting down and abandoning module OculusInput (392)
[2019.03.25-20.09.36:703][521]LogModuleManager: Shutting down and abandoning module MobilePatchingUtils (390)
[2019.03.25-20.09.36:703][521]LogModuleManager: Shutting down and abandoning module EditableMesh (388)
[2019.03.25-20.09.36:709][521]LogModuleManager: Shutting down and abandoning module CustomMeshComponent (386)
[2019.03.25-20.09.36:709][521]LogModuleManager: Shutting down and abandoning module CableComponent (384)
[2019.03.25-20.09.36:709][521]LogModuleManager: Shutting down and abandoning module AudioCapture (382)
[2019.03.25-20.09.36:709][521]LogModuleManager: Shutting down and abandoning module ArchVisCharacter (380)
[2019.03.25-20.09.36:709][521]LogModuleManager: Shutting down and abandoning module AndroidPermission (378)
[2019.03.25-20.09.36:709][521]LogModuleManager: Shutting down and abandoning module NUTUnrealEngine4 (376)
[2019.03.25-20.09.36:709][521]LogModuleManager: Shutting down and abandoning module NetcodeUnitTest (374)
[2019.03.25-20.09.36:726][521]LogModuleManager: Shutting down and abandoning module MediaCompositingEditor (372)
[2019.03.25-20.09.36:726][521]LogModuleManager: Shutting down and abandoning module MediaCompositing (370)
[2019.03.25-20.09.36:726][521]LogModuleManager: Shutting down and abandoning module LinearTimecode (368)
[2019.03.25-20.09.36:726][521]LogModuleManager: Shutting down and abandoning module ImgMedia (366)
[2019.03.25-20.09.36:748][521]LogModuleManager: Shutting down and abandoning module HTML5Networking (364)
[2019.03.25-20.09.36:748][521]LogModuleManager: Shutting down and abandoning module GeometryCacheTracks (362)
[2019.03.25-20.09.36:748][521]LogModuleManager: Shutting down and abandoning module GeometryCacheSequencer (360)
[2019.03.25-20.09.36:748][521]LogModuleManager: Shutting down and abandoning module BackChannel (358)
[2019.03.25-20.09.36:761][521]LogModuleManager: Shutting down and abandoning module AppleVision (356)
[2019.03.25-20.09.36:761][521]LogModuleManager: Shutting down and abandoning module AppleImageUtils (354)
[2019.03.25-20.09.36:761][521]LogModuleManager: Shutting down and abandoning module AlembicImporter (352)
[2019.03.25-20.09.36:761][521]LogModuleManager: Shutting down and abandoning module AlembicLibrary (351)
[2019.03.25-20.09.36:761][521]LogModuleManager: Shutting down and abandoning module GeometryCache (350)
[2019.03.25-20.09.36:761][521]LogModuleManager: Shutting down and abandoning module GeometryCacheEd (349)
[2019.03.25-20.09.36:761][521]LogModuleManager: Shutting down and abandoning module DatasmithContentEditor (344)
[2019.03.25-20.09.36:764][521]LogModuleManager: Shutting down and abandoning module DatasmithContent (342)
[2019.03.25-20.09.36:766][521]LogModuleManager: Shutting down and abandoning module SpeedTreeImporter (340)
[2019.03.25-20.09.36:766][521]LogModuleManager: Shutting down and abandoning module PluginBrowser (338)
[2019.03.25-20.09.36:784][521]LogModuleManager: Shutting down and abandoning module MobileLauncherProfileWizard (336)
[2019.03.25-20.09.36:788][521]LogModuleManager: Shutting down and abandoning module PolygonModeling (334)
[2019.03.25-20.09.36:788][521]LogModuleManager: Shutting down and abandoning module MeshEditor (332)
[2019.03.25-20.09.36:791][521]LogModuleManager: Shutting down and abandoning module CryptoKeysOpenSSL (330)
[2019.03.25-20.09.36:794][521]LogModuleManager: Shutting down and abandoning module CryptoKeys (328)
[2019.03.25-20.09.36:794][521]LogModuleManager: Shutting down and abandoning module VisualStudioSourceCodeAccess (326)
[2019.03.25-20.09.36:794][521]LogModuleManager: Shutting down and abandoning module VisualStudioCodeSourceCodeAccess (324)
[2019.03.25-20.09.36:794][521]LogModuleManager: Shutting down and abandoning module UObjectPlugin (322)
[2019.03.25-20.09.36:794][521]LogModuleManager: Shutting down and abandoning module SubversionSourceControl (320)
[2019.03.25-20.09.36:799][521]LogModuleManager: Shutting down and abandoning module PerforceSourceControl (318)
[2019.03.25-20.09.36:817][521]LogModuleManager: Shutting down and abandoning module GitSourceControl (316)
[2019.03.25-20.09.36:839][521]LogModuleManager: Shutting down and abandoning module SourceControl (315)
[2019.03.25-20.09.36:849][521]LogModuleManager: Shutting down and abandoning module CLionSourceCodeAccess (312)
[2019.03.25-20.09.36:849][521]LogModuleManager: Shutting down and abandoning module LightPropagationVolumeEditor (310)
[2019.03.25-20.09.36:850][521]LogModuleManager: Shutting down and abandoning module PaperTiledImporter (308)
[2019.03.25-20.09.36:850][521]LogModuleManager: Shutting down and abandoning module PaperSpriteSheetImporter (306)
[2019.03.25-20.09.36:850][521]LogModuleManager: Shutting down and abandoning module Paper2DEditor (304)
[2019.03.25-20.09.36:873][521]LogModuleManager: Shutting down and abandoning module MeshPaint (303)
[2019.03.25-20.09.36:881][521]LogModuleManager: Shutting down and abandoning module RuntimePhysXCooking (298)
[2019.03.25-20.09.36:882][521]LogModuleManager: Shutting down and abandoning module PhysXVehiclesEditor (296)
[2019.03.25-20.09.36:882][521]LogModuleManager: Shutting down and abandoning module PhysXVehicles (294)
[2019.03.25-20.09.36:882][521]LogModuleManager: Shutting down and abandoning module OculusEditor (292)
[2019.03.25-20.09.36:895][521]LogModuleManager: Shutting down and abandoning module LocationServicesBPLibrary (290)
[2019.03.25-20.09.36:895][521]LogModuleManager: Shutting down and abandoning module ImmediatePhysicsEditor (288)
[2019.03.25-20.09.36:895][521]LogModuleManager: Shutting down and abandoning module ImmediatePhysics (286)
[2019.03.25-20.09.36:897][521]LogModuleManager: Shutting down and abandoning module ActorSequence (284)
[2019.03.25-20.09.36:897][521]LogModuleManager: Shutting down and abandoning module UdpMessaging (282)
[2019.03.25-20.09.36:999][521]LogModuleManager: Shutting down and abandoning module TcpMessaging (280)
[2019.03.25-20.09.37:109][521]LogModuleManager: Shutting down and abandoning module MagicLeapAudio (278)
[2019.03.25-20.09.37:109][521]LogModuleManager: Shutting down and abandoning module GameplayTagsEditor (276)
[2019.03.25-20.09.37:125][521]LogModuleManager: Shutting down and abandoning module FacialAnimationEditor (274)
[2019.03.25-20.09.37:126][521]LogModuleManager: Shutting down and abandoning module FacialAnimation (272)
[2019.03.25-20.09.37:126][521]LogModuleManager: Shutting down and abandoning module DataValidation (270)
[2019.03.25-20.09.37:126][521]LogModuleManager: Shutting down and abandoning module AssetManagerEditor (268)
[2019.03.25-20.09.37:132][521]LogModuleManager: Shutting down and abandoning module LevelEditor (267)
[2019.03.25-20.09.37:149][521]LogModuleManager: Shutting down and abandoning module PixelInspectorModule (266)
[2019.03.25-20.09.37:159][521]LogModuleManager: Shutting down and abandoning module CommonMenuExtensions (264)
[2019.03.25-20.09.37:159][521]LogModuleManager: Shutting down and abandoning module MainFrame (262)
[2019.03.25-20.09.37:167][521]LogModuleManager: Shutting down and abandoning module HotReload (261)
[2019.03.25-20.09.37:168][521]LogModuleManager: Shutting down and abandoning module ContentBrowser (257)
[2019.03.25-20.09.37:170][521]LogModuleManager: Shutting down and abandoning module TreeMap (255)
[2019.03.25-20.09.37:178][521]LogModuleManager: Shutting down and abandoning module LightPropagationVolumeRuntime (252)
[2019.03.25-20.09.37:178][521]LogModuleManager: Shutting down and abandoning module AISupportModule (250)
[2019.03.25-20.09.37:178][521]LogModuleManager: Shutting down and abandoning module Paper2D (248)
[2019.03.25-20.09.37:186][521]LogModuleManager: Shutting down and abandoning module WindowsMoviePlayer (246)
[2019.03.25-20.09.37:225][521]LogModuleManager: Shutting down and abandoning module WmfMedia (244)
[2019.03.25-20.09.37:234][521]LogModuleManager: Shutting down and abandoning module Media (243)
[2019.03.25-20.09.37:239][521]LogModuleManager: Shutting down and abandoning module PacketHandler (240)
[2019.03.25-20.09.37:239][521]LogModuleManager: Shutting down and abandoning module ClothingSystemEditor (238)
[2019.03.25-20.09.37:240][521]LogModuleManager: Shutting down and abandoning module ClothingSystemRuntime (236)
[2019.03.25-20.09.37:261][521]LogModuleManager: Shutting down and abandoning module MediaAssets (234)
[2019.03.25-20.09.37:261][521]LogModuleManager: Shutting down and abandoning module Overlay (232)
[2019.03.25-20.09.37:261][521]LogModuleManager: Shutting down and abandoning module OverlayEditor (231)
[2019.03.25-20.09.37:262][521]LogModuleManager: Shutting down and abandoning module VREditor (228)
[2019.03.25-20.09.37:269][521]LogModuleManager: Shutting down and abandoning module StringTableEditor (226)
[2019.03.25-20.09.37:285][521]LogModuleManager: Shutting down and abandoning module GameplayTasksEditor (224)
[2019.03.25-20.09.37:285][521]LogModuleManager: Shutting down and abandoning module BehaviorTreeEditor (222)
[2019.03.25-20.09.37:307][521]LogModuleManager: Shutting down and abandoning module FunctionalTesting (220)
[2019.03.25-20.09.37:319][521]LogModuleManager: Shutting down and abandoning module CollisionAnalyzer (218)
[2019.03.25-20.09.37:323][521]LogModuleManager: Shutting down and abandoning module WorkspaceMenuStructure (217)
[2019.03.25-20.09.37:323][521]LogModuleManager: Shutting down and abandoning module UMG (214)
[2019.03.25-20.09.37:323][521]LogModuleManager: Shutting down and abandoning module UMGEditor (213)
[2019.03.25-20.09.37:345][521]LogModuleManager: Shutting down and abandoning module Sequencer (212)
[2019.03.25-20.09.37:397][521]LogModuleManager: Shutting down and abandoning module MessageLog (209)
[2019.03.25-20.09.37:397][521]LogModuleManager: Shutting down and abandoning module SlateReflector (204)
[2019.03.25-20.09.37:426][521]LogModuleManager: Shutting down and abandoning module Slate (202)
[2019.03.25-20.09.37:426][521]LogModuleManager: Shutting down and abandoning module EditorStyle (200)
[2019.03.25-20.09.37:429][521]LogModuleManager: Shutting down and abandoning module MRMesh (198)
[2019.03.25-20.09.37:429][521]LogModuleManager: Shutting down and abandoning module SourceCodeAccess (196)
[2019.03.25-20.09.37:429][521]LogModuleManager: Shutting down and abandoning module HeadMountedDisplay (194)
[2019.03.25-20.09.37:429][521]LogModuleManager: Shutting down and abandoning module XAudio2 (192)
[2019.03.25-20.09.37:429][521]LogModuleManager: Shutting down and abandoning module Networking (190)
[2019.03.25-20.09.37:429][521]LogModuleManager: Shutting down and abandoning module Core (188)
[2019.03.25-20.09.37:429][521]LogModuleManager: Shutting down and abandoning module LevelSequence (186)
[2019.03.25-20.09.37:429][521]LogModuleManager: Shutting down and abandoning module KismetCompiler (184)
[2019.03.25-20.09.37:429][521]LogModuleManager: Shutting down and abandoning module MeshUtilities (182)
[2019.03.25-20.09.37:438][521]LogModuleManager: Shutting down and abandoning module MeshMergeUtilities (181)
[2019.03.25-20.09.37:444][521]LogModuleManager: Shutting down and abandoning module MeshReductionInterface (180)
[2019.03.25-20.09.37:444][521]LogModuleManager: Shutting down and abandoning module SimplygonSwarm (179)
[2019.03.25-20.09.37:451][521]LogModuleManager: Shutting down and abandoning module ProxyLODMeshReduction (177)
[2019.03.25-20.09.37:466][521]LogModuleManager: Shutting down and abandoning module SimplygonMeshReduction (175)
[2019.03.25-20.09.37:466][521]LogModuleManager: Shutting down and abandoning module QuadricMeshReduction (173)
[2019.03.25-20.09.37:489][521]LogModuleManager: Shutting down and abandoning module MaterialBaking (169)
[2019.03.25-20.09.37:490][521]LogModuleManager: Shutting down and abandoning module DirectoryWatcher (165)
[2019.03.25-20.09.37:490][521]LogModuleManager: Shutting down and abandoning module DerivedDataCache (162)
[2019.03.25-20.09.37:520][521]LogDerivedDataCache: Shutdown
[2019.03.25-20.09.37:520][521]LogModuleManager: Shutting down and abandoning module XGEController (160)
[2019.03.25-20.09.37:528][521]LogModuleManager: Shutting down and abandoning module TargetPlatform (158)
[2019.03.25-20.09.37:528][521]LogModuleManager: Shutting down and abandoning module VulkanShaderFormat (157)
[2019.03.25-20.09.37:541][521]LogModuleManager: Shutting down and abandoning module ShaderFormatVectorVM (155)
[2019.03.25-20.09.37:552][521]LogModuleManager: Shutting down and abandoning module ShaderFormatOpenGL (153)
[2019.03.25-20.09.37:559][521]LogModuleManager: Shutting down and abandoning module ShaderFormatD3D (151)
[2019.03.25-20.09.37:559][521]LogModuleManager: Shutting down and abandoning module MetalShaderFormat (149)
[2019.03.25-20.09.37:571][521]LogModuleManager: Shutting down and abandoning module TextureFormatUncompressed (147)
[2019.03.25-20.09.37:571][521]LogModuleManager: Shutting down and abandoning module TextureFormatPVR (145)
[2019.03.25-20.09.37:571][521]LogModuleManager: Shutting down and abandoning module TextureFormatDXT (143)
[2019.03.25-20.09.37:571][521]LogModuleManager: Shutting down and abandoning module TextureFormatIntelISPCTexComp (141)
[2019.03.25-20.09.37:580][521]LogModuleManager: Shutting down and abandoning module TextureFormatASTC (139)
[2019.03.25-20.09.37:580][521]LogModuleManager: Shutting down and abandoning module ImageWrapper (138)
[2019.03.25-20.09.37:580][521]LogModuleManager: Shutting down and abandoning module TextureFormatAndroid (135)
[2019.03.25-20.09.37:580][521]LogModuleManager: Shutting down and abandoning module AudioFormatOpus (133)
[2019.03.25-20.09.37:581][521]LogModuleManager: Shutting down and abandoning module AudioFormatOgg (131)
[2019.03.25-20.09.37:581][521]LogModuleManager: Shutting down and abandoning module AudioFormatADPCM (129)
[2019.03.25-20.09.37:581][521]LogModuleManager: Shutting down and abandoning module LuminTargetPlatform (127)
[2019.03.25-20.09.37:581][521]LogModuleManager: Shutting down and abandoning module LinuxTargetPlatform (125)
[2019.03.25-20.09.37:581][521]LogModuleManager: Shutting down and abandoning module LinuxServerTargetPlatform (123)
[2019.03.25-20.09.37:581][521]LogModuleManager: Shutting down and abandoning module LinuxNoEditorTargetPlatform (121)
[2019.03.25-20.09.37:584][521]LogModuleManager: Shutting down and abandoning module LinuxClientTargetPlatform (119)
[2019.03.25-20.09.37:591][521]LogModuleManager: Shutting down and abandoning module TVOSTargetPlatform (117)
[2019.03.25-20.09.37:595][521]LogModuleManager: Shutting down and abandoning module Messaging (115)
[2019.03.25-20.09.37:595][521]LogModuleManager: Shutting down and abandoning module IOSTargetPlatform (113)
[2019.03.25-20.09.37:599][521]LogModuleManager: Shutting down and abandoning module HTML5TargetPlatform (111)
[2019.03.25-20.09.37:599][521]LogModuleManager: Shutting down and abandoning module AndroidTargetPlatform (109)
[2019.03.25-20.09.37:635][521]LogModuleManager: Shutting down and abandoning module WindowsTargetPlatform (107)
[2019.03.25-20.09.37:635][521]LogModuleManager: Shutting down and abandoning module WindowsServerTargetPlatform (105)
[2019.03.25-20.09.37:635][521]LogModuleManager: Shutting down and abandoning module WindowsNoEditorTargetPlatform (103)
[2019.03.25-20.09.37:635][521]LogModuleManager: Shutting down and abandoning module WindowsClientTargetPlatform (101)
[2019.03.25-20.09.37:635][521]LogModuleManager: Shutting down and abandoning module MacTargetPlatform (99)
[2019.03.25-20.09.37:635][521]LogModuleManager: Shutting down and abandoning module MacServerTargetPlatform (97)
[2019.03.25-20.09.37:635][521]LogModuleManager: Shutting down and abandoning module MacNoEditorTargetPlatform (95)
[2019.03.25-20.09.37:635][521]LogModuleManager: Shutting down and abandoning module MacClientTargetPlatform (93)
[2019.03.25-20.09.37:635][521]LogModuleManager: Shutting down and abandoning module AllDesktopTargetPlatform (91)
[2019.03.25-20.09.37:635][521]LogModuleManager: Shutting down and abandoning module InputCore (88)
[2019.03.25-20.09.37:636][521]LogModuleManager: Shutting down and abandoning module Settings (86)
[2019.03.25-20.09.37:636][521]LogModuleManager: Shutting down and abandoning module PhysXCooking (84)
[2019.03.25-20.09.37:636][521]LogModuleManager: Shutting down and abandoning module SteamVR (82)
[2019.03.25-20.09.37:636][521]LogModuleManager: Shutting down and abandoning module OculusHMD (80)
[2019.03.25-20.09.37:645][521]LogModuleManager: Shutting down and abandoning module ExampleDeviceProfileSelector (78)
[2019.03.25-20.09.37:645][521]LogModuleManager: Shutting down and abandoning module LauncherChunkInstaller (76)
[2019.03.25-20.09.37:645][521]LogModuleManager: Shutting down and abandoning module OnlineBlueprintSupport (74)
[2019.03.25-20.09.37:645][521]LogModuleManager: Shutting down and abandoning module OnlineSubsystem (70)
[2019.03.25-20.09.37:658][521]LogModuleManager: Shutting down and abandoning module XMPP (65)
[2019.03.25-20.09.37:684][521]LogModuleManager: Shutting down and abandoning module WebSockets (64)
[2019.03.25-20.09.37:737][521]LogModuleManager: Shutting down and abandoning module HTTP (61)
[2019.03.25-20.09.37:744][521]LogHttp: Display: Http module shutting down, but needs to wait on 1 outstanding Http requests:
[2019.03.25-20.09.37:744][521]LogHttp: Display: 	verb=[POST] url=[https://datarouter.ol.epicgames.com/datarouter/api/v1/public/data?SessionID=%7B0AF03F35-4394-5CE1-5360-4381259F19F5%7D&AppID=UEEditor.Rocket.Release&AppVersion=4.20.1-4233996%2B%2B%2BUE4%2BRelease-4.20&UserID=840ed134491f4fa17ce4998775de4477%7Ca7e285c1c2f4499a9afc43bd5d673f70%7Ce8c4cb6e-8038-4607-99b6-8d62f9b01c2e&AppEnvironment=datacollector-binary&UploadType=eteventstream] status=Processing
[2019.03.25-20.09.37:754][521]LogModuleManager: Shutting down and abandoning module SSL (60)
[2019.03.25-20.09.37:775][521]LogModuleManager: Shutting down and abandoning module MagicLeapEmulator (56)
[2019.03.25-20.09.37:775][521]LogModuleManager: Shutting down and abandoning module MagicLeapPrivileges (54)
[2019.03.25-20.09.37:775][521]LogModuleManager: Shutting down and abandoning module MagicLeapIdentity (52)
[2019.03.25-20.09.37:775][521]LogModuleManager: Shutting down and abandoning module MagicLeapHelperVulkan (50)
[2019.03.25-20.09.37:776][521]LogModuleManager: Shutting down and abandoning module MagicLeapHelperOpenGL (48)
[2019.03.25-20.09.37:776][521]LogModuleManager: Shutting down and abandoning module MagicLeapSecureStorage (46)
[2019.03.25-20.09.37:776][521]LogModuleManager: Shutting down and abandoning module MagicLeapGestures (44)
[2019.03.25-20.09.37:776][521]LogModuleManager: Shutting down and abandoning module MagicLeapEyeTracker (42)
[2019.03.25-20.09.37:776][521]LogModuleManager: Shutting down and abandoning module MagicLeapController (40)
[2019.03.25-20.09.37:776][521]LogSlate: Slate User Destroyed.  User Index 0, Is Virtual User: 0
[2019.03.25-20.09.37:776][521]LogModuleManager: Shutting down and abandoning module MagicLeap (38)
[2019.03.25-20.09.37:776][521]LogModuleManager: Shutting down and abandoning module AnimationModifiers (36)
[2019.03.25-20.09.37:792][521]LogModuleManager: Shutting down and abandoning module PropertyEditor (35)
[2019.03.25-20.09.37:801][521]LogModuleManager: Shutting down and abandoning module AudioEditor (32)
[2019.03.25-20.09.37:821][521]LogModuleManager: Shutting down and abandoning module TextureCompressor (30)
[2019.03.25-20.09.37:821][521]LogModuleManager: Shutting down and abandoning module ShaderCore (28)
[2019.03.25-20.09.37:821][521]LogModuleManager: Shutting down and abandoning module Landscape (26)
[2019.03.25-20.09.37:821][521]LogModuleManager: Shutting down and abandoning module SlateRHIRenderer (24)
[2019.03.25-20.09.37:838][521]LogModuleManager: Shutting down and abandoning module OpenGLDrv (22)
[2019.03.25-20.09.37:850][521]LogModuleManager: Shutting down and abandoning module D3D11RHI (20)
[2019.03.25-20.09.37:850][521]LogModuleManager: Shutting down and abandoning module AnimGraphRuntime (18)
[2019.03.25-20.09.37:855][521]LogModuleManager: Shutting down and abandoning module Renderer (16)
[2019.03.25-20.09.37:855][521]LogModuleManager: Shutting down and abandoning module Engine (14)
[2019.03.25-20.09.37:855][521]LogModuleManager: Shutting down and abandoning module CoreUObject (12)
[2019.03.25-20.09.37:855][521]LogModuleManager: Shutting down and abandoning module NetworkFile (10)
[2019.03.25-20.09.37:855][521]LogModuleManager: Shutting down and abandoning module CookedIterativeFile (8)
[2019.03.25-20.09.37:855][521]LogModuleManager: Shutting down and abandoning module StreamingFile (6)
[2019.03.25-20.09.37:855][521]LogModuleManager: Shutting down and abandoning module SandboxFile (4)
[2019.03.25-20.09.37:855][521]LogModuleManager: Shutting down and abandoning module PakFile (2)
[2019.03.25-20.09.37:879][521]LogExit: Exiting.
[2019.03.25-20.09.37:915][521]Log file closed, 03/25/19 16:09:37
