Log file open, 03/25/19 16:33:49
LogWindows: Failed to load 'aqProf.dll' (GetLastError=126)
LogWindows: File 'aqProf.dll' does not exist
LogWindows: Failed to load 'VSPerf140.dll' (GetLastError=126)
LogWindows: File 'VSPerf140.dll' does not exist
LogWindows: Failed to load 'VtuneApi.dll' (GetLastError=126)
LogWindows: File 'VtuneApi.dll' does not exist
LogWindows: Failed to load 'VtuneApi32e.dll' (GetLastError=126)
LogWindows: File 'VtuneApi32e.dll' does not exist
LogInit: Display: Running engine for game: Wesley_S_Final
LogPlatformFile: Not using cached read wrapper
LogTaskGraph: Started task graph with 5 named threads and 23 total threads with 3 sets of task threads.
LogStats: Stats thread started at 0.367100
LogD3D11RHI: Loaded GFSDK_Aftermath_Lib.x64.dll
LogICUInternationalization: Display: ICU TimeZone Detection - Raw Offset: -5:00, Platform Override: ''
LogPluginManager: Mounting plugin Paper2D
LogPluginManager: Mounting plugin AISupport
LogPluginManager: Mounting plugin LightPropagationVolume
LogPluginManager: Mounting plugin CLionSourceCodeAccess
LogPluginManager: Mounting plugin CodeLiteSourceCodeAccess
LogPluginManager: Mounting plugin GitSourceControl
LogPluginManager: Mounting plugin KDevelopSourceCodeAccess
LogPluginManager: Mounting plugin NullSourceCodeAccess
LogPluginManager: Mounting plugin PerforceSourceControl
LogPluginManager: Mounting plugin SubversionSourceControl
LogPluginManager: Mounting plugin UObjectPlugin
LogPluginManager: Mounting plugin VisualStudioCodeSourceCodeAccess
LogPluginManager: Mounting plugin VisualStudioSourceCodeAccess
LogPluginManager: Mounting plugin XCodeSourceCodeAccess
LogPluginManager: Mounting plugin AssetManagerEditor
LogPluginManager: Mounting plugin CryptoKeys
LogPluginManager: Mounting plugin DataValidation
LogPluginManager: Mounting plugin FacialAnimation
LogPluginManager: Mounting plugin GameplayTagsEditor
LogPluginManager: Mounting plugin MacGraphicsSwitching
LogPluginManager: Mounting plugin MeshEditor
LogPluginManager: Mounting plugin MobileLauncherProfileWizard
LogPluginManager: Mounting plugin PluginBrowser
LogPluginManager: Mounting plugin SpeedTreeImporter
LogPluginManager: Mounting plugin DatasmithContent
LogPluginManager: Mounting plugin AlembicImporter
LogPluginManager: Mounting plugin AppleImageUtils
LogPluginManager: Mounting plugin AppleVision
LogPluginManager: Mounting plugin BackChannel
LogPluginManager: Mounting plugin CharacterAI
LogPluginManager: Mounting plugin GeometryCache
LogPluginManager: Mounting plugin HTML5Networking
LogPluginManager: Mounting plugin ProxyLODPlugin
LogPluginManager: Mounting plugin MagicLeap
LogPluginManager: Mounting plugin MagicLeapEmulator
LogPluginManager: Mounting plugin MagicLeapMedia
LogPluginManager: Mounting plugin AndroidMedia
LogPluginManager: Mounting plugin AvfMedia
LogPluginManager: Mounting plugin ImgMedia
LogPluginManager: Mounting plugin LinearTimecode
LogPluginManager: Mounting plugin MediaCompositing
LogPluginManager: Mounting plugin MediaPlayerEditor
LogPluginManager: Mounting plugin WmfMedia
LogPluginManager: Mounting plugin TcpMessaging
LogPluginManager: Mounting plugin UdpMessaging
LogPluginManager: Mounting plugin ActorSequence
LogPluginManager: Mounting plugin LevelSequenceEditor
LogPluginManager: Mounting plugin MatineeToLevelSequence
LogPluginManager: Mounting plugin NetcodeUnitTest
LogPluginManager: Mounting plugin NUTUnrealEngine4
LogPluginManager: Mounting plugin OnlineSubsystemGooglePlay
LogPluginManager: Mounting plugin OnlineSubsystemIOS
LogPluginManager: Mounting plugin OnlineSubsystem
LogPluginManager: Mounting plugin OnlineSubsystemNull
LogPluginManager: Mounting plugin OnlineSubsystemUtils
LogPluginManager: Mounting plugin LauncherChunkInstaller
LogPluginManager: Mounting plugin AndroidDeviceProfileSelector
LogPluginManager: Mounting plugin AndroidMoviePlayer
LogPluginManager: Mounting plugin AndroidPermission
LogPluginManager: Mounting plugin AppleMoviePlayer
LogPluginManager: Mounting plugin ArchVisCharacter
LogPluginManager: Mounting plugin AudioCapture
LogPluginManager: Mounting plugin CableComponent
LogPluginManager: Mounting plugin CustomMeshComponent
LogPluginManager: Mounting plugin EditableMesh
LogPluginManager: Mounting plugin ExampleDeviceProfileSelector
LogPluginManager: Mounting plugin GoogleCloudMessaging
LogPluginManager: Mounting plugin ImmediatePhysics
LogPluginManager: Mounting plugin IOSDeviceProfileSelector
LogPluginManager: Mounting plugin LinuxDeviceProfileSelector
LogPluginManager: Mounting plugin LocationServicesBPLibrary
LogPluginManager: Mounting plugin MobilePatchingUtils
LogPluginManager: Mounting plugin OculusVR
LogPluginManager: Plugin shader directory ../../../Engine/Plugins/Runtime/Oculus/OculusVR/Shaders found
LogPluginManager: Mapping shader source directory ../../../Engine/Plugins/Runtime/Oculus/OculusVR/Shaders to virtual directory /Plugin/OculusVR
LogPluginManager: Mounting plugin PhysXVehicles
LogPluginManager: Mounting plugin ProceduralMeshComponent
LogPluginManager: Mounting plugin RuntimePhysXCooking
LogPluginManager: Mounting plugin SteamVR
LogPluginManager: Mounting plugin WindowsMoviePlayer
LogStreaming: Display: Took  0.147s to configure plugins.
LogInit: Using libcurl 7.55.1-DEV
LogInit:  - built for x86_64-pc-win32
LogInit:  - supports SSL with OpenSSL/1.0.2h
LogInit:  - supports HTTP deflate (compression) using libz 1.2.8
LogInit:  - other features:
LogInit:      CURL_VERSION_SSL
LogInit:      CURL_VERSION_LIBZ
LogInit:      CURL_VERSION_IPV6
LogInit:      CURL_VERSION_ASYNCHDNS
LogInit:      CURL_VERSION_LARGEFILE
LogInit:      CURL_VERSION_IDN
LogInit:  CurlRequestOptions (configurable via config and command line):
LogInit:  - bVerifyPeer = false  - Libcurl will NOT verify peer certificate
LogInit:  - bUseHttpProxy = false  - Libcurl will NOT use HTTP proxy
LogInit:  - bDontReuseConnections = false  - Libcurl will reuse connections
LogInit:  - CertBundlePath = nullptr  - Libcurl will use whatever was configured at build time.
LogInit:  - MaxHostConnections = 16  - Libcurl will limit the number of connections to a host
LogInit:  - LocalHostAddr = Default
LogInit:  - BufferSize = 65536
LogInit: WinSock: version 1.1 (2.2), MaxSocks=32767, MaxUdp=65467
LogInit: Build: ++UE4+Release-4.20-CL-4233996
LogInit: Engine Version: 4.20.1-4233996+++UE4+Release-4.20
LogInit: Compatible Engine Version: 4.20.0-4212847+++UE4+Release-4.20
LogInit: Net CL: 4212847
LogInit: OS: Windows 10 (), CPU:        Intel(R) Core(TM) i7-3770K CPU @ 3.50GHz, GPU: NVIDIA GeForce GTX 670
LogInit: Compiled (64-bit): Jul 26 2018 10:07:30
LogInit: Compiled with Visual C++: 19.13.26129.00
LogInit: Build Configuration: Development
LogInit: Branch Name: ++UE4+Release-4.20
LogInit: Command Line:  -skipcompile
LogInit: Base Directory: D:/Program Files/Epic Games/UE_4.20/Engine/Binaries/Win64/
LogInit: Installed Engine Build: 1
LogDevObjectVersion: Number of dev versions registered: 20
LogDevObjectVersion:   Dev-Blueprints (B0D832E4-1F89-4F0D-ACCF-7EB736FD4AA2): 10
LogDevObjectVersion:   Dev-Build (E1C64328-A22C-4D53-A36C-8E866417BD8C): 0
LogDevObjectVersion:   Dev-Core (375EC13C-06E4-48FB-B500-84F0262A717E): 2
LogDevObjectVersion:   Dev-Editor (E4B068ED-F494-42E9-A231-DA0B2E46BB41): 24
LogDevObjectVersion:   Dev-Framework (CFFC743F-43B0-4480-9391-14DF171D2073): 34
LogDevObjectVersion:   Dev-Mobile (B02B49B5-BB20-44E9-A304-32B752E40360): 2
LogDevObjectVersion:   Dev-Networking (A4E4105C-59A1-49B5-A7C5-40C4547EDFEE): 0
LogDevObjectVersion:   Dev-Online (39C831C9-5AE6-47DC-9A44-9C173E1C8E7C): 0
LogDevObjectVersion:   Dev-Physics (78F01B33-EBEA-4F98-B9B4-84EACCB95AA2): 0
LogDevObjectVersion:   Dev-Platform (6631380F-2D4D-43E0-8009-CF276956A95A): 0
LogDevObjectVersion:   Dev-Rendering (12F88B9F-8875-4AFC-A67C-D90C383ABD29): 26
LogDevObjectVersion:   Dev-Sequencer (7B5AE74C-D270-4C10-A958-57980B212A5A): 9
LogDevObjectVersion:   Dev-VR (D7296918-1DD6-4BDD-9DE2-64A83CC13884): 2
LogDevObjectVersion:   Dev-LoadTimes (C2A15278-BFE7-4AFE-6C17-90FF531DF755): 1
LogDevObjectVersion:   Private-Geometry (6EACA3D4-40EC-4CC1-B786-8BED09428FC5): 3
LogDevObjectVersion:   Dev-AnimPhys (29E575DD-E0A3-4627-9D10-D276232CDCEA): 17
LogDevObjectVersion:   Dev-ReflectionCapture (6B266CEC-1EC7-4B8F-A30B-E4D90942FC07): 1
LogDevObjectVersion:   Dev-Automation (0DF73D61-A23F-47EA-B727-89E90C41499A): 1
LogDevObjectVersion:   FortniteMain (601D1886-AC64-4F84-AA16-D3DE0DEAC7D6): 12
LogDevObjectVersion:   Dev-Enterprise (9DFFBCD6-494F-0158-E221-12823C92A888): 1
LogStreaming: Display: Took  0.000s to delete old logs.
LogInit: Presizing for max 8388607 objects, including 0 objects not considered by GC, pre-allocating 0 bytes for permanent pool.
LogInit: Object subsystem initialized
[2019.03.25-20.33.50:340][  0]LogInit: Selected Device Profile: [Windows]
[2019.03.25-20.33.50:340][  0]LogInit: Applying CVar settings loaded from the selected device profile: [Windows]
[2019.03.25-20.33.50:351][  0]LogHAL: Display: Platform has ~ 16 GB [17121808384 / 17179869184 / 16], which maps to Larger [LargestMinGB=32, LargerMinGB=12, DefaultMinGB=8, SmallerMinGB=6, SmallestMinGB=0)
[2019.03.25-20.33.50:351][  0]LogInit: Setting Device Profile CVar: [[r.Vulkan.UseRealUBs:1]]
[2019.03.25-20.33.50:351][  0]LogInit: Going up to parent DeviceProfile []
[2019.03.25-20.33.50:352][  0]LogInit: Computer: WT227-31
[2019.03.25-20.33.50:352][  0]LogInit: User: swea0001
[2019.03.25-20.33.50:352][  0]LogInit: CPU Page size=4096, Cores=4
[2019.03.25-20.33.50:352][  0]LogInit: High frequency timer resolution =3.428039 MHz
[2019.03.25-20.33.50:352][  0]LogMemory: Memory total: Physical=15.9GB (16GB approx)
[2019.03.25-20.33.50:352][  0]LogMemory: Platform Memory Stats for Windows
[2019.03.25-20.33.50:352][  0]LogMemory: Process Physical Memory: 102.82 MB used, 102.82 MB peak
[2019.03.25-20.33.50:352][  0]LogMemory: Process Virtual Memory: 91.07 MB used, 91.07 MB peak
[2019.03.25-20.33.50:352][  0]LogMemory: Physical Memory: 8090.32 MB used,  8238.31 MB free, 16328.63 MB total
[2019.03.25-20.33.50:352][  0]LogMemory: Virtual Memory: 543.60 MB used,  8238.31 MB free, 134217728.00 MB total
[2019.03.25-20.33.50:482][  0]LogInit: Using OS detected language (en-US).
[2019.03.25-20.33.50:482][  0]LogInit: Using OS detected locale (en-US).
[2019.03.25-20.33.50:483][  0]LogTextLocalizationManager: No specific localization for 'en-US' exists, so the 'en' localization will be used.
[2019.03.25-20.33.50:830][  0]LogStreaming: Display: Took  0.349s to InitEngineTextLocalization.
[2019.03.25-20.33.50:830][  0]LogInit: Setting process to per monitor DPI aware
[2019.03.25-20.33.50:876][  0]LogSlate: New Slate User Created.  User Index 0, Is Virtual User: 0
[2019.03.25-20.33.50:876][  0]LogSlate: Slate User Registered.  User Index 0, Is Virtual User: 0
[2019.03.25-20.33.51:225][  0]LogHMD: Failed to initialize OpenVR with code 110
[2019.03.25-20.33.51:225][  0]LogD3D11RHI: D3D11 adapters:
[2019.03.25-20.33.51:298][  0]LogD3D11RHI:    0. 'NVIDIA GeForce GTX 670' (Feature Level 11_0)
[2019.03.25-20.33.51:298][  0]LogD3D11RHI:       4052/0/8164 MB DedicatedVideo/DedicatedSystem/SharedSystem, Outputs:1, VendorId:0x10de
[2019.03.25-20.33.51:307][  0]LogD3D11RHI:    1. 'Microsoft Basic Render Driver' (Feature Level 11_0)
[2019.03.25-20.33.51:307][  0]LogD3D11RHI:       0/0/8164 MB DedicatedVideo/DedicatedSystem/SharedSystem, Outputs:0, VendorId:0x1414
[2019.03.25-20.33.51:307][  0]LogD3D11RHI: Chosen D3D11 Adapter: 0
[2019.03.25-20.33.51:312][  0]LogD3D11RHI: Creating new Direct3DDevice
[2019.03.25-20.33.51:312][  0]LogD3D11RHI:     GPU DeviceId: 0x1189 (for the marketing name, search the web for "GPU Device Id")
[2019.03.25-20.33.51:312][  0]LogWindows: EnumDisplayDevices:
[2019.03.25-20.33.51:313][  0]LogWindows:    0. 'NVIDIA GeForce GTX 670' (P:1 D:1)
[2019.03.25-20.33.51:313][  0]LogWindows:    1. 'NVIDIA GeForce GTX 670' (P:0 D:0)
[2019.03.25-20.33.51:313][  0]LogWindows:    2. 'NVIDIA GeForce GTX 670' (P:0 D:0)
[2019.03.25-20.33.51:313][  0]LogWindows:    3. 'NVIDIA GeForce GTX 670' (P:0 D:0)
[2019.03.25-20.33.51:313][  0]LogWindows: DebugString: FoundDriverCount:4 
[2019.03.25-20.33.51:314][  0]LogD3D11RHI:     Adapter Name: NVIDIA GeForce GTX 670
[2019.03.25-20.33.51:314][  0]LogD3D11RHI:   Driver Version: 391.35 (internal:23.21.13.9135, unified:391.35)
[2019.03.25-20.33.51:314][  0]LogD3D11RHI:      Driver Date: 3-23-2018
[2019.03.25-20.33.51:314][  0]LogRHI: Texture pool is 2836 MB (70% of 4052 MB)
[2019.03.25-20.33.51:355][  0]LogD3D11RHI: Async texture creation enabled
[2019.03.25-20.33.51:374][  0]LogD3D11RHI: GPU Timing Frequency: 1000.000000 (Debug: 2 2)
[2019.03.25-20.33.51:375][  0]LogShaderCompilers: Guid format shader working directory is -9 characters bigger than the processId version (C:/Users/swea0001/Documents/Unreal Projects/Wesley_S_Final/Intermediate/Shaders/WorkingDirectory/4852/).
[2019.03.25-20.33.51:375][  0]LogShaderCompilers: Cleaned the shader compiler working directory 'C:/Users/swea0001/AppData/Local/Temp/UnrealShaderWorkingDir/BAC6F251424C8DC1188F47BAC32CFC68/'.
[2019.03.25-20.33.51:619][  0]LogTemp: Display: Loaded TP AllDesktopTargetPlatform
[2019.03.25-20.33.51:636][  0]LogTemp: Display: Loaded TP MacClientTargetPlatform
[2019.03.25-20.33.51:652][  0]LogTemp: Display: Loaded TP MacNoEditorTargetPlatform
[2019.03.25-20.33.51:668][  0]LogTemp: Display: Loaded TP MacServerTargetPlatform
[2019.03.25-20.33.51:685][  0]LogTemp: Display: Loaded TP MacTargetPlatform
[2019.03.25-20.33.51:701][  0]LogTemp: Display: Loaded TP WindowsClientTargetPlatform
[2019.03.25-20.33.51:716][  0]LogTemp: Display: Loaded TP WindowsNoEditorTargetPlatform
[2019.03.25-20.33.51:732][  0]LogTemp: Display: Loaded TP WindowsServerTargetPlatform
[2019.03.25-20.33.51:741][  0]LogTemp: Display: Loaded TP WindowsTargetPlatform
[2019.03.25-20.33.51:828][  0]LogTemp: Display: Loaded TP AndroidTargetPlatform
[2019.03.25-20.33.51:828][  0]LogTemp: Display: Loaded TP AndroidTargetPlatform
[2019.03.25-20.33.51:828][  0]LogTemp: Display: Loaded TP AndroidTargetPlatform
[2019.03.25-20.33.51:828][  0]LogTemp: Display: Loaded TP AndroidTargetPlatform
[2019.03.25-20.33.51:828][  0]LogTemp: Display: Loaded TP AndroidTargetPlatform
[2019.03.25-20.33.51:828][  0]LogTemp: Display: Loaded TP AndroidTargetPlatform
[2019.03.25-20.33.51:828][  0]LogTemp: Display: Loaded TP AndroidTargetPlatform
[2019.03.25-20.33.51:828][  0]LogTemp: Display: Loaded TP AndroidTargetPlatform
[2019.03.25-20.33.51:828][  0]LogTemp: Display: Loaded TP AndroidTargetPlatform
[2019.03.25-20.33.51:828][  0]LogTemp: Display: Loaded TP AndroidTargetPlatform
[2019.03.25-20.33.51:828][  0]LogTemp: Display: Loaded TP AndroidTargetPlatform
[2019.03.25-20.33.51:829][  0]LogTemp: Display: Loaded TP AndroidTargetPlatform
[2019.03.25-20.33.51:829][  0]LogTemp: Display: Loaded TP AndroidTargetPlatform
[2019.03.25-20.33.51:829][  0]LogTemp: Display: Loaded TP AndroidTargetPlatform
[2019.03.25-20.33.51:829][  0]LogTemp: Display: Loaded TP AndroidTargetPlatform
[2019.03.25-20.33.51:829][  0]LogTemp: Display: Loaded TP AndroidTargetPlatform
[2019.03.25-20.33.51:829][  0]LogTemp: Display: Loaded TP AndroidTargetPlatform
[2019.03.25-20.33.51:829][  0]LogTemp: Display: Loaded TP AndroidTargetPlatform
[2019.03.25-20.33.51:833][  0]LogTemp: Display: Loaded TP HTML5TargetPlatform
[2019.03.25-20.33.51:906][  0]LogTemp: Display: Loaded TP IOSTargetPlatform
[2019.03.25-20.33.51:906][  0]LogTemp: Display: Loaded TP IOSTargetPlatform
[2019.03.25-20.33.51:933][  0]LogTemp: Display: Loaded TP TVOSTargetPlatform
[2019.03.25-20.33.51:934][  0]LogTemp: Display: Loaded TP TVOSTargetPlatform
[2019.03.25-20.33.51:949][  0]LogTemp: Display: Loaded TP LinuxClientTargetPlatform
[2019.03.25-20.33.51:966][  0]LogTemp: Display: Loaded TP LinuxNoEditorTargetPlatform
[2019.03.25-20.33.51:982][  0]LogTemp: Display: Loaded TP LinuxServerTargetPlatform
[2019.03.25-20.33.51:999][  0]LogTemp: Display: Loaded TP LinuxTargetPlatform
[2019.03.25-20.33.52:011][  0]LogTemp: Display: Loaded TP LuminTargetPlatform
[2019.03.25-20.33.52:011][  0]LogTargetPlatformManager: Display: Building Assets For Windows
[2019.03.25-20.33.52:125][  0]LogXGEController: Cleaning working directory: C:/Users/swea0001/AppData/Local/Temp/UnrealXGEWorkingDir/
[2019.03.25-20.33.52:125][  0]LogXGEController: Cannot use XGE Controller as Incredibuild is not installed on this machine.
[2019.03.25-20.33.52:126][  0]LogShaderCompilers: Cannot use XGE Shader Compiler as Incredibuild is not installed on this machine.
[2019.03.25-20.33.52:126][  0]LogShaderCompilers: Display: Using Local Shader Compiler.
[2019.03.25-20.33.52:901][  0]LogDerivedDataCache: Display: Max Cache Size: 512 MB
[2019.03.25-20.33.52:951][  0]LogDerivedDataCache: Loaded boot cache 0.05s 74MB C:/Users/swea0001/AppData/Local/UnrealEngine/4.20/DerivedDataCache/Boot.ddc.
[2019.03.25-20.33.52:952][  0]LogDerivedDataCache: Display: Loaded Boot cache: C:/Users/swea0001/AppData/Local/UnrealEngine/4.20/DerivedDataCache/Boot.ddc
[2019.03.25-20.33.52:952][  0]LogDerivedDataCache: FDerivedDataBackendGraph:  Pak pak cache file C:/Users/swea0001/Documents/Unreal Projects/Wesley_S_Final/DerivedDataCache/DDC.ddp not found, will not use a pak cache.
[2019.03.25-20.33.52:952][  0]LogDerivedDataCache: Unable to find inner node Pak for hierarchical cache Hierarchy.
[2019.03.25-20.33.52:952][  0]LogDerivedDataCache: FDerivedDataBackendGraph:  CompressedPak pak cache file C:/Users/swea0001/Documents/Unreal Projects/Wesley_S_Final/DerivedDataCache/Compressed.ddp not found, will not use a pak cache.
[2019.03.25-20.33.52:952][  0]LogDerivedDataCache: Unable to find inner node CompressedPak for hierarchical cache Hierarchy.
[2019.03.25-20.33.52:965][  0]LogDerivedDataCache: Display: Pak cache opened for reading ../../../Engine/DerivedDataCache/Compressed.ddp.
[2019.03.25-20.33.52:980][  0]LogDerivedDataCache: Using Local data cache path C:/Users/swea0001/AppData/Local/UnrealEngine/Common/DerivedDataCache: Writable
[2019.03.25-20.33.52:980][  0]LogDerivedDataCache: Shared data cache path not found in *engine.ini, will not use an Shared cache.
[2019.03.25-20.33.52:980][  0]LogDerivedDataCache: Unable to find inner node Shared for hierarchical cache Hierarchy.
[2019.03.25-20.33.52:999][  0]LogMaterial: Verifying Global Shaders for PCD3D_SM5
[2019.03.25-20.33.53:001][  0]LogSlate: Using FreeType 2.6.0
[2019.03.25-20.33.53:003][  0]LogSlate: SlateFontServices - WITH_FREETYPE: 1, WITH_HARFBUZZ: 1
[2019.03.25-20.33.53:101][  0]LogAssetRegistry: FAssetRegistry took 0.0284 seconds to start up
[2019.03.25-20.33.53:479][  0]LogInit: Selected Device Profile: [Windows]
[2019.03.25-20.33.53:630][  0]LogSimplygon: Simplygon DLL not present - disabling.
[2019.03.25-20.33.53:637][  0]LogMeshReduction: Using SimplygonSwarm for distributed automatic mesh merging
[2019.03.25-20.33.53:637][  0]LogMeshReduction: Using ProxyLODMeshReduction for automatic mesh merging
[2019.03.25-20.33.53:637][  0]LogMeshReduction: Using QuadricMeshReduction for automatic static mesh reduction
[2019.03.25-20.33.53:638][  0]LogMeshReduction: No automatic skeletal mesh reduction module available
[2019.03.25-20.33.53:653][  0]LogNetVersion: Wesley_S_Final 1.0.0, NetCL: 4212847, EngineNetVer: 5, GameNetVer: 0 (Checksum: 2346214524)
[2019.03.25-20.33.54:157][  0]LogPackageLocalizationCache: Processed 11 localized package path(s) for 2 prioritized culture(s) in 0.108945 seconds
[2019.03.25-20.33.54:163][  0]LogUObjectArray: 38425 objects as part of root set at end of initial load.
[2019.03.25-20.33.54:163][  0]LogUObjectAllocator: 6690872 out of 0 bytes used by permanent object pool.
[2019.03.25-20.33.54:163][  0]LogUObjectArray: CloseDisregardForGC: 0/0 objects in disregard for GC pool
[2019.03.25-20.33.55:299][  0]LogTcpMessaging: Initializing TcpMessaging bridge
[2019.03.25-20.33.55:316][  0]LogUdpMessaging: Initializing bridge on interface 0.0.0.0:0 to multicast group 230.0.0.1:6666.
[2019.03.25-20.33.55:761][  0]SourceControl: Source control is disabled
[2019.03.25-20.33.55:761][  0]SourceControl: Source control is disabled
[2019.03.25-20.33.55:765][  0]SourceControl: Source control is disabled
[2019.03.25-20.33.55:772][  0]SourceControl: Source control is disabled
[2019.03.25-20.33.56:071][  0]LogAndroidPermission: UAndroidPermissionCallbackProxy::GetInstance
[2019.03.25-20.33.56:182][  0]LogOcInput: OculusInput pre-init called
[2019.03.25-20.33.56:258][  0]LogEngine: Initializing Engine...
[2019.03.25-20.33.56:259][  0]LogHMD: Failed to initialize OpenVR with code 110
[2019.03.25-20.33.56:261][  0]LogStats: UGameplayTagsManager::ConstructGameplayTagTree: ImportINI prefixes -  0.000 s
[2019.03.25-20.33.56:261][  0]LogStats: UGameplayTagsManager::ConstructGameplayTagTree: Construct from data asset -  0.000 s
[2019.03.25-20.33.56:261][  0]LogStats: UGameplayTagsManager::ConstructGameplayTagTree: ImportINI -  0.000 s
[2019.03.25-20.33.56:261][  0]LogStats: UGameplayTagsManager::ConstructGameplayTagTree: GameplayTagTreeChangedEvent.Broadcast -  0.000 s
[2019.03.25-20.33.56:463][  0]LogInit: Initializing FReadOnlyCVARCache
[2019.03.25-20.33.56:479][  0]LogAIModule: Creating AISystem for world Untitled
[2019.03.25-20.33.56:487][  0]LogInit: XAudio2 using 'Realtek Digital Output(Optical) (Realtek High Definition Audio)' : 2 channels at 48 kHz using 16 bits per sample (channel mask 0x3)
[2019.03.25-20.33.56:521][  0]LogInit: FAudioDevice initialized.
[2019.03.25-20.33.56:522][  0]LogNetVersion: Set ProjectVersion to 1.0.0.0. Version Checksum will be recalculated on next use.
[2019.03.25-20.33.56:602][  0]LogDerivedDataCache: Saved boot cache 0.08s 74MB C:/Users/swea0001/AppData/Local/UnrealEngine/4.20/DerivedDataCache/Boot.ddc.
[2019.03.25-20.33.56:605][  0]LogInit: Texture streaming: Enabled
[2019.03.25-20.33.56:628][  0]LogEngineSessionManager: EngineSessionManager initialized
[2019.03.25-20.33.56:629][  0]LogEngineSessionManager: EngineSessionManager sent abnormal shutdown report. Type=Debugger, SessionId={E7BF573C-477B-250A-A378-2E9F7B6CE0A4}
[2019.03.25-20.33.56:638][  0]LogInit: Transaction tracking system initialized
[2019.03.25-20.33.56:669][  0]BlueprintLog: New page: Editor Load
[2019.03.25-20.33.56:831][  0]LocalizationService: Localization service is disabled
[2019.03.25-20.33.57:114][  0]LogCook: Display: Max memory allowance for cook 16384mb min free memory 0mb
[2019.03.25-20.33.57:115][  0]LogCook: Display: Mobile HDR setting 1
[2019.03.25-20.33.57:115][  0]LogGameplayTags: Display: UGameplayTagsManager::DoneAddingNativeTags. DelegateIsBound: 0
[2019.03.25-20.33.57:115][  0]LogStats: UGameplayTagsManager::ConstructGameplayTagTree: ImportINI prefixes -  0.000 s
[2019.03.25-20.33.57:115][  0]LogStats: UGameplayTagsManager::ConstructGameplayTagTree: Construct from data asset -  0.000 s
[2019.03.25-20.33.57:115][  0]LogStats: UGameplayTagsManager::ConstructGameplayTagTree: ImportINI -  0.000 s
[2019.03.25-20.33.57:115][  0]LogStats: UGameplayTagsManager::ConstructGameplayTagTree: GameplayTagTreeChangedEvent.Broadcast -  0.000 s
[2019.03.25-20.33.57:122][  0]LogFileCache: Scanning file cache for directory 'C:/Users/swea0001/Documents/Unreal Projects/Wesley_S_Final/Content/' took 0.02s
[2019.03.25-20.33.57:301][  0]SourceControl: Source control is disabled
[2019.03.25-20.33.57:301][  0]Cmd: MAP LOAD FILE="C:/Users/swea0001/Documents/Unreal Projects/Wesley_S_Final/Content/FirstPersonCPP/Maps/FirstPersonExampleMap.umap" TEMPLATE=0 SHOWPROGRESS=1 FEATURELEVEL=3
[2019.03.25-20.33.57:302][  0]LightingResults: New page: Lighting Build
[2019.03.25-20.33.57:305][  0]MapCheck: New page: Map Check
[2019.03.25-20.33.57:305][  0]LightingResults: New page: Lighting Build
[2019.03.25-20.33.59:170][  0]LogTexture: Display: Building textures: HQ_Lightmap0_5 (AutoDXT, 64X64)
[2019.03.25-20.33.59:171][  0]LogTexture: Display: Building textures: LQ_Lightmap_0_1 (DXT1, 2048X2048)
[2019.03.25-20.33.59:171][  0]LogTexture: Display: Building textures: LQ_Lightmap_0_2 (DXT1, 2048X2048)
[2019.03.25-20.33.59:171][  0]LogTexture: Display: Building textures: HQ_Lightmap0_4 (AutoDXT, 2048X2048)
[2019.03.25-20.33.59:171][  0]LogTexture: Display: Building textures: HQ_Lightmap0_1 (AutoDXT, 2048X2048)
[2019.03.25-20.33.59:171][  0]LogTexture: Display: Building textures: HQ_Lightmap0_2 (AutoDXT, 2048X2048)
[2019.03.25-20.33.59:171][  0]LogTexture: Display: Building textures: HQ_Lightmap0_3 (AutoDXT, 2048X2048)
[2019.03.25-20.33.59:171][  0]LogTexture: Display: Building textures: LQ_Lightmap_0_3 (DXT1, 2048X2048)
[2019.03.25-20.33.59:171][  0]LogTexture: Display: Building textures: LQ_Lightmap_0_4 (DXT1, 2048X2048)
[2019.03.25-20.33.59:171][  0]LogTexture: Display: Building textures: LQ_Lightmap_0_5 (DXT1, 64X64)
[2019.03.25-20.33.59:171][  0]LogTexture: Display: Building textures: SkyOcclusion0_1 (AutoDXT, 2048X1024)
[2019.03.25-20.33.59:171][  0]LogTexture: Display: Building textures: SkyOcclusion0_2 (AutoDXT, 2048X1024)
[2019.03.25-20.33.59:171][  0]LogTexture: Display: Building textures: SkyOcclusion0_3 (AutoDXT, 2048X1024)
[2019.03.25-20.33.59:172][  0]LogTexture: Display: Building textures: SkyOcclusion0_4 (AutoDXT, 2048X1024)
[2019.03.25-20.33.59:172][  0]LogTexture: Display: Building textures: SkyOcclusion0_5 (AutoDXT, 64X32)
[2019.03.25-20.33.59:771][  0]LogAIModule: Creating AISystem for world FirstPersonExampleMap
[2019.03.25-20.33.59:783][  0]LogEditorServer: Finished looking for orphan Actors (0.000 secs)
[2019.03.25-20.33.59:802][  0]Cmd: MAP CHECKDEP NOCLEARLOG
[2019.03.25-20.33.59:889][  0]MapCheck: Map check complete: 0 Error(s), 0 Warning(s), took 86.965ms to complete.
[2019.03.25-20.33.59:890][  0]LogFileHelpers: Loading map 'FirstPersonExampleMap' took 2.588
[2019.03.25-20.34.00:028][  0]LogSlate: Updating window title bar state: overlay mode, drag disabled, window buttons hidden, title bar hidden
[2019.03.25-20.34.00:037][  0]LogSlate: Updating window title bar state: overlay mode, drag disabled, window buttons hidden, title bar hidden
[2019.03.25-20.34.00:045][  0]LogSlate: Updating window title bar state: overlay mode, drag disabled, window buttons hidden, title bar hidden
[2019.03.25-20.34.00:054][  0]LogSlate: Updating window title bar state: overlay mode, drag disabled, window buttons hidden, title bar hidden
[2019.03.25-20.34.00:061][  0]LogCollectionManager: Loaded 0 collections in 0.000862 seconds
[2019.03.25-20.34.00:105][  0]LogFileCache: Scanning file cache for directory 'C:/Users/swea0001/Documents/Unreal Projects/Wesley_S_Final/Saved/Collections/' took 0.01s
[2019.03.25-20.34.00:105][  0]LogFileCache: Scanning file cache for directory 'C:/Users/swea0001/Documents/Unreal Projects/Wesley_S_Final/Content/Developers/swea0001/Collections/' took 0.01s
[2019.03.25-20.34.00:105][  0]LogFileCache: Scanning file cache for directory 'C:/Users/swea0001/Documents/Unreal Projects/Wesley_S_Final/Content/Collections/' took 0.01s
[2019.03.25-20.34.00:105][  0]LogCollectionManager: Rebuilt the GUID cache for 0 collections in 0.000001 seconds
[2019.03.25-20.34.00:116][  0]LogContentBrowser: Native class hierarchy populated in 0.0105 seconds. Added 2579 classes and 605 folders.
[2019.03.25-20.34.00:121][  0]LogContentBrowser: Native class hierarchy updated for 'WidgetCarousel' in 0.0004 seconds. Added 0 classes and 0 folders.
[2019.03.25-20.34.00:166][  0]LogContentBrowser: Native class hierarchy updated for 'AddContentDialog' in 0.0004 seconds. Added 0 classes and 0 folders.
[2019.03.25-20.34.00:173][  0]LogContentBrowser: Native class hierarchy updated for 'SceneOutliner' in 0.0005 seconds. Added 1 classes and 2 folders.
[2019.03.25-20.34.00:222][  0]LogContentBrowser: Native class hierarchy updated for 'HierarchicalLODOutliner' in 0.0005 seconds. Added 0 classes and 0 folders.
[2019.03.25-20.34.00:222][  0]LogLoad: (Engine Initialization) Total time: 11.65 seconds
[2019.03.25-20.34.00:222][  0]LogLoad: (Engine Initialization) Total Blueprint compile time: 0.00 seconds
[2019.03.25-20.34.00:233][  0]LogWindowsTextInputMethodSystem: Display: IME system now deactivated.
[2019.03.25-20.34.00:253][  0]LogContentStreaming: Texture pool size now 3000 MB
[2019.03.25-20.34.00:255][  0]LogSlate: Took 0.000445 seconds to synchronously load lazily loaded font '../../../Engine/Content/Slate/Fonts/Roboto-Regular.ttf' (155K)
[2019.03.25-20.34.00:257][  0]LogSlate: Took 0.000290 seconds to synchronously load lazily loaded font '../../../Engine/Content/Slate/Fonts/Roboto-Bold.ttf' (160K)
[2019.03.25-20.34.00:262][  0]LogSlate: Took 0.000361 seconds to synchronously load lazily loaded font '../../../Engine/Content/Editor/Slate/Fonts/FontAwesome.ttf' (139K)
[2019.03.25-20.34.00:361][  0]LogSlate: Took 0.000370 seconds to synchronously load lazily loaded font '../../../Engine/Content/Slate/Fonts/Roboto-Light.ttf' (167K)
[2019.03.25-20.34.00:379][  1]LogRenderer: Reallocating scene render targets to support 804x360 Format 10 NumSamples 1 (Frame:1).
[2019.03.25-20.34.00:392][  1]LogAssetRegistry: Asset discovery search completed in 7.3147 seconds
[2019.03.25-20.34.00:394][  1]LogCollectionManager: Rebuilt the object cache for 0 collections in 0.000000 seconds (found 0 objects)
[2019.03.25-20.34.00:395][  1]LogCollectionManager: Fixed up redirectors for 0 collections in 0.000190 seconds (updated 0 objects)
[2019.03.25-20.34.01:923][157]LogSlate: FSceneViewport::OnFocusLost() reason 0
[2019.03.25-20.34.01:998][166]LogTemp: Repeating last play command: Selected Viewport
[2019.03.25-20.34.02:009][166]LogBlueprintUserMessages: Early PlayInEditor Detection: Level '/Game/FirstPersonCPP/Maps/FirstPersonExampleMap.FirstPersonExampleMap:PersistentLevel' has LevelScriptBlueprint '/Game/FirstPersonCPP/Maps/FirstPersonExampleMap.FirstPersonExampleMap:PersistentLevel.FirstPersonExampleMap' with GeneratedClass '/Game/FirstPersonCPP/Maps/FirstPersonExampleMap.FirstPersonExampleMap_C' with ClassGeneratedBy '/Game/FirstPersonCPP/Maps/FirstPersonExampleMap.FirstPersonExampleMap:PersistentLevel.FirstPersonExampleMap'
[2019.03.25-20.34.02:009][166]LogPlayLevel: PlayLevel: No blueprints needed recompiling
[2019.03.25-20.34.02:023][166]PIE: New page: PIE session: FirstPersonExampleMap (Mar 25, 2019, 12:34:02 PM)
[2019.03.25-20.34.02:023][166]LogPlayLevel: Creating play world package: /Game/FirstPersonCPP/Maps/UEDPIE_0_FirstPersonExampleMap
[2019.03.25-20.34.02:041][166]LogPlayLevel: PIE: StaticDuplicateObject took: (0.018040s)
[2019.03.25-20.34.02:043][166]LogAIModule: Creating AISystem for world FirstPersonExampleMap
[2019.03.25-20.34.02:043][166]LogPlayLevel: PIE: World Init took: (0.001311s)
[2019.03.25-20.34.02:043][166]LogPlayLevel: PIE: Created PIE world by copying editor world from /Game/FirstPersonCPP/Maps/FirstPersonExampleMap.FirstPersonExampleMap to /Game/FirstPersonCPP/Maps/UEDPIE_0_FirstPersonExampleMap.FirstPersonExampleMap (0.019888s)
[2019.03.25-20.34.02:066][166]LogInit: XAudio2 using 'Realtek Digital Output(Optical) (Realtek High Definition Audio)' : 2 channels at 48 kHz using 16 bits per sample (channel mask 0x3)
[2019.03.25-20.34.02:077][166]LogInit: FAudioDevice initialized.
[2019.03.25-20.34.02:124][166]LogLoad: Game class is 'BP_Wesley_S_FinalGameMode_C'
[2019.03.25-20.34.02:128][166]LogWorld: Bringing World /Game/FirstPersonCPP/Maps/UEDPIE_0_FirstPersonExampleMap.FirstPersonExampleMap up for play (max tick rate 0) at 2019.03.25-16.34.02
[2019.03.25-20.34.02:128][166]LogWorld: Bringing up level for play took: 0.002604
[2019.03.25-20.34.02:146][166]LogContentBrowser: Native class hierarchy updated for 'MovieSceneCapture' in 0.0004 seconds. Added 10 classes and 0 folders.
[2019.03.25-20.34.02:146][166]PIE: Play in editor start time for /Game/FirstPersonCPP/Maps/UEDPIE_0_FirstPersonExampleMap -0.688
[2019.03.25-20.34.02:147][166]LogBlueprintUserMessages: Late PlayInEditor Detection: Level '/Game/FirstPersonCPP/Maps/FirstPersonExampleMap.FirstPersonExampleMap:PersistentLevel' has LevelScriptBlueprint '/Game/FirstPersonCPP/Maps/FirstPersonExampleMap.FirstPersonExampleMap:PersistentLevel.FirstPersonExampleMap' with GeneratedClass '/Game/FirstPersonCPP/Maps/FirstPersonExampleMap.FirstPersonExampleMap_C' with ClassGeneratedBy '/Game/FirstPersonCPP/Maps/FirstPersonExampleMap.FirstPersonExampleMap:PersistentLevel.FirstPersonExampleMap'
[2019.03.25-20.34.04:888][488]LogBlueprintUserMessages: Early EndPlayMap Detection: Level '/Game/FirstPersonCPP/Maps/FirstPersonExampleMap.FirstPersonExampleMap:PersistentLevel' has LevelScriptBlueprint '/Game/FirstPersonCPP/Maps/FirstPersonExampleMap.FirstPersonExampleMap:PersistentLevel.FirstPersonExampleMap' with GeneratedClass '/Game/FirstPersonCPP/Maps/FirstPersonExampleMap.FirstPersonExampleMap_C' with ClassGeneratedBy '/Game/FirstPersonCPP/Maps/FirstPersonExampleMap.FirstPersonExampleMap:PersistentLevel.FirstPersonExampleMap'
[2019.03.25-20.34.04:889][488]LogSlate: Updating window title bar state: overlay mode, drag disabled, window buttons hidden, title bar hidden
[2019.03.25-20.34.04:930][488]LogPlayLevel: Display: Shutting down PIE online subsystems
[2019.03.25-20.34.04:930][488]LogBlueprintUserMessages: Late EndPlayMap Detection: Level '/Game/FirstPersonCPP/Maps/FirstPersonExampleMap.FirstPersonExampleMap:PersistentLevel' has LevelScriptBlueprint '/Game/FirstPersonCPP/Maps/FirstPersonExampleMap.FirstPersonExampleMap:PersistentLevel.FirstPersonExampleMap' with GeneratedClass '/Game/FirstPersonCPP/Maps/FirstPersonExampleMap.FirstPersonExampleMap_C' with ClassGeneratedBy '/Game/FirstPersonCPP/Maps/FirstPersonExampleMap.FirstPersonExampleMap:PersistentLevel.FirstPersonExampleMap'
[2019.03.25-20.34.04:950][488]LogSlate: Updating window title bar state: overlay mode, drag disabled, window buttons hidden, title bar hidden
[2019.03.25-20.34.04:993][492]LogPlayLevel: Display: Destroying online subsystem :Context_1
[2019.03.25-20.34.08:091][863]LogSlate: FSceneViewport::OnFocusLost() reason 0
[2019.03.25-20.34.38:267][982]LogSlate: Took 0.000262 seconds to synchronously load lazily loaded font '../../../Engine/Content/Slate/Fonts/Roboto-Light.ttf' (167K)
[2019.03.25-20.34.38:273][982]LogAssetEditorManager: Opening Asset editor for Blueprint /Game/Geometry/BP_CubePiece.BP_CubePiece
[2019.03.25-20.34.38:759][982]LogContentBrowser: Native class hierarchy updated for 'BlueprintGraph' in 0.0007 seconds. Added 116 classes and 0 folders.
[2019.03.25-20.34.39:768][982]LogSlate: Took 0.000434 seconds to synchronously load lazily loaded font '../../../Engine/Content/Slate/Fonts/Roboto-BoldCondensed.ttf' (158K)
[2019.03.25-20.34.47:919][911]LogSlate: Took 0.000486 seconds to synchronously load lazily loaded font '../../../Engine/Content/Slate/Fonts/Roboto-Italic.ttf' (157K)
[2019.03.25-20.35.15:785][431]LogSlate: Window 'BP_CubePiece' being destroyed
[2019.03.25-20.35.15:789][431]LogSlate: Window 'BP_CubePiece' being destroyed
[2019.03.25-20.35.16:639][525]LogTemp: Repeating last play command: Selected Viewport
[2019.03.25-20.35.16:654][525]LogBlueprintUserMessages: Early PlayInEditor Detection: Level '/Game/FirstPersonCPP/Maps/FirstPersonExampleMap.FirstPersonExampleMap:PersistentLevel' has LevelScriptBlueprint '/Game/FirstPersonCPP/Maps/FirstPersonExampleMap.FirstPersonExampleMap:PersistentLevel.FirstPersonExampleMap' with GeneratedClass '/Game/FirstPersonCPP/Maps/FirstPersonExampleMap.FirstPersonExampleMap_C' with ClassGeneratedBy '/Game/FirstPersonCPP/Maps/FirstPersonExampleMap.FirstPersonExampleMap:PersistentLevel.FirstPersonExampleMap'
[2019.03.25-20.35.16:654][525]LogPlayLevel: PlayLevel: No blueprints needed recompiling
[2019.03.25-20.35.16:655][525]PIE: New page: PIE session: FirstPersonExampleMap (Mar 25, 2019, 12:35:16 PM)
[2019.03.25-20.35.16:655][525]LogPlayLevel: Creating play world package: /Game/FirstPersonCPP/Maps/UEDPIE_0_FirstPersonExampleMap
[2019.03.25-20.35.16:667][525]LogPlayLevel: PIE: StaticDuplicateObject took: (0.011587s)
[2019.03.25-20.35.16:668][525]LogAIModule: Creating AISystem for world FirstPersonExampleMap
[2019.03.25-20.35.16:668][525]LogPlayLevel: PIE: World Init took: (0.001057s)
[2019.03.25-20.35.16:668][525]LogPlayLevel: PIE: Created PIE world by copying editor world from /Game/FirstPersonCPP/Maps/FirstPersonExampleMap.FirstPersonExampleMap to /Game/FirstPersonCPP/Maps/UEDPIE_0_FirstPersonExampleMap.FirstPersonExampleMap (0.013096s)
[2019.03.25-20.35.16:701][525]LogInit: XAudio2 using 'Realtek Digital Output(Optical) (Realtek High Definition Audio)' : 2 channels at 48 kHz using 16 bits per sample (channel mask 0x3)
[2019.03.25-20.35.16:712][525]LogInit: FAudioDevice initialized.
[2019.03.25-20.35.16:749][525]LogLoad: Game class is 'BP_Wesley_S_FinalGameMode_C'
[2019.03.25-20.35.16:752][525]LogWorld: Bringing World /Game/FirstPersonCPP/Maps/UEDPIE_0_FirstPersonExampleMap.FirstPersonExampleMap up for play (max tick rate 0) at 2019.03.25-16.35.16
[2019.03.25-20.35.16:752][525]LogWorld: Bringing up level for play took: 0.002411
[2019.03.25-20.35.16:766][525]PIE: Play in editor start time for /Game/FirstPersonCPP/Maps/UEDPIE_0_FirstPersonExampleMap -0.067
[2019.03.25-20.35.16:767][525]LogBlueprintUserMessages: Late PlayInEditor Detection: Level '/Game/FirstPersonCPP/Maps/FirstPersonExampleMap.FirstPersonExampleMap:PersistentLevel' has LevelScriptBlueprint '/Game/FirstPersonCPP/Maps/FirstPersonExampleMap.FirstPersonExampleMap:PersistentLevel.FirstPersonExampleMap' with GeneratedClass '/Game/FirstPersonCPP/Maps/FirstPersonExampleMap.FirstPersonExampleMap_C' with ClassGeneratedBy '/Game/FirstPersonCPP/Maps/FirstPersonExampleMap.FirstPersonExampleMap:PersistentLevel.FirstPersonExampleMap'
[2019.03.25-20.35.59:436][667]LogBlueprintUserMessages: Early EndPlayMap Detection: Level '/Game/FirstPersonCPP/Maps/FirstPersonExampleMap.FirstPersonExampleMap:PersistentLevel' has LevelScriptBlueprint '/Game/FirstPersonCPP/Maps/FirstPersonExampleMap.FirstPersonExampleMap:PersistentLevel.FirstPersonExampleMap' with GeneratedClass '/Game/FirstPersonCPP/Maps/FirstPersonExampleMap.FirstPersonExampleMap_C' with ClassGeneratedBy '/Game/FirstPersonCPP/Maps/FirstPersonExampleMap.FirstPersonExampleMap:PersistentLevel.FirstPersonExampleMap'
[2019.03.25-20.35.59:437][667]LogSlate: Updating window title bar state: overlay mode, drag disabled, window buttons hidden, title bar hidden
[2019.03.25-20.35.59:479][667]LogPlayLevel: Display: Shutting down PIE online subsystems
[2019.03.25-20.35.59:479][667]LogBlueprintUserMessages: Late EndPlayMap Detection: Level '/Game/FirstPersonCPP/Maps/FirstPersonExampleMap.FirstPersonExampleMap:PersistentLevel' has LevelScriptBlueprint '/Game/FirstPersonCPP/Maps/FirstPersonExampleMap.FirstPersonExampleMap:PersistentLevel.FirstPersonExampleMap' with GeneratedClass '/Game/FirstPersonCPP/Maps/FirstPersonExampleMap.FirstPersonExampleMap_C' with ClassGeneratedBy '/Game/FirstPersonCPP/Maps/FirstPersonExampleMap.FirstPersonExampleMap:PersistentLevel.FirstPersonExampleMap'
[2019.03.25-20.35.59:502][667]LogSlate: Updating window title bar state: overlay mode, drag disabled, window buttons hidden, title bar hidden
[2019.03.25-20.35.59:538][670]LogPlayLevel: Display: Destroying online subsystem :Context_9
[2019.03.25-20.36.00:159][744]LogEditorViewport: Clicking on Actor (LMB): BP_CubePiece_C (BP_CubePiece)
[2019.03.25-20.36.02:252][990]LogSlate: FSceneViewport::OnFocusLost() reason 0
[2019.03.25-20.36.14:576][421]LogAssetEditorManager: Opening Asset editor for Blueprint /Game/Geometry/BP_CubePiece.BP_CubePiece
[2019.03.25-20.36.16:664][587]LogRenderer: Reallocating scene render targets to support 804x396 Format 10 NumSamples 1 (Frame:1).
[2019.03.25-20.36.19:638][856]LogSlate: FSceneViewport::OnFocusLost() reason 0
[2019.03.25-20.36.30:642][881]LogSlate: Window 'BP_CubePiece' being destroyed
[2019.03.25-20.36.30:645][881]LogSlate: Window 'BP_CubePiece' being destroyed
[2019.03.25-20.36.32:257][ 60]LogSlate: Window 'Wesley_S_Final - Unreal Editor' being destroyed
[2019.03.25-20.36.32:258][ 60]LogWindowsTextInputMethodSystem: Display: IME system now deactivated.
[2019.03.25-20.36.32:428][ 61]Cmd: QUIT_EDITOR
[2019.03.25-20.36.32:594][ 61]LogExit: Preparing to exit.
