Log file open, 03/25/19 16:20:45
LogWindows: Failed to load 'aqProf.dll' (GetLastError=126)
LogWindows: File 'aqProf.dll' does not exist
LogWindows: Failed to load 'VSPerf140.dll' (GetLastError=126)
LogWindows: File 'VSPerf140.dll' does not exist
LogWindows: Failed to load 'VtuneApi.dll' (GetLastError=126)
LogWindows: File 'VtuneApi.dll' does not exist
LogWindows: Failed to load 'VtuneApi32e.dll' (GetLastError=126)
LogWindows: File 'VtuneApi32e.dll' does not exist
LogInit: Display: Running engine for game: Wesley_S_Final
LogPlatformFile: Not using cached read wrapper
LogTaskGraph: Started task graph with 5 named threads and 23 total threads with 3 sets of task threads.
LogStats: Stats thread started at 0.362273
LogD3D11RHI: Loaded GFSDK_Aftermath_Lib.x64.dll
LogICUInternationalization: Display: ICU TimeZone Detection - Raw Offset: -5:00, Platform Override: ''
LogPluginManager: Mounting plugin Paper2D
LogPluginManager: Mounting plugin AISupport
LogPluginManager: Mounting plugin LightPropagationVolume
LogPluginManager: Mounting plugin CLionSourceCodeAccess
LogPluginManager: Mounting plugin CodeLiteSourceCodeAccess
LogPluginManager: Mounting plugin GitSourceControl
LogPluginManager: Mounting plugin KDevelopSourceCodeAccess
LogPluginManager: Mounting plugin NullSourceCodeAccess
LogPluginManager: Mounting plugin PerforceSourceControl
LogPluginManager: Mounting plugin SubversionSourceControl
LogPluginManager: Mounting plugin UObjectPlugin
LogPluginManager: Mounting plugin VisualStudioCodeSourceCodeAccess
LogPluginManager: Mounting plugin VisualStudioSourceCodeAccess
LogPluginManager: Mounting plugin XCodeSourceCodeAccess
LogPluginManager: Mounting plugin AssetManagerEditor
LogPluginManager: Mounting plugin CryptoKeys
LogPluginManager: Mounting plugin DataValidation
LogPluginManager: Mounting plugin FacialAnimation
LogPluginManager: Mounting plugin GameplayTagsEditor
LogPluginManager: Mounting plugin MacGraphicsSwitching
LogPluginManager: Mounting plugin MeshEditor
LogPluginManager: Mounting plugin MobileLauncherProfileWizard
LogPluginManager: Mounting plugin PluginBrowser
LogPluginManager: Mounting plugin SpeedTreeImporter
LogPluginManager: Mounting plugin DatasmithContent
LogPluginManager: Mounting plugin AlembicImporter
LogPluginManager: Mounting plugin AppleImageUtils
LogPluginManager: Mounting plugin AppleVision
LogPluginManager: Mounting plugin BackChannel
LogPluginManager: Mounting plugin CharacterAI
LogPluginManager: Mounting plugin GeometryCache
LogPluginManager: Mounting plugin HTML5Networking
LogPluginManager: Mounting plugin ProxyLODPlugin
LogPluginManager: Mounting plugin MagicLeap
LogPluginManager: Mounting plugin MagicLeapEmulator
LogPluginManager: Mounting plugin MagicLeapMedia
LogPluginManager: Mounting plugin AndroidMedia
LogPluginManager: Mounting plugin AvfMedia
LogPluginManager: Mounting plugin ImgMedia
LogPluginManager: Mounting plugin LinearTimecode
LogPluginManager: Mounting plugin MediaCompositing
LogPluginManager: Mounting plugin MediaPlayerEditor
LogPluginManager: Mounting plugin WmfMedia
LogPluginManager: Mounting plugin TcpMessaging
LogPluginManager: Mounting plugin UdpMessaging
LogPluginManager: Mounting plugin ActorSequence
LogPluginManager: Mounting plugin LevelSequenceEditor
LogPluginManager: Mounting plugin MatineeToLevelSequence
LogPluginManager: Mounting plugin NetcodeUnitTest
LogPluginManager: Mounting plugin NUTUnrealEngine4
LogPluginManager: Mounting plugin OnlineSubsystemGooglePlay
LogPluginManager: Mounting plugin OnlineSubsystemIOS
LogPluginManager: Mounting plugin OnlineSubsystem
LogPluginManager: Mounting plugin OnlineSubsystemNull
LogPluginManager: Mounting plugin OnlineSubsystemUtils
LogPluginManager: Mounting plugin LauncherChunkInstaller
LogPluginManager: Mounting plugin AndroidDeviceProfileSelector
LogPluginManager: Mounting plugin AndroidMoviePlayer
LogPluginManager: Mounting plugin AndroidPermission
LogPluginManager: Mounting plugin AppleMoviePlayer
LogPluginManager: Mounting plugin ArchVisCharacter
LogPluginManager: Mounting plugin AudioCapture
LogPluginManager: Mounting plugin CableComponent
LogPluginManager: Mounting plugin CustomMeshComponent
LogPluginManager: Mounting plugin EditableMesh
LogPluginManager: Mounting plugin ExampleDeviceProfileSelector
LogPluginManager: Mounting plugin GoogleCloudMessaging
LogPluginManager: Mounting plugin ImmediatePhysics
LogPluginManager: Mounting plugin IOSDeviceProfileSelector
LogPluginManager: Mounting plugin LinuxDeviceProfileSelector
LogPluginManager: Mounting plugin LocationServicesBPLibrary
LogPluginManager: Mounting plugin MobilePatchingUtils
LogPluginManager: Mounting plugin OculusVR
LogPluginManager: Plugin shader directory ../../../Engine/Plugins/Runtime/Oculus/OculusVR/Shaders found
LogPluginManager: Mapping shader source directory ../../../Engine/Plugins/Runtime/Oculus/OculusVR/Shaders to virtual directory /Plugin/OculusVR
LogPluginManager: Mounting plugin PhysXVehicles
LogPluginManager: Mounting plugin ProceduralMeshComponent
LogPluginManager: Mounting plugin RuntimePhysXCooking
LogPluginManager: Mounting plugin SteamVR
LogPluginManager: Mounting plugin WindowsMoviePlayer
LogStreaming: Display: Took  0.161s to configure plugins.
LogInit: Using libcurl 7.55.1-DEV
LogInit:  - built for x86_64-pc-win32
LogInit:  - supports SSL with OpenSSL/1.0.2h
LogInit:  - supports HTTP deflate (compression) using libz 1.2.8
LogInit:  - other features:
LogInit:      CURL_VERSION_SSL
LogInit:      CURL_VERSION_LIBZ
LogInit:      CURL_VERSION_IPV6
LogInit:      CURL_VERSION_ASYNCHDNS
LogInit:      CURL_VERSION_LARGEFILE
LogInit:      CURL_VERSION_IDN
LogInit:  CurlRequestOptions (configurable via config and command line):
LogInit:  - bVerifyPeer = false  - Libcurl will NOT verify peer certificate
LogInit:  - bUseHttpProxy = false  - Libcurl will NOT use HTTP proxy
LogInit:  - bDontReuseConnections = false  - Libcurl will reuse connections
LogInit:  - CertBundlePath = nullptr  - Libcurl will use whatever was configured at build time.
LogInit:  - MaxHostConnections = 16  - Libcurl will limit the number of connections to a host
LogInit:  - LocalHostAddr = Default
LogInit:  - BufferSize = 65536
LogInit: WinSock: version 1.1 (2.2), MaxSocks=32767, MaxUdp=65467
LogInit: Build: ++UE4+Release-4.20-CL-4233996
LogInit: Engine Version: 4.20.1-4233996+++UE4+Release-4.20
LogInit: Compatible Engine Version: 4.20.0-4212847+++UE4+Release-4.20
LogInit: Net CL: 4212847
LogInit: OS: Windows 10 (), CPU:        Intel(R) Core(TM) i7-3770K CPU @ 3.50GHz, GPU: NVIDIA GeForce GTX 670
LogInit: Compiled (64-bit): Jul 26 2018 10:07:30
LogInit: Compiled with Visual C++: 19.13.26129.00
LogInit: Build Configuration: Development
LogInit: Branch Name: ++UE4+Release-4.20
LogInit: Command Line:  -skipcompile
LogInit: Base Directory: D:/Program Files/Epic Games/UE_4.20/Engine/Binaries/Win64/
LogInit: Installed Engine Build: 1
LogDevObjectVersion: Number of dev versions registered: 20
LogDevObjectVersion:   Dev-Blueprints (B0D832E4-1F89-4F0D-ACCF-7EB736FD4AA2): 10
LogDevObjectVersion:   Dev-Build (E1C64328-A22C-4D53-A36C-8E866417BD8C): 0
LogDevObjectVersion:   Dev-Core (375EC13C-06E4-48FB-B500-84F0262A717E): 2
LogDevObjectVersion:   Dev-Editor (E4B068ED-F494-42E9-A231-DA0B2E46BB41): 24
LogDevObjectVersion:   Dev-Framework (CFFC743F-43B0-4480-9391-14DF171D2073): 34
LogDevObjectVersion:   Dev-Mobile (B02B49B5-BB20-44E9-A304-32B752E40360): 2
LogDevObjectVersion:   Dev-Networking (A4E4105C-59A1-49B5-A7C5-40C4547EDFEE): 0
LogDevObjectVersion:   Dev-Online (39C831C9-5AE6-47DC-9A44-9C173E1C8E7C): 0
LogDevObjectVersion:   Dev-Physics (78F01B33-EBEA-4F98-B9B4-84EACCB95AA2): 0
LogDevObjectVersion:   Dev-Platform (6631380F-2D4D-43E0-8009-CF276956A95A): 0
LogDevObjectVersion:   Dev-Rendering (12F88B9F-8875-4AFC-A67C-D90C383ABD29): 26
LogDevObjectVersion:   Dev-Sequencer (7B5AE74C-D270-4C10-A958-57980B212A5A): 9
LogDevObjectVersion:   Dev-VR (D7296918-1DD6-4BDD-9DE2-64A83CC13884): 2
LogDevObjectVersion:   Dev-LoadTimes (C2A15278-BFE7-4AFE-6C17-90FF531DF755): 1
LogDevObjectVersion:   Private-Geometry (6EACA3D4-40EC-4CC1-B786-8BED09428FC5): 3
LogDevObjectVersion:   Dev-AnimPhys (29E575DD-E0A3-4627-9D10-D276232CDCEA): 17
LogDevObjectVersion:   Dev-ReflectionCapture (6B266CEC-1EC7-4B8F-A30B-E4D90942FC07): 1
LogDevObjectVersion:   Dev-Automation (0DF73D61-A23F-47EA-B727-89E90C41499A): 1
LogDevObjectVersion:   FortniteMain (601D1886-AC64-4F84-AA16-D3DE0DEAC7D6): 12
LogDevObjectVersion:   Dev-Enterprise (9DFFBCD6-494F-0158-E221-12823C92A888): 1
LogStreaming: Display: Took  0.000s to delete old logs.
LogInit: Presizing for max 8388607 objects, including 0 objects not considered by GC, pre-allocating 0 bytes for permanent pool.
LogInit: Object subsystem initialized
[2019.03.25-20.20.45:851][  0]LogInit: Selected Device Profile: [Windows]
[2019.03.25-20.20.45:851][  0]LogInit: Applying CVar settings loaded from the selected device profile: [Windows]
[2019.03.25-20.20.45:878][  0]LogHAL: Display: Platform has ~ 16 GB [17121808384 / 17179869184 / 16], which maps to Larger [LargestMinGB=32, LargerMinGB=12, DefaultMinGB=8, SmallerMinGB=6, SmallestMinGB=0)
[2019.03.25-20.20.45:878][  0]LogInit: Setting Device Profile CVar: [[r.Vulkan.UseRealUBs:1]]
[2019.03.25-20.20.45:878][  0]LogInit: Going up to parent DeviceProfile []
[2019.03.25-20.20.45:879][  0]LogInit: Computer: WT227-31
[2019.03.25-20.20.45:879][  0]LogInit: User: swea0001
[2019.03.25-20.20.45:879][  0]LogInit: CPU Page size=4096, Cores=4
[2019.03.25-20.20.45:879][  0]LogInit: High frequency timer resolution =3.428039 MHz
[2019.03.25-20.20.45:880][  0]LogMemory: Memory total: Physical=15.9GB (16GB approx)
[2019.03.25-20.20.45:880][  0]LogMemory: Platform Memory Stats for Windows
[2019.03.25-20.20.45:880][  0]LogMemory: Process Physical Memory: 102.84 MB used, 102.84 MB peak
[2019.03.25-20.20.45:880][  0]LogMemory: Process Virtual Memory: 91.05 MB used, 91.05 MB peak
[2019.03.25-20.20.45:880][  0]LogMemory: Physical Memory: 8489.59 MB used,  7839.04 MB free, 16328.63 MB total
[2019.03.25-20.20.45:880][  0]LogMemory: Virtual Memory: 543.60 MB used,  7839.04 MB free, 134217728.00 MB total
[2019.03.25-20.20.46:013][  0]LogInit: Using OS detected language (en-US).
[2019.03.25-20.20.46:013][  0]LogInit: Using OS detected locale (en-US).
[2019.03.25-20.20.46:014][  0]LogTextLocalizationManager: No specific localization for 'en-US' exists, so the 'en' localization will be used.
[2019.03.25-20.20.46:367][  0]LogStreaming: Display: Took  0.354s to InitEngineTextLocalization.
[2019.03.25-20.20.46:367][  0]LogInit: Setting process to per monitor DPI aware
[2019.03.25-20.20.46:416][  0]LogSlate: New Slate User Created.  User Index 0, Is Virtual User: 0
[2019.03.25-20.20.46:416][  0]LogSlate: Slate User Registered.  User Index 0, Is Virtual User: 0
[2019.03.25-20.20.46:835][  0]LogHMD: Failed to initialize OpenVR with code 110
[2019.03.25-20.20.46:835][  0]LogD3D11RHI: D3D11 adapters:
[2019.03.25-20.20.46:904][  0]LogD3D11RHI:    0. 'NVIDIA GeForce GTX 670' (Feature Level 11_0)
[2019.03.25-20.20.46:904][  0]LogD3D11RHI:       4052/0/8164 MB DedicatedVideo/DedicatedSystem/SharedSystem, Outputs:1, VendorId:0x10de
[2019.03.25-20.20.46:913][  0]LogD3D11RHI:    1. 'Microsoft Basic Render Driver' (Feature Level 11_0)
[2019.03.25-20.20.46:913][  0]LogD3D11RHI:       0/0/8164 MB DedicatedVideo/DedicatedSystem/SharedSystem, Outputs:0, VendorId:0x1414
[2019.03.25-20.20.46:913][  0]LogD3D11RHI: Chosen D3D11 Adapter: 0
[2019.03.25-20.20.46:919][  0]LogD3D11RHI: Creating new Direct3DDevice
[2019.03.25-20.20.46:919][  0]LogD3D11RHI:     GPU DeviceId: 0x1189 (for the marketing name, search the web for "GPU Device Id")
[2019.03.25-20.20.46:919][  0]LogWindows: EnumDisplayDevices:
[2019.03.25-20.20.46:919][  0]LogWindows:    0. 'NVIDIA GeForce GTX 670' (P:1 D:1)
[2019.03.25-20.20.46:920][  0]LogWindows:    1. 'NVIDIA GeForce GTX 670' (P:0 D:0)
[2019.03.25-20.20.46:920][  0]LogWindows:    2. 'NVIDIA GeForce GTX 670' (P:0 D:0)
[2019.03.25-20.20.46:920][  0]LogWindows:    3. 'NVIDIA GeForce GTX 670' (P:0 D:0)
[2019.03.25-20.20.46:920][  0]LogWindows: DebugString: FoundDriverCount:4 
[2019.03.25-20.20.46:920][  0]LogD3D11RHI:     Adapter Name: NVIDIA GeForce GTX 670
[2019.03.25-20.20.46:920][  0]LogD3D11RHI:   Driver Version: 391.35 (internal:23.21.13.9135, unified:391.35)
[2019.03.25-20.20.46:921][  0]LogD3D11RHI:      Driver Date: 3-23-2018
[2019.03.25-20.20.46:921][  0]LogRHI: Texture pool is 2836 MB (70% of 4052 MB)
[2019.03.25-20.20.46:963][  0]LogD3D11RHI: Async texture creation enabled
[2019.03.25-20.20.46:983][  0]LogD3D11RHI: GPU Timing Frequency: 1000.000000 (Debug: 2 2)
[2019.03.25-20.20.46:984][  0]LogShaderCompilers: Guid format shader working directory is -10 characters bigger than the processId version (C:/Users/swea0001/Documents/Unreal Projects/Wesley_S_Final/Intermediate/Shaders/WorkingDirectory/10988/).
[2019.03.25-20.20.46:985][  0]LogShaderCompilers: Cleaned the shader compiler working directory 'C:/Users/swea0001/AppData/Local/Temp/UnrealShaderWorkingDir/CA54C682484A5945DB08CEB78B1A6C3F/'.
[2019.03.25-20.20.47:240][  0]LogTemp: Display: Loaded TP AllDesktopTargetPlatform
[2019.03.25-20.20.47:257][  0]LogTemp: Display: Loaded TP MacClientTargetPlatform
[2019.03.25-20.20.47:273][  0]LogTemp: Display: Loaded TP MacNoEditorTargetPlatform
[2019.03.25-20.20.47:294][  0]LogTemp: Display: Loaded TP MacServerTargetPlatform
[2019.03.25-20.20.47:310][  0]LogTemp: Display: Loaded TP MacTargetPlatform
[2019.03.25-20.20.47:326][  0]LogTemp: Display: Loaded TP WindowsClientTargetPlatform
[2019.03.25-20.20.47:342][  0]LogTemp: Display: Loaded TP WindowsNoEditorTargetPlatform
[2019.03.25-20.20.47:358][  0]LogTemp: Display: Loaded TP WindowsServerTargetPlatform
[2019.03.25-20.20.47:367][  0]LogTemp: Display: Loaded TP WindowsTargetPlatform
[2019.03.25-20.20.47:449][  0]LogTemp: Display: Loaded TP AndroidTargetPlatform
[2019.03.25-20.20.47:450][  0]LogTemp: Display: Loaded TP AndroidTargetPlatform
[2019.03.25-20.20.47:450][  0]LogTemp: Display: Loaded TP AndroidTargetPlatform
[2019.03.25-20.20.47:450][  0]LogTemp: Display: Loaded TP AndroidTargetPlatform
[2019.03.25-20.20.47:450][  0]LogTemp: Display: Loaded TP AndroidTargetPlatform
[2019.03.25-20.20.47:450][  0]LogTemp: Display: Loaded TP AndroidTargetPlatform
[2019.03.25-20.20.47:450][  0]LogTemp: Display: Loaded TP AndroidTargetPlatform
[2019.03.25-20.20.47:450][  0]LogTemp: Display: Loaded TP AndroidTargetPlatform
[2019.03.25-20.20.47:450][  0]LogTemp: Display: Loaded TP AndroidTargetPlatform
[2019.03.25-20.20.47:450][  0]LogTemp: Display: Loaded TP AndroidTargetPlatform
[2019.03.25-20.20.47:450][  0]LogTemp: Display: Loaded TP AndroidTargetPlatform
[2019.03.25-20.20.47:450][  0]LogTemp: Display: Loaded TP AndroidTargetPlatform
[2019.03.25-20.20.47:450][  0]LogTemp: Display: Loaded TP AndroidTargetPlatform
[2019.03.25-20.20.47:450][  0]LogTemp: Display: Loaded TP AndroidTargetPlatform
[2019.03.25-20.20.47:450][  0]LogTemp: Display: Loaded TP AndroidTargetPlatform
[2019.03.25-20.20.47:450][  0]LogTemp: Display: Loaded TP AndroidTargetPlatform
[2019.03.25-20.20.47:450][  0]LogTemp: Display: Loaded TP AndroidTargetPlatform
[2019.03.25-20.20.47:450][  0]LogTemp: Display: Loaded TP AndroidTargetPlatform
[2019.03.25-20.20.47:454][  0]LogTemp: Display: Loaded TP HTML5TargetPlatform
[2019.03.25-20.20.47:538][  0]LogTemp: Display: Loaded TP IOSTargetPlatform
[2019.03.25-20.20.47:538][  0]LogTemp: Display: Loaded TP IOSTargetPlatform
[2019.03.25-20.20.47:571][  0]LogTemp: Display: Loaded TP TVOSTargetPlatform
[2019.03.25-20.20.47:571][  0]LogTemp: Display: Loaded TP TVOSTargetPlatform
[2019.03.25-20.20.47:588][  0]LogTemp: Display: Loaded TP LinuxClientTargetPlatform
[2019.03.25-20.20.47:604][  0]LogTemp: Display: Loaded TP LinuxNoEditorTargetPlatform
[2019.03.25-20.20.47:620][  0]LogTemp: Display: Loaded TP LinuxServerTargetPlatform
[2019.03.25-20.20.47:636][  0]LogTemp: Display: Loaded TP LinuxTargetPlatform
[2019.03.25-20.20.47:648][  0]LogTemp: Display: Loaded TP LuminTargetPlatform
[2019.03.25-20.20.47:648][  0]LogTargetPlatformManager: Display: Building Assets For Windows
[2019.03.25-20.20.47:761][  0]LogXGEController: Cleaning working directory: C:/Users/swea0001/AppData/Local/Temp/UnrealXGEWorkingDir/
[2019.03.25-20.20.47:761][  0]LogXGEController: Cannot use XGE Controller as Incredibuild is not installed on this machine.
[2019.03.25-20.20.47:761][  0]LogShaderCompilers: Cannot use XGE Shader Compiler as Incredibuild is not installed on this machine.
[2019.03.25-20.20.47:761][  0]LogShaderCompilers: Display: Using Local Shader Compiler.
[2019.03.25-20.20.48:554][  0]LogDerivedDataCache: Display: Max Cache Size: 512 MB
[2019.03.25-20.20.48:611][  0]LogDerivedDataCache: Loaded boot cache 0.06s 90MB C:/Users/swea0001/AppData/Local/UnrealEngine/4.20/DerivedDataCache/Boot.ddc.
[2019.03.25-20.20.48:612][  0]LogDerivedDataCache: Display: Loaded Boot cache: C:/Users/swea0001/AppData/Local/UnrealEngine/4.20/DerivedDataCache/Boot.ddc
[2019.03.25-20.20.48:612][  0]LogDerivedDataCache: FDerivedDataBackendGraph:  Pak pak cache file C:/Users/swea0001/Documents/Unreal Projects/Wesley_S_Final/DerivedDataCache/DDC.ddp not found, will not use a pak cache.
[2019.03.25-20.20.48:612][  0]LogDerivedDataCache: Unable to find inner node Pak for hierarchical cache Hierarchy.
[2019.03.25-20.20.48:612][  0]LogDerivedDataCache: FDerivedDataBackendGraph:  CompressedPak pak cache file C:/Users/swea0001/Documents/Unreal Projects/Wesley_S_Final/DerivedDataCache/Compressed.ddp not found, will not use a pak cache.
[2019.03.25-20.20.48:612][  0]LogDerivedDataCache: Unable to find inner node CompressedPak for hierarchical cache Hierarchy.
[2019.03.25-20.20.48:624][  0]LogDerivedDataCache: Display: Pak cache opened for reading ../../../Engine/DerivedDataCache/Compressed.ddp.
[2019.03.25-20.20.48:639][  0]LogDerivedDataCache: Using Local data cache path C:/Users/swea0001/AppData/Local/UnrealEngine/Common/DerivedDataCache: Writable
[2019.03.25-20.20.48:639][  0]LogDerivedDataCache: Shared data cache path not found in *engine.ini, will not use an Shared cache.
[2019.03.25-20.20.48:639][  0]LogDerivedDataCache: Unable to find inner node Shared for hierarchical cache Hierarchy.
[2019.03.25-20.20.48:658][  0]LogMaterial: Verifying Global Shaders for PCD3D_SM5
[2019.03.25-20.20.48:659][  0]LogSlate: Using FreeType 2.6.0
[2019.03.25-20.20.48:661][  0]LogSlate: SlateFontServices - WITH_FREETYPE: 1, WITH_HARFBUZZ: 1
[2019.03.25-20.20.48:861][  0]LogAssetRegistry: FAssetRegistry took 0.0312 seconds to start up
[2019.03.25-20.20.49:221][  0]LogInit: Selected Device Profile: [Windows]
[2019.03.25-20.20.49:373][  0]LogSimplygon: Simplygon DLL not present - disabling.
[2019.03.25-20.20.49:380][  0]LogMeshReduction: Using SimplygonSwarm for distributed automatic mesh merging
[2019.03.25-20.20.49:381][  0]LogMeshReduction: Using ProxyLODMeshReduction for automatic mesh merging
[2019.03.25-20.20.49:381][  0]LogMeshReduction: Using QuadricMeshReduction for automatic static mesh reduction
[2019.03.25-20.20.49:381][  0]LogMeshReduction: No automatic skeletal mesh reduction module available
[2019.03.25-20.20.49:396][  0]LogNetVersion: Wesley_S_Final 1.0.0, NetCL: 4212847, EngineNetVer: 5, GameNetVer: 0 (Checksum: 2346214524)
[2019.03.25-20.20.49:919][  0]LogPackageLocalizationCache: Processed 11 localized package path(s) for 2 prioritized culture(s) in 0.106061 seconds
[2019.03.25-20.20.49:925][  0]LogUObjectArray: 38425 objects as part of root set at end of initial load.
[2019.03.25-20.20.49:926][  0]LogUObjectAllocator: 6690872 out of 0 bytes used by permanent object pool.
[2019.03.25-20.20.49:926][  0]LogUObjectArray: CloseDisregardForGC: 0/0 objects in disregard for GC pool
[2019.03.25-20.20.51:246][  0]LogTcpMessaging: Initializing TcpMessaging bridge
[2019.03.25-20.20.51:264][  0]LogUdpMessaging: Initializing bridge on interface 0.0.0.0:0 to multicast group 230.0.0.1:6666.
[2019.03.25-20.20.51:875][  0]SourceControl: Source control is disabled
[2019.03.25-20.20.51:875][  0]SourceControl: Source control is disabled
[2019.03.25-20.20.51:879][  0]SourceControl: Source control is disabled
[2019.03.25-20.20.51:883][  0]SourceControl: Source control is disabled
[2019.03.25-20.20.52:161][  0]LogAndroidPermission: UAndroidPermissionCallbackProxy::GetInstance
[2019.03.25-20.20.52:253][  0]LogOcInput: OculusInput pre-init called
[2019.03.25-20.20.52:333][  0]LogEngine: Initializing Engine...
[2019.03.25-20.20.52:334][  0]LogHMD: Failed to initialize OpenVR with code 110
[2019.03.25-20.20.52:336][  0]LogStats: UGameplayTagsManager::ConstructGameplayTagTree: ImportINI prefixes -  0.000 s
[2019.03.25-20.20.52:336][  0]LogStats: UGameplayTagsManager::ConstructGameplayTagTree: Construct from data asset -  0.000 s
[2019.03.25-20.20.52:336][  0]LogStats: UGameplayTagsManager::ConstructGameplayTagTree: ImportINI -  0.000 s
[2019.03.25-20.20.52:336][  0]LogStats: UGameplayTagsManager::ConstructGameplayTagTree: GameplayTagTreeChangedEvent.Broadcast -  0.000 s
[2019.03.25-20.20.52:540][  0]LogInit: Initializing FReadOnlyCVARCache
[2019.03.25-20.20.52:554][  0]LogAIModule: Creating AISystem for world Untitled
[2019.03.25-20.20.52:563][  0]LogInit: XAudio2 using 'Realtek Digital Output(Optical) (Realtek High Definition Audio)' : 2 channels at 48 kHz using 16 bits per sample (channel mask 0x3)
[2019.03.25-20.20.52:639][  0]LogInit: FAudioDevice initialized.
[2019.03.25-20.20.52:639][  0]LogNetVersion: Set ProjectVersion to 1.0.0.0. Version Checksum will be recalculated on next use.
[2019.03.25-20.20.52:720][  0]LogDerivedDataCache: Saved boot cache 0.08s 74MB C:/Users/swea0001/AppData/Local/UnrealEngine/4.20/DerivedDataCache/Boot.ddc.
[2019.03.25-20.20.52:734][  0]LogInit: Texture streaming: Enabled
[2019.03.25-20.20.52:768][  0]LogEngineSessionManager: EngineSessionManager initialized
[2019.03.25-20.20.52:768][  0]LogEngineSessionManager: EngineSessionManager sent abnormal shutdown report. Type=Debugger, SessionId={B280F25A-4952-DB61-2B5A-64AE45994516}
[2019.03.25-20.20.52:782][  0]LogInit: Transaction tracking system initialized
[2019.03.25-20.20.52:819][  0]BlueprintLog: New page: Editor Load
[2019.03.25-20.20.52:979][  0]LocalizationService: Localization service is disabled
[2019.03.25-20.20.53:291][  0]LogCook: Display: Max memory allowance for cook 16384mb min free memory 0mb
[2019.03.25-20.20.53:291][  0]LogCook: Display: Mobile HDR setting 1
[2019.03.25-20.20.53:291][  0]LogGameplayTags: Display: UGameplayTagsManager::DoneAddingNativeTags. DelegateIsBound: 0
[2019.03.25-20.20.53:292][  0]LogStats: UGameplayTagsManager::ConstructGameplayTagTree: ImportINI prefixes -  0.000 s
[2019.03.25-20.20.53:292][  0]LogStats: UGameplayTagsManager::ConstructGameplayTagTree: Construct from data asset -  0.000 s
[2019.03.25-20.20.53:292][  0]LogStats: UGameplayTagsManager::ConstructGameplayTagTree: ImportINI -  0.000 s
[2019.03.25-20.20.53:292][  0]LogStats: UGameplayTagsManager::ConstructGameplayTagTree: GameplayTagTreeChangedEvent.Broadcast -  0.000 s
[2019.03.25-20.20.53:486][  0]LogFileCache: Scanning file cache for directory 'C:/Users/swea0001/Documents/Unreal Projects/Wesley_S_Final/Content/' took 0.02s
[2019.03.25-20.20.53:486][  0]SourceControl: Source control is disabled
[2019.03.25-20.20.53:487][  0]Cmd: MAP LOAD FILE="C:/Users/swea0001/Documents/Unreal Projects/Wesley_S_Final/Content/FirstPersonCPP/Maps/FirstPersonExampleMap.umap" TEMPLATE=0 SHOWPROGRESS=1 FEATURELEVEL=3
[2019.03.25-20.20.53:489][  0]LightingResults: New page: Lighting Build
[2019.03.25-20.20.53:492][  0]MapCheck: New page: Map Check
[2019.03.25-20.20.53:492][  0]LightingResults: New page: Lighting Build
[2019.03.25-20.20.53:819][  0]LogAIModule: Creating AISystem for world FirstPersonExampleMap
[2019.03.25-20.20.53:831][  0]LogEditorServer: Finished looking for orphan Actors (0.000 secs)
[2019.03.25-20.20.53:851][  0]Cmd: MAP CHECKDEP NOCLEARLOG
[2019.03.25-20.20.53:938][  0]MapCheck: Map check complete: 0 Error(s), 0 Warning(s), took 86.708ms to complete.
[2019.03.25-20.20.53:938][  0]LogFileHelpers: Loading map 'FirstPersonExampleMap' took 0.452
[2019.03.25-20.20.54:096][  0]LogSlate: Updating window title bar state: overlay mode, drag disabled, window buttons hidden, title bar hidden
[2019.03.25-20.20.54:104][  0]LogSlate: Updating window title bar state: overlay mode, drag disabled, window buttons hidden, title bar hidden
[2019.03.25-20.20.54:113][  0]LogSlate: Updating window title bar state: overlay mode, drag disabled, window buttons hidden, title bar hidden
[2019.03.25-20.20.54:121][  0]LogSlate: Updating window title bar state: overlay mode, drag disabled, window buttons hidden, title bar hidden
[2019.03.25-20.20.54:128][  0]LogCollectionManager: Loaded 0 collections in 0.000887 seconds
[2019.03.25-20.20.54:174][  0]LogFileCache: Scanning file cache for directory 'C:/Users/swea0001/Documents/Unreal Projects/Wesley_S_Final/Saved/Collections/' took 0.01s
[2019.03.25-20.20.54:174][  0]LogFileCache: Scanning file cache for directory 'C:/Users/swea0001/Documents/Unreal Projects/Wesley_S_Final/Content/Developers/swea0001/Collections/' took 0.01s
[2019.03.25-20.20.54:174][  0]LogFileCache: Scanning file cache for directory 'C:/Users/swea0001/Documents/Unreal Projects/Wesley_S_Final/Content/Collections/' took 0.01s
[2019.03.25-20.20.54:174][  0]LogCollectionManager: Rebuilt the GUID cache for 0 collections in 0.000000 seconds
[2019.03.25-20.20.54:185][  0]LogContentBrowser: Native class hierarchy populated in 0.0107 seconds. Added 2579 classes and 605 folders.
[2019.03.25-20.20.54:207][  0]LogContentBrowser: Native class hierarchy updated for 'WidgetCarousel' in 0.0005 seconds. Added 0 classes and 0 folders.
[2019.03.25-20.20.54:265][  0]LogContentBrowser: Native class hierarchy updated for 'AddContentDialog' in 0.0004 seconds. Added 0 classes and 0 folders.
[2019.03.25-20.20.54:272][  0]LogContentBrowser: Native class hierarchy updated for 'SceneOutliner' in 0.0006 seconds. Added 1 classes and 2 folders.
[2019.03.25-20.20.54:295][  0]LogSlate: FSceneViewport::OnFocusLost() reason 2
[2019.03.25-20.20.54:309][  0]LogSlate: Window 'Tutorials' being destroyed
[2019.03.25-20.20.54:343][  0]LogContentBrowser: Native class hierarchy updated for 'HierarchicalLODOutliner' in 0.0005 seconds. Added 0 classes and 0 folders.
[2019.03.25-20.20.54:344][  0]LogLoad: (Engine Initialization) Total time: 10.38 seconds
[2019.03.25-20.20.54:344][  0]LogLoad: (Engine Initialization) Total Blueprint compile time: 0.00 seconds
[2019.03.25-20.20.54:353][  0]LogWindowsTextInputMethodSystem: Display: IME system now deactivated.
[2019.03.25-20.20.54:373][  0]LogContentStreaming: Texture pool size now 3000 MB
[2019.03.25-20.20.54:375][  0]LogSlate: Took 0.000472 seconds to synchronously load lazily loaded font '../../../Engine/Content/Slate/Fonts/Roboto-Regular.ttf' (155K)
[2019.03.25-20.20.54:377][  0]LogSlate: Took 0.000281 seconds to synchronously load lazily loaded font '../../../Engine/Content/Slate/Fonts/Roboto-Bold.ttf' (160K)
[2019.03.25-20.20.54:383][  0]LogSlate: Took 0.000377 seconds to synchronously load lazily loaded font '../../../Engine/Content/Editor/Slate/Fonts/FontAwesome.ttf' (139K)
[2019.03.25-20.20.54:487][  0]LogSlate: Took 0.000369 seconds to synchronously load lazily loaded font '../../../Engine/Content/Slate/Fonts/Roboto-Light.ttf' (167K)
[2019.03.25-20.20.54:508][  1]LogRenderer: Reallocating scene render targets to support 804x360 Format 10 NumSamples 1 (Frame:1).
[2019.03.25-20.20.54:523][  1]LogAssetRegistry: Asset discovery search completed in 5.6865 seconds
[2019.03.25-20.20.54:526][  1]LogCollectionManager: Rebuilt the object cache for 0 collections in 0.000001 seconds (found 0 objects)
[2019.03.25-20.20.54:526][  1]LogCollectionManager: Fixed up redirectors for 0 collections in 0.000150 seconds (updated 0 objects)
[2019.03.25-20.21.45:368][743]LogSlate: FSceneViewport::OnFocusLost() reason 0
[2019.03.25-20.21.46:882][885]LogSlate: Took 0.000261 seconds to synchronously load lazily loaded font '../../../Engine/Content/Slate/Fonts/Roboto-Light.ttf' (167K)
[2019.03.25-20.21.46:945][885]LogSlate: Took 0.010828 seconds to synchronously load lazily loaded font '../../../Engine/Content/Slate/Fonts/Roboto-BoldCondensed.ttf' (158K)
[2019.03.25-20.21.58:608][257]LogAssetEditorManager: Opening Asset editor for Blueprint /Game/Geometry/BP_CubePiece.BP_CubePiece
[2019.03.25-20.21.59:776][257]LogContentBrowser: Native class hierarchy updated for 'BlueprintGraph' in 0.0009 seconds. Added 116 classes and 0 folders.
[2019.03.25-20.22.01:706][257]LogSlate: Window 'Add Blueprint Class' being destroyed
[2019.03.25-20.22.02:230][258]LogRenderer: Reallocating scene render targets to support 804x508 Format 10 NumSamples 1 (Frame:1).
[2019.03.25-20.22.03:831][396]LogSlate: Took 0.009285 seconds to synchronously load lazily loaded font '../../../Engine/Content/Slate/Fonts/Roboto-Italic.ttf' (157K)
[2019.03.25-20.22.13:311][296]Cmd: OBJ SAVEPACKAGE PACKAGE="/Game/Geometry/BP_CubePiece" FILE="C:/Users/swea0001/Documents/Unreal Projects/Wesley_S_Final/Content/Geometry/BP_CubePiece.uasset" SILENT=true
[2019.03.25-20.22.13:506][296]LogSavePackage: Moving 'C:/Users/swea0001/Documents/Unreal Projects/Wesley_S_Final/Saved/BP_CubePiece4136FBEC4641F0FBC839C7BBDFFAFF0F.tmp' to 'C:/Users/swea0001/Documents/Unreal Projects/Wesley_S_Final/Content/Geometry/BP_CubePiece.uasset'
[2019.03.25-20.22.18:338][756]Cmd: OBJ SAVEPACKAGE PACKAGE="/Game/Geometry/BP_CubePiece" FILE="C:/Users/swea0001/Documents/Unreal Projects/Wesley_S_Final/Content/Geometry/BP_CubePiece.uasset" SILENT=true
[2019.03.25-20.22.18:349][756]LogSavePackage: Moving 'C:/Users/swea0001/Documents/Unreal Projects/Wesley_S_Final/Saved/BP_CubePiece0DE60DCD439B6FC311B971B9C665739E.tmp' to 'C:/Users/swea0001/Documents/Unreal Projects/Wesley_S_Final/Content/Geometry/BP_CubePiece.uasset'
[2019.03.25-20.22.20:797][976]BlueprintLog: New page: Compile BP_CubePiece
[2019.03.25-20.22.22:432][ 90]LogSlate: Window 'BP_CubePiece' being destroyed
[2019.03.25-20.22.22:436][ 90]LogSlate: Window 'BP_CubePiece' being destroyed
[2019.03.25-20.22.28:553][760]LogSlate: FSceneViewport::OnFocusLost() reason 0
[2019.03.25-20.22.44:176][568]LogAssetEditorManager: Opening Asset editor for Blueprint /Game/FirstPersonCPP/Blueprints/BP_Wesley_S_FinalCharacter.BP_Wesley_S_FinalCharacter
[2019.03.25-20.22.44:501][568]LogSlate: Window 'Add Blueprint Class' being destroyed
[2019.03.25-20.23.01:698][873]LogSlate: Prevented a slow task dialog from being summoned while a context menu was open
[2019.03.25-20.23.04:514][105]LogSlate: Prevented a slow task dialog from being summoned while a context menu was open
[2019.03.25-20.23.10:306][570]BlueprintLog: New page: Compile BP_Wesley_S_FinalCharacter
[2019.03.25-20.23.10:637][570]LogSavePackage: Moving 'C:/Users/swea0001/Documents/Unreal Projects/Wesley_S_Final/Saved/BP_Wesley_S_FinalCharacter5B104D344F0FAD4FDA3E4E98E10ABE23.tmp' to 'C:/Users/swea0001/Documents/Unreal Projects/Wesley_S_Final/Content/FirstPersonCPP/Blueprints/BP_Wesley_S_FinalCharacter.uasset'
[2019.03.25-20.23.13:867][880]LogAssetEditorManager: Opening Asset editor for Blueprint /Game/FirstPersonCPP/Blueprints/FirstPersonCharacter.FirstPersonCharacter
[2019.03.25-20.23.20:048][304]LogAssetEditorManager: Opening Asset editor for Blueprint /Game/FirstPersonCPP/Blueprints/FirstPersonCharacter.FirstPersonCharacter
[2019.03.25-20.23.30:831][978]LogSlate: FSceneViewport::OnFocusLost() reason 0
[2019.03.25-20.24.33:738][726]LogSlate: FSceneViewport::OnFocusLost() reason 0
[2019.03.25-20.24.50:477][ 87]LogSlate: Prevented a slow task dialog from being summoned while a context menu was open
[2019.03.25-20.25.24:890][741]LogSlate: FSceneViewport::OnFocusLost() reason 0
[2019.03.25-20.25.49:544][621]LogSlate: FSceneViewport::OnFocusLost() reason 0
[2019.03.25-20.25.49:644][630]BlueprintLog: New page: Compile BP_Wesley_S_FinalCharacter
[2019.03.25-20.25.49:904][630]LogSavePackage: Moving 'C:/Users/swea0001/Documents/Unreal Projects/Wesley_S_Final/Saved/BP_Wesley_S_FinalCharacter1A15975C4C4BA50F1868EF9C765E4A44.tmp' to 'C:/Users/swea0001/Documents/Unreal Projects/Wesley_S_Final/Content/FirstPersonCPP/Blueprints/BP_Wesley_S_FinalCharacter.uasset'
[2019.03.25-20.26.01:889][600]LogSlate: FSceneViewport::OnFocusLost() reason 0
[2019.03.25-20.26.04:898][878]LogSlate: FSceneViewport::OnFocusLost() reason 0
[2019.03.25-20.26.05:038][891]LogSavePackage: Moving 'C:/Users/swea0001/Documents/Unreal Projects/Wesley_S_Final/Saved/BP_Wesley_S_FinalCharacter780816F74F9839AA643EA9B2DDE507E1.tmp' to 'C:/Users/swea0001/Documents/Unreal Projects/Wesley_S_Final/Content/FirstPersonCPP/Blueprints/BP_Wesley_S_FinalCharacter.uasset'
[2019.03.25-20.26.09:286][232]LogSlate: Prevented a slow task dialog from being summoned while a context menu was open
[2019.03.25-20.26.25:539][546]LogSlate: FSceneViewport::OnFocusLost() reason 2
[2019.03.25-20.26.31:733][ 27]LogSlate: FSceneViewport::OnFocusLost() reason 0
[2019.03.25-20.26.31:826][ 35]BlueprintLog: New page: Compile BP_Wesley_S_FinalCharacter
[2019.03.25-20.26.32:080][ 35]LogSavePackage: Moving 'C:/Users/swea0001/Documents/Unreal Projects/Wesley_S_Final/Saved/BP_Wesley_S_FinalCharacter6F3077424E75DA90C87F4E94173595F4.tmp' to 'C:/Users/swea0001/Documents/Unreal Projects/Wesley_S_Final/Content/FirstPersonCPP/Blueprints/BP_Wesley_S_FinalCharacter.uasset'
[2019.03.25-20.26.33:224][140]LogSlate: Window 'FirstPersonCharacter' being destroyed
[2019.03.25-20.26.33:227][140]LogSlate: Window 'FirstPersonCharacter' being destroyed
[2019.03.25-20.26.33:302][140]LogActorComponent: UnregisterComponent: (/Engine/Transient.EditorFloorComp) Not registered. Aborting.
[2019.03.25-20.26.40:075][890]LogSlate: Prevented a slow task dialog from being summoned while a context menu was open
[2019.03.25-20.27.04:252][736]LogSlate: Window 'Add Blueprint Class' being destroyed
[2019.03.25-20.27.24:434][ 73]LogAssetEditorManager: Opening Asset editor for Blueprint /Game/Game/BP_Wesley_S_FinalGameMode.BP_Wesley_S_FinalGameMode
[2019.03.25-20.27.24:760][ 73]LogSlate: Window 'Add Blueprint Class' being destroyed
[2019.03.25-20.27.28:349][372]LogSlate: Window 'BP_Wesley_S_FinalGameMode*' being destroyed
[2019.03.25-20.27.28:354][372]LogSlate: Window 'BP_Wesley_S_FinalGameMode*' being destroyed
[2019.03.25-20.27.32:273][826]LogSlate: Prevented a slow task dialog from being summoned while a context menu was open
[2019.03.25-20.27.42:292][947]LogSavePackage: Moving 'C:/Users/swea0001/Documents/Unreal Projects/Wesley_S_Final/Saved/FirstPersonExampleMap3F7B635943AD41AD40988284B8AF947B.tmp' to 'C:/Users/swea0001/Documents/Unreal Projects/Wesley_S_Final/Content/FirstPersonCPP/Maps/FirstPersonExampleMap.umap'
[2019.03.25-20.27.43:640][947]LogSavePackage: Moving 'C:/Users/swea0001/Documents/Unreal Projects/Wesley_S_Final/Saved/FirstPersonExampleMap_BuiltData070D1D0A43AB38B75C2DEB9B4C371D5E.tmp' to 'C:/Users/swea0001/Documents/Unreal Projects/Wesley_S_Final/Content/FirstPersonCPP/Maps/FirstPersonExampleMap_BuiltData.uasset'
[2019.03.25-20.27.44:245][ 16]LogTemp: Repeating last play command: Selected Viewport
[2019.03.25-20.27.44:262][ 16]LogBlueprintUserMessages: Early PlayInEditor Detection: Level '/Game/FirstPersonCPP/Maps/FirstPersonExampleMap.FirstPersonExampleMap:PersistentLevel' has LevelScriptBlueprint '/Game/FirstPersonCPP/Maps/FirstPersonExampleMap.FirstPersonExampleMap:PersistentLevel.FirstPersonExampleMap' with GeneratedClass '/Game/FirstPersonCPP/Maps/FirstPersonExampleMap.FirstPersonExampleMap_C' with ClassGeneratedBy '/Game/FirstPersonCPP/Maps/FirstPersonExampleMap.FirstPersonExampleMap:PersistentLevel.FirstPersonExampleMap'
[2019.03.25-20.27.44:262][ 16]LogPlayLevel: PlayLevel: No blueprints needed recompiling
[2019.03.25-20.27.44:276][ 16]PIE: New page: PIE session: FirstPersonExampleMap (Mar 25, 2019, 12:27:44 PM)
[2019.03.25-20.27.44:276][ 16]LogPlayLevel: Creating play world package: /Game/FirstPersonCPP/Maps/UEDPIE_0_FirstPersonExampleMap
[2019.03.25-20.27.44:289][ 16]LogPlayLevel: PIE: StaticDuplicateObject took: (0.013191s)
[2019.03.25-20.27.44:290][ 16]LogAIModule: Creating AISystem for world FirstPersonExampleMap
[2019.03.25-20.27.44:290][ 16]LogPlayLevel: PIE: World Init took: (0.001116s)
[2019.03.25-20.27.44:290][ 16]LogPlayLevel: PIE: Created PIE world by copying editor world from /Game/FirstPersonCPP/Maps/FirstPersonExampleMap.FirstPersonExampleMap to /Game/FirstPersonCPP/Maps/UEDPIE_0_FirstPersonExampleMap.FirstPersonExampleMap (0.014689s)
[2019.03.25-20.27.44:319][ 16]LogInit: XAudio2 using 'Realtek Digital Output(Optical) (Realtek High Definition Audio)' : 2 channels at 48 kHz using 16 bits per sample (channel mask 0x3)
[2019.03.25-20.27.44:330][ 16]LogInit: FAudioDevice initialized.
[2019.03.25-20.27.44:374][ 16]LogLoad: Game class is 'BP_Wesley_S_FinalGameMode_C'
[2019.03.25-20.27.44:378][ 16]LogWorld: Bringing World /Game/FirstPersonCPP/Maps/UEDPIE_0_FirstPersonExampleMap.FirstPersonExampleMap up for play (max tick rate 0) at 2019.03.25-16.27.44
[2019.03.25-20.27.44:379][ 16]LogWorld: Bringing up level for play took: 0.002667
[2019.03.25-20.27.44:395][ 16]LogContentBrowser: Native class hierarchy updated for 'MovieSceneCapture' in 0.0004 seconds. Added 10 classes and 0 folders.
[2019.03.25-20.27.44:396][ 16]PIE: Play in editor start time for /Game/FirstPersonCPP/Maps/UEDPIE_0_FirstPersonExampleMap -0.442
[2019.03.25-20.27.44:397][ 16]LogBlueprintUserMessages: Late PlayInEditor Detection: Level '/Game/FirstPersonCPP/Maps/FirstPersonExampleMap.FirstPersonExampleMap:PersistentLevel' has LevelScriptBlueprint '/Game/FirstPersonCPP/Maps/FirstPersonExampleMap.FirstPersonExampleMap:PersistentLevel.FirstPersonExampleMap' with GeneratedClass '/Game/FirstPersonCPP/Maps/FirstPersonExampleMap.FirstPersonExampleMap_C' with ClassGeneratedBy '/Game/FirstPersonCPP/Maps/FirstPersonExampleMap.FirstPersonExampleMap:PersistentLevel.FirstPersonExampleMap'
[2019.03.25-20.27.46:673][273]LogBlueprintUserMessages: Early EndPlayMap Detection: Level '/Game/FirstPersonCPP/Maps/FirstPersonExampleMap.FirstPersonExampleMap:PersistentLevel' has LevelScriptBlueprint '/Game/FirstPersonCPP/Maps/FirstPersonExampleMap.FirstPersonExampleMap:PersistentLevel.FirstPersonExampleMap' with GeneratedClass '/Game/FirstPersonCPP/Maps/FirstPersonExampleMap.FirstPersonExampleMap_C' with ClassGeneratedBy '/Game/FirstPersonCPP/Maps/FirstPersonExampleMap.FirstPersonExampleMap:PersistentLevel.FirstPersonExampleMap'
[2019.03.25-20.27.46:674][273]LogSlate: Updating window title bar state: overlay mode, drag disabled, window buttons hidden, title bar hidden
[2019.03.25-20.27.46:714][273]LogPlayLevel: Display: Shutting down PIE online subsystems
[2019.03.25-20.27.46:715][273]LogBlueprintUserMessages: Late EndPlayMap Detection: Level '/Game/FirstPersonCPP/Maps/FirstPersonExampleMap.FirstPersonExampleMap:PersistentLevel' has LevelScriptBlueprint '/Game/FirstPersonCPP/Maps/FirstPersonExampleMap.FirstPersonExampleMap:PersistentLevel.FirstPersonExampleMap' with GeneratedClass '/Game/FirstPersonCPP/Maps/FirstPersonExampleMap.FirstPersonExampleMap_C' with ClassGeneratedBy '/Game/FirstPersonCPP/Maps/FirstPersonExampleMap.FirstPersonExampleMap:PersistentLevel.FirstPersonExampleMap'
[2019.03.25-20.27.46:739][273]LogSlate: Updating window title bar state: overlay mode, drag disabled, window buttons hidden, title bar hidden
[2019.03.25-20.27.46:779][276]LogPlayLevel: Display: Destroying online subsystem :Context_12
[2019.03.25-20.27.48:272][447]LogSlate: FSceneViewport::OnFocusLost() reason 2
[2019.03.25-20.27.48:965][524]LogSlate: FSceneViewport::OnFocusLost() reason 2
[2019.03.25-20.27.48:969][524]Cmd: OBJ SAVEPACKAGE PACKAGE="/Game/Game/BP_Wesley_S_FinalGameMode" FILE="C:/Users/swea0001/Documents/Unreal Projects/Wesley_S_Final/Content/Game/BP_Wesley_S_FinalGameMode.uasset" SILENT=true
[2019.03.25-20.27.48:977][524]LogSavePackage: Moving 'C:/Users/swea0001/Documents/Unreal Projects/Wesley_S_Final/Saved/BP_Wesley_S_FinalGameMode0BD7C9A64D84CBADA98EEEA4579FE645.tmp' to 'C:/Users/swea0001/Documents/Unreal Projects/Wesley_S_Final/Content/Game/BP_Wesley_S_FinalGameMode.uasset'
[2019.03.25-20.27.52:166][905]LogSlate: FSceneViewport::OnFocusLost() reason 0
[2019.03.25-20.28.02:078][988]LogEditorViewport: Clicking on Actor (LMB): BP_CubePiece_C (BP_CubePiece)
[2019.03.25-20.28.03:268][127]LogSlate: FSceneViewport::OnFocusLost() reason 0
[2019.03.25-20.28.07:864][673]LogAssetEditorManager: Opening Asset editor for Blueprint /Game/Geometry/BP_CubePiece.BP_CubePiece
[2019.03.25-20.28.11:150][994]LogSlate: Window 'BP_CubePiece' being destroyed
[2019.03.25-20.28.11:154][994]LogSlate: Window 'BP_CubePiece' being destroyed
[2019.03.25-20.28.19:555][898]LogAssetEditorManager: Opening Asset editor for Blueprint /Game/FirstPersonCPP/Blueprints/BP_Wesley_S_FinalCharacter.BP_Wesley_S_FinalCharacter
[2019.03.25-20.28.21:795][ 26]LogSlate: Window 'BP_Wesley_S_FinalCharacter' being destroyed
[2019.03.25-20.28.21:866][ 26]LogAssetEditorManager: Opening Asset editor for Blueprint /Game/FirstPersonCPP/Blueprints/BP_Wesley_S_FinalCharacter.BP_Wesley_S_FinalCharacter
[2019.03.25-20.28.36:092][120]LogSlate: Prevented a slow task dialog from being summoned while a context menu was open
[2019.03.25-20.28.39:469][390]LogSlate: Window 'BP_Wesley_S_FinalCharacter*' being destroyed
[2019.03.25-20.28.39:473][390]LogSlate: Window 'BP_Wesley_S_FinalCharacter*' being destroyed
[2019.03.25-20.28.51:780][760]LogAssetEditorManager: Opening Asset editor for Blueprint /Game/FirstPersonCPP/Blueprints/BP_Wesley_S_FinalProjectile.BP_Wesley_S_FinalProjectile
[2019.03.25-20.28.52:089][760]LogSlate: Window 'Add Blueprint Class' being destroyed
[2019.03.25-20.28.56:358][135]LogSlate: Window 'BP_Wesley_S_FinalProjectile*' being destroyed
[2019.03.25-20.28.56:362][135]LogSlate: Window 'BP_Wesley_S_FinalProjectile*' being destroyed
[2019.03.25-20.28.57:943][284]LogAssetEditorManager: Opening Asset editor for Blueprint /Game/FirstPersonCPP/Blueprints/BP_Wesley_S_FinalCharacter.BP_Wesley_S_FinalCharacter
[2019.03.25-20.29.00:175][424]LogSlate: Prevented a slow task dialog from being summoned while a context menu was open
[2019.03.25-20.29.02:742][623]BlueprintLog: New page: Compile BP_Wesley_S_FinalCharacter
[2019.03.25-20.29.02:984][623]LogSavePackage: Moving 'C:/Users/swea0001/Documents/Unreal Projects/Wesley_S_Final/Saved/BP_Wesley_S_FinalCharacter10C8B7DF4AA98FF5C6E386A34025ACFD.tmp' to 'C:/Users/swea0001/Documents/Unreal Projects/Wesley_S_Final/Content/FirstPersonCPP/Blueprints/BP_Wesley_S_FinalCharacter.uasset'
[2019.03.25-20.29.04:229][711]LogSavePackage: Moving 'C:/Users/swea0001/Documents/Unreal Projects/Wesley_S_Final/Saved/BP_Wesley_S_FinalCharacterB783267A48813FDF3CA8F6840B0C9698.tmp' to 'C:/Users/swea0001/Documents/Unreal Projects/Wesley_S_Final/Content/FirstPersonCPP/Blueprints/BP_Wesley_S_FinalCharacter.uasset'
[2019.03.25-20.29.05:425][807]LogSlate: Window 'BP_Wesley_S_FinalCharacter' being destroyed
[2019.03.25-20.29.05:428][807]LogSlate: Window 'BP_Wesley_S_FinalCharacter' being destroyed
[2019.03.25-20.29.07:731][ 64]LogSavePackage: Moving 'C:/Users/swea0001/Documents/Unreal Projects/Wesley_S_Final/Saved/BP_Wesley_S_FinalProjectile291E8E2D4497C1EA8C24F59DA8A1DDAB.tmp' to 'C:/Users/swea0001/Documents/Unreal Projects/Wesley_S_Final/Content/FirstPersonCPP/Blueprints/BP_Wesley_S_FinalProjectile.uasset'
[2019.03.25-20.29.09:188][236]LogTemp: Repeating last play command: Selected Viewport
[2019.03.25-20.29.09:201][236]LogBlueprintUserMessages: Early PlayInEditor Detection: Level '/Game/FirstPersonCPP/Maps/FirstPersonExampleMap.FirstPersonExampleMap:PersistentLevel' has LevelScriptBlueprint '/Game/FirstPersonCPP/Maps/FirstPersonExampleMap.FirstPersonExampleMap:PersistentLevel.FirstPersonExampleMap' with GeneratedClass '/Game/FirstPersonCPP/Maps/FirstPersonExampleMap.FirstPersonExampleMap_C' with ClassGeneratedBy '/Game/FirstPersonCPP/Maps/FirstPersonExampleMap.FirstPersonExampleMap:PersistentLevel.FirstPersonExampleMap'
[2019.03.25-20.29.09:201][236]LogPlayLevel: PlayLevel: No blueprints needed recompiling
[2019.03.25-20.29.09:202][236]PIE: New page: PIE session: FirstPersonExampleMap (Mar 25, 2019, 12:29:09 PM)
[2019.03.25-20.29.09:202][236]LogPlayLevel: Creating play world package: /Game/FirstPersonCPP/Maps/UEDPIE_0_FirstPersonExampleMap
[2019.03.25-20.29.09:216][236]LogPlayLevel: PIE: StaticDuplicateObject took: (0.013877s)
[2019.03.25-20.29.09:217][236]LogAIModule: Creating AISystem for world FirstPersonExampleMap
[2019.03.25-20.29.09:217][236]LogPlayLevel: PIE: World Init took: (0.001096s)
[2019.03.25-20.29.09:217][236]LogPlayLevel: PIE: Created PIE world by copying editor world from /Game/FirstPersonCPP/Maps/FirstPersonExampleMap.FirstPersonExampleMap to /Game/FirstPersonCPP/Maps/UEDPIE_0_FirstPersonExampleMap.FirstPersonExampleMap (0.015414s)
[2019.03.25-20.29.09:243][236]LogInit: XAudio2 using 'Realtek Digital Output(Optical) (Realtek High Definition Audio)' : 2 channels at 48 kHz using 16 bits per sample (channel mask 0x3)
[2019.03.25-20.29.09:255][236]LogInit: FAudioDevice initialized.
[2019.03.25-20.29.09:290][236]LogLoad: Game class is 'BP_Wesley_S_FinalGameMode_C'
[2019.03.25-20.29.09:293][236]LogWorld: Bringing World /Game/FirstPersonCPP/Maps/UEDPIE_0_FirstPersonExampleMap.FirstPersonExampleMap up for play (max tick rate 0) at 2019.03.25-16.29.09
[2019.03.25-20.29.09:294][236]LogWorld: Bringing up level for play took: 0.002407
[2019.03.25-20.29.09:308][236]PIE: Play in editor start time for /Game/FirstPersonCPP/Maps/UEDPIE_0_FirstPersonExampleMap 0.47
[2019.03.25-20.29.09:308][236]LogBlueprintUserMessages: Late PlayInEditor Detection: Level '/Game/FirstPersonCPP/Maps/FirstPersonExampleMap.FirstPersonExampleMap:PersistentLevel' has LevelScriptBlueprint '/Game/FirstPersonCPP/Maps/FirstPersonExampleMap.FirstPersonExampleMap:PersistentLevel.FirstPersonExampleMap' with GeneratedClass '/Game/FirstPersonCPP/Maps/FirstPersonExampleMap.FirstPersonExampleMap_C' with ClassGeneratedBy '/Game/FirstPersonCPP/Maps/FirstPersonExampleMap.FirstPersonExampleMap:PersistentLevel.FirstPersonExampleMap'
[2019.03.25-20.29.11:071][444]LogBlueprintUserMessages: Early EndPlayMap Detection: Level '/Game/FirstPersonCPP/Maps/FirstPersonExampleMap.FirstPersonExampleMap:PersistentLevel' has LevelScriptBlueprint '/Game/FirstPersonCPP/Maps/FirstPersonExampleMap.FirstPersonExampleMap:PersistentLevel.FirstPersonExampleMap' with GeneratedClass '/Game/FirstPersonCPP/Maps/FirstPersonExampleMap.FirstPersonExampleMap_C' with ClassGeneratedBy '/Game/FirstPersonCPP/Maps/FirstPersonExampleMap.FirstPersonExampleMap:PersistentLevel.FirstPersonExampleMap'
[2019.03.25-20.29.11:071][444]LogSlate: Updating window title bar state: overlay mode, drag disabled, window buttons hidden, title bar hidden
[2019.03.25-20.29.11:113][444]LogPlayLevel: Display: Shutting down PIE online subsystems
[2019.03.25-20.29.11:113][444]LogBlueprintUserMessages: Late EndPlayMap Detection: Level '/Game/FirstPersonCPP/Maps/FirstPersonExampleMap.FirstPersonExampleMap:PersistentLevel' has LevelScriptBlueprint '/Game/FirstPersonCPP/Maps/FirstPersonExampleMap.FirstPersonExampleMap:PersistentLevel.FirstPersonExampleMap' with GeneratedClass '/Game/FirstPersonCPP/Maps/FirstPersonExampleMap.FirstPersonExampleMap_C' with ClassGeneratedBy '/Game/FirstPersonCPP/Maps/FirstPersonExampleMap.FirstPersonExampleMap:PersistentLevel.FirstPersonExampleMap'
[2019.03.25-20.29.11:135][444]LogSlate: Updating window title bar state: overlay mode, drag disabled, window buttons hidden, title bar hidden
[2019.03.25-20.29.11:170][447]LogPlayLevel: Display: Destroying online subsystem :Context_18
[2019.03.25-20.29.12:418][566]LogSlate: FSceneViewport::OnFocusLost() reason 0
[2019.03.25-20.29.17:914][185]Cmd: DELETE
[2019.03.25-20.29.17:914][185]Cmd: ACTOR DELETE
[2019.03.25-20.29.18:149][185]LogEditorActor: Deleted Actor: BP_Wesley_S_FinalProjectile_C
[2019.03.25-20.29.18:189][185]LogEditorActor: Deleted 1 Actors (0.051 secs)
[2019.03.25-20.29.19:445][288]LogSlate: FSceneViewport::OnFocusLost() reason 0
[2019.03.25-20.29.24:900][929]LogSlate: FSceneViewport::OnFocusLost() reason 0
[2019.03.25-20.29.25:902][ 49]LogTemp: Repeating last play command: Selected Viewport
[2019.03.25-20.29.25:915][ 49]LogBlueprintUserMessages: Early PlayInEditor Detection: Level '/Game/FirstPersonCPP/Maps/FirstPersonExampleMap.FirstPersonExampleMap:PersistentLevel' has LevelScriptBlueprint '/Game/FirstPersonCPP/Maps/FirstPersonExampleMap.FirstPersonExampleMap:PersistentLevel.FirstPersonExampleMap' with GeneratedClass '/Game/FirstPersonCPP/Maps/FirstPersonExampleMap.FirstPersonExampleMap_C' with ClassGeneratedBy '/Game/FirstPersonCPP/Maps/FirstPersonExampleMap.FirstPersonExampleMap:PersistentLevel.FirstPersonExampleMap'
[2019.03.25-20.29.25:915][ 49]LogPlayLevel: PlayLevel: No blueprints needed recompiling
[2019.03.25-20.29.25:916][ 49]PIE: New page: PIE session: FirstPersonExampleMap (Mar 25, 2019, 12:29:25 PM)
[2019.03.25-20.29.25:916][ 49]LogPlayLevel: Creating play world package: /Game/FirstPersonCPP/Maps/UEDPIE_0_FirstPersonExampleMap
[2019.03.25-20.29.25:929][ 49]LogPlayLevel: PIE: StaticDuplicateObject took: (0.013321s)
[2019.03.25-20.29.25:930][ 49]LogAIModule: Creating AISystem for world FirstPersonExampleMap
[2019.03.25-20.29.25:931][ 49]LogPlayLevel: PIE: World Init took: (0.001134s)
[2019.03.25-20.29.25:931][ 49]LogPlayLevel: PIE: Created PIE world by copying editor world from /Game/FirstPersonCPP/Maps/FirstPersonExampleMap.FirstPersonExampleMap to /Game/FirstPersonCPP/Maps/UEDPIE_0_FirstPersonExampleMap.FirstPersonExampleMap (0.014874s)
[2019.03.25-20.29.25:959][ 49]LogInit: XAudio2 using 'Realtek Digital Output(Optical) (Realtek High Definition Audio)' : 2 channels at 48 kHz using 16 bits per sample (channel mask 0x3)
[2019.03.25-20.29.25:970][ 49]LogInit: FAudioDevice initialized.
[2019.03.25-20.29.26:004][ 49]LogLoad: Game class is 'BP_Wesley_S_FinalGameMode_C'
[2019.03.25-20.29.26:007][ 49]LogWorld: Bringing World /Game/FirstPersonCPP/Maps/UEDPIE_0_FirstPersonExampleMap.FirstPersonExampleMap up for play (max tick rate 0) at 2019.03.25-16.29.26
[2019.03.25-20.29.26:008][ 49]LogWorld: Bringing up level for play took: 0.002364
[2019.03.25-20.29.26:022][ 49]PIE: Play in editor start time for /Game/FirstPersonCPP/Maps/UEDPIE_0_FirstPersonExampleMap -0.816
[2019.03.25-20.29.26:022][ 49]LogBlueprintUserMessages: Late PlayInEditor Detection: Level '/Game/FirstPersonCPP/Maps/FirstPersonExampleMap.FirstPersonExampleMap:PersistentLevel' has LevelScriptBlueprint '/Game/FirstPersonCPP/Maps/FirstPersonExampleMap.FirstPersonExampleMap:PersistentLevel.FirstPersonExampleMap' with GeneratedClass '/Game/FirstPersonCPP/Maps/FirstPersonExampleMap.FirstPersonExampleMap_C' with ClassGeneratedBy '/Game/FirstPersonCPP/Maps/FirstPersonExampleMap.FirstPersonExampleMap:PersistentLevel.FirstPersonExampleMap'
[2019.03.25-20.29.31:470][699]LogBlueprintUserMessages: Early EndPlayMap Detection: Level '/Game/FirstPersonCPP/Maps/FirstPersonExampleMap.FirstPersonExampleMap:PersistentLevel' has LevelScriptBlueprint '/Game/FirstPersonCPP/Maps/FirstPersonExampleMap.FirstPersonExampleMap:PersistentLevel.FirstPersonExampleMap' with GeneratedClass '/Game/FirstPersonCPP/Maps/FirstPersonExampleMap.FirstPersonExampleMap_C' with ClassGeneratedBy '/Game/FirstPersonCPP/Maps/FirstPersonExampleMap.FirstPersonExampleMap:PersistentLevel.FirstPersonExampleMap'
[2019.03.25-20.29.31:470][699]LogSlate: Updating window title bar state: overlay mode, drag disabled, window buttons hidden, title bar hidden
[2019.03.25-20.29.31:512][699]LogPlayLevel: Display: Shutting down PIE online subsystems
[2019.03.25-20.29.31:512][699]LogBlueprintUserMessages: Late EndPlayMap Detection: Level '/Game/FirstPersonCPP/Maps/FirstPersonExampleMap.FirstPersonExampleMap:PersistentLevel' has LevelScriptBlueprint '/Game/FirstPersonCPP/Maps/FirstPersonExampleMap.FirstPersonExampleMap:PersistentLevel.FirstPersonExampleMap' with GeneratedClass '/Game/FirstPersonCPP/Maps/FirstPersonExampleMap.FirstPersonExampleMap_C' with ClassGeneratedBy '/Game/FirstPersonCPP/Maps/FirstPersonExampleMap.FirstPersonExampleMap:PersistentLevel.FirstPersonExampleMap'
[2019.03.25-20.29.31:537][699]LogSlate: Updating window title bar state: overlay mode, drag disabled, window buttons hidden, title bar hidden
[2019.03.25-20.29.31:573][702]LogPlayLevel: Display: Destroying online subsystem :Context_19
[2019.03.25-20.29.32:610][826]LogSlate: FSceneViewport::OnFocusLost() reason 0
[2019.03.25-20.29.33:609][946]LogTemp: Repeating last play command: Selected Viewport
[2019.03.25-20.29.33:620][946]LogBlueprintUserMessages: Early PlayInEditor Detection: Level '/Game/FirstPersonCPP/Maps/FirstPersonExampleMap.FirstPersonExampleMap:PersistentLevel' has LevelScriptBlueprint '/Game/FirstPersonCPP/Maps/FirstPersonExampleMap.FirstPersonExampleMap:PersistentLevel.FirstPersonExampleMap' with GeneratedClass '/Game/FirstPersonCPP/Maps/FirstPersonExampleMap.FirstPersonExampleMap_C' with ClassGeneratedBy '/Game/FirstPersonCPP/Maps/FirstPersonExampleMap.FirstPersonExampleMap:PersistentLevel.FirstPersonExampleMap'
[2019.03.25-20.29.33:620][946]LogPlayLevel: PlayLevel: No blueprints needed recompiling
[2019.03.25-20.29.33:621][946]PIE: New page: PIE session: FirstPersonExampleMap (Mar 25, 2019, 12:29:33 PM)
[2019.03.25-20.29.33:621][946]LogPlayLevel: Creating play world package: /Game/FirstPersonCPP/Maps/UEDPIE_0_FirstPersonExampleMap
[2019.03.25-20.29.33:634][946]LogPlayLevel: PIE: StaticDuplicateObject took: (0.013003s)
[2019.03.25-20.29.33:635][946]LogAIModule: Creating AISystem for world FirstPersonExampleMap
[2019.03.25-20.29.33:635][946]LogPlayLevel: PIE: World Init took: (0.001104s)
[2019.03.25-20.29.33:635][946]LogPlayLevel: PIE: Created PIE world by copying editor world from /Game/FirstPersonCPP/Maps/FirstPersonExampleMap.FirstPersonExampleMap to /Game/FirstPersonCPP/Maps/UEDPIE_0_FirstPersonExampleMap.FirstPersonExampleMap (0.014482s)
[2019.03.25-20.29.33:662][946]LogInit: XAudio2 using 'Realtek Digital Output(Optical) (Realtek High Definition Audio)' : 2 channels at 48 kHz using 16 bits per sample (channel mask 0x3)
[2019.03.25-20.29.33:673][946]LogInit: FAudioDevice initialized.
[2019.03.25-20.29.33:708][946]LogLoad: Game class is 'BP_Wesley_S_FinalGameMode_C'
[2019.03.25-20.29.33:711][946]LogWorld: Bringing World /Game/FirstPersonCPP/Maps/UEDPIE_0_FirstPersonExampleMap.FirstPersonExampleMap up for play (max tick rate 0) at 2019.03.25-16.29.33
[2019.03.25-20.29.33:712][946]LogWorld: Bringing up level for play took: 0.002369
[2019.03.25-20.29.33:726][946]PIE: Play in editor start time for /Game/FirstPersonCPP/Maps/UEDPIE_0_FirstPersonExampleMap 0.889
[2019.03.25-20.29.33:726][946]LogBlueprintUserMessages: Late PlayInEditor Detection: Level '/Game/FirstPersonCPP/Maps/FirstPersonExampleMap.FirstPersonExampleMap:PersistentLevel' has LevelScriptBlueprint '/Game/FirstPersonCPP/Maps/FirstPersonExampleMap.FirstPersonExampleMap:PersistentLevel.FirstPersonExampleMap' with GeneratedClass '/Game/FirstPersonCPP/Maps/FirstPersonExampleMap.FirstPersonExampleMap_C' with ClassGeneratedBy '/Game/FirstPersonCPP/Maps/FirstPersonExampleMap.FirstPersonExampleMap:PersistentLevel.FirstPersonExampleMap'
[2019.03.25-20.30.01:972][298]Cmd: SELECT NONE
[2019.03.25-20.30.03:159][440]LogBlueprintUserMessages: Early EndPlayMap Detection: Level '/Game/FirstPersonCPP/Maps/FirstPersonExampleMap.FirstPersonExampleMap:PersistentLevel' has LevelScriptBlueprint '/Game/FirstPersonCPP/Maps/FirstPersonExampleMap.FirstPersonExampleMap:PersistentLevel.FirstPersonExampleMap' with GeneratedClass '/Game/FirstPersonCPP/Maps/FirstPersonExampleMap.FirstPersonExampleMap_C' with ClassGeneratedBy '/Game/FirstPersonCPP/Maps/FirstPersonExampleMap.FirstPersonExampleMap:PersistentLevel.FirstPersonExampleMap'
[2019.03.25-20.30.03:159][440]LogSlate: Updating window title bar state: overlay mode, drag disabled, window buttons hidden, title bar hidden
[2019.03.25-20.30.03:227][440]LogPlayLevel: Display: Shutting down PIE online subsystems
[2019.03.25-20.30.03:228][440]LogBlueprintUserMessages: Late EndPlayMap Detection: Level '/Game/FirstPersonCPP/Maps/FirstPersonExampleMap.FirstPersonExampleMap:PersistentLevel' has LevelScriptBlueprint '/Game/FirstPersonCPP/Maps/FirstPersonExampleMap.FirstPersonExampleMap:PersistentLevel.FirstPersonExampleMap' with GeneratedClass '/Game/FirstPersonCPP/Maps/FirstPersonExampleMap.FirstPersonExampleMap_C' with ClassGeneratedBy '/Game/FirstPersonCPP/Maps/FirstPersonExampleMap.FirstPersonExampleMap:PersistentLevel.FirstPersonExampleMap'
[2019.03.25-20.30.03:255][440]LogSlate: Updating window title bar state: overlay mode, drag disabled, window buttons hidden, title bar hidden
[2019.03.25-20.30.03:275][441]LogPlayLevel: Display: Destroying online subsystem :Context_20
[2019.03.25-20.30.04:597][599]LogSlate: FSceneViewport::OnFocusLost() reason 0
[2019.03.25-20.30.06:257][795]LogAssetEditorManager: Opening Asset editor for Blueprint /Game/Geometry/BP_CubePiece.BP_CubePiece
[2019.03.25-20.30.07:789][927]LogSlate: Window 'BP_CubePiece' being destroyed
[2019.03.25-20.30.07:857][927]LogAssetEditorManager: Opening Asset editor for Blueprint /Game/Geometry/BP_CubePiece.BP_CubePiece
[2019.03.25-20.30.16:138][552]BlueprintLog: New page: Compile BP_CubePiece
[2019.03.25-20.30.16:331][552]Cmd: OBJ SAVEPACKAGE PACKAGE="/Game/Geometry/BP_CubePiece" FILE="C:/Users/swea0001/Documents/Unreal Projects/Wesley_S_Final/Content/Geometry/BP_CubePiece.uasset" SILENT=true
[2019.03.25-20.30.16:350][552]LogSavePackage: Moving 'C:/Users/swea0001/Documents/Unreal Projects/Wesley_S_Final/Saved/BP_CubePiece6DC8ACCD4881F2F704B650968D3D8E4D.tmp' to 'C:/Users/swea0001/Documents/Unreal Projects/Wesley_S_Final/Content/Geometry/BP_CubePiece.uasset'
[2019.03.25-20.30.19:587][813]LogSlate: Window 'BP_CubePiece' being destroyed
[2019.03.25-20.30.19:590][813]LogSlate: Window 'BP_CubePiece' being destroyed
[2019.03.25-20.30.21:954][ 85]MapCheck: New page: Map Check
[2019.03.25-20.30.22:009][ 85]Cmd: MAP REBUILD ALLVISIBLE
[2019.03.25-20.30.22:010][ 85]LogEditorServer: Rebuildmap Clear paths rebuilt
[2019.03.25-20.30.22:245][ 85]LogMaterial: Display: Missing cached shader map for material FDebugViewModeMaterialProxy CubeMaterialOverride, compiling. 
[2019.03.25-20.30.22:258][ 85]LogShaderCompilers: Display: Shaders left to compile 1
[2019.03.25-20.30.22:258][ 85]LogMaterial: Display: Missing cached shader map for material FDebugViewModeMaterialProxy AntiAliasedTextMaterialTranslucent, compiling. 
[2019.03.25-20.30.22:280][ 85]LogShaderCompilers: Display: Shaders left to compile 1
[2019.03.25-20.30.22:280][ 85]LogMaterial: Display: Missing cached shader map for material FDebugViewModeMaterialProxy MaterialInstanceDynamic_0, compiling. 
[2019.03.25-20.30.22:288][ 85]LogShaderCompilers: Display: Shaders left to compile 1
[2019.03.25-20.30.22:289][ 85]LogMaterial: Display: Missing cached shader map for material FDebugViewModeMaterialProxy CubeMaterial, compiling. 
[2019.03.25-20.30.22:298][ 85]LogShaderCompilers: Display: Shaders left to compile 1
[2019.03.25-20.30.22:298][ 85]LogMaterial: Display: Missing cached shader map for material FDebugViewModeMaterialProxy M_UE4Man_Body, compiling. 
[2019.03.25-20.30.22:312][ 85]LogMaterial: Display: Missing cached shader map for material FDebugViewModeMaterialProxy M_FPGun, compiling. 
[2019.03.25-20.30.22:326][ 85]LogMaterial: Display: Missing cached shader map for material FDebugViewModeMaterialProxy MatineeCam_mat, compiling. 
[2019.03.25-20.30.22:334][ 85]LogMaterial: Display: Missing cached shader map for material FDebugViewModeMaterialProxy BasicShapeMaterial, compiling. 
[2019.03.25-20.30.23:085][ 85]LogShaderCompilers: Display: Shaders left to compile 4
[2019.03.25-20.30.23:085][ 85]LogShaderCompilers: Display: Shaders left to compile 3
[2019.03.25-20.30.23:085][ 85]LogShaderCompilers: Display: Shaders left to compile 2
[2019.03.25-20.30.23:085][ 85]LogShaderCompilers: Display: Shaders left to compile 1
[2019.03.25-20.30.23:085][ 85]TextureStreamingBuild: Display: Compiling optional shaders took 0.857 seconds.
[2019.03.25-20.30.23:152][ 85]LogLevel: Display: Export Material TexCoord Scales took 0.067 seconds.
[2019.03.25-20.30.23:181][ 85]TextureStreamingBuild: Display: Build Texture Streaming took 0.028 seconds.
[2019.03.25-20.30.23:234][ 85]LightingResults: New page: Lighting Build - Mar 25, 2019, 12:30:23 PM
[2019.03.25-20.30.23:575][ 85]LogSwarmInterface: [OpenConnection] Registering TCP channel ...
[2019.03.25-20.30.23:693][ 85]LogSwarmInterface: [OpenConnection] Connecting to agent ...
[2019.03.25-20.30.23:718][ 85]LogSwarmInterface: [TryOpenConnection] Testing the Agent
[2019.03.25-20.30.24:266][ 85]LogSwarmInterface: [TryOpenConnection] Opening Connection to Agent
[2019.03.25-20.30.24:266][ 85]LogSwarmInterface: [TryOpenConnection] Local Process ID is 10988
[2019.03.25-20.30.27:305][ 85]LogStaticLightingSystem: Running Lightmass w/ ImmediateImport mode ENABLED
[2019.03.25-20.30.27:305][ 85]LogStaticLightingSystem: Running Lightmass w/ ImmediateProcess mode ENABLED
[2019.03.25-20.30.27:306][ 85]LogStaticLightingSystem: Running Lightmass w/ Sorting mode ENABLED
[2019.03.25-20.30.27:306][ 85]LogStaticLightingSystem: Running Lightmass w/ Mapping paddings ENABLED
[2019.03.25-20.30.27:306][ 85]LogStaticLightingSystem: Running Lightmass w/ Mapping debug paddings DISABLED
[2019.03.25-20.30.27:491][ 85]Cmd: MAP CHECK DONTDISPLAYDIALOG
[2019.03.25-20.30.27:492][ 85]MapCheck: New page: FirstPersonExampleMap - Mar 25, 2019, 12:30:27 PM
[2019.03.25-20.30.27:662][ 85]MapCheck: Map check complete: 0 Error(s), 0 Warning(s), took 170.487ms to complete.
[2019.03.25-20.30.27:697][ 85]LogEditorBuildUtils: Build time 0:05
[2019.03.25-20.30.27:715][ 85]LogMaterial: Display: Missing cached shader map for material FLightmassMaterialRenderer MaterialInstanceDynamic_0, compiling. 
[2019.03.25-20.30.27:725][ 85]LogMaterial: Display: Missing cached shader map for material FLightmassMaterialRenderer MaterialInstanceDynamic_0, compiling. 
[2019.03.25-20.30.27:745][ 85]LogShaderCompilers: Display: Shaders left to compile 4
[2019.03.25-20.30.27:759][ 86]LogMaterial: Display: Missing cached shader map for material FLightmassMaterialRenderer CubeMaterial, compiling. 
[2019.03.25-20.30.27:766][ 86]LogShaderCompilers: Display: Shaders left to compile 2
[2019.03.25-20.30.27:766][ 86]LogMaterial: Display: Missing cached shader map for material FLightmassMaterialRenderer CubeMaterial, compiling. 
[2019.03.25-20.30.27:778][ 86]LogShaderCompilers: Display: Shaders left to compile 2
[2019.03.25-20.30.27:791][ 87]LogMaterial: Display: Missing cached shader map for material FLightmassMaterialRenderer WorldGridMaterial, compiling. Is special engine material.
[2019.03.25-20.30.27:801][ 87]LogShaderCompilers: Display: Shaders left to compile 2
[2019.03.25-20.30.27:801][ 87]LogMaterial: Display: Missing cached shader map for material FLightmassMaterialRenderer WorldGridMaterial, compiling. Is special engine material.
[2019.03.25-20.30.28:692][ 88]LogShaderCompilers: Display: Shaders left to compile 2
[2019.03.25-20.31.10:522][165]LogRenderer: Reallocating scene render targets to support 936x556 Format 10 NumSamples 1 (Frame:46951).
[2019.03.25-20.31.10:995][194]Job is a success!
[2019.03.25-20.31.11:139][195]LogVolumetricLightmapImport: Imported Volumetric Lightmap in 0.044s
[2019.03.25-20.31.11:139][195]LogVolumetricLightmapImport:      Indirection Texture 16x16x16 = 0.0Mb
[2019.03.25-20.31.11:139][195]LogVolumetricLightmapImport:      BrickData 335x5x5 = 0.3Mb (trimmed 0.0Mb due to 0.010000 MinBrickError)
[2019.03.25-20.31.11:154][195]LogVolumetricLightmapImport:      Bricks at Level
[2019.03.25-20.31.11:154][195]LogVolumetricLightmapImport:          0: 1.5% covering 100.0% of volume
[2019.03.25-20.31.11:154][195]LogVolumetricLightmapImport:          1: 6.0% covering 6.3% of volume
[2019.03.25-20.31.11:154][195]LogVolumetricLightmapImport:          2: 92.5% covering 1.5% of volume
[2019.03.25-20.31.14:105][195]LogTexture: Display: Building textures: SkyOcclusion1_1 (AutoDXT, 2048X1024)
[2019.03.25-20.31.14:106][195]LogTexture: Display: Building textures: HQ_Lightmap1_1 (AutoDXT, 2048X2048)
[2019.03.25-20.31.14:106][195]LogTexture: Display: Building textures: LQ_Lightmap_1_1 (DXT1, 2048X2048)
[2019.03.25-20.31.14:106][195]LogTexture: Display: Building textures: SkyOcclusion1_2 (AutoDXT, 2048X1024)
[2019.03.25-20.31.14:106][195]LogTexture: Display: Building textures: HQ_Lightmap1_2 (AutoDXT, 2048X2048)
[2019.03.25-20.31.14:106][195]LogTexture: Display: Building textures: LQ_Lightmap_1_2 (DXT1, 2048X2048)
[2019.03.25-20.31.14:106][195]LogTexture: Display: Building textures: SkyOcclusion1_3 (AutoDXT, 2048X1024)
[2019.03.25-20.31.14:106][195]LogTexture: Display: Building textures: HQ_Lightmap1_3 (AutoDXT, 2048X2048)
[2019.03.25-20.31.14:106][195]LogTexture: Display: Building textures: LQ_Lightmap_1_3 (DXT1, 2048X2048)
[2019.03.25-20.31.14:106][195]LogTexture: Display: Building textures: SkyOcclusion1_4 (AutoDXT, 2048X1024)
[2019.03.25-20.31.14:106][195]LogTexture: Display: Building textures: HQ_Lightmap1_4 (AutoDXT, 2048X2048)
[2019.03.25-20.31.14:106][195]LogTexture: Display: Building textures: LQ_Lightmap_1_4 (DXT1, 2048X2048)
[2019.03.25-20.31.14:106][195]LogTexture: Display: Building textures: SkyOcclusion1_5 (AutoDXT, 64X32)
[2019.03.25-20.31.14:107][195]LogTexture: Display: Building textures: HQ_Lightmap1_5 (AutoDXT, 64X64)
[2019.03.25-20.31.14:107][195]LogTexture: Display: Building textures: LQ_Lightmap_1_5 (DXT1, 64X64)
[2019.03.25-20.31.14:706][195]LogTexture: Display: Building textures: ShadowMapTexture2D_10 (G8, 1024X1024)
[2019.03.25-20.31.14:706][195]LogTexture: Display: Building textures: ShadowMapTexture2D_15 (G8, 32X32)
[2019.03.25-20.31.14:706][195]LogTexture: Display: Building textures: ShadowMapTexture2D_9 (G8, 1024X1024)
[2019.03.25-20.31.14:706][195]LogTexture: Display: Building textures: ShadowMapTexture2D_12 (G8, 1024X1024)
[2019.03.25-20.31.14:706][195]LogTexture: Display: Building textures: ShadowMapTexture2D_8 (G8, 1024X1024)
[2019.03.25-20.31.14:706][195]LogTexture: Display: Building textures: ShadowMapTexture2D_11 (G8, 1024X1024)
[2019.03.25-20.31.14:706][195]LogTexture: Display: Building textures: ShadowMapTexture2D_13 (G8, 1024X1024)
[2019.03.25-20.31.14:813][195]LogTexture: Display: Building textures: ShadowMapTexture2D_14 (G8, 1024X1024)
[2019.03.25-20.31.14:849][195]Lightmass on WT227-31: 44.0 sec total, 107 ms importing, 2 ms setup, 6.55 sec photons, 37.3 sec processing, 0 ms extra exporting [8/8 mappings]. Threads: 4:21 min total, 2:32 min processing.
[2019.03.25-20.31.14:907][195]LogStaticLightingSystem: Illumination: 51.6 sec (2.64 sec encoding lightmaps, 699 ms encoding shadowmaps)
[2019.03.25-20.31.14:907][195]LogStaticLightingSystem: Lightmap texture memory:  42.7 MB (42.7 MB streaming, 0.0 MB non-streaming), 10 textures
[2019.03.25-20.31.14:907][195]LogStaticLightingSystem: Shadowmap texture memory: 9.3 MB (9.3 MB streaming, 0.0 MB non-streaming), 8 textures
[2019.03.25-20.31.15:318][195]DumpUnbuiltLightIteractions
[2019.03.25-20.31.15:319][195]Lights with unbuilt interactions: 0
[2019.03.25-20.31.15:319][195]
[2019.03.25-20.31.15:319][195]Primitives with unbuilt interactions: 0
[2019.03.25-20.31.15:462][196]Cmd: MAP CHECK NOTIFYRESULTS
[2019.03.25-20.31.15:463][196]MapCheck: New page: FirstPersonExampleMap - Mar 25, 2019, 12:31:15 PM
[2019.03.25-20.31.15:560][196]MapCheck: Map check complete: 0 Error(s), 0 Warning(s), took 97.055ms to complete.
[2019.03.25-20.31.16:885][328]LogTemp: Repeating last play command: Selected Viewport
[2019.03.25-20.31.16:896][328]LogBlueprintUserMessages: Early PlayInEditor Detection: Level '/Game/FirstPersonCPP/Maps/FirstPersonExampleMap.FirstPersonExampleMap:PersistentLevel' has LevelScriptBlueprint '/Game/FirstPersonCPP/Maps/FirstPersonExampleMap.FirstPersonExampleMap:PersistentLevel.FirstPersonExampleMap' with GeneratedClass '/Game/FirstPersonCPP/Maps/FirstPersonExampleMap.FirstPersonExampleMap_C' with ClassGeneratedBy '/Game/FirstPersonCPP/Maps/FirstPersonExampleMap.FirstPersonExampleMap:PersistentLevel.FirstPersonExampleMap'
[2019.03.25-20.31.16:896][328]LogPlayLevel: PlayLevel: No blueprints needed recompiling
[2019.03.25-20.31.16:896][328]PIE: New page: PIE session: FirstPersonExampleMap (Mar 25, 2019, 12:31:16 PM)
[2019.03.25-20.31.16:897][328]LogPlayLevel: Creating play world package: /Game/FirstPersonCPP/Maps/UEDPIE_0_FirstPersonExampleMap
[2019.03.25-20.31.16:910][328]LogPlayLevel: PIE: StaticDuplicateObject took: (0.013293s)
[2019.03.25-20.31.16:911][328]LogAIModule: Creating AISystem for world FirstPersonExampleMap
[2019.03.25-20.31.16:911][328]LogPlayLevel: PIE: World Init took: (0.000984s)
[2019.03.25-20.31.16:911][328]LogPlayLevel: PIE: Created PIE world by copying editor world from /Game/FirstPersonCPP/Maps/FirstPersonExampleMap.FirstPersonExampleMap to /Game/FirstPersonCPP/Maps/UEDPIE_0_FirstPersonExampleMap.FirstPersonExampleMap (0.014717s)
[2019.03.25-20.31.16:940][328]LogInit: XAudio2 using 'Realtek Digital Output(Optical) (Realtek High Definition Audio)' : 2 channels at 48 kHz using 16 bits per sample (channel mask 0x3)
[2019.03.25-20.31.16:951][328]LogInit: FAudioDevice initialized.
[2019.03.25-20.31.16:986][328]LogLoad: Game class is 'BP_Wesley_S_FinalGameMode_C'
[2019.03.25-20.31.16:989][328]LogWorld: Bringing World /Game/FirstPersonCPP/Maps/UEDPIE_0_FirstPersonExampleMap.FirstPersonExampleMap up for play (max tick rate 0) at 2019.03.25-16.31.16
[2019.03.25-20.31.16:990][328]LogWorld: Bringing up level for play took: 0.002543
[2019.03.25-20.31.17:003][328]PIE: Play in editor start time for /Game/FirstPersonCPP/Maps/UEDPIE_0_FirstPersonExampleMap 0.168
[2019.03.25-20.31.17:004][328]LogBlueprintUserMessages: Late PlayInEditor Detection: Level '/Game/FirstPersonCPP/Maps/FirstPersonExampleMap.FirstPersonExampleMap:PersistentLevel' has LevelScriptBlueprint '/Game/FirstPersonCPP/Maps/FirstPersonExampleMap.FirstPersonExampleMap:PersistentLevel.FirstPersonExampleMap' with GeneratedClass '/Game/FirstPersonCPP/Maps/FirstPersonExampleMap.FirstPersonExampleMap_C' with ClassGeneratedBy '/Game/FirstPersonCPP/Maps/FirstPersonExampleMap.FirstPersonExampleMap:PersistentLevel.FirstPersonExampleMap'
